Call:
multinom(formula = form1, data = dat1, model = TRUE, trace = FALSE)

Coefficients:
   (Intercept) unemp_Y15_24         GDP
2   135.583463   -360.17003 -1245.79988
3    42.842001    -69.99907  -353.12604
4    -7.249968     21.32934    33.94552
5   -77.906366    336.35925   293.11505
6    68.525438    -43.60253  -646.36593
7   -12.792330    534.59937  -612.52833
8   -75.785585    427.89597   205.41209
9  -141.490380    251.99543   644.14037
10 -246.905469   -161.70130  1221.33790

Std. Errors:
    (Intercept) unemp_Y15_24          GDP
2  7.978165e+01 4.265251e+02 7.218426e+02
3  4.328899e+01 7.176075e+01 3.716250e+02
4  9.880263e+00 4.759089e+01 4.240908e+01
5  4.752031e+01 2.152040e+02 1.760871e+02
6  4.857948e+01 8.206653e+01 4.498781e+02
7  5.754652e+01 1.156705e+03 1.280636e+03
8  5.342456e+01 3.077920e+02 1.515779e+02
9  1.066350e+02 2.529235e+02 5.634852e+02
10 1.328684e-04 7.364095e-06 2.583414e-05

Residual Deviance: 22.31023 
AIC: 76.31023 
R McFadden = 0.819370156157201(1.33226762955019e-13)
R count = 0.821428571428571
