Sets to variables test for over-representation
76 variables tested, 21 have p < 0.05 
Selected set size: 4 
    Universe size: 28 
                 vars        pval       adjp odds       exp obs size
1    emp_Y25-64_NaceJ 0.001221001 0.04639805  Inf 0.4285714   3    3
2            training 0.001221001 0.04639805  Inf 0.4285714   3    3
3        earn_OC6_P-S 0.015873016 0.16349788  Inf 0.2857143   2    2
4    emp_Y15-24_ED0-2 0.045177045 0.16349788   23 0.4285714   2    3
5    emp_Y15-24_ED3-4 0.045177045 0.16349788   23 0.4285714   2    3
6    emp_Y25-64_ED5-8 0.045177045 0.16349788   23 0.4285714   2    3
7          emp_Y15-24 0.045177045 0.16349788   23 0.4285714   2    3
8          emp_Y25-64 0.045177045 0.16349788   23 0.4285714   2    3
9  emp_Y15-24_NaceG-I 0.045177045 0.16349788   23 0.4285714   2    3
10 emp_Y15-24_NaceM_N 0.045177045 0.16349788   23 0.4285714   2    3
11 emp_Y25-64_NaceM_N 0.045177045 0.16349788   23 0.4285714   2    3
12 emp_Y15-24_NaceO-Q 0.045177045 0.16349788   23 0.4285714   2    3
13 emp_Y25-64_NaceO-Q 0.045177045 0.16349788   23 0.4285714   2    3
14 emp_Y15-24_NaceR-U 0.045177045 0.16349788   23 0.4285714   2    3
15       earn_OC7_B-F 0.045177045 0.16349788   23 0.4285714   2    3
16       earn_OC8_B-F 0.045177045 0.16349788   23 0.4285714   2    3
17       earn_OC9_B-F 0.045177045 0.16349788   23 0.4285714   2    3
18       earn_OC5_G-N 0.045177045 0.16349788   23 0.4285714   2    3
19       earn_OC9_G-N 0.045177045 0.16349788   23 0.4285714   2    3
20       earn_OC8_P-S 0.045177045 0.16349788   23 0.4285714   2    3
21       expend_ED5-8 0.045177045 0.16349788   23 0.4285714   2    3
