Sets to variables test for over-representation
76 variables tested, 23 have p < 0.05 
Selected set size: 4 
    Universe size: 28 
                 vars         pval       adjp odds       exp obs size
1            training 0.0007326007 0.05567766  Inf 0.8571429   4    6
2    earn_OC6_NaceP-S 0.0047374847 0.07676768   69 0.5714286   3    4
3    earn_OC5_NaceB-F 0.0114774115 0.07676768   33 0.7142857   3    5
4    earn_OC7_NaceP-S 0.0114774115 0.07676768   33 0.7142857   3    5
5    earn_OC8_NaceP-S 0.0114774115 0.07676768   33 0.7142857   3    5
6        expend_ED5-8 0.0114774115 0.07676768   33 0.7142857   3    5
7          pop_Y65-74 0.0222222222 0.07676768   21 0.8571429   3    6
8              emp_TP 0.0222222222 0.07676768   21 0.8571429   3    6
9    emp_Y25-64_NaceJ 0.0222222222 0.07676768   21 0.8571429   3    6
10 emp_Y15-24_NaceM_N 0.0222222222 0.07676768   21 0.8571429   3    6
11 emp_Y25-64_NaceM_N 0.0222222222 0.07676768   21 0.8571429   3    6
12 emp_Y25-64_NaceO-Q 0.0222222222 0.07676768   21 0.8571429   3    6
13   earn_OC4_NaceB-F 0.0222222222 0.07676768   21 0.8571429   3    6
14   earn_OC7_NaceB-F 0.0222222222 0.07676768   21 0.8571429   3    6
15   earn_OC8_NaceB-F 0.0222222222 0.07676768   21 0.8571429   3    6
16   earn_OC9_NaceB-F 0.0222222222 0.07676768   21 0.8571429   3    6
17   earn_OC1_NaceG-N 0.0222222222 0.07676768   21 0.8571429   3    6
18   earn_OC5_NaceG-N 0.0222222222 0.07676768   21 0.8571429   3    6
19   earn_OC7_NaceG-N 0.0222222222 0.07676768   21 0.8571429   3    6
20   earn_OC8_NaceG-N 0.0222222222 0.07676768   21 0.8571429   3    6
21   earn_OC5_NaceP-S 0.0222222222 0.07676768   21 0.8571429   3    6
22   earn_OC9_NaceP-S 0.0222222222 0.07676768   21 0.8571429   3    6
23   earn_OC6_NaceB-F 0.0451770452 0.14928067   23 0.4285714   2    3
