[1] 265  24
  [1] "AT11" "AT12" "AT13" "AT21" "AT22" "AT31" "AT32" "AT33" "AT34" "BE10" "BE21" "BE22" "BE23" "BE24" "BE25" "BE31" "BE32"
 [18] "BE33" "BE34" "BE35" "BG32" "BG33" "BG34" "BG41" "BG42" "CY00" "CZ01" "CZ02" "CZ03" "CZ04" "CZ05" "CZ06" "CZ07" "CZ08"
 [35] "DE11" "DE12" "DE13" "DE14" "DE21" "DE22" "DE23" "DE24" "DE25" "DE26" "DE27" "DE30" "DE40" "DE50" "DE60" "DE71" "DE72"
 [52] "DE73" "DE80" "DE91" "DE92" "DE93" "DE94" "DEA1" "DEA2" "DEA3" "DEA4" "DEA5" "DEB1" "DEB2" "DEB3" "DEC0" "DED2" "DED4"
 [69] "DED5" "DEE0" "DEF0" "DEG0" "DK01" "DK02" "DK03" "DK04" "DK05" "EL30" "EL41" "EL42" "EL43" "EL51" "EL52" "EL53" "EL54"
 [86] "EL61" "EL62" "EL63" "EL64" "EL65" "ES11" "ES12" "ES13" "ES21" "ES22" "ES23" "ES24" "ES30" "ES41" "ES42" "ES43" "ES51"
[103] "ES52" "ES53" "ES61" "ES62" "ES70" "FI19" "FI1B" "FI1C" "FI1D" "FR10" "FR21" "FR22" "FR23" "FR24" "FR25" "FR26" "FR30"
[120] "FR41" "FR42" "FR43" "FR51" "FR52" "FR53" "FR61" "FR62" "FR63" "FR71" "FR72" "FR81" "FR82" "FRA1" "FRA2" "FRA3" "FRA4"
[137] "HR03" "HR04" "HU10" "HU21" "HU22" "HU23" "HU31" "HU32" "HU33" "IE01" "IE02" "ITC1" "ITC2" "ITC3" "ITC4" "ITF1" "ITF2"
[154] "ITF3" "ITF4" "ITF5" "ITF6" "ITG1" "ITG2" "ITH1" "ITH2" "ITH3" "ITH4" "ITH5" "ITI1" "ITI2" "ITI3" "ITI4" "LT00" "LV00"
[171] "NL11" "NL12" "NL13" "NL21" "NL22" "NL23" "NL31" "NL32" "NL33" "NL34" "NL41" "NL42" "PL11" "PL12" "PL21" "PL22" "PL31"
[188] "PL32" "PL33" "PL34" "PL41" "PL42" "PL43" "PL51" "PL52" "PL61" "PL62" "PL63" "PT11" "PT15" "PT16" "PT17" "PT18" "RO11"
[205] "RO12" "RO21" "RO22" "RO31" "RO32" "RO41" "RO42" "SE11" "SE12" "SE21" "SE22" "SE23" "SE31" "SE32" "SE33" "SI03" "SI04"
[222] "SK01" "SK02" "SK03" "SK04" "UKC1" "UKC2" "UKD1" "UKD3" "UKD4" "UKD6" "UKD7" "UKE1" "UKE2" "UKE3" "UKE4" "UKF1" "UKF2"
[239] "UKF3" "UKG1" "UKG2" "UKG3" "UKH1" "UKH2" "UKH3" "UKI3" "UKI4" "UKI5" "UKI6" "UKI7" "UKJ1" "UKJ2" "UKJ3" "UKJ4" "UKK1"
[256] "UKK2" "UKK3" "UKK4" "UKL1" "UKL2" "UKM2" "UKM3" "UKM5" "UKM6" "UKN0"
 [1] "pop_Total"          "pop_Y0-14"          "pop_Y15-24"         "pop_Y25-64"         "pop_Y65-74"         "pop_YGE75"         
 [7] "emp_Y25-64_ED0-2"   "emp_Y15-24_ED3-4"   "emp_Y25-64_ED3-4"   "emp_Y25-64_ED5-8"   "emp_TF"             "emp_TP"            
[13] "emp_Y15-24"         "emp_Y25-64"         "emp_Y25-64_NaceB-E" "emp_Y25-64_NaceF"   "emp_Y25-64_NaceG-I" "emp_Y25-64_NaceM_N"
[19] "emp_Y25-64_NaceO-Q" "emp_Y25-64_NaceR-U" "unemp_YGE25"        "GDP"                "disp_income"        "training"          
   pop_Total          pop_Y0-14       pop_Y15-24       pop_Y25-64      pop_Y65-74       pop_YGE75      emp_Y25-64_ED0-2
 Min.   :  128591   Min.   :11.01   Min.   : 7.323   Min.   :45.31   Min.   : 2.973   Min.   : 1.623   Min.   : 1.943  
 1st Qu.:  990718   1st Qu.:13.97   1st Qu.:10.753   1st Qu.:51.86   1st Qu.: 8.948   1st Qu.: 7.514   1st Qu.:10.579  
 Median : 1484375   Median :15.31   Median :11.523   Median :54.44   Median :10.031   Median : 8.811   Median :15.379  
 Mean   : 1897519   Mean   :15.59   Mean   :11.438   Mean   :54.20   Mean   : 9.841   Mean   : 8.940   Mean   :17.892  
 3rd Qu.: 2282968   3rd Qu.:16.96   3rd Qu.:12.400   3rd Qu.:56.09   3rd Qu.:10.770   3rd Qu.:10.340   3rd Qu.:21.593  
 Max.   :12027565   Max.   :34.20   Max.   :15.891   Max.   :62.18   Max.   :13.075   Max.   :14.741   Max.   :56.698  
 emp_Y15-24_ED3-4 emp_Y25-64_ED3-4 emp_Y25-64_ED5-8     emp_TF          emp_TP          emp_Y15-24       emp_Y25-64    
 Min.   :23.58    Min.   :17.52    Min.   :13.62    Min.   :26.74   Min.   : 0.9339   Min.   : 6.592   Min.   : 45.17  
 1st Qu.:54.32    1st Qu.:39.40    1st Qu.:26.50    1st Qu.:42.55   1st Qu.: 6.4332   1st Qu.:20.162   1st Qu.: 66.37  
 Median :60.98    Median :47.61    Median :33.17    Median :45.77   Median :10.9722   Median :29.651   Median : 72.97  
 Mean   :60.78    Mean   :48.40    Mean   :33.35    Mean   :45.23   Mean   :12.2206   Mean   :32.775   Mean   : 71.26  
 3rd Qu.:69.35    3rd Qu.:59.13    3rd Qu.:39.58    3rd Qu.:48.32   3rd Qu.:17.4013   3rd Qu.:45.577   3rd Qu.: 77.76  
 Max.   :89.83    Max.   :76.70    Max.   :74.49    Max.   :61.06   Max.   :34.7311   Max.   :77.156   Max.   :102.82  
 emp_Y25-64_NaceB-E emp_Y25-64_NaceF emp_Y25-64_NaceG-I emp_Y25-64_NaceM_N emp_Y25-64_NaceO-Q emp_Y25-64_NaceR-U  unemp_YGE25    
 Min.   : 2.856     Min.   : 3.325   Min.   :13.70      Min.   : 2.296     Min.   :10.17      Min.   : 1.465     Min.   : 1.561  
 1st Qu.:12.177     1st Qu.: 6.067   1st Qu.:20.14      1st Qu.: 7.000     1st Qu.:22.64      1st Qu.: 3.757     1st Qu.: 3.246  
 Median :16.441     Median : 6.887   Median :22.03      Median : 8.813     Median :27.09      Median : 4.615     Median : 4.503  
 Mean   :17.472     Mean   : 6.967   Mean   :22.73      Mean   : 8.982     Mean   :27.23      Mean   : 4.861     Mean   : 5.781  
 3rd Qu.:22.278     3rd Qu.: 7.836   3rd Qu.:24.24      3rd Qu.:10.703     3rd Qu.:31.49      3rd Qu.: 5.528     3rd Qu.: 6.710  
 Max.   :40.296     Max.   :11.415   Max.   :44.71      Max.   :22.203     Max.   :44.68      Max.   :11.772     Max.   :22.114  
      GDP          disp_income       training   
 Min.   :  8700   Min.   : 6300   Min.   : 0.7  
 1st Qu.: 19900   1st Qu.:11700   1st Qu.: 6.3  
 Median : 25000   Median :15600   Median : 9.5  
 Mean   : 26515   Mean   :15180   Mean   :11.1  
 3rd Qu.: 30900   3rd Qu.:17900   3rd Qu.:15.9  
 Max.   :148000   Max.   :37900   Max.   :36.0  
[1] 265  24
  [1] "AT11" "AT12" "AT13" "AT21" "AT22" "AT31" "AT32" "AT33" "AT34" "BE10" "BE21" "BE22" "BE23" "BE24" "BE25" "BE31" "BE32"
 [18] "BE33" "BE34" "BE35" "BG32" "BG33" "BG34" "BG41" "BG42" "CY00" "CZ01" "CZ02" "CZ03" "CZ04" "CZ05" "CZ06" "CZ07" "CZ08"
 [35] "DE11" "DE12" "DE13" "DE14" "DE21" "DE22" "DE23" "DE24" "DE25" "DE26" "DE27" "DE30" "DE40" "DE50" "DE60" "DE71" "DE72"
 [52] "DE73" "DE80" "DE91" "DE92" "DE93" "DE94" "DEA1" "DEA2" "DEA3" "DEA4" "DEA5" "DEB1" "DEB2" "DEB3" "DEC0" "DED2" "DED4"
 [69] "DED5" "DEE0" "DEF0" "DEG0" "DK01" "DK02" "DK03" "DK04" "DK05" "EL30" "EL41" "EL42" "EL43" "EL51" "EL52" "EL53" "EL54"
 [86] "EL61" "EL62" "EL63" "EL64" "EL65" "ES11" "ES12" "ES13" "ES21" "ES22" "ES23" "ES24" "ES30" "ES41" "ES42" "ES43" "ES51"
[103] "ES52" "ES53" "ES61" "ES62" "ES70" "FI19" "FI1B" "FI1C" "FI1D" "FR10" "FR21" "FR22" "FR23" "FR24" "FR25" "FR26" "FR30"
[120] "FR41" "FR42" "FR43" "FR51" "FR52" "FR53" "FR61" "FR62" "FR63" "FR71" "FR72" "FR81" "FR82" "FRA1" "FRA2" "FRA3" "FRA4"
[137] "HR03" "HR04" "HU10" "HU21" "HU22" "HU23" "HU31" "HU32" "HU33" "IE01" "IE02" "ITC1" "ITC2" "ITC3" "ITC4" "ITF1" "ITF2"
[154] "ITF3" "ITF4" "ITF5" "ITF6" "ITG1" "ITG2" "ITH1" "ITH2" "ITH3" "ITH4" "ITH5" "ITI1" "ITI2" "ITI3" "ITI4" "LT00" "LV00"
[171] "NL11" "NL12" "NL13" "NL21" "NL22" "NL23" "NL31" "NL32" "NL33" "NL34" "NL41" "NL42" "PL11" "PL12" "PL21" "PL22" "PL31"
[188] "PL32" "PL33" "PL34" "PL41" "PL42" "PL43" "PL51" "PL52" "PL61" "PL62" "PL63" "PT11" "PT15" "PT16" "PT17" "PT18" "RO11"
[205] "RO12" "RO21" "RO22" "RO31" "RO32" "RO41" "RO42" "SE11" "SE12" "SE21" "SE22" "SE23" "SE31" "SE32" "SE33" "SI03" "SI04"
[222] "SK01" "SK02" "SK03" "SK04" "UKC1" "UKC2" "UKD1" "UKD3" "UKD4" "UKD6" "UKD7" "UKE1" "UKE2" "UKE3" "UKE4" "UKF1" "UKF2"
[239] "UKF3" "UKG1" "UKG2" "UKG3" "UKH1" "UKH2" "UKH3" "UKI3" "UKI4" "UKI5" "UKI6" "UKI7" "UKJ1" "UKJ2" "UKJ3" "UKJ4" "UKK1"
[256] "UKK2" "UKK3" "UKK4" "UKL1" "UKL2" "UKM2" "UKM3" "UKM5" "UKM6" "UKN0"
 [1] "pop_Total"          "pop_Y0-14"          "pop_Y15-24"         "pop_Y25-64"         "pop_Y65-74"         "pop_YGE75"         
 [7] "emp_Y25-64_ED0-2"   "emp_Y15-24_ED3-4"   "emp_Y25-64_ED3-4"   "emp_Y25-64_ED5-8"   "emp_TF"             "emp_TP"            
[13] "emp_Y15-24"         "emp_Y25-64"         "emp_Y25-64_NaceB-E" "emp_Y25-64_NaceF"   "emp_Y25-64_NaceG-I" "emp_Y25-64_NaceM_N"
[19] "emp_Y25-64_NaceO-Q" "emp_Y25-64_NaceR-U" "unemp_YGE25"        "GDP"                "disp_income"        "training"          
   pop_Total          pop_Y0-14       pop_Y15-24       pop_Y25-64      pop_Y65-74       pop_YGE75      emp_Y25-64_ED0-2
 Min.   :  128591   Min.   :11.01   Min.   : 7.323   Min.   :45.31   Min.   : 2.973   Min.   : 1.623   Min.   : 1.943  
 1st Qu.:  990718   1st Qu.:13.97   1st Qu.:10.753   1st Qu.:51.86   1st Qu.: 8.948   1st Qu.: 7.514   1st Qu.:10.579  
 Median : 1484375   Median :15.31   Median :11.523   Median :54.44   Median :10.031   Median : 8.811   Median :15.379  
 Mean   : 1897519   Mean   :15.59   Mean   :11.438   Mean   :54.20   Mean   : 9.841   Mean   : 8.940   Mean   :17.892  
 3rd Qu.: 2282968   3rd Qu.:16.96   3rd Qu.:12.400   3rd Qu.:56.09   3rd Qu.:10.770   3rd Qu.:10.340   3rd Qu.:21.593  
 Max.   :12027565   Max.   :34.20   Max.   :15.891   Max.   :62.18   Max.   :13.075   Max.   :14.741   Max.   :56.698  
 emp_Y15-24_ED3-4 emp_Y25-64_ED3-4 emp_Y25-64_ED5-8     emp_TF          emp_TP          emp_Y15-24       emp_Y25-64    
 Min.   :23.58    Min.   :17.52    Min.   :13.62    Min.   :26.74   Min.   : 0.9339   Min.   : 6.592   Min.   : 45.17  
 1st Qu.:54.32    1st Qu.:39.40    1st Qu.:26.50    1st Qu.:42.55   1st Qu.: 6.4332   1st Qu.:20.162   1st Qu.: 66.37  
 Median :60.98    Median :47.61    Median :33.17    Median :45.77   Median :10.9722   Median :29.651   Median : 72.97  
 Mean   :60.78    Mean   :48.40    Mean   :33.35    Mean   :45.23   Mean   :12.2206   Mean   :32.775   Mean   : 71.26  
 3rd Qu.:69.35    3rd Qu.:59.13    3rd Qu.:39.58    3rd Qu.:48.32   3rd Qu.:17.4013   3rd Qu.:45.577   3rd Qu.: 77.76  
 Max.   :89.83    Max.   :76.70    Max.   :74.49    Max.   :61.06   Max.   :34.7311   Max.   :77.156   Max.   :102.82  
 emp_Y25-64_NaceB-E emp_Y25-64_NaceF emp_Y25-64_NaceG-I emp_Y25-64_NaceM_N emp_Y25-64_NaceO-Q emp_Y25-64_NaceR-U  unemp_YGE25    
 Min.   : 2.856     Min.   : 3.325   Min.   :13.70      Min.   : 2.296     Min.   :10.17      Min.   : 1.465     Min.   : 1.561  
 1st Qu.:12.177     1st Qu.: 6.067   1st Qu.:20.14      1st Qu.: 7.000     1st Qu.:22.64      1st Qu.: 3.757     1st Qu.: 3.246  
 Median :16.441     Median : 6.887   Median :22.03      Median : 8.813     Median :27.09      Median : 4.615     Median : 4.503  
 Mean   :17.472     Mean   : 6.967   Mean   :22.73      Mean   : 8.982     Mean   :27.23      Mean   : 4.861     Mean   : 5.781  
 3rd Qu.:22.278     3rd Qu.: 7.836   3rd Qu.:24.24      3rd Qu.:10.703     3rd Qu.:31.49      3rd Qu.: 5.528     3rd Qu.: 6.710  
 Max.   :40.296     Max.   :11.415   Max.   :44.71      Max.   :22.203     Max.   :44.68      Max.   :11.772     Max.   :22.114  
      GDP          disp_income       training   
 Min.   :  8700   Min.   : 6300   Min.   : 0.7  
 1st Qu.: 19900   1st Qu.:11700   1st Qu.: 6.3  
 Median : 25000   Median :15600   Median : 9.5  
 Mean   : 26515   Mean   :15180   Mean   :11.1  
 3rd Qu.: 30900   3rd Qu.:17900   3rd Qu.:15.9  
 Max.   :148000   Max.   :37900   Max.   :36.0  
