Sets to variables test for over-representation
76 variables tested, 18 have p < 0.05 
Selected set size: 8 
    Universe size: 276 
                 vars         pval         adjp     odds       exp obs size
1    emp_Y25-64_NaceF 4.122940e-09 3.133434e-07      Inf 0.8115942   8   28
2        earn_OC3_B-F 4.049211e-06 1.025800e-04 53.51613 1.1014493   7   38
3        earn_OC1_G-N 4.049211e-06 1.025800e-04 53.51613 1.1014493   7   38
4        earn_OC2_B-F 1.015210e-05 1.193200e-04 45.11111 1.2463768   7   43
5        earn_OC4_B-F 1.015210e-05 1.193200e-04 45.11111 1.2463768   7   43
6        earn_OC6_B-F 1.015210e-05 1.193200e-04 45.11111 1.2463768   7   43
7        earn_OC4_G-N 1.202829e-05 1.193200e-04 43.70270 1.2753623   7   44
8        earn_OC2_G-N 1.419135e-05 1.193200e-04 42.36842 1.3043478   7   45
9           pop_YGE75 1.569999e-05 1.193200e-04 33.54545 0.8115942   6   28
10   emp_Y25-64_ED3-4 1.569999e-05 1.193200e-04 33.54545 0.8115942   6   28
11       earn_OC3_G-N 7.899767e-05 4.618325e-04 30.52000 1.6521739   7   57
12       earn_OC3_P-S 7.899767e-05 4.618325e-04 30.52000 1.6521739   7   57
13       earn_OC4_P-S 7.899767e-05 4.618325e-04 30.52000 1.6521739   7   57
14       earn_OC1_B-F 1.011425e-04 5.490590e-04 29.07692 1.7101449   7   59
15       earn_OC7_B-F 1.440930e-04 7.300714e-04 27.10909 1.7971014   7   62
16       earn_OC8_B-F 1.805702e-04 8.577083e-04 25.91228 1.8550725   7   64
17 emp_Y15-24_NaceO-Q 1.740919e-03 7.782933e-03 13.88889 0.6376812   4   22
18         pop_Y65-74 3.714340e-02 1.568277e-01  5.83200 0.8115942   3   28
