Sets to variables test for over-representation
48 variables tested, 15 have p < 0.05 
Selected set size: 9 
    Universe size: 276 
                 vars         pval         adjp      odds       exp obs size
1           emp_YGE65 1.355261e-07 5.399793e-06       Inf 1.6630435   9   51
2  emp_Y25-64_NaceM_N 2.832481e-07 5.399793e-06       Inf 1.7934783   9   55
3    emp_Y25-64_ED5-8 3.374871e-07 5.399793e-06       Inf 1.8260870   9   56
4    emp_Y25-64_NaceJ 4.651892e-06 5.582271e-05 44.097561 1.5978261   8   49
5          emp_Y25-64 1.227007e-05 1.177926e-04 37.446809 1.7934783   8   55
6            training 2.199542e-05 1.759634e-04 33.882353 1.9239130   8   59
7         disp_income 2.320284e-04 1.591052e-03 15.968750 1.7934783   7   55
8    emp_Y15-24_NaceK 1.248542e-03 7.491251e-03 26.200000 0.2608696   3    8
9    emp_Y25-64_NaceK 1.832700e-03 8.998821e-03  9.608696 1.6956522   6   52
10 emp_Y15-24_NaceM_N 1.874754e-03 8.998821e-03 10.258621 1.1086957   5   34
11          pop_Y0-14 2.523794e-03 1.009518e-02  8.897959 1.7934783   6   55
12             emp_TF 2.523794e-03 1.009518e-02  8.897959 1.7934783   6   55
13   emp_Y15-24_ED5-8 4.086785e-03 1.508967e-02  8.285714 1.3043478   5   40
14             emp_TP 1.751194e-02 6.004094e-02  5.425000 1.7934783   5   55
15   emp_Y15-24_NaceJ 4.468599e-02 1.429952e-01  8.190476 0.3586957   2   11
