Sets to variables test for over-representation
76 variables tested, 16 have p < 0.05 
Selected set size: 9 
    Universe size: 276 
                 vars         pval         adjp      odds      exp obs size
1         disp_income 3.317592e-06 0.0001607773       Inf 2.315217   9   71
2        earn_OC4_G-N 4.923525e-06 0.0001607773       Inf 2.413043   9   74
3        expend_ED5-8 6.346471e-06 0.0001607773       Inf 2.478261   9   76
4    emp_Y15-24_NaceF 4.032864e-05 0.0007662442 22.458333 1.402174   7   43
5    emp_Y25-64_NaceF 7.068808e-05 0.0010086156 27.600000 2.217391   8   68
6    emp_Y25-64_ED3-4 7.962755e-05 0.0010086156 27.016393 2.250000   8   69
7    emp_Y15-24_ED5-8 1.186467e-04 0.0012881638 18.232558 1.630435   7   50
8  emp_Y15-24_NaceB-E 2.631383e-04 0.0024998143 15.571429 1.826087   7   56
9    emp_Y15-24_ED0-2 4.247638e-04 0.0035868939 14.132075 1.956522   7   60
10   emp_Y15-24_ED3-4 1.000394e-03 0.0076029909 11.819672 2.217391   7   68
11         emp_Y15-24 1.104351e-03 0.0076300614 11.572581 2.250000   7   69
12 emp_Y15-24_NaceG-I 6.975050e-03 0.0441753188  6.900000 2.152174   6   66
13 emp_Y25-64_NaceG-I 8.884659e-03 0.0482310037  6.476190 2.250000   6   69
14                GDP 8.884659e-03 0.0482310037  6.476190 2.250000   6   69
15 emp_Y15-24_NaceM_N 3.306466e-02 0.1675276043  4.821053 1.369565   4   42
16             emp_PT 4.608425e-02 0.2189002074  3.964844 2.250000   5   69
