Sets to variables test for under-representation
48 variables tested, 20 have p < 0.05 
Selected set size: 32 
    Universe size: 276 
                 vars       pval       adjp odds      exp obs size
1         disp_income 0.01982422 0.07844653    0 3.478261   0   30
2            training 0.02277480 0.07844653    0 3.362319   0   29
3           pop_Y0-14 0.02614884 0.07844653    0 3.246377   0   28
4          pop_Y15-24 0.02614884 0.07844653    0 3.246377   0   28
5    emp_Y25-64_ED0-2 0.02614884 0.07844653    0 3.246377   0   28
6    emp_Y25-64_ED3-4 0.02614884 0.07844653    0 3.246377   0   28
7    emp_Y25-64_ED5-8 0.02614884 0.07844653    0 3.246377   0   28
8              emp_TF 0.02614884 0.07844653    0 3.246377   0   28
9              emp_TP 0.02614884 0.07844653    0 3.246377   0   28
10         emp_Y15-24 0.02614884 0.07844653    0 3.246377   0   28
11         emp_Y25-64 0.02614884 0.07844653    0 3.246377   0   28
12   emp_Y25-64_NaceF 0.02614884 0.07844653    0 3.246377   0   28
13 emp_Y25-64_NaceM_N 0.02614884 0.07844653    0 3.246377   0   28
14 emp_Y25-64_NaceO-Q 0.02614884 0.07844653    0 3.246377   0   28
15 emp_Y25-64_NaceR-U 0.02614884 0.07844653    0 3.246377   0   28
16                GDP 0.02614884 0.07844653    0 3.246377   0   28
17   emp_Y15-24_ED3-4 0.03000489 0.08258228    0 3.130435   0   27
18          emp_YGE65 0.03440928 0.08258228    0 3.014493   0   26
19   emp_Y25-64_NaceK 0.03440928 0.08258228    0 3.014493   0   26
20       unemp_Y15-24 0.03440928 0.08258228    0 3.014493   0   26
