Sets to variables test for under-representation
48 variables tested, 15 have p < 0.05 
Selected set size: 16 
    Universe size: 276 
                 vars        pval       adjp odds      exp obs size
1         disp_income 0.007947111 0.03445135    0 4.057971   0   70
2           pop_Total 0.008612837 0.03445135    0 4.000000   0   69
3           pop_Y0-14 0.008612837 0.03445135    0 4.000000   0   69
4           pop_YGE75 0.008612837 0.03445135    0 4.000000   0   69
5    emp_Y25-64_ED0-2 0.008612837 0.03445135    0 4.000000   0   69
6    emp_Y25-64_ED5-8 0.008612837 0.03445135    0 4.000000   0   69
7          emp_Y15-24 0.008612837 0.03445135    0 4.000000   0   69
8  emp_Y25-64_NaceO-Q 0.008612837 0.03445135    0 4.000000   0   69
9  emp_Y25-64_NaceR-U 0.008612837 0.03445135    0 4.000000   0   69
10        unemp_YGE25 0.008612837 0.03445135    0 4.000000   0   69
11                GDP 0.008612837 0.03445135    0 4.000000   0   69
12           training 0.008612837 0.03445135    0 4.000000   0   69
13       unemp_Y15-24 0.011834849 0.04369790    0 3.768116   0   65
14 emp_Y15-24_NaceO-Q 0.027488255 0.09424545    0 3.130435   0   54
15   emp_Y15-24_ED5-8 0.036948069 0.11823382    0 2.898551   0   50
