Sets to variables test for over-representation
76 variables tested, 19 have p < 0.05 
Selected set size: 12 
    Universe size: 276 
                 vars         pval         adjp      odds      exp obs size
1            training 1.370728e-09 6.629339e-08       Inf 2.391304  12   55
2          emp_Y25-64 1.744563e-09 6.629339e-08       Inf 2.434783  12   56
3    emp_Y15-24_ED3-4 6.746473e-08 1.582202e-06 56.534884 2.347826  11   54
4              emp_PT 1.040922e-07 1.582202e-06 53.533333 2.434783  11   56
5                 GDP 1.040922e-07 1.582202e-06 53.533333 2.434783  11   56
6          emp_Y15-24 2.305481e-06 2.115873e-05 24.333333 2.391304  10   55
7  emp_Y25-64_NaceB-E 2.305481e-06 2.115873e-05 24.333333 2.391304  10   55
8    emp_Y25-64_NaceF 2.305481e-06 2.115873e-05 24.333333 2.391304  10   55
9           pop_Total 2.784044e-06 2.115873e-05 23.695652 2.434783  10   56
10   emp_Y25-64_ED3-4 2.784044e-06 2.115873e-05 23.695652 2.434783  10   56
11   emp_Y25-64_NaceK 2.252195e-05 1.556062e-04 15.418605 2.260870   9   52
12 emp_Y25-64_NaceM_N 3.755961e-05 2.195793e-04 14.217391 2.391304   9   55
13 emp_Y25-64_NaceR-U 3.755961e-05 2.195793e-04 14.217391 2.391304   9   55
14             emp_FT 4.421876e-05 2.240417e-04 13.851064 2.434783   9   56
15 emp_Y25-64_NaceO-Q 4.421876e-05 2.240417e-04 13.851064 2.434783   9   56
16   emp_Y25-64_ED5-8 4.656875e-04 2.212016e-03  9.000000 2.434783   8   56
17        disp_income 6.088594e-04 2.721960e-03  8.560000 2.521739   8   58
18   emp_Y25-64_NaceJ 9.221676e-03 3.893597e-02  5.139535 2.130435   6   49
19   emp_Y15-24_ED0-2 3.924920e-02 1.569968e-01  3.671096 2.086957   5   48
