Sets to variables test for over-representation
76 variables tested, 20 have p < 0.05 
Selected set size: 11 
    Universe size: 276 
                 vars         pval         adjp      odds      exp obs size
1        expend_ED5-8 3.951465e-07 3.003113e-05       Inf 3.028986  11   76
2  emp_Y15-24_NaceG-I 2.208261e-06 5.327786e-05       Inf 3.507246  11   88
3    emp_Y15-24_ED3-4 2.870524e-06 5.327786e-05       Inf 3.586957  11   90
4              emp_PT 3.708646e-06 5.327786e-05       Inf 3.666667  11   92
5          emp_Y15-24 3.708646e-06 5.327786e-05       Inf 3.666667  11   92
6            training 4.206147e-06 5.327786e-05       Inf 3.706522  11   93
7        earn_OC7_P-S 2.941556e-05 2.794478e-04       Inf 4.384058  11  110
8        earn_OC8_P-S 2.941556e-05 2.794478e-04       Inf 4.384058  11  110
9           emp_YGE65 4.270838e-05 3.606486e-04 25.333333 3.387681  10   85
10   emp_Y15-24_ED5-8 6.778759e-05 5.151857e-04 16.060345 2.670290   9   67
11   emp_Y25-64_NaceF 8.529885e-05 5.893375e-04 22.716049 3.626812  10   91
12 emp_Y15-24_NaceR-U 6.109224e-04 3.869175e-03  9.560976 1.913043   7   48
13 emp_Y25-64_NaceM_N 1.005676e-03 5.245887e-03 10.042683 3.626812   9   91
14         pop_Y65-74 1.104397e-03 5.245887e-03  9.867470 3.666667   9   92
15   emp_Y25-64_ED5-8 1.104397e-03 5.245887e-03  9.867470 3.666667   9   92
16 emp_Y25-64_NaceO-Q 1.104397e-03 5.245887e-03  9.867470 3.666667   9   92
17         emp_Y25-64 7.663861e-03 3.426197e-02  5.746032 3.666667   8   92
18   emp_Y25-64_NaceJ 1.708012e-02 7.211605e-02  4.516892 3.228261   7   81
19 emp_Y15-24_NaceO-Q 3.860987e-02 1.544395e-01  3.618182 2.869565   6   72
20 emp_Y15-24_NaceM_N 4.963867e-02 1.886270e-01  3.496732 2.231884   5   56
