Sets to variables test for over-representation
48 variables tested, 17 have p < 0.05 
Selected set size: 29 
    Universe size: 276 
                 vars         pval         adjp      odds      exp obs size
1              emp_TP 1.575259e-20 6.454721e-19       Inf 7.250000  29   69
2         disp_income 2.689467e-20 6.454721e-19       Inf 7.355072  29   70
3  emp_Y25-64_NaceM_N 1.606957e-16 1.928348e-15 65.892857 7.250000  27   69
4                 GDP 1.606957e-16 1.928348e-15 65.892857 7.250000  27   69
5            training 6.956023e-15 6.677782e-14 41.116279 7.250000  26   69
6  emp_Y25-64_NaceR-U 2.117425e-13 1.693940e-12 28.835227 7.250000  25   69
7    emp_Y25-64_NaceK 2.613365e-09 1.792022e-08 12.453488 6.724638  21   64
8            rooms_pp 6.519127e-07 3.911476e-06 11.747899 2.731884  12   26
9  emp_Y25-64_NaceO-Q 7.659956e-06 4.085310e-05  6.288770 7.250000  18   69
10   emp_Y25-64_NaceJ 3.751268e-05 1.800609e-04  5.524786 6.409420  16   61
11   emp_Y25-64_ED0-2 4.464428e-05 1.948114e-04  5.312500 7.250000  17   69
12          pop_YGE75 2.225877e-04 8.218624e-04  4.505080 7.250000  16   69
13         emp_Y25-64 2.225877e-04 8.218624e-04  4.505080 7.250000  16   69
14   emp_Y25-64_ED5-8 9.531915e-04 3.268085e-03  3.829365 7.250000  15   69
15 emp_Y15-24_NaceG-I 7.317089e-03 2.341468e-02  2.974057 6.934783  13   66
16         pop_Y65-74 3.091658e-02 8.729388e-02  2.352941 7.250000  12   69
17         emp_Y15-24 3.091658e-02 8.729388e-02  2.352941 7.250000  12   69
