Sets to variables test for over-representation
48 variables tested, 17 have p < 0.05 
Selected set size: 13 
    Universe size: 276 
                 vars         pval         adjp      odds      exp obs size
1          emp_Y25-64 5.946365e-09 2.854255e-07       Inf 3.250000  13   69
2          emp_Y15-24 2.866774e-07 3.306999e-06 43.368421 3.250000  12   69
3                 GDP 2.866774e-07 3.306999e-06 43.368421 3.250000  12   69
4            training 2.866774e-07 3.306999e-06 43.368421 3.250000  12   69
5         disp_income 3.444791e-07 3.306999e-06 42.413793 3.297101  12   70
6  emp_Y25-64_NaceB-E 5.315424e-06 3.343548e-05 19.877193 3.202899  11   68
7           pop_Total 6.269152e-06 3.343548e-05 19.439655 3.250000  11   69
8              emp_TF 6.269152e-06 3.343548e-05 19.439655 3.250000  11   69
9              emp_TP 6.269152e-06 3.343548e-05 19.439655 3.250000  11   69
10   emp_Y25-64_NaceF 7.144055e-05 3.429147e-04 11.781609 3.202899  10   68
11   emp_Y25-64_NaceK 3.857616e-04 1.683323e-03  8.509091 3.014493   9   64
12 emp_Y25-64_NaceM_N 7.303345e-04 2.921338e-03  7.612500 3.250000   9   69
13         pop_Y15-24 2.146921e-02 6.440763e-02  3.782258 3.250000   7   69
14   emp_Y25-64_ED3-4 2.146921e-02 6.440763e-02  3.782258 3.250000   7   69
15 emp_Y25-64_NaceO-Q 2.146921e-02 6.440763e-02  3.782258 3.250000   7   69
16 emp_Y25-64_NaceR-U 2.146921e-02 6.440763e-02  3.782258 3.250000   7   69
17   emp_Y25-64_NaceJ 4.310368e-02 1.217045e-01  3.241558 2.873188   6   61
