Sets to variables test for over-representation
76 variables tested, 15 have p < 0.05 
Selected set size: 12 
    Universe size: 276 
                 vars         pval         adjp      odds      exp obs size
1          emp_Y25-64 5.546883e-08 4.215631e-06 38.684211 1.217391   9   28
2    emp_Y25-64_NaceK 8.011522e-07 2.354868e-05 27.333333 1.130435   8   26
3          emp_Y15-24 1.549255e-06 2.354868e-05 24.400000 1.217391   8   28
4    emp_Y25-64_NaceF 1.549255e-06 2.354868e-05 24.400000 1.217391   8   28
5  emp_Y25-64_NaceO-Q 1.549255e-06 2.354868e-05 24.400000 1.217391   8   28
6            training 2.109138e-06 2.671575e-05 23.142857 1.260870   8   29
7              emp_PT 2.931945e-05 3.183255e-04 16.200000 1.217391   7   28
8  emp_Y25-64_NaceB-E 3.871763e-04 2.942540e-03 11.000000 1.217391   6   28
9  emp_Y25-64_NaceM_N 3.871763e-04 2.942540e-03 11.000000 1.217391   6   28
10 emp_Y25-64_NaceR-U 3.871763e-04 2.942540e-03 11.000000 1.217391   6   28
11   emp_Y15-24_ED3-4 3.038238e-03 2.099146e-02  7.857143 1.173913   5   27
12          pop_Total 3.614556e-03 2.289219e-02  7.484472 1.217391   5   28
13   emp_Y25-64_NaceJ 1.589012e-02 9.289607e-02  5.785714 1.086957   4   25
14 emp_Y15-24_NaceG-I 2.097613e-02 1.138704e-01  5.239130 1.173913   4   27
15                GDP 2.386973e-02 1.209399e-01  5.000000 1.217391   4   28
