Sets to variables test for over-representation
76 variables tested, 18 have p < 0.05 
Selected set size: 20 
    Universe size: 276 
               vars         pval         adjp      odds      exp obs size
1      earn_OC5_G-N 6.222837e-10 1.467240e-08       Inf 7.391304  20  102
2      earn_OC1_B-F 7.722315e-10 1.467240e-08       Inf 7.463768  20  103
3      earn_OC8_B-F 7.722315e-10 1.467240e-08       Inf 7.463768  20  103
4      earn_OC9_G-N 7.722315e-10 1.467240e-08       Inf 7.463768  20  103
5      earn_OC1_G-N 4.017553e-09 6.106680e-08 46.729730 6.739130  19   93
6      earn_OC4_P-S 2.642068e-08 2.001410e-07       Inf 8.768116  20  121
7      earn_OC5_P-S 2.642068e-08 2.001410e-07       Inf 8.768116  20  121
8      earn_OC4_B-F 3.160120e-08 2.001410e-07       Inf 8.840580  20  122
9      earn_OC9_B-F 3.160120e-08 2.001410e-07       Inf 8.840580  20  122
10     earn_OC3_G-N 3.160120e-08 2.001410e-07       Inf 8.840580  20  122
11     earn_OC4_G-N 3.160120e-08 2.001410e-07       Inf 8.840580  20  122
12     earn_OC9_P-S 3.160120e-08 2.001410e-07       Inf 8.840580  20  122
13     earn_OC8_G-N 4.499455e-08 2.630450e-07       Inf 8.985507  20  124
14     earn_OC3_P-S 7.033141e-07 3.817991e-06 29.158416 8.695652  19  120
15     earn_OC1_P-S 8.294021e-07 4.202304e-06 28.686275 8.768116  19  121
16       pop_Y25-64 1.206283e-05 5.729844e-05  9.473684 6.666667  16   92
17      unemp_YGE25 1.025596e-02 4.585017e-02  3.300000 6.666667  12   92
18 emp_Y25-64_NaceA 4.246544e-02 1.792985e-01  2.506849 6.014493  10   83
