Sets to variables test for under-representation
76 variables tested, 20 have p < 0.05 
Selected set size: 16 
    Universe size: 276 
                 vars        pval      adjp odds      exp obs size
1        earn_OC8_P-S 0.004113390 0.1211588    0 4.521739   0   78
2        expend_ED5-8 0.004861990 0.1211588    0 4.405797   0   76
3        earn_OC5_P-S 0.007329859 0.1211588    0 4.115942   0   71
4        earn_OC7_P-S 0.007947111 0.1211588    0 4.057971   0   70
5            training 0.018844182 0.1211588    0 3.420290   0   59
6        earn_OC8_G-N 0.018844182 0.1211588    0 3.420290   0   59
7        earn_OC9_B-F 0.020336791 0.1211588    0 3.362319   0   58
8        earn_OC5_G-N 0.020336791 0.1211588    0 3.362319   0   58
9           pop_Total 0.023660450 0.1211588    0 3.246377   0   56
10          pop_Y0-14 0.023660450 0.1211588    0 3.246377   0   56
11         pop_Y15-24 0.023660450 0.1211588    0 3.246377   0   56
12         pop_Y25-64 0.023660450 0.1211588    0 3.246377   0   56
13         pop_Y65-74 0.023660450 0.1211588    0 3.246377   0   56
14   emp_Y25-64_ED5-8 0.023660450 0.1211588    0 3.246377   0   56
15 emp_Y25-64_NaceR-U 0.025507120 0.1211588    0 3.188406   0   55
16        unemp_YGE25 0.025507120 0.1211588    0 3.188406   0   55
17 emp_Y15-24_NaceG-I 0.029612951 0.1250325    0 3.072464   0   53
18       earn_OC9_G-N 0.029612951 0.1250325    0 3.072464   0   53
19       unemp_Y15-24 0.031890870 0.1275635    0 3.014493   0   52
20   emp_Y25-64_NaceA 0.036948069 0.1404027    0 2.898551   0   50
