Sets to variables test for under-representation
48 variables tested, 17 have p < 0.05 
Selected set size: 29 
    Universe size: 276 
                 vars       pval      adjp odds      exp obs size
1         disp_income 0.02277480 0.1202376    0 3.362319   0   32
2                 GDP 0.03318048 0.1202376    0 3.047101   0   29
3           pop_Total 0.03757425 0.1202376    0 2.942029   0   28
4           pop_Y0-14 0.03757425 0.1202376    0 2.942029   0   28
5           pop_YGE75 0.03757425 0.1202376    0 2.942029   0   28
6    emp_Y25-64_ED0-2 0.03757425 0.1202376    0 2.942029   0   28
7    emp_Y25-64_ED5-8 0.03757425 0.1202376    0 2.942029   0   28
8              emp_TP 0.03757425 0.1202376    0 2.942029   0   28
9          emp_Y15-24 0.03757425 0.1202376    0 2.942029   0   28
10         emp_Y25-64 0.03757425 0.1202376    0 2.942029   0   28
11 emp_Y25-64_NaceM_N 0.03757425 0.1202376    0 2.942029   0   28
12 emp_Y25-64_NaceO-Q 0.03757425 0.1202376    0 2.942029   0   28
13 emp_Y25-64_NaceR-U 0.03757425 0.1202376    0 2.942029   0   28
14        unemp_YGE25 0.03757425 0.1202376    0 2.942029   0   28
15           training 0.03757425 0.1202376    0 2.942029   0   28
16          emp_YGE65 0.04810771 0.1358335    0 2.731884   0   26
17   emp_Y25-64_NaceK 0.04810771 0.1358335    0 2.731884   0   26
