Sets to variables test for under-representation
48 variables tested, 22 have p < 0.05 
Selected set size: 23 
    Universe size: 276 
                 vars        pval       adjp      odds      exp obs size
1         disp_income 0.003393600 0.01512454 0.0000000 4.833333   0   58
2    emp_Y25-64_ED3-4 0.004234529 0.01512454 0.0000000 4.666667   0   56
3  emp_Y25-64_NaceO-Q 0.004234529 0.01512454 0.0000000 4.666667   0   56
4                 GDP 0.004234529 0.01512454 0.0000000 4.666667   0   56
5           pop_Total 0.004726419 0.01512454 0.0000000 4.583333   0   55
6          pop_Y15-24 0.004726419 0.01512454 0.0000000 4.583333   0   55
7          pop_Y25-64 0.004726419 0.01512454 0.0000000 4.583333   0   55
8          pop_Y65-74 0.004726419 0.01512454 0.0000000 4.583333   0   55
9           pop_YGE75 0.004726419 0.01512454 0.0000000 4.583333   0   55
10             emp_TF 0.004726419 0.01512454 0.0000000 4.583333   0   55
11             emp_TP 0.004726419 0.01512454 0.0000000 4.583333   0   55
12         emp_Y15-24 0.004726419 0.01512454 0.0000000 4.583333   0   55
13         emp_Y25-64 0.004726419 0.01512454 0.0000000 4.583333   0   55
14 emp_Y25-64_NaceB-E 0.004726419 0.01512454 0.0000000 4.583333   0   55
15           training 0.004726419 0.01512454 0.0000000 4.583333   0   55
16   emp_Y15-24_ED3-4 0.005272688 0.01581806 0.0000000 4.500000   0   54
17   emp_Y25-64_NaceK 0.006551774 0.01849913 0.0000000 4.333333   0   52
18 emp_Y15-24_NaceB-E 0.013792835 0.03678089 0.0000000 3.750000   0   45
19 emp_Y15-24_NaceO-Q 0.016987593 0.04291603 0.0000000 3.583333   0   43
20 emp_Y25-64_NaceM_N 0.034771240 0.08345098 0.1675084 4.583333   1   55
21   emp_Y15-24_NaceF 0.042406281 0.09692864 0.0000000 2.833333   0   34
22          emp_YGE65 0.049466644 0.10792722 0.1845455 4.250000   1   51
