Sets to variables test for under-representation
48 variables tested, 22 have p < 0.05 
Selected set size: 29 
    Universe size: 276 
                 vars         pval        adjp      odds      exp obs size
1            training 0.0006058456 0.004659894 0.0000000 6.199275   0   59
2                 GDP 0.0008054659 0.004659894 0.0000000 5.989130   0   57
3    emp_Y25-64_ED0-2 0.0009277617 0.004659894 0.0000000 5.884058   0   56
4  emp_Y25-64_NaceO-Q 0.0009277617 0.004659894 0.0000000 5.884058   0   56
5           pop_Total 0.0010678924 0.004659894 0.0000000 5.778986   0   55
6              emp_TP 0.0010678924 0.004659894 0.0000000 5.778986   0   55
7          emp_Y15-24 0.0010678924 0.004659894 0.0000000 5.778986   0   55
8          emp_Y25-64 0.0010678924 0.004659894 0.0000000 5.778986   0   55
9  emp_Y25-64_NaceM_N 0.0010678924 0.004659894 0.0000000 5.778986   0   55
10 emp_Y25-64_NaceR-U 0.0010678924 0.004659894 0.0000000 5.778986   0   55
11        disp_income 0.0010678924 0.004659894 0.0000000 5.778986   0   55
12   emp_Y25-64_NaceK 0.0016219584 0.006487833 0.0000000 5.463768   0   52
13          emp_YGE65 0.0018619420 0.006874863 0.0000000 5.358696   0   51
14   emp_Y15-24_ED0-2 0.0028057618 0.009619755 0.0000000 5.043478   0   48
15   emp_Y15-24_ED5-8 0.0081464927 0.026068777 0.0000000 4.202899   0   40
16   emp_Y25-64_ED5-8 0.0087750797 0.026325239 0.1246753 5.884058   1   56
17          pop_Y0-14 0.0098932208 0.026381922 0.1276455 5.778986   1   55
18          pop_YGE75 0.0098932208 0.026381922 0.1276455 5.778986   1   55
19       unemp_Y15-24 0.0141011075 0.035623850 0.1372549 5.463768   1   52
20   emp_Y25-64_NaceJ 0.0199356760 0.047845623 0.1480655 5.148551   1   49
21 emp_Y15-24_NaceR-U 0.0331804845 0.075841108 0.0000000 3.047101   0   29
22         pop_Y65-74 0.0442847068 0.096621179 0.2711391 5.778986   2   55
