Sets to variables test for under-representation
76 variables tested, 21 have p < 0.05 
Selected set size: 16 
    Universe size: 276 
                 vars        pval       adjp      odds      exp obs size
1          pop_Y25-64 0.001211880 0.01378899 0.0000000 5.333333   0   92
2    emp_Y25-64_ED5-8 0.001211880 0.01378899 0.0000000 5.333333   0   92
3              emp_PT 0.001211880 0.01378899 0.0000000 5.333333   0   92
4          emp_Y15-24 0.001211880 0.01378899 0.0000000 5.333333   0   92
5          emp_Y25-64 0.001211880 0.01378899 0.0000000 5.333333   0   92
6        earn_OC3_B-F 0.001326614 0.01378899 0.0000000 5.275362   0   91
7        earn_OC4_G-N 0.001326614 0.01378899 0.0000000 5.275362   0   91
8    emp_Y15-24_ED3-4 0.001451472 0.01378899 0.0000000 5.217391   0   90
9  emp_Y15-24_NaceG-I 0.001734937 0.01440499 0.0000000 5.101449   0   88
10       earn_OC4_P-S 0.001895393 0.01440499 0.0000000 5.043478   0   87
11          emp_YGE65 0.002258910 0.01560702 0.0000000 4.927536   0   85
12   emp_Y25-64_NaceJ 0.003190325 0.02020539 0.0000000 4.695652   0   81
13   emp_Y15-24_ED0-2 0.003473909 0.02030901 0.0000000 4.637681   0   80
14       expend_ED5-8 0.004861990 0.02639366 0.0000000 4.405797   0   76
15 emp_Y15-24_NaceB-E 0.005282487 0.02676460 0.0000000 4.347826   0   75
16       earn_OC6_P-S 0.009330574 0.04432022 0.0000000 3.942029   0   68
17         pop_Y15-24 0.011767428 0.04706971 0.1238095 5.333333   1   92
18   emp_Y25-64_ED3-4 0.011767428 0.04706971 0.1238095 5.333333   1   92
19             emp_FT 0.011767428 0.04706971 0.1238095 5.333333   1   92
20 emp_Y15-24_NaceR-U 0.042749805 0.16244926 0.0000000 2.782609   0   48
21 emp_Y15-24_NaceO-Q 0.047948006 0.16819069 0.1774648 4.173913   1   72
