Sets to variables test for over-representation
76 variables tested, 17 have p < 0.05 
Selected set size: 11 
    Universe size: 276 
           vars         pval         adjp odds      exp obs size
1    pop_Y25-64 3.708646e-06 0.0001065557  Inf 3.666667  11   92
2   unemp_YGE25 3.708646e-06 0.0001065557  Inf 3.666667  11   92
3  earn_OC1_G-N 4.206147e-06 0.0001065557  Inf 3.706522  11   93
4  earn_OC5_G-N 1.229168e-05 0.0001494088  Inf 4.065217  11  102
5  earn_OC1_B-F 1.376133e-05 0.0001494088  Inf 4.105072  11  103
6  earn_OC8_B-F 1.376133e-05 0.0001494088  Inf 4.105072  11  103
7  earn_OC9_G-N 1.376133e-05 0.0001494088  Inf 4.105072  11  103
8  earn_OC3_P-S 8.008146e-05 0.0004598912  Inf 4.782609  11  120
9  earn_OC1_P-S 8.808960e-05 0.0004598912  Inf 4.822464  11  121
10 earn_OC4_P-S 8.808960e-05 0.0004598912  Inf 4.822464  11  121
11 earn_OC5_P-S 8.808960e-05 0.0004598912  Inf 4.822464  11  121
12 earn_OC4_B-F 9.681920e-05 0.0004598912  Inf 4.862319  11  122
13 earn_OC9_B-F 9.681920e-05 0.0004598912  Inf 4.862319  11  122
14 earn_OC3_G-N 9.681920e-05 0.0004598912  Inf 4.862319  11  122
15 earn_OC4_G-N 9.681920e-05 0.0004598912  Inf 4.862319  11  122
16 earn_OC9_P-S 9.681920e-05 0.0004598912  Inf 4.862319  11  122
17 earn_OC8_G-N 1.166788e-04 0.0005216227  Inf 4.942029  11  124
