Sets to variables test for under-representation
48 variables tested, 17 have p < 0.05 
Selected set size: 23 
    Universe size: 276 
                 vars         pval        adjp      odds      exp obs size
1           pop_Y0-14 0.0009652489 0.006511517 0.0000000 5.750000   0   69
2          pop_Y25-64 0.0009652489 0.006511517 0.0000000 5.750000   0   69
3    emp_Y25-64_ED0-2 0.0009652489 0.006511517 0.0000000 5.750000   0   69
4  emp_Y25-64_NaceO-Q 0.0009652489 0.006511517 0.0000000 5.750000   0   69
5  emp_Y25-64_NaceR-U 0.0009652489 0.006511517 0.0000000 5.750000   0   69
6         unemp_YGE25 0.0009652489 0.006511517 0.0000000 5.750000   0   69
7            training 0.0009652489 0.006511517 0.0000000 5.750000   0   69
8    emp_Y15-24_ED3-4 0.0010852529 0.006511517 0.0000000 5.666667   0   68
9  emp_Y15-24_NaceG-I 0.0013694367 0.007303662 0.0000000 5.500000   0   66
10       unemp_Y15-24 0.0015369742 0.007377476 0.0000000 5.416667   0   65
11   emp_Y25-64_NaceA 0.0019327097 0.008433642 0.0000000 5.250000   0   63
12         pop_Y15-24 0.0092455195 0.031698924 0.1236631 5.750000   1   69
13   emp_Y25-64_ED5-8 0.0092455195 0.031698924 0.1236631 5.750000   1   69
14 emp_Y25-64_NaceG-I 0.0092455195 0.031698924 0.1236631 5.750000   1   69
15   emp_Y25-64_NaceL 0.0208832101 0.066826272 0.0000000 3.416667   0   41
16 emp_Y15-24_NaceR-U 0.0347134984 0.104140495 0.0000000 3.000000   0   36
17 emp_Y25-64_NaceM_N 0.0425446722 0.120126133 0.2643923 5.750000   2   69
