Sets to variables test for over-representation
76 variables tested, 18 have p < 0.05 
Selected set size: 6 
    Universe size: 276 
                 vars         pval         adjp      odds       exp obs size
1        ARPR_socexcl 7.755932e-06 0.0005894509 106.00000 0.1956522   4    9
2                ARPR 4.610772e-04 0.0081871949  44.00000 0.1956522   3    9
3    emp_Y25-64_ED0-2 1.121483e-03 0.0081871949  20.50000 0.6086957   4   28
4        earn_OC5_B-F 1.121483e-03 0.0081871949  20.50000 0.6086957   4   28
5        earn_OC8_P-S 1.121483e-03 0.0081871949  20.50000 0.6086957   4   28
6        earn_OC3_B-F 1.292715e-03 0.0081871949  19.60000 0.6304348   4   29
7        earn_OC3_G-N 1.292715e-03 0.0081871949  19.60000 0.6304348   4   29
8        earn_OC4_G-N 1.292715e-03 0.0081871949  19.60000 0.6304348   4   29
9        earn_OC5_G-N 1.292715e-03 0.0081871949  19.60000 0.6304348   4   29
10       earn_OC9_G-N 1.292715e-03 0.0081871949  19.60000 0.6304348   4   29
11       earn_OC2_P-S 1.292715e-03 0.0081871949  19.60000 0.6304348   4   29
12       earn_OC9_P-S 1.292715e-03 0.0081871949  19.60000 0.6304348   4   29
13       earn_OC8_G-N 2.171110e-03 0.0126926423  16.62069 0.7173913   4   33
14 emp_Y15-24_NaceR-U 2.374086e-03 0.0128878950  21.50000 0.3260870   3   15
15 emp_Y15-24_NaceM_N 3.488079e-03 0.0176729345  18.28571 0.3695652   3   17
16   emp_Y15-24_ED0-2 9.774082e-03 0.0464268908  11.85714 0.5217391   3   24
17           low_work 1.328359e-02 0.0593854788  18.78571 0.1956522   2    9
18   emp_Y25-64_NaceL 4.634881e-02 0.1956949627   8.50000 0.3695652   2   17
