Sets to variables test for under-representation
76 variables tested, 17 have p < 0.05 
Selected set size: 8 
    Universe size: 276 
                 vars       pval      adjp odds      exp obs size
1          pop_Y25-64 0.03704490 0.1875505    0 2.666667   0   92
2          pop_Y65-74 0.03704490 0.1875505    0 2.666667   0   92
3           pop_YGE75 0.03704490 0.1875505    0 2.666667   0   92
4    emp_Y25-64_ED3-4 0.03704490 0.1875505    0 2.666667   0   92
5    emp_Y25-64_ED5-8 0.03704490 0.1875505    0 2.666667   0   92
6              emp_FT 0.03704490 0.1875505    0 2.666667   0   92
7          emp_Y15-24 0.03704490 0.1875505    0 2.666667   0   92
8          emp_Y25-64 0.03704490 0.1875505    0 2.666667   0   92
9  emp_Y25-64_NaceG-I 0.03704490 0.1875505    0 2.666667   0   92
10 emp_Y25-64_NaceO-Q 0.03704490 0.1875505    0 2.666667   0   92
11        unemp_YGE25 0.03704490 0.1875505    0 2.666667   0   92
12 emp_Y25-64_NaceB-E 0.03871925 0.1875505    0 2.637681   0   91
13   emp_Y25-64_NaceF 0.03871925 0.1875505    0 2.637681   0   91
14 emp_Y25-64_NaceM_N 0.03871925 0.1875505    0 2.637681   0   91
15        disp_income 0.03871925 0.1875505    0 2.637681   0   91
16   emp_Y15-24_ED3-4 0.04045944 0.1875505    0 2.608696   0   90
17 emp_Y15-24_NaceG-I 0.04414625 0.1875505    0 2.550725   0   88
