Sets to variables test for over-representation
76 variables tested, 18 have p < 0.05 
Selected set size: 5 
    Universe size: 276 
                 vars         pval        adjp      odds       exp obs size
1  emp_Y15-24_NaceM_N 6.610243e-05 0.005023785       Inf 0.7608696   5   42
2    emp_Y15-24_ED5-8 1.646414e-04 0.006225606       Inf 0.9057971   5   50
3  emp_Y15-24_NaceO-Q 2.457476e-04 0.006225606       Inf 0.9782609   5   54
4        expend_ED5-8 3.560602e-04 0.006765144       Inf 1.0507246   5   58
5          pop_Y15-24 8.733055e-04 0.013274244       Inf 1.2500000   5   69
6        earn_OC2_B-F 2.120248e-03 0.018232068       Inf 1.4855072   5   82
7        earn_OC7_P-S 2.120248e-03 0.018232068       Inf 1.4855072   5   82
8        earn_OC7_G-N 2.256161e-03 0.018232068       Inf 1.5036232   5   83
9    emp_Y15-24_NaceF 2.309214e-03 0.018232068 23.794872 0.7789855   4   43
10       earn_OC8_G-N 2.398956e-03 0.018232068       Inf 1.5217391   5   84
11               ARPR 3.467153e-03 0.023954877 21.083333 0.3804348   3   21
12          pop_Y0-14 1.477902e-02 0.080228947 12.676923 1.2500000   4   69
13   emp_Y25-64_ED5-8 1.477902e-02 0.080228947 12.676923 1.2500000   4   69
14 emp_Y25-64_NaceO-Q 1.477902e-02 0.080228947 12.676923 1.2500000   4   69
15   emp_Y25-64_NaceL 2.468305e-02 0.125060769  9.197368 0.7427536   3   41
16   emp_Y15-24_NaceA 3.579911e-02 0.170045775 10.625000 0.3260870   2   18
17           low_work 4.803481e-02 0.202813650  8.842105 0.3804348   2   21
18       ARPR_socexcl 4.803481e-02 0.202813650  8.842105 0.3804348   2   21
