Sets to variables test for under-representation
48 variables tested, 21 have p < 0.05 
Selected set size: 23 
    Universe size: 276 
                 vars         pval        adjp      odds      exp obs size
1         disp_income 0.0008579991 0.004633195 0.0000000 5.833333   0   70
2           pop_Total 0.0009652489 0.004633195 0.0000000 5.750000   0   69
3          pop_Y65-74 0.0009652489 0.004633195 0.0000000 5.750000   0   69
4           pop_YGE75 0.0009652489 0.004633195 0.0000000 5.750000   0   69
5    emp_Y25-64_ED3-4 0.0009652489 0.004633195 0.0000000 5.750000   0   69
6              emp_TF 0.0009652489 0.004633195 0.0000000 5.750000   0   69
7              emp_TP 0.0009652489 0.004633195 0.0000000 5.750000   0   69
8          emp_Y15-24 0.0009652489 0.004633195 0.0000000 5.750000   0   69
9          emp_Y25-64 0.0009652489 0.004633195 0.0000000 5.750000   0   69
10                GDP 0.0009652489 0.004633195 0.0000000 5.750000   0   69
11 emp_Y25-64_NaceB-E 0.0010852529 0.004735649 0.0000000 5.666667   0   68
12   emp_Y25-64_NaceK 0.0017240134 0.006896053 0.0000000 5.333333   0   64
13 emp_Y15-24_NaceB-E 0.0042345288 0.015635183 0.0000000 4.666667   0   56
14 emp_Y15-24_NaceO-Q 0.0052726880 0.018077788 0.0000000 4.500000   0   54
15         pop_Y15-24 0.0092455195 0.026104996 0.1236631 5.750000   1   69
16         pop_Y25-64 0.0092455195 0.026104996 0.1236631 5.750000   1   69
17 emp_Y25-64_NaceO-Q 0.0092455195 0.026104996 0.1236631 5.750000   1   69
18   emp_Y15-24_ED0-2 0.0220182962 0.058715457 0.1494607 5.000000   1   60
19 emp_Y25-64_NaceM_N 0.0425446722 0.102107213 0.2643923 5.750000   2   69
20 emp_Y25-64_NaceR-U 0.0425446722 0.102107213 0.2643923 5.750000   2   69
21   emp_Y15-24_ED3-4 0.0461757585 0.105544591 0.2698413 5.666667   2   68
