Sets to variables test for over-representation
76 variables tested, 16 have p < 0.05 
Selected set size: 10 
    Universe size: 276 
                 vars         pval         adjp      odds       exp obs size
1        earn_OC9_B-F 8.705777e-08 1.991668e-06       Inf 2.1014493  10   58
2        earn_OC5_G-N 8.705777e-08 1.991668e-06       Inf 2.1014493  10   58
3            training 1.048247e-07 1.991668e-06       Inf 2.1376812  10   59
4        earn_OC8_G-N 1.048247e-07 1.991668e-06       Inf 2.1376812  10   59
5        earn_OC7_P-S 6.618734e-07 9.758111e-06       Inf 2.5362319  10   70
6        earn_OC5_P-S 7.703772e-07 9.758111e-06       Inf 2.5724638  10   71
7            rooms_pp 1.561230e-06 1.695050e-05 34.176471 0.8695652   7   24
8          pop_Y65-74 2.840200e-06 2.698190e-05 41.936170 2.0289855   9   56
9        earn_OC5_B-F 3.276015e-05 2.766413e-04 20.181818 1.8840580   8   52
10       earn_OC7_G-N 3.175783e-04 2.413595e-03 13.442623 2.5000000   8   69
11       expend_ED5-8 6.751798e-04 4.664879e-03 11.647059 2.7536232   8   76
12 emp_Y25-64_NaceO-Q 7.372833e-04 4.669461e-03 10.333333 2.0289855   7   56
13       earn_OC6_G-N 8.778025e-04 5.131769e-03 10.235294 1.4492754   6   40
14       earn_OC9_P-S 1.211672e-03 6.577649e-03 10.378378 2.9710145   8   82
15       earn_OC9_G-N 4.348675e-03 2.203329e-02  6.989362 1.9202899   6   53
16         emp_Y25-64 3.202778e-02 1.521320e-01  4.215686 2.0289855   5   56
