Sets to variables test for under-representation
76 variables tested, 20 have p < 0.05 
Selected set size: 8 
    Universe size: 276 
                 vars       pval      adjp odds      exp obs size
1        earn_OC9_P-S 0.02239912 0.1817757    0 2.985507   0  103
2        earn_OC1_G-N 0.02826537 0.1817757    0 2.840580   0   98
3          pop_Y25-64 0.03704490 0.1817757    0 2.666667   0   92
4    emp_Y25-64_ED0-2 0.03704490 0.1817757    0 2.666667   0   92
5    emp_Y25-64_ED3-4 0.03704490 0.1817757    0 2.666667   0   92
6              emp_FT 0.03704490 0.1817757    0 2.666667   0   92
7              emp_PT 0.03704490 0.1817757    0 2.666667   0   92
8          emp_Y15-24 0.03704490 0.1817757    0 2.666667   0   92
9          emp_Y25-64 0.03704490 0.1817757    0 2.666667   0   92
10 emp_Y25-64_NaceG-I 0.03704490 0.1817757    0 2.666667   0   92
11 emp_Y25-64_NaceB-E 0.03871925 0.1817757    0 2.637681   0   91
12       earn_OC3_B-F 0.03871925 0.1817757    0 2.637681   0   91
13       earn_OC4_G-N 0.03871925 0.1817757    0 2.637681   0   91
14       earn_OC1_P-S 0.03871925 0.1817757    0 2.637681   0   91
15       earn_OC2_P-S 0.03871925 0.1817757    0 2.637681   0   91
16   emp_Y15-24_ED3-4 0.04045944 0.1817757    0 2.608696   0   90
17       earn_OC1_B-F 0.04226768 0.1817757    0 2.579710   0   89
18 emp_Y15-24_NaceG-I 0.04414625 0.1817757    0 2.550725   0   88
19       earn_OC4_P-S 0.04609746 0.1817757    0 2.521739   0   87
20       unemp_Y15-24 0.04812372 0.1817757    0 2.492754   0   86
