Sets to variables test for under-representation
76 variables tested, 20 have p < 0.05 
Selected set size: 7 
    Universe size: 276 
           vars       pval      adjp odds      exp obs size
1  earn_OC8_G-N 0.01442026 0.1140271    0 3.144928   0  124
2  earn_OC4_B-F 0.01583124 0.1140271    0 3.094203   0  122
3  earn_OC9_B-F 0.01583124 0.1140271    0 3.094203   0  122
4  earn_OC3_G-N 0.01583124 0.1140271    0 3.094203   0  122
5  earn_OC4_G-N 0.01583124 0.1140271    0 3.094203   0  122
6  earn_OC9_P-S 0.01583124 0.1140271    0 3.094203   0  122
7  earn_OC1_P-S 0.01658002 0.1140271    0 3.068841   0  121
8  earn_OC4_P-S 0.01658002 0.1140271    0 3.068841   0  121
9  earn_OC5_P-S 0.01658002 0.1140271    0 3.068841   0  121
10 earn_OC3_P-S 0.01735894 0.1140271    0 3.043478   0  120
11 earn_OC1_B-F 0.03629736 0.1140271    0 2.612319   0  103
12 earn_OC3_B-F 0.03629736 0.1140271    0 2.612319   0  103
13 earn_OC7_B-F 0.03629736 0.1140271    0 2.612319   0  103
14 earn_OC8_B-F 0.03629736 0.1140271    0 2.612319   0  103
15 earn_OC2_G-N 0.03629736 0.1140271    0 2.612319   0  103
16 earn_OC7_G-N 0.03629736 0.1140271    0 2.612319   0  103
17 earn_OC9_G-N 0.03629736 0.1140271    0 2.612319   0  103
18 earn_OC5_G-N 0.03781881 0.1140271    0 2.586957   0  102
19 earn_OC2_B-F 0.03939459 0.1140271    0 2.561594   0  101
20 earn_OC2_P-S 0.04627383 0.1140271    0 2.460145   0   97
