Sets to variables test for under-representation
76 variables tested, 15 have p < 0.05 
Selected set size: 16 
    Universe size: 276 
                 vars         pval        adjp      odds      exp obs size
1        earn_OC7_P-S 0.0002164925 0.008226717 0.0000000 6.376812   0  110
2        earn_OC8_P-S 0.0002164925 0.008226717 0.0000000 6.376812   0  110
3            training 0.0011064993 0.018420578 0.0000000 5.391304   0   93
4           pop_Y0-14 0.0012118801 0.018420578 0.0000000 5.333333   0   92
5         unemp_YGE25 0.0012118801 0.018420578 0.0000000 5.333333   0   92
6        unemp_Y15-24 0.0020696822 0.026215975 0.0000000 4.985507   0   86
7        expend_ED5-8 0.0048619902 0.052787322 0.0000000 4.405797   0   76
8    emp_Y15-24_ED5-8 0.0101040926 0.080361615 0.0000000 3.884058   0   67
9           pop_Total 0.0117674278 0.080361615 0.1238095 5.333333   1   92
10   emp_Y25-64_ED0-2 0.0117674278 0.080361615 0.1238095 5.333333   1   92
11   emp_Y25-64_ED5-8 0.0117674278 0.080361615 0.1238095 5.333333   1   92
12       earn_OC5_B-F 0.0126886761 0.080361615 0.1259259 5.275362   1   91
13   emp_Y25-64_NaceA 0.0227340367 0.132906676 0.1447154 4.811594   1   83
14   emp_Y25-64_NaceL 0.0255071196 0.138467220 0.0000000 3.188406   0   55
15 emp_Y15-24_NaceR-U 0.0427498049 0.216599012 0.0000000 2.782609   0   48
