Sets to variables test for under-representation
48 variables tested, 16 have p < 0.05 
Selected set size: 16 
    Universe size: 276 
                 vars       pval      adjp odds      exp obs size
1                 GDP 0.02193969 0.1177107    0 3.304348   0   57
2    emp_Y25-64_ED3-4 0.02366045 0.1177107    0 3.246377   0   56
3          pop_Y25-64 0.02550712 0.1177107    0 3.188406   0   55
4          pop_Y65-74 0.02550712 0.1177107    0 3.188406   0   55
5              emp_TP 0.02550712 0.1177107    0 3.188406   0   55
6          emp_Y15-24 0.02550712 0.1177107    0 3.188406   0   55
7          emp_Y25-64 0.02550712 0.1177107    0 3.188406   0   55
8  emp_Y25-64_NaceB-E 0.02550712 0.1177107    0 3.188406   0   55
9    emp_Y25-64_NaceF 0.02550712 0.1177107    0 3.188406   0   55
10        disp_income 0.02550712 0.1177107    0 3.188406   0   55
11   emp_Y15-24_ED3-4 0.02748826 0.1177107    0 3.130435   0   54
12 emp_Y15-24_NaceG-I 0.02961295 0.1177107    0 3.072464   0   53
13       unemp_Y15-24 0.03189087 0.1177107    0 3.014493   0   52
14          emp_YGE65 0.03433228 0.1177107    0 2.956522   0   51
15   emp_Y25-64_NaceA 0.03694807 0.1182338    0 2.898551   0   50
16   emp_Y15-24_ED0-2 0.04274980 0.1282494    0 2.782609   0   48
