Sets to variables test for over-representation
76 variables tested, 19 have p < 0.05 
Selected set size: 16 
    Universe size: 276 
               vars         pval         adjp     odds      exp obs size
1      earn_OC5_B-F 7.486541e-09 5.689771e-07      Inf 5.275362  16   91
2         pop_YGE75 3.124643e-03 1.101981e-01 4.861728 5.333333  11   92
3  emp_Y15-24_ED5-8 4.736421e-03 1.101981e-01 4.477833 3.884058   9   67
4      earn_OC6_G-N 6.405286e-03 1.101981e-01 4.189189 4.869565  10   84
5      earn_OC2_B-F 1.028427e-02 1.101981e-01 3.818565 5.159420  10   89
6      earn_OC2_G-N 1.028427e-02 1.101981e-01 3.818565 5.159420  10   89
7  emp_Y25-64_ED0-2 1.341245e-02 1.101981e-01 3.617886 5.333333  10   92
8       disp_income 1.461152e-02 1.101981e-01 3.554217 5.391304  10   93
9      earn_OC9_B-F 1.873529e-02 1.101981e-01 3.372093 5.565217  10   96
10     earn_OC5_G-N 1.873529e-02 1.101981e-01 3.372093 5.565217  10   96
11     earn_OC7_B-F 2.029965e-02 1.101981e-01 3.314176 5.623188  10   97
12     earn_OC3_G-N 2.029965e-02 1.101981e-01 3.314176 5.623188  10   97
13     earn_OC7_G-N 2.029965e-02 1.101981e-01 3.314176 5.623188  10   97
14     earn_OC9_G-N 2.029965e-02 1.101981e-01 3.314176 5.623188  10   97
15     earn_OC3_P-S 3.687508e-02 1.867409e-01 2.894737 6.086957  10  105
16        pop_Y0-14 4.493101e-02 1.867409e-01 2.741824 5.333333   9   92
17     earn_OC8_B-F 4.525609e-02 1.867409e-01 2.755102 6.260870  10  108
18         training 4.817953e-02 1.867409e-01 2.693878 5.391304   9   93
19     earn_OC5_P-S 4.834916e-02 1.867409e-01 2.710438 6.318841  10  109
