Sets to variables test for over-representation
76 variables tested, 15 have p < 0.05 
Selected set size: 10 
    Universe size: 276 
               vars         pval         adjp      odds      exp obs size
1      earn_OC2_G-N 5.322601e-09 4.045177e-07       Inf 1.630435  10   45
2      earn_OC3_B-F 6.551838e-08 9.126055e-07 73.551724 1.376812   9   38
3      earn_OC1_G-N 6.551838e-08 9.126055e-07 73.551724 1.376812   9   38
4      earn_OC3_G-N 7.204781e-08 9.126055e-07       Inf 2.065217  10   57
5      earn_OC3_P-S 7.204781e-08 9.126055e-07       Inf 2.065217  10   57
6      earn_OC4_P-S 7.204781e-08 9.126055e-07       Inf 2.065217  10   57
7      earn_OC2_B-F 2.224202e-07 1.878215e-06 61.411765 1.557971   9   43
8      earn_OC4_B-F 2.224202e-07 1.878215e-06 61.411765 1.557971   9   43
9      earn_OC6_B-F 2.224202e-07 1.878215e-06 61.411765 1.557971   9   43
10     earn_OC8_B-F 2.527223e-07 1.920690e-06       Inf 2.318841  10   64
11     earn_OC4_G-N 2.785495e-07 1.924524e-06 59.400000 1.594203   9   44
12     earn_OC1_B-F 4.654215e-06 2.947669e-05 38.880000 2.137681   9   59
13     earn_OC7_B-F 7.422590e-06 4.339360e-05 36.169811 2.246377   9   62
14 emp_Y25-64_ED3-4 1.171866e-02 6.361559e-02  6.722222 1.014493   4   28
15      disp_income 1.908394e-02 9.669196e-02  5.666667 1.159420   4   32
