Sets to variables test for over-representation
76 variables tested, 20 have p < 0.05 
Selected set size: 20 
    Universe size: 276 
                 vars         pval         adjp      odds       exp obs size
1        expend_ED5-8 8.159177e-13 6.200975e-11       Inf 5.5072464  20   76
2          pop_Y15-24 3.213029e-09 1.220951e-07 47.630137 6.6666667  19   92
3  emp_Y15-24_NaceG-I 3.309994e-08 8.385318e-07 23.914286 6.3768116  18   88
4    emp_Y15-24_ED5-8 6.891431e-08 1.066014e-06 16.078431 4.8550725  16   67
5  emp_Y15-24_NaceR-U 7.013248e-08 1.066014e-06 15.235294 3.4782609  14   48
6            training 9.480005e-08 1.171212e-06 21.720000 6.7391304  18   93
7        earn_OC7_P-S 1.232855e-07 1.171212e-06 34.450549 7.9710145  19  110
8        earn_OC8_P-S 1.232855e-07 1.171212e-06 34.450549 7.9710145  19  110
9  emp_Y25-64_NaceO-Q 1.154905e-06 9.752534e-06 13.675556 6.6666667  17   92
10          emp_YGE65 3.454635e-06 2.625522e-05 10.840580 6.1594203  16   85
11          pop_Y0-14 1.206283e-05 8.334319e-05  9.473684 6.6666667  16   92
12   emp_Y15-24_ED3-4 4.274500e-04 2.707183e-03  5.526316 6.5217391  14   90
13             emp_PT 2.671372e-03 1.450174e-02  4.160940 6.6666667  13   92
14         emp_Y15-24 2.671372e-03 1.450174e-02  4.160940 6.6666667  13   92
15   emp_Y15-24_NaceK 6.885581e-03 3.488694e-02  7.750000 0.8695652   4   12
16   emp_Y25-64_ED5-8 1.025596e-02 4.871580e-02  3.300000 6.6666667  12   92
17   emp_Y25-64_NaceL 2.641798e-02 1.181039e-01  2.964539 3.9855072   8   55
18 emp_Y15-24_NaceM_N 2.942178e-02 1.184086e-01  2.888889 4.0579710   8   56
19   emp_Y25-64_NaceF 2.960215e-02 1.184086e-01  2.688889 6.5942029  11   91
20 emp_Y15-24_NaceO-Q 4.602313e-02 1.748879e-01  2.506494 5.2173913   9   72
