Sets to variables test for over-representation
76 variables tested, 17 have p < 0.05 
Selected set size: 5 
    Universe size: 276 
           vars         pval        adjp     odds       exp obs size
1  earn_OC5_B-F 0.0002955396 0.005169999 45.27273 0.4710145   4   26
2  earn_OC7_P-S 0.0002955396 0.005169999 45.27273 0.4710145   4   26
3  earn_OC8_P-S 0.0002955396 0.005169999 45.27273 0.4710145   4   26
4  earn_OC9_P-S 0.0003458468 0.005169999 43.13043 0.4891304   4   27
5  earn_OC9_B-F 0.0004650930 0.005169999 39.36000 0.5253623   4   29
6  earn_OC5_G-N 0.0006122368 0.005169999 36.14815 0.5615942   4   31
7  earn_OC7_G-N 0.0006122368 0.005169999 36.14815 0.5615942   4   31
8  earn_OC8_G-N 0.0006122368 0.005169999 36.14815 0.5615942   4   31
9  earn_OC5_P-S 0.0006122368 0.005169999 36.14815 0.5615942   4   31
10 earn_OC1_P-S 0.0006974637 0.005300724 34.71429 0.5797101   4   32
11 earn_OC2_P-S 0.0010057857 0.006949065 30.96774 0.6340580   4   35
12 earn_OC9_G-N 0.0052972258 0.033549097 18.12245 0.9601449   4   53
13 earn_OC3_G-N 0.0070475364 0.035707518 16.45283 1.0326087   4   57
14 earn_OC3_P-S 0.0070475364 0.035707518 16.45283 1.0326087   4   57
15 earn_OC4_P-S 0.0070475364 0.035707518 16.45283 1.0326087   4   57
16 earn_OC7_B-F 0.0097793502 0.046451913 14.68966 1.1231884   4   62
17 earn_OC8_B-F 0.0110595175 0.049442549 14.06667 1.1594203   4   64
