Sets to variables test for over-representation
76 variables tested, 17 have p < 0.05 
Selected set size: 11 
    Universe size: 276 
                 vars         pval         adjp      odds      exp obs size
1    emp_Y15-24_ED3-4 6.604416e-09 5.019356e-07       Inf 2.152174  11   54
2  emp_Y15-24_NaceG-I 3.052708e-07 1.001038e-05 51.627907 2.112319  10   53
3        expend_ED5-8 3.951465e-07 1.001038e-05       Inf 3.028986  11   76
4        earn_OC8_P-S 5.366915e-07 1.019714e-05       Inf 3.108696  11   78
5           emp_YGE65 5.491250e-06 8.346700e-05 23.892857 2.032609   9   51
6          emp_Y15-24 1.111901e-05 1.248559e-04 21.423913 2.192029   9   55
7    emp_Y15-24_ED5-8 1.201379e-05 1.248559e-04 19.416667 1.594203   8   40
8          pop_Y65-74 1.314272e-05 1.248559e-04 20.872340 2.231884   9   56
9    emp_Y25-64_NaceF 1.601990e-04 1.352791e-03 12.368794 2.192029   8   55
10             emp_PT 1.847083e-04 1.403783e-03 12.055556 2.231884   8   56
11 emp_Y15-24_NaceR-U 2.581245e-04 1.783406e-03 12.626087 1.155797   6   29
12   emp_Y25-64_ED5-8 1.089472e-02 6.369219e-02  5.160000 2.231884   6   56
13         emp_Y25-64 1.089472e-02 6.369219e-02  5.160000 2.231884   6   56
14   emp_Y25-64_NaceL 3.064804e-02 1.663751e-01  4.650246 1.315217   4   33
15   emp_Y15-24_NaceF 3.397419e-02 1.721359e-01  4.476190 1.355072   4   34
16   emp_Y25-64_NaceK 3.676322e-02 1.746253e-01  3.865248 2.072464   5   52
17 emp_Y25-64_NaceM_N 4.617939e-02 2.064490e-01  3.583333 2.192029   5   55
