Sets to variables test for over-representation
76 variables tested, 15 have p < 0.05 
Selected set size: 13 
    Universe size: 276 
                 vars         pval         adjp      odds      exp obs size
1          emp_Y15-24 5.172995e-09 3.931476e-07 45.370370 1.318841  10   28
2              emp_FT 1.686344e-07 4.272073e-06 28.894737 1.318841   9   28
3          emp_Y25-64 1.686344e-07 4.272073e-06 28.894737 1.318841   9   28
4  emp_Y25-64_NaceG-I 3.758248e-06 7.140671e-05 19.440000 1.318841   8   28
5           pop_Total 6.683495e-04 8.465761e-03  9.389610 1.318841   6   28
6    emp_Y25-64_ED5-8 6.683495e-04 8.465761e-03  9.389610 1.318841   6   28
7  emp_Y15-24_NaceG-I 4.601009e-03 4.995381e-02  6.846591 1.271739   5   27
8  emp_Y25-64_NaceB-E 5.455935e-03 5.183138e-02  6.521739 1.318841   5   28
9        expend_ED5-8 1.692141e-02 1.428919e-01  4.677419 1.695652   5   36
10   emp_Y25-64_NaceJ 2.153424e-02 1.624051e-01  5.121693 1.177536   4   25
11   emp_Y15-24_ED3-4 2.825396e-02 1.624051e-01  4.637681 1.271739   4   27
12          pop_Y0-14 3.205363e-02 1.624051e-01  4.425926 1.318841   4   28
13         pop_Y65-74 3.205363e-02 1.624051e-01  4.425926 1.318841   4   28
14          pop_YGE75 3.205363e-02 1.624051e-01  4.425926 1.318841   4   28
15   emp_Y25-64_ED3-4 3.205363e-02 1.624051e-01  4.425926 1.318841   4   28
