Sets to variables test for over-representation
48 variables tested, 15 have p < 0.05 
Selected set size: 13 
    Universe size: 276 
                 vars         pval         adjp      odds      exp obs size
1          emp_Y25-64 2.232625e-10 1.071660e-08       Inf 2.590580  13   55
2            training 1.514031e-08 3.070430e-07 61.395349 2.590580  12   55
3                 GDP 1.919019e-08 3.070430e-07 59.727273 2.637681  12   56
4           pop_Total 4.626518e-07 3.701215e-06 27.375000 2.590580  11   55
5              emp_TP 4.626518e-07 3.701215e-06 27.375000 2.590580  11   55
6          emp_Y15-24 4.626518e-07 3.701215e-06 27.375000 2.590580  11   55
7              emp_TF 8.448246e-06 5.793083e-05 16.148148 2.590580  10   55
8    emp_Y25-64_NaceK 6.253653e-05 3.752192e-04 11.511628 2.449275   9   52
9  emp_Y25-64_NaceM_N 1.030602e-04 5.496543e-04 10.614130 2.590580   9   55
10        disp_income 1.644969e-04 7.895852e-04  9.826531 2.731884   9   58
11 emp_Y25-64_NaceB-E 8.893457e-04 3.557383e-03  7.353191 2.590580   8   55
12   emp_Y25-64_NaceF 8.893457e-04 3.557383e-03  7.353191 2.590580   8   55
13   emp_Y25-64_NaceJ 1.479497e-02 5.462757e-02  4.385382 2.307971   6   49
14 emp_Y25-64_NaceR-U 2.630723e-02 9.019621e-02  3.743440 2.590580   6   55
15 emp_Y25-64_NaceO-Q 2.871257e-02 9.188022e-02  3.651429 2.637681   6   56
