Sets to variables test for under-representation
48 variables tested, 18 have p < 0.05 
Selected set size: 23 
    Universe size: 276 
                 vars        pval       adjp      odds      exp obs size
1            training 0.003035559 0.02812100 0.0000000 4.916667   0   59
2    emp_Y25-64_ED0-2 0.004234529 0.02812100 0.0000000 4.666667   0   56
3  emp_Y25-64_NaceO-Q 0.004234529 0.02812100 0.0000000 4.666667   0   56
4           pop_Y0-14 0.004726419 0.02812100 0.0000000 4.583333   0   55
5          pop_Y15-24 0.004726419 0.02812100 0.0000000 4.583333   0   55
6          pop_Y25-64 0.004726419 0.02812100 0.0000000 4.583333   0   55
7  emp_Y25-64_NaceR-U 0.004726419 0.02812100 0.0000000 4.583333   0   55
8         unemp_YGE25 0.004726419 0.02812100 0.0000000 4.583333   0   55
9    emp_Y15-24_ED3-4 0.005272688 0.02812100 0.0000000 4.500000   0   54
10 emp_Y15-24_NaceG-I 0.005879047 0.02821943 0.0000000 4.416667   0   53
11       unemp_Y15-24 0.006551774 0.02858956 0.0000000 4.333333   0   52
12   emp_Y25-64_NaceA 0.008124609 0.03249843 0.0000000 4.166667   0   50
13   emp_Y25-64_ED5-8 0.031780353 0.10896121 0.1636364 4.666667   1   56
14 emp_Y25-64_NaceG-I 0.031780353 0.10896121 0.1636364 4.666667   1   56
15 emp_Y25-64_NaceM_N 0.034771240 0.11126797 0.1675084 4.583333   1   55
16   emp_Y25-64_NaceK 0.045343465 0.13191105 0.1800357 4.333333   1   52
17   emp_Y25-64_NaceL 0.046839665 0.13191105 0.0000000 2.750000   0   33
18          emp_YGE65 0.049466644 0.13191105 0.1845455 4.250000   1   51
