Sets to variables test for under-representation
48 variables tested, 20 have p < 0.05 
Selected set size: 12 
    Universe size: 276 
                 vars       pval      adjp odds      exp obs size
1         disp_income 0.02748002 0.1061386    0 3.043478   0   70
2           pop_Y0-14 0.02917110 0.1061386    0 3.000000   0   69
3          pop_Y65-74 0.02917110 0.1061386    0 3.000000   0   69
4    emp_Y25-64_ED3-4 0.02917110 0.1061386    0 3.000000   0   69
5    emp_Y25-64_ED5-8 0.02917110 0.1061386    0 3.000000   0   69
6              emp_TF 0.02917110 0.1061386    0 3.000000   0   69
7              emp_TP 0.02917110 0.1061386    0 3.000000   0   69
8          emp_Y15-24 0.02917110 0.1061386    0 3.000000   0   69
9          emp_Y25-64 0.02917110 0.1061386    0 3.000000   0   69
10 emp_Y25-64_NaceO-Q 0.02917110 0.1061386    0 3.000000   0   69
11        unemp_YGE25 0.02917110 0.1061386    0 3.000000   0   69
12                GDP 0.02917110 0.1061386    0 3.000000   0   69
13           training 0.02917110 0.1061386    0 3.000000   0   69
14 emp_Y25-64_NaceB-E 0.03095709 0.1061386    0 2.956522   0   68
15 emp_Y15-24_NaceG-I 0.03483327 0.1105406    0 2.869565   0   66
16       unemp_Y15-24 0.03693377 0.1105406    0 2.826087   0   65
17          emp_YGE65 0.03914980 0.1105406    0 2.782609   0   64
18   emp_Y25-64_NaceA 0.04148710 0.1106323    0 2.739130   0   63
19   emp_Y25-64_NaceJ 0.04654981 0.1175995    0 2.652174   0   61
20   emp_Y15-24_ED0-2 0.04928803 0.1182913    0 2.608696   0   60
