Sets to variables test for over-representation
76 variables tested, 25 have p < 0.05 
Selected set size: 6 
    Universe size: 276 
                 vars         pval         adjp      odds        exp obs size
1        earn_OC5_B-F 3.502559e-05 0.0007364271       Inf 1.13043478   6   52
2  emp_Y25-64_NaceM_N 4.987497e-05 0.0007364271       Inf 1.19565217   6   55
3    emp_Y25-64_ED5-8 5.585997e-05 0.0007364271       Inf 1.21739130   6   56
4          emp_Y25-64 5.585997e-05 0.0007364271       Inf 1.21739130   6   56
5        earn_OC9_B-F 6.963539e-05 0.0007364271       Inf 1.26086957   6   58
6        earn_OC5_G-N 6.963539e-05 0.0007364271       Inf 1.26086957   6   58
7            training 7.751864e-05 0.0007364271       Inf 1.28260870   6   59
8        earn_OC8_G-N 7.751864e-05 0.0007364271       Inf 1.28260870   6   59
9    emp_Y25-64_NaceL 1.011278e-04 0.0008539680 43.214286 0.71739130   5   33
10       earn_OC7_G-N 2.062419e-04 0.0015585325       Inf 1.50000000   6   69
11       earn_OC7_P-S 2.255771e-04 0.0015585325       Inf 1.52173913   6   70
12       earn_OC5_P-S 2.463996e-04 0.0015605306       Inf 1.54347826   6   71
13       earn_OC6_G-N 2.737705e-04 0.0016005045 33.571429 0.86956522   5   40
14       earn_OC9_P-S 6.024321e-04 0.0032703456       Inf 1.78260870   6   82
15       earn_OC9_G-N 1.140474e-03 0.0057784034 23.125000 1.15217391   5   53
16 emp_Y25-64_NaceO-Q 1.501647e-03 0.0071328251 21.470588 1.21739130   5   56
17 emp_Y15-24_NaceM_N 2.444836e-03 0.0105058081 16.000000 0.73913043   4   34
18       earn_OC7_B-F 2.488218e-03 0.0105058081 18.684211 1.34782609   5   62
19       earn_OC6_P-S 2.692642e-03 0.0107705679 18.275862 1.36956522   5   63
20       earn_OC8_B-F 2.909901e-03 0.0110576228 17.881356 1.39130435   5   64
21       expend_ED5-8 6.733088e-03 0.0243673667 14.014085 1.65217391   5   76
22       earn_OC8_P-S 7.633326e-03 0.0263696716 13.493151 1.69565217   5   78
23   emp_Y25-64_NaceJ 1.011907e-02 0.0334369225 10.000000 1.06521739   4   49
24 emp_Y15-24_NaceR-U 1.689021e-02 0.0534856533  9.384615 0.63043478   3   29
25   emp_Y15-24_NaceL 4.308300e-02 0.1309723320 53.800000 0.04347826   1    2
