Sets to variables test for under-representation
76 variables tested, 23 have p < 0.05 
Selected set size: 9 
    Universe size: 276 
           vars       pval      adjp odds      exp obs size
1  earn_OC1_B-F 0.01379050 0.1437141    0 3.358696   0  103
2  earn_OC8_B-F 0.01379050 0.1437141    0 3.358696   0  103
3  earn_OC9_G-N 0.01379050 0.1437141    0 3.358696   0  103
4  earn_OC5_G-N 0.01454271 0.1437141    0 3.326087   0  102
5  earn_OC1_G-N 0.02313804 0.1437141    0 3.032609   0   93
6  earn_OC8_G-N 0.03598388 0.1437141    0 2.739130   0   84
7  earn_OC7_G-N 0.03774396 0.1437141    0 2.706522   0   83
8  earn_OC2_B-F 0.03958015 0.1437141    0 2.673913   0   82
9  earn_OC3_B-F 0.03958015 0.1437141    0 2.673913   0   82
10 earn_OC4_B-F 0.03958015 0.1437141    0 2.673913   0   82
11 earn_OC7_B-F 0.03958015 0.1437141    0 2.673913   0   82
12 earn_OC9_B-F 0.03958015 0.1437141    0 2.673913   0   82
13 earn_OC2_G-N 0.03958015 0.1437141    0 2.673913   0   82
14 earn_OC3_G-N 0.03958015 0.1437141    0 2.673913   0   82
15 earn_OC4_G-N 0.03958015 0.1437141    0 2.673913   0   82
16 earn_OC7_P-S 0.03958015 0.1437141    0 2.673913   0   82
17 earn_OC1_P-S 0.04149532 0.1437141    0 2.641304   0   81
18 earn_OC4_P-S 0.04149532 0.1437141    0 2.641304   0   81
19 earn_OC5_P-S 0.04149532 0.1437141    0 2.641304   0   81
20 earn_OC9_P-S 0.04149532 0.1437141    0 2.641304   0   81
21 earn_OC5_B-F 0.04349242 0.1437141    0 2.608696   0   80
22 earn_OC3_P-S 0.04349242 0.1437141    0 2.608696   0   80
23 earn_OC8_P-S 0.04349242 0.1437141    0 2.608696   0   80
