Sets to variables test for under-representation
48 variables tested, 15 have p < 0.05 
Selected set size: 16 
    Universe size: 276 
                 vars       pval       adjp odds      exp obs size
1         disp_income 0.02033679 0.08745298    0 3.362319   0   58
2    emp_Y25-64_ED0-2 0.02366045 0.08745298    0 3.246377   0   56
3    emp_Y25-64_ED5-8 0.02366045 0.08745298    0 3.246377   0   56
4  emp_Y25-64_NaceO-Q 0.02366045 0.08745298    0 3.246377   0   56
5                 GDP 0.02366045 0.08745298    0 3.246377   0   56
6           pop_Total 0.02550712 0.08745298    0 3.188406   0   55
7           pop_Y0-14 0.02550712 0.08745298    0 3.188406   0   55
8           pop_YGE75 0.02550712 0.08745298    0 3.188406   0   55
9              emp_TP 0.02550712 0.08745298    0 3.188406   0   55
10         emp_Y15-24 0.02550712 0.08745298    0 3.188406   0   55
11         emp_Y25-64 0.02550712 0.08745298    0 3.188406   0   55
12 emp_Y25-64_NaceR-U 0.02550712 0.08745298    0 3.188406   0   55
13        unemp_YGE25 0.02550712 0.08745298    0 3.188406   0   55
14           training 0.02550712 0.08745298    0 3.188406   0   55
15       unemp_Y15-24 0.03189087 0.10205079    0 3.014493   0   52
