Sets to variables test for over-representation
76 variables tested, 19 have p < 0.05 
Selected set size: 3 
    Universe size: 276 
                 vars         pval        adjp     odds       exp obs size
1  emp_Y15-24_NaceR-U 0.0001312715 0.003727532      Inf 0.1630435   3   15
2    emp_Y15-24_NaceF 0.0001961859 0.003727532      Inf 0.1847826   3   17
3    emp_Y25-64_NaceL 0.0001961859 0.003727532      Inf 0.1847826   3   17
4  emp_Y15-24_NaceM_N 0.0001961859 0.003727532      Inf 0.1847826   3   17
5  emp_Y15-24_NaceO-Q 0.0004443034 0.005525519      Inf 0.2391304   3   22
6    emp_Y25-64_NaceJ 0.0006635700 0.005525519      Inf 0.2717391   3   25
7  emp_Y15-24_NaceG-I 0.0008438879 0.005525519      Inf 0.2934783   3   27
8    emp_Y25-64_ED5-8 0.0009451545 0.005525519      Inf 0.3043478   3   28
9              emp_FT 0.0009451545 0.005525519      Inf 0.3043478   3   28
10         emp_Y15-24 0.0009451545 0.005525519      Inf 0.3043478   3   28
11         emp_Y25-64 0.0009451545 0.005525519      Inf 0.3043478   3   28
12   emp_Y25-64_NaceF 0.0009451545 0.005525519      Inf 0.3043478   3   28
13 emp_Y25-64_NaceG-I 0.0009451545 0.005525519      Inf 0.3043478   3   28
14       expend_ED5-8 0.0020599521 0.011182597      Inf 0.3913043   3   36
15   emp_Y15-24_ED5-8 0.0143619630 0.072767279 28.33333 0.2173913   2   20
16 emp_Y15-24_NaceB-E 0.0189781022 0.090145985 24.00000 0.2500000   2   23
17   emp_Y25-64_NaceK 0.0241914544 0.108150031 20.75000 0.2826087   2   26
18   emp_Y15-24_ED3-4 0.0260592597 0.110027985 19.84000 0.2934783   2   27
19 emp_Y25-64_NaceO-Q 0.0279911139 0.111964456 19.00000 0.3043478   2   28
