Sets to variables test for over-representation
76 variables tested, 19 have p < 0.05 
Selected set size: 12 
    Universe size: 276 
                 vars         pval         adjp      odds      exp obs size
1    emp_Y25-64_NaceF 9.857270e-07 9.572505e-06       Inf 3.956522  12   91
2  emp_Y25-64_NaceM_N 9.857270e-07 9.572505e-06       Inf 3.956522  12   91
3  emp_Y25-64_NaceR-U 9.857270e-07 9.572505e-06       Inf 3.956522  12   91
4         disp_income 9.857270e-07 9.572505e-06       Inf 3.956522  12   91
5    emp_Y25-64_ED3-4 1.133586e-06 9.572505e-06       Inf 4.000000  12   92
6    emp_Y25-64_ED5-8 1.133586e-06 9.572505e-06       Inf 4.000000  12   92
7              emp_PT 1.133586e-06 9.572505e-06       Inf 4.000000  12   92
8          emp_Y25-64 1.133586e-06 9.572505e-06       Inf 4.000000  12   92
9            training 1.133586e-06 9.572505e-06       Inf 4.000000  12   92
10   emp_Y15-24_ED3-4 2.503313e-05 1.521629e-04 25.759494 3.913043  11   90
11 emp_Y25-64_NaceB-E 2.833965e-05 1.521629e-04 25.300000 3.956522  11   91
12          pop_Total 3.203430e-05 1.521629e-04 24.851852 4.000000  11   92
13             emp_FT 3.203430e-05 1.521629e-04 24.851852 4.000000  11   92
14         emp_Y15-24 3.203430e-05 1.521629e-04 24.851852 4.000000  11   92
15 emp_Y25-64_NaceO-Q 3.203430e-05 1.521629e-04 24.851852 4.000000  11   92
16                GDP 3.203430e-05 1.521629e-04 24.851852 4.000000  11   92
17   emp_Y25-64_NaceK 1.830218e-03 8.182153e-03  7.285714 3.739130   9   86
18         pop_Y15-24 3.183624e-03 1.344197e-02  6.542169 4.000000   9   92
19 emp_Y15-24_NaceG-I 4.912557e-02 1.965023e-01  3.162963 3.826087   7   88
