Sets to variables test for over-representation
76 variables tested, 23 have p < 0.05 
Selected set size: 5 
    Universe size: 276 
                 vars         pval        adjp      odds       exp obs size
1           emp_YGE65 0.0005924742 0.008480992       Inf 1.1594203   5   64
2        earn_OC6_P-S 0.0005924742 0.008480992       Inf 1.1594203   5   64
3    emp_Y15-24_ED3-4 0.0008100225 0.008480992       Inf 1.2318841   5   68
4          pop_Y15-24 0.0008733055 0.008480992       Inf 1.2500000   5   69
5    emp_Y25-64_ED3-4 0.0008733055 0.008480992       Inf 1.2500000   5   69
6        earn_OC5_B-F 0.0018680655 0.008480992       Inf 1.4492754   5   80
7        earn_OC3_P-S 0.0018680655 0.008480992       Inf 1.4492754   5   80
8        earn_OC8_P-S 0.0018680655 0.008480992       Inf 1.4492754   5   80
9        earn_OC1_P-S 0.0019909646 0.008480992       Inf 1.4673913   5   81
10       earn_OC4_P-S 0.0019909646 0.008480992       Inf 1.4673913   5   81
11       earn_OC5_P-S 0.0019909646 0.008480992       Inf 1.4673913   5   81
12       earn_OC9_P-S 0.0019909646 0.008480992       Inf 1.4673913   5   81
13       earn_OC3_B-F 0.0021202480 0.008480992       Inf 1.4855072   5   82
14       earn_OC4_B-F 0.0021202480 0.008480992       Inf 1.4855072   5   82
15       earn_OC7_B-F 0.0021202480 0.008480992       Inf 1.4855072   5   82
16       earn_OC9_B-F 0.0021202480 0.008480992       Inf 1.4855072   5   82
17       earn_OC2_G-N 0.0021202480 0.008480992       Inf 1.4855072   5   82
18       earn_OC3_G-N 0.0021202480 0.008480992       Inf 1.4855072   5   82
19       earn_OC4_G-N 0.0021202480 0.008480992       Inf 1.4855072   5   82
20 emp_Y15-24_NaceO-Q 0.0057013440 0.021665107 17.680000 0.9782609   4   54
21 emp_Y15-24_NaceB-E 0.0065758051 0.023798152 16.846154 1.0144928   4   56
22         emp_Y15-24 0.0147790166 0.051054785 12.676923 1.2500000   4   69
23       ARPR_socexcl 0.0480348119 0.158723726  8.842105 0.3804348   2   21
