Sets to variables test for under-representation
76 variables tested, 15 have p < 0.05 
Selected set size: 7 
    Universe size: 276 
           vars       pval      adjp odds      exp obs size
1  earn_OC4_B-F 0.01901130 0.1411962    0 2.992754   0  118
2  earn_OC8_G-N 0.01901130 0.1411962    0 2.992754   0  118
3  earn_OC7_P-S 0.02704129 0.1411962    0 2.789855   0  110
4  earn_OC8_P-S 0.02704129 0.1411962    0 2.789855   0  110
5  earn_OC5_P-S 0.02822435 0.1411962    0 2.764493   0  109
6  earn_OC8_B-F 0.02945149 0.1411962    0 2.739130   0  108
7  earn_OC3_P-S 0.03341124 0.1411962    0 2.663043   0  105
8  earn_OC9_P-S 0.03629736 0.1411962    0 2.612319   0  103
9  earn_OC1_G-N 0.04446424 0.1411962    0 2.485507   0   98
10 earn_OC7_B-F 0.04627383 0.1411962    0 2.460145   0   97
11 earn_OC3_G-N 0.04627383 0.1411962    0 2.460145   0   97
12 earn_OC7_G-N 0.04627383 0.1411962    0 2.460145   0   97
13 earn_OC9_G-N 0.04627383 0.1411962    0 2.460145   0   97
14 earn_OC9_B-F 0.04814618 0.1411962    0 2.434783   0   96
15 earn_OC5_G-N 0.04814618 0.1411962    0 2.434783   0   96
