Sets to variables test for over-representation
76 variables tested, 21 have p < 0.05 
Selected set size: 3 
    Universe size: 276 
                 vars        pval       adjp odds       exp obs size
1  emp_Y15-24_NaceR-U 0.001054211 0.03039035  Inf 0.3152174   3   29
2    emp_Y25-64_NaceL 0.001574103 0.03039035  Inf 0.3586957   3   33
3    emp_Y15-24_NaceF 0.001726436 0.03039035  Inf 0.3695652   3   34
4  emp_Y15-24_NaceM_N 0.001726436 0.03039035  Inf 0.3695652   3   34
5  emp_Y15-24_NaceO-Q 0.003560486 0.03039035  Inf 0.4673913   3   43
6  emp_Y15-24_NaceB-E 0.004093938 0.03039035  Inf 0.4891304   3   45
7    emp_Y25-64_NaceJ 0.005315484 0.03039035  Inf 0.5326087   3   49
8           emp_YGE65 0.006008194 0.03039035  Inf 0.5543478   3   51
9    emp_Y25-64_NaceK 0.006376042 0.03039035  Inf 0.5652174   3   52
10 emp_Y15-24_NaceG-I 0.006758605 0.03039035  Inf 0.5760870   3   53
11   emp_Y15-24_ED3-4 0.007156170 0.03039035  Inf 0.5869565   3   54
12         emp_Y15-24 0.007569026 0.03039035  Inf 0.5978261   3   55
13   emp_Y25-64_NaceF 0.007569026 0.03039035  Inf 0.5978261   3   55
14   emp_Y25-64_ED3-4 0.007997461 0.03039035  Inf 0.6086957   3   56
15   emp_Y25-64_ED5-8 0.007997461 0.03039035  Inf 0.6086957   3   56
16             emp_FT 0.007997461 0.03039035  Inf 0.6086957   3   56
17         emp_Y25-64 0.007997461 0.03039035  Inf 0.6086957   3   56
18 emp_Y25-64_NaceG-I 0.007997461 0.03039035  Inf 0.6086957   3   56
19 emp_Y25-64_NaceO-Q 0.007997461 0.03039035  Inf 0.6086957   3   56
20                GDP 0.007997461 0.03039035  Inf 0.6086957   3   56
21       expend_ED5-8 0.008902224 0.03221757  Inf 0.6304348   3   58
