Sets to variables test for over-representation
76 variables tested, 24 have p < 0.05 
Selected set size: 8 
    Universe size: 276 
                 vars         pval         adjp      odds      exp obs size
1    emp_Y25-64_NaceF 1.615117e-06 0.0001227489       Inf 1.594203   8   55
2        earn_OC6_B-F 1.015210e-05 0.0003857798 45.111111 1.246377   7   43
3        earn_OC2_B-F 5.353378e-05 0.0004618325 32.914894 1.565217   7   54
4        earn_OC3_B-F 5.353378e-05 0.0004618325 32.914894 1.565217   7   54
5        earn_OC4_B-F 5.353378e-05 0.0004618325 32.914894 1.565217   7   54
6        earn_OC1_G-N 6.110525e-05 0.0004618325 32.083333 1.594203   7   55
7        earn_OC4_G-N 6.110525e-05 0.0004618325 32.083333 1.594203   7   55
8           pop_YGE75 6.956539e-05 0.0004618325 31.285714 1.623188   7   56
9    emp_Y25-64_ED3-4 6.956539e-05 0.0004618325 31.285714 1.623188   7   56
10       earn_OC2_G-N 6.956539e-05 0.0004618325 31.285714 1.623188   7   56
11       earn_OC3_G-N 7.899767e-05 0.0004618325 30.520000 1.652174   7   57
12       earn_OC3_P-S 7.899767e-05 0.0004618325 30.520000 1.652174   7   57
13       earn_OC4_P-S 7.899767e-05 0.0004618325 30.520000 1.652174   7   57
14       earn_OC1_B-F 1.011425e-04 0.0005490590 29.076923 1.710145   7   59
15       earn_OC7_B-F 1.440930e-04 0.0007300714 27.109091 1.797101   7   62
16       earn_OC6_P-S 1.614625e-04 0.0007669468 26.500000 1.826087   7   63
17       earn_OC8_B-F 1.805702e-04 0.0008072549 25.912281 1.855072   7   64
18       earn_OC7_G-N 3.073439e-04 0.0012976741 23.258065 2.000000   7   69
19       earn_OC1_P-S 3.401018e-04 0.0013604071 22.777778 2.028986   7   70
20       earn_OC2_P-S 4.565854e-04 0.0017350246 21.424242 2.115942   7   73
21       earn_OC9_P-S 1.025636e-03 0.0037118250 18.013333 2.376812   7   82
22 emp_Y15-24_NaceO-Q 2.886152e-03 0.0099703444 10.087719 1.246377   5   43
23 emp_Y15-24_NaceB-E 3.587617e-03 0.0118547347  9.500000 1.304348   5   45
24         pop_Y65-74 9.977161e-03 0.0315943418  7.091503 1.623188   5   56
