Sets to variables test for under-representation
48 variables tested, 21 have p < 0.05 
Selected set size: 13 
    Universe size: 276 
                 vars       pval       adjp odds      exp obs size
1         disp_income 0.01891930 0.06489400    0 3.344203   0   71
2           pop_Total 0.02154684 0.06489400    0 3.250000   0   69
3          pop_Y15-24 0.02154684 0.06489400    0 3.250000   0   69
4          pop_Y25-64 0.02154684 0.06489400    0 3.250000   0   69
5    emp_Y25-64_ED3-4 0.02154684 0.06489400    0 3.250000   0   69
6    emp_Y25-64_ED5-8 0.02154684 0.06489400    0 3.250000   0   69
7              emp_TF 0.02154684 0.06489400    0 3.250000   0   69
8              emp_TP 0.02154684 0.06489400    0 3.250000   0   69
9          emp_Y15-24 0.02154684 0.06489400    0 3.250000   0   69
10         emp_Y25-64 0.02154684 0.06489400    0 3.250000   0   69
11 emp_Y25-64_NaceM_N 0.02154684 0.06489400    0 3.250000   0   69
12 emp_Y25-64_NaceO-Q 0.02154684 0.06489400    0 3.250000   0   69
13 emp_Y25-64_NaceR-U 0.02154684 0.06489400    0 3.250000   0   69
14                GDP 0.02154684 0.06489400    0 3.250000   0   69
15           training 0.02154684 0.06489400    0 3.250000   0   69
16 emp_Y25-64_NaceB-E 0.02298329 0.06489400    0 3.202899   0   68
17   emp_Y25-64_NaceF 0.02298329 0.06489400    0 3.202899   0   68
18          emp_YGE65 0.02965894 0.07492784    0 3.014493   0   64
19   emp_Y25-64_NaceK 0.02965894 0.07492784    0 3.014493   0   64
20   emp_Y25-64_NaceJ 0.03579398 0.08590555    0 2.873188   0   61
21 emp_Y15-24_NaceB-E 0.04867760 0.11126308    0 2.637681   0   56
