Sets to variables test for over-representation
76 variables tested, 19 have p < 0.05 
Selected set size: 10 
    Universe size: 276 
                 vars         pval         adjp      odds       exp obs size
1            training 5.673200e-07 1.463717e-05       Inf 2.5000000  10   69
2        earn_OC7_P-S 6.618734e-07 1.463717e-05       Inf 2.5362319  10   70
3        earn_OC8_G-N 7.703772e-07 1.463717e-05       Inf 2.5724638  10   71
4        earn_OC5_P-S 7.703772e-07 1.463717e-05       Inf 2.5724638  10   71
5            rooms_pp 1.561230e-06 2.373070e-05 34.176471 0.8695652   7   24
6        earn_OC6_G-N 4.606576e-06 5.834996e-05       Inf 3.0434783  10   84
7        earn_OC5_B-F 1.072282e-05 1.164192e-04       Inf 3.2971014  10   91
8        earn_OC9_B-F 1.881976e-05 1.449731e-04       Inf 3.4782609  10   96
9        earn_OC5_G-N 1.881976e-05 1.449731e-04       Inf 3.4782609  10   96
10         pop_Y65-74 2.013986e-05 1.449731e-04 30.900000 2.5000000   9   69
11       earn_OC9_G-N 2.098295e-05 1.449731e-04       Inf 3.5144928  10   97
12       earn_OC1_G-N 2.830927e-04 1.609063e-03 13.733333 2.4637681   8   68
13       earn_OC7_B-F 3.175783e-04 1.609063e-03 13.442623 2.5000000   8   69
14       earn_OC8_B-F 3.175783e-04 1.609063e-03 13.442623 2.5000000   8   69
15       earn_OC7_G-N 3.175783e-04 1.609063e-03 13.442623 2.5000000   8   69
16       earn_OC3_G-N 3.555867e-04 1.689037e-03 13.161290 2.5362319   8   70
17       expend_ED5-8 6.751798e-04 3.018451e-03 11.647059 2.7536232   8   76
18       earn_OC9_P-S 1.211672e-03 5.115949e-03 10.378378 2.9710145   8   82
19 emp_Y25-64_NaceO-Q 2.940154e-03 1.176062e-02  7.677419 2.5000000   7   69
