Sets to variables test for over-representation
76 variables tested, 23 have p < 0.05 
Selected set size: 16 
    Universe size: 276 
                 vars         pval         adjp       odds      exp obs size
1        earn_OC3_B-F 1.064765e-13 4.046109e-12 154.565217 2.202899  15   38
2        earn_OC1_G-N 1.064765e-13 4.046109e-12 154.565217 2.202899  15   38
3        earn_OC2_B-F 1.022462e-12 1.554142e-11 124.285714 2.492754  15   43
4        earn_OC4_B-F 1.022462e-12 1.554142e-11 124.285714 2.492754  15   43
5        earn_OC6_B-F 1.022462e-12 1.554142e-11 124.285714 2.492754  15   43
6        earn_OC4_G-N 1.545126e-12 1.957160e-11 119.482759 2.550725  15   44
7        earn_OC2_G-N 2.308396e-12 2.506259e-11 115.000000 2.608696  15   45
8        earn_OC1_B-F 3.153499e-12 2.995824e-11        Inf 3.420290  16   59
9        earn_OC3_G-N 1.405141e-10 9.708246e-10  77.857143 3.304348  15   57
10       earn_OC3_P-S 1.405141e-10 9.708246e-10  77.857143 3.304348  15   57
11       earn_OC4_P-S 1.405141e-10 9.708246e-10  77.857143 3.304348  15   57
12       earn_OC7_B-F 5.802287e-10 3.674781e-09  67.978723 3.594203  15   62
13       earn_OC8_B-F 9.860807e-10 5.764779e-09  64.591837 3.710145  15   64
14 emp_Y15-24_NaceB-E 2.960001e-07 1.606858e-06  22.591837 1.333333   9   23
15 emp_Y25-64_NaceB-E 2.206098e-06 1.117757e-05  16.308271 1.623188   9   28
16        disp_income 8.088953e-06 3.842253e-05  13.248447 1.855072   9   32
17   emp_Y25-64_ED3-4 3.049322e-05 1.363226e-04  12.000000 1.623188   8   28
18 emp_Y15-24_NaceO-Q 5.522422e-05 2.331689e-04  12.703704 1.275362   7   22
19             emp_PT 3.178545e-04 1.207847e-03   8.851852 1.623188   7   28
20         emp_Y25-64 3.178545e-04 1.207847e-03   8.851852 1.623188   7   28
21   emp_Y15-24_ED0-2 1.024212e-03 3.706671e-03   8.066667 1.391304   6   24
22   emp_Y15-24_ED3-4 2.034838e-03 7.029441e-03   6.828571 1.565217   6   27
23         emp_Y15-24 1.483726e-02 4.902745e-02   4.683794 1.623188   5   28
