Sets to variables test for over-representation
76 variables tested, 18 have p < 0.05 
Selected set size: 7 
    Universe size: 276 
                 vars         pval         adjp      odds       exp obs size
1         disp_income 1.501306e-07 1.140992e-05       Inf 0.8115942   7   32
2        earn_OC3_B-F 5.629136e-07 1.426048e-05       Inf 0.9637681   7   38
3        earn_OC1_G-N 5.629136e-07 1.426048e-05       Inf 0.9637681   7   38
4        earn_OC2_B-F 1.437324e-06 1.820610e-05       Inf 1.0905797   7   43
5        earn_OC4_B-F 1.437324e-06 1.820610e-05       Inf 1.0905797   7   43
6        earn_OC6_B-F 1.437324e-06 1.820610e-05       Inf 1.0905797   7   43
7        earn_OC4_G-N 1.709250e-06 1.855757e-05       Inf 1.1159420   7   44
8        earn_OC2_G-N 2.024112e-06 1.922906e-05       Inf 1.1413043   7   45
9        earn_OC3_G-N 1.179266e-05 8.147656e-05       Inf 1.4456522   7   57
10       earn_OC3_P-S 1.179266e-05 8.147656e-05       Inf 1.4456522   7   57
11       earn_OC4_P-S 1.179266e-05 8.147656e-05       Inf 1.4456522   7   57
12       earn_OC1_B-F 1.521662e-05 9.637194e-05       Inf 1.4963768   7   59
13       earn_OC7_B-F 2.193606e-05 1.282416e-04       Inf 1.5724638   7   62
14       earn_OC8_B-F 2.770871e-05 1.504187e-04       Inf 1.6231884   7   64
15          pop_Total 1.384835e-04 7.016500e-04 26.739130 0.7101449   5   28
16                GDP 1.662295e-04 7.895901e-04 25.520833 0.7355072   5   29
17 emp_Y15-24_NaceO-Q 1.255275e-02 5.611818e-02  9.868421 0.5579710   3   22
18 emp_Y25-64_NaceM_N 2.491007e-02 1.051758e-01  7.320000 0.7101449   3   28
