Sets to variables test for over-representation
76 variables tested, 23 have p < 0.05 
Selected set size: 6 
    Universe size: 276 
                 vars         pval         adjp      odds        exp obs size
1            training 6.481582e-07 1.925425e-05       Inf 0.60869565   6   28
2        earn_OC9_B-F 8.172430e-07 1.925425e-05       Inf 0.63043478   6   29
3        earn_OC5_G-N 1.266727e-06 1.925425e-05       Inf 0.67391304   6   31
4        earn_OC7_G-N 1.266727e-06 1.925425e-05       Inf 0.67391304   6   31
5        earn_OC8_G-N 1.266727e-06 1.925425e-05       Inf 0.67391304   6   31
6        earn_OC6_P-S 2.324783e-05 2.422603e-04 62.500000 0.54347826   5   25
7        earn_OC5_B-F 2.868872e-05 2.422603e-04 59.285714 0.56521739   5   26
8        earn_OC7_P-S 2.868872e-05 2.422603e-04 59.285714 0.56521739   5   26
9        earn_OC8_P-S 2.868872e-05 2.422603e-04 59.285714 0.56521739   5   26
10       earn_OC9_P-S 3.509314e-05 2.667079e-04 56.363636 0.58695652   5   27
11 emp_Y25-64_NaceO-Q 4.258118e-05 2.941972e-04 53.695652 0.60869565   5   28
12       expend_ED5-8 1.181647e-04 7.483763e-04 41.551724 0.73913043   5   34
13   emp_Y25-64_ED5-8 1.121483e-03 6.191146e-03 20.500000 0.60869565   4   28
14       earn_OC9_G-N 1.140474e-03 6.191146e-03 23.125000 1.15217391   5   53
15 emp_Y15-24_NaceR-U 2.374086e-03 1.181903e-02 21.500000 0.32608696   3   15
16       earn_OC7_B-F 2.488218e-03 1.181903e-02 18.684211 1.34782609   5   62
17       earn_OC8_B-F 2.909901e-03 1.300897e-02 17.881356 1.39130435   5   64
18   emp_Y25-64_NaceL 3.488079e-03 1.472745e-02 18.285714 0.36956522   3   17
19   emp_Y25-64_NaceJ 1.101063e-02 4.404251e-02 11.272727 0.54347826   3   25
20         emp_Y25-64 1.527667e-02 5.528701e-02  9.800000 0.60869565   3   28
21 emp_Y25-64_NaceM_N 1.527667e-02 5.528701e-02  9.800000 0.60869565   3   28
22                GDP 1.689021e-02 5.834799e-02  9.384615 0.63043478   3   29
23   emp_Y15-24_NaceL 2.173913e-02 7.183365e-02       Inf 0.02173913   1    1
