Sets to variables test for over-representation
76 variables tested, 19 have p < 0.05 
Selected set size: 9 
    Universe size: 276 
                 vars         pval         adjp      odds       exp obs size
1           emp_YGE65 1.355261e-07 8.549673e-06       Inf 1.6630435   9   51
2  emp_Y25-64_NaceM_N 2.832481e-07 8.549673e-06       Inf 1.7934783   9   55
3    emp_Y25-64_ED5-8 3.374871e-07 8.549673e-06       Inf 1.8260870   9   56
4    emp_Y15-24_ED5-8 8.206880e-07 1.559307e-05 58.750000 1.3043478   8   40
5    emp_Y25-64_NaceJ 4.651892e-06 7.070876e-05 44.097561 1.5978261   8   49
6        expend_ED5-8 6.346471e-06 8.038863e-05       Inf 2.4782609   9   76
7        earn_OC8_P-S 8.123808e-06 8.820134e-05       Inf 2.5434783   9   78
8          emp_Y25-64 1.425883e-05 1.354589e-04 36.500000 1.8260870   8   56
9            training 2.199542e-05 1.857391e-04 33.882353 1.9239130   8   59
10 emp_Y15-24_NaceR-U 5.466224e-05 4.154331e-04 21.217391 0.9456522   6   29
11   emp_Y25-64_NaceK 1.565228e-04 1.081430e-03 17.266667 1.6956522   7   52
12        disp_income 2.320284e-04 1.469513e-03 15.968750 1.7934783   7   55
13          pop_Y0-14 2.631383e-04 1.538347e-03 15.571429 1.8260870   7   56
14   emp_Y15-24_NaceK 1.248542e-03 6.777798e-03 26.200000 0.2608696   3    8
15             emp_FT 2.795073e-03 1.416170e-02  8.680000 1.8260870   6   56
16   emp_Y25-64_NaceL 1.396937e-02 6.579058e-02  6.565517 1.0760870   4   33
17 emp_Y15-24_NaceG-I 1.486460e-02 6.579058e-02  5.703125 1.7282609   5   53
18 emp_Y15-24_NaceM_N 1.558198e-02 6.579058e-02  6.320000 1.1086957   4   34
19   emp_Y15-24_NaceJ 4.468599e-02 1.787440e-01  8.190476 0.3586957   2   11
