Sets to variables test for over-representation
48 variables tested, 19 have p < 0.05 
Selected set size: 9 
    Universe size: 276 
                 vars         pval         adjp      odds       exp obs size
1           emp_YGE65 1.226852e-06 2.423591e-05       Inf 2.0869565   9   64
2    emp_Y25-64_ED5-8 2.524574e-06 2.423591e-05       Inf 2.2500000   9   69
3          emp_Y25-64 2.524574e-06 2.423591e-05       Inf 2.2500000   9   69
4  emp_Y25-64_NaceM_N 2.524574e-06 2.423591e-05       Inf 2.2500000   9   69
5            training 2.524574e-06 2.423591e-05       Inf 2.2500000   9   69
6    emp_Y25-64_NaceJ 2.897696e-05 2.318157e-04 32.301887 1.9891304   8   61
7           pop_Y0-14 7.962755e-05 5.460175e-04 27.016393 2.2500000   8   69
8    emp_Y25-64_NaceK 6.619697e-04 3.971818e-03 12.894737 2.0869565   7   64
9         disp_income 1.339241e-03 7.019969e-03 11.101562 2.3152174   7   71
10   emp_Y15-24_ED5-8 1.462493e-03 7.019969e-03 10.136364 1.6304348   6   50
11   emp_Y15-24_NaceK 1.841664e-03 8.036353e-03 21.750000 0.2934783   3    9
12 emp_Y15-24_NaceR-U 2.472404e-03 9.889618e-03  9.516129 1.1739130   5   36
13   emp_Y25-64_NaceL 4.591021e-03 1.695146e-02  8.020833 1.3369565   5   41
14 emp_Y15-24_NaceM_N 5.140259e-03 1.762374e-02  7.770270 1.3695652   5   42
15   emp_Y15-24_NaceJ 7.335302e-03 2.347296e-02 11.636364 0.4565217   3   14
16             emp_TF 8.884659e-03 2.508609e-02  6.476190 2.2500000   6   69
17                GDP 8.884659e-03 2.508609e-02  6.476190 2.2500000   6   69
18             emp_TP 4.608425e-02 1.164234e-01  3.964844 2.2500000   5   69
19         emp_Y15-24 4.608425e-02 1.164234e-01  3.964844 2.2500000   5   69
