Sets to variables test for over-representation
76 variables tested, 23 have p < 0.05 
Selected set size: 5 
    Universe size: 276 
           vars        pval       adjp      odds       exp obs size
1  earn_OC5_B-F 0.004914265 0.04377331 18.583333 0.9420290   4   52
2  earn_OC9_G-N 0.005297226 0.04377331 18.122449 0.9601449   4   53
3  earn_OC2_B-F 0.005701344 0.04377331 17.680000 0.9782609   4   54
4  earn_OC3_B-F 0.005701344 0.04377331 17.680000 0.9782609   4   54
5  earn_OC4_B-F 0.005701344 0.04377331 17.680000 0.9782609   4   54
6  earn_OC1_G-N 0.006127307 0.04377331 17.254902 0.9963768   4   55
7  earn_OC4_G-N 0.006127307 0.04377331 17.254902 0.9963768   4   55
8  earn_OC2_G-N 0.006575805 0.04377331 16.846154 1.0144928   4   56
9  earn_OC3_G-N 0.007047536 0.04377331 16.452830 1.0326087   4   57
10 earn_OC3_P-S 0.007047536 0.04377331 16.452830 1.0326087   4   57
11 earn_OC4_P-S 0.007047536 0.04377331 16.452830 1.0326087   4   57
12 earn_OC9_B-F 0.007543201 0.04377331 16.074074 1.0507246   4   58
13 earn_OC5_G-N 0.007543201 0.04377331 16.074074 1.0507246   4   58
14 earn_OC8_G-N 0.008063505 0.04377331 15.709091 1.0688406   4   59
15 earn_OC7_B-F 0.009779350 0.04954871 14.689655 1.1231884   4   62
16 earn_OC8_B-F 0.011059518 0.05253271 14.066667 1.1594203   4   64
17 earn_OC7_G-N 0.014779017 0.06247086 12.676923 1.2500000   4   69
18 earn_OC1_P-S 0.015617716 0.06247086 12.424242 1.2681159   4   70
19 earn_OC7_P-S 0.015617716 0.06247086 12.424242 1.2681159   4   70
20 earn_OC5_P-S 0.016489715 0.06266092 12.179104 1.2862319   4   71
21 earn_OC2_P-S 0.018336529 0.06636077 11.710145 1.3224638   4   73
22 earn_OC8_P-S 0.023587283 0.08148334 10.648649 1.4130435   4   78
23 earn_OC9_P-S 0.028487435 0.09413239  9.897436 1.4855072   4   82
