Sets to variables test for over-representation
48 variables tested, 20 have p < 0.05 
Selected set size: 8 
    Universe size: 276 
                 vars         pval         adjp      odds       exp obs size
1  emp_Y15-24_NaceR-U 2.697733e-06 0.0001294912 57.689655 1.0434783   7   36
2  emp_Y15-24_NaceO-Q 5.353378e-05 0.0009131137 32.914894 1.5652174   7   54
3            low_work 7.609281e-05 0.0009131137 26.250000 0.6086957   5   21
4        ARPR_socexcl 7.609281e-05 0.0009131137 26.250000 0.6086957   5   21
5    emp_Y25-64_NaceL 1.711294e-04 0.0013820918 19.971429 1.1884058   6   41
6  emp_Y15-24_NaceM_N 1.982291e-04 0.0013820918 19.333333 1.2173913   6   42
7        unemp_Y15-24 2.015550e-04 0.0013820918 25.344828 1.8840580   7   65
8    emp_Y25-64_ED0-2 3.073439e-04 0.0014752506 23.258065 2.0000000   7   69
9              emp_TP 3.073439e-04 0.0014752506 23.258065 2.0000000   7   69
10 emp_Y25-64_NaceO-Q 3.073439e-04 0.0014752506 23.258065 2.0000000   7   69
11   emp_Y15-24_ED5-8 5.665956e-04 0.0024724172 15.272727 1.4492754   6   50
12               ARPR 1.442119e-03 0.0057684778 14.764706 0.6086957   4   21
13   emp_Y15-24_NaceJ 5.043197e-03 0.0186210357 14.018182 0.4057971   3   14
14   emp_Y15-24_ED0-2 1.365604e-02 0.0468206960  6.454545 1.7391304   5   60
15 emp_Y15-24_NaceG-I 2.090703e-02 0.0642134202  5.655738 1.9130435   5   66
16          pop_YGE75 2.541781e-02 0.0642134202  5.312500 2.0000000   5   69
17   emp_Y25-64_ED5-8 2.541781e-02 0.0642134202  5.312500 2.0000000   5   69
18 emp_Y25-64_NaceM_N 2.541781e-02 0.0642134202  5.312500 2.0000000   5   69
19 emp_Y25-64_NaceR-U 2.541781e-02 0.0642134202  5.312500 2.0000000   5   69
20        disp_income 2.706437e-02 0.0649544863  5.205128 2.0289855   5   70
