Sets to variables test for under-representation
76 variables tested, 36 have p < 0.05 
Selected set size: 20 
    Universe size: 276 
                 vars         pval         adjp       odds      exp obs size
1        earn_OC4_B-F 8.242554e-06 0.0003132170 0.00000000 8.550725   0  118
2        earn_OC8_G-N 8.242554e-06 0.0003132170 0.00000000 8.550725   0  118
3        earn_OC5_P-S 2.678383e-05 0.0005776621 0.00000000 7.898551   0  109
4        earn_OC8_B-F 3.040327e-05 0.0005776621 0.00000000 7.826087   0  108
5        earn_OC3_P-S 4.425859e-05 0.0006727305 0.00000000 7.608696   0  105
6        earn_OC9_P-S 5.662876e-05 0.0007172977 0.00000000 7.463768   0  103
7        earn_OC1_G-N 1.035134e-04 0.0007664348 0.00000000 7.101449   0   98
8        earn_OC7_B-F 1.165339e-04 0.0007664348 0.00000000 7.028986   0   97
9        earn_OC3_G-N 1.165339e-04 0.0007664348 0.00000000 7.028986   0   97
10       earn_OC7_G-N 1.165339e-04 0.0007664348 0.00000000 7.028986   0   97
11       earn_OC9_G-N 1.165339e-04 0.0007664348 0.00000000 7.028986   0   97
12       earn_OC9_B-F 1.311007e-04 0.0007664348 0.00000000 6.956522   0   96
13       earn_OC5_G-N 1.311007e-04 0.0007664348 0.00000000 6.956522   0   96
14        disp_income 1.858992e-04 0.0008463180 0.00000000 6.739130   0   93
15         pop_Y25-64 2.085698e-04 0.0008463180 0.00000000 6.666667   0   92
16          pop_YGE75 2.085698e-04 0.0008463180 0.00000000 6.666667   0   92
17   emp_Y25-64_ED3-4 2.085698e-04 0.0008463180 0.00000000 6.666667   0   92
18                GDP 2.085698e-04 0.0008463180 0.00000000 6.666667   0   92
19       earn_OC3_B-F 2.338510e-04 0.0008463180 0.00000000 6.594203   0   91
20       earn_OC5_B-F 2.338510e-04 0.0008463180 0.00000000 6.594203   0   91
21       earn_OC4_G-N 2.338510e-04 0.0008463180 0.00000000 6.594203   0   91
22       earn_OC1_B-F 2.934062e-04 0.0009291196 0.00000000 6.449275   0   89
23       earn_OC2_B-F 2.934062e-04 0.0009291196 0.00000000 6.449275   0   89
24       earn_OC2_G-N 2.934062e-04 0.0009291196 0.00000000 6.449275   0   89
25       earn_OC4_P-S 3.671918e-04 0.0011162630 0.00000000 6.304348   0   87
26       earn_OC6_G-N 5.116909e-04 0.0014957118 0.00000000 6.086957   0   84
27   emp_Y25-64_NaceA 5.708459e-04 0.0016068255 0.00000000 6.014493   0   83
28 emp_Y15-24_NaceB-E 1.341296e-03 0.0036406594 0.00000000 5.434783   0   75
29        unemp_YGE25 2.534440e-03 0.0064433260 0.09543088 6.666667   1   92
30       earn_OC6_P-S 2.751898e-03 0.0064433260 0.00000000 4.927536   0   68
31 emp_Y25-64_NaceB-E 2.797760e-03 0.0064433260 0.09707602 6.594203   1   91
32       earn_OC1_P-S 2.797760e-03 0.0064433260 0.09707602 6.594203   1   91
33       earn_OC2_P-S 2.797760e-03 0.0064433260 0.09707602 6.594203   1   91
34   emp_Y15-24_ED0-2 7.929129e-03 0.0177239355 0.11792139 5.797101   1   80
35       earn_OC6_B-F 2.956295e-02 0.0641938384 0.00000000 3.115942   0   43
36              GVAgr 4.216248e-02 0.0890096797 0.00000000 2.826087   0   39
