Sets to variables test for over-representation
76 variables tested, 23 have p < 0.05 
Selected set size: 5 
    Universe size: 276 
           vars       pval       adjp      odds      exp obs size
1  earn_OC1_G-N 0.01397289 0.09086600 12.937500 1.231884   4   68
2     pop_Y0-14 0.01477902 0.09086600 12.676923 1.250000   4   69
3    pop_Y15-24 0.01477902 0.09086600 12.676923 1.250000   4   69
4  earn_OC7_B-F 0.01477902 0.09086600 12.676923 1.250000   4   69
5  earn_OC8_B-F 0.01477902 0.09086600 12.676923 1.250000   4   69
6  earn_OC7_G-N 0.01477902 0.09086600 12.676923 1.250000   4   69
7  earn_OC3_P-S 0.01477902 0.09086600 12.676923 1.250000   4   69
8  earn_OC4_P-S 0.01477902 0.09086600 12.676923 1.250000   4   69
9  earn_OC3_G-N 0.01561772 0.09086600 12.424242 1.268116   4   70
10 earn_OC1_P-S 0.01561772 0.09086600 12.424242 1.268116   4   70
11 earn_OC7_P-S 0.01561772 0.09086600 12.424242 1.268116   4   70
12 earn_OC8_G-N 0.01648971 0.09086600 12.179104 1.286232   4   71
13 earn_OC5_P-S 0.01648971 0.09086600 12.179104 1.286232   4   71
14 earn_OC2_P-S 0.01833653 0.09086600 11.710145 1.322464   4   73
15 earn_OC4_G-N 0.01931280 0.09086600 11.485714 1.340580   4   74
16 earn_OC1_B-F 0.02032529 0.09086600 11.267606 1.358696   4   75
17 earn_OC4_B-F 0.02032529 0.09086600 11.267606 1.358696   4   75
18 earn_OC3_B-F 0.02246181 0.09434913 10.849315 1.394928   4   77
19 earn_OC8_P-S 0.02358728 0.09434913 10.648649 1.413043   4   78
20 earn_OC2_B-F 0.02720123 0.10299935 10.077922 1.467391   4   81
21 earn_OC9_P-S 0.02848743 0.10299935  9.897436 1.485507   4   82
22 earn_OC2_G-N 0.02981560 0.10299935  9.721519 1.503623   4   83
23 earn_OC5_B-F 0.04203521 0.13889895  8.459770 1.648551   4   91
