Sets to variables test for under-representation
76 variables tested, 28 have p < 0.05 
Selected set size: 16 
    Universe size: 276 
                 vars         pval         adjp      odds      exp obs size
1        earn_OC4_B-F 6.135849e-05 0.0006438122 0.0000000 7.072464   0  122
2        earn_OC9_B-F 6.135849e-05 0.0006438122 0.0000000 7.072464   0  122
3        earn_OC3_G-N 6.135849e-05 0.0006438122 0.0000000 7.072464   0  122
4        earn_OC4_G-N 6.135849e-05 0.0006438122 0.0000000 7.072464   0  122
5        earn_OC9_P-S 6.135849e-05 0.0006438122 0.0000000 7.072464   0  122
6        earn_OC1_P-S 6.842134e-05 0.0006438122 0.0000000 7.014493   0  121
7        earn_OC4_P-S 6.842134e-05 0.0006438122 0.0000000 7.014493   0  121
8        earn_OC5_P-S 6.842134e-05 0.0006438122 0.0000000 7.014493   0  121
9        earn_OC3_P-S 7.624092e-05 0.0006438122 0.0000000 6.956522   0  120
10       earn_OC5_B-F 8.489237e-05 0.0006451820 0.0000000 6.898551   0  119
11       earn_OC1_B-F 4.325002e-04 0.0025284629 0.0000000 5.971014   0  103
12       earn_OC8_B-F 4.325002e-04 0.0025284629 0.0000000 5.971014   0  103
13       earn_OC9_G-N 4.325002e-04 0.0025284629 0.0000000 5.971014   0  103
14       earn_OC5_G-N 4.762977e-04 0.0025856162 0.0000000 5.913043   0  102
15       earn_OC1_G-N 1.106499e-03 0.0041864950 0.0000000 5.391304   0   93
16          pop_YGE75 1.211880e-03 0.0041864950 0.0000000 5.333333   0   92
17   emp_Y25-64_ED0-2 1.211880e-03 0.0041864950 0.0000000 5.333333   0   92
18   emp_Y25-64_ED3-4 1.211880e-03 0.0041864950 0.0000000 5.333333   0   92
19             emp_PT 1.211880e-03 0.0041864950 0.0000000 5.333333   0   92
20        unemp_YGE25 1.211880e-03 0.0041864950 0.0000000 5.333333   0   92
21                GDP 1.211880e-03 0.0041864950 0.0000000 5.333333   0   92
22           training 1.211880e-03 0.0041864950 0.0000000 5.333333   0   92
23 emp_Y25-64_NaceR-U 1.326614e-03 0.0042009454 0.0000000 5.275362   0   91
24        disp_income 1.326614e-03 0.0042009454 0.0000000 5.275362   0   91
25       earn_OC8_P-S 1.587282e-03 0.0048253386 0.0000000 5.159420   0   89
26       earn_OC6_G-N 1.183485e-02 0.0345941743 0.0000000 3.768116   0   65
27       unemp_Y15-24 1.834330e-02 0.0516329862 0.1372549 4.985507   1   86
28 emp_Y15-24_NaceO-Q 4.794801e-02 0.1301445881 0.1774648 4.173913   1   72
