Call:
multinom(formula = form1, data = dat1, model = TRUE, trace = FALSE)

Coefficients:
   (Intercept) emp_Y25_64_ED0_2  emp_YGE65        GDP   training
2   -82.123536       138.658186  -55.05577  177.54897  -29.61393
3    14.395854        51.568796   51.42900  -86.74724  -81.02453
4    22.082486        49.758175 -184.78276 -111.32664  -51.83568
5    41.837300        41.866745  169.13692 -263.81823 -223.08556
6     8.104544        79.605290  205.67105 -136.41266  -88.15012
7    26.452011        72.779806  120.47838 -172.63792 -152.36231
8     3.899276      -101.613184  140.80931   14.28461  -76.30059
9    39.665260      -355.173412 -151.90171  -59.57461  -96.38544
10    8.712765        82.417916   39.67176  -52.46703 -146.97229
11  -79.307798        -1.732343   92.35640  -41.76106  410.71400
12   43.806201        68.897621  -23.36003 -231.98436 -351.32291
13    5.579863        82.436596 -150.80315 -151.27564   43.55009
14   -2.170164        -3.793635 -296.98346 -194.75633  292.21069
16  -73.448707        36.513173   42.74316  110.12127  207.53864
17 -111.500402       -23.643945  -33.92268  281.79288   39.88423
18  -34.945789       114.910981  -34.74685  -54.67425  156.94121
19  -67.993632       154.963681  128.63824  -21.37020  217.80657
20   87.611900      -250.693828  -21.36927 -469.38929 -350.06360

Std. Errors:
   (Intercept) emp_Y25_64_ED0_2   emp_YGE65        GDP    training
2   738.463484      1694.962898  733.504719 1078.37912  541.851944
3     9.245256        41.813572   88.975038   50.51732   53.165358
4    12.624166        47.139268  284.871612   64.57709   77.742231
5    16.312660        47.671882  110.846493   98.27885   85.736941
6    12.439167        44.420068  103.922788   65.92181   69.233409
7    10.517545        43.620413  100.839050   60.86880   67.221750
8    11.192958       106.600758  128.151773   34.15671  110.184342
9    69.001982       570.066281  700.701788  598.39145  540.414783
10   10.986623        46.488239   96.749101   67.12691   90.526975
11  224.271558      1166.102468 1339.619901  919.72199  916.561814
12   16.994629        50.479534  198.784224  106.73691  151.046414
13   36.290076        63.041612  304.725687   93.22011  216.646312
14  111.117804       551.042372  661.692706  470.76820 1115.843393
16  494.337135      1483.020950 1081.323211  649.07886  895.905171
17   61.987603         7.914525    3.306283   24.25331    7.224669
18   74.114959       137.272095  198.710821  136.07392  263.263076
19  143.312709       175.940146  173.093731  104.41622  587.699814
20   37.892080       214.689403  251.565730  198.21405  360.650438

Residual Deviance: 81.28429 
AIC: 261.2843 
R McFadden = 0.839385596263379(0)
R count = 0.861702127659574
