Sets to variables test for under-representation
76 variables tested, 20 have p < 0.05 
Selected set size: 10 
    Universe size: 98 
                 vars        pval       adjp      odds      exp obs size
1        earn_OC7_B-F 0.007676845 0.08410733 0.0000000 3.673469   0   36
2        earn_OC3_G-N 0.007676845 0.08410733 0.0000000 3.673469   0   36
3        earn_OC7_G-N 0.007676845 0.08410733 0.0000000 3.673469   0   36
4        earn_OC9_G-N 0.007676845 0.08410733 0.0000000 3.673469   0   36
5        earn_OC9_B-F 0.009125307 0.08410733 0.0000000 3.571429   0   35
6        earn_OC5_G-N 0.009125307 0.08410733 0.0000000 3.571429   0   35
7        earn_OC1_G-N 0.010815178 0.08410733 0.0000000 3.469388   0   34
8          pop_Y25-64 0.012781575 0.08410733 0.0000000 3.367347   0   33
9    emp_Y25-64_ED3-4 0.012781575 0.08410733 0.0000000 3.367347   0   33
10        unemp_YGE25 0.012781575 0.08410733 0.0000000 3.367347   0   33
11       earn_OC6_G-N 0.015063999 0.08410733 0.0000000 3.265306   0   32
12   emp_Y25-64_NaceA 0.017706805 0.08410733 0.0000000 3.163265   0   31
13 emp_Y15-24_NaceB-E 0.017706805 0.08410733 0.0000000 3.163265   0   31
14       earn_OC1_B-F 0.017706805 0.08410733 0.0000000 3.163265   0   31
15       earn_OC2_B-F 0.017706805 0.08410733 0.0000000 3.163265   0   31
16       earn_OC2_G-N 0.017706805 0.08410733 0.0000000 3.163265   0   31
17       earn_OC8_G-N 0.021609901 0.09660897 0.1216931 4.387755   1   43
18       earn_OC1_P-S 0.028324679 0.11959309 0.0000000 2.857143   0   28
19       earn_OC5_P-S 0.034138770 0.13655508 0.1396011 4.081633   1   40
20       earn_OC8_B-F 0.039476280 0.15000986 0.1461988 3.979592   1   39
