Sets to variables test for over-representation
76 variables tested, 15 have p < 0.05 
Selected set size: 2 
    Universe size: 98 
                 vars       pval      adjp odds        exp obs size
1  emp_Y15-24_NaceM_N 0.02861351 0.2057367  Inf 0.34693878   2   17
2  emp_Y15-24_NaceO-Q 0.03219020 0.2057367  Inf 0.36734694   2   18
3    emp_Y15-24_ED3-4 0.03597728 0.2057367  Inf 0.38775510   2   19
4    emp_Y25-64_NaceJ 0.03597728 0.2057367  Inf 0.38775510   2   19
5    emp_Y25-64_NaceK 0.03597728 0.2057367  Inf 0.38775510   2   19
6          pop_Y65-74 0.03997475 0.2057367  Inf 0.40816327   2   20
7    emp_Y25-64_ED3-4 0.03997475 0.2057367  Inf 0.40816327   2   20
8              emp_FT 0.03997475 0.2057367  Inf 0.40816327   2   20
9          emp_Y15-24 0.03997475 0.2057367  Inf 0.40816327   2   20
10         emp_Y25-64 0.03997475 0.2057367  Inf 0.40816327   2   20
11          emp_YGE65 0.03997475 0.2057367  Inf 0.40816327   2   20
12 emp_Y25-64_NaceB-E 0.03997475 0.2057367  Inf 0.40816327   2   20
13   emp_Y25-64_NaceF 0.03997475 0.2057367  Inf 0.40816327   2   20
14 emp_Y25-64_NaceO-Q 0.03997475 0.2057367  Inf 0.40816327   2   20
15   emp_Y15-24_NaceL 0.04060593 0.2057367   95 0.04081633   1    2
