Sets to variables test for over-representation
48 variables tested, 17 have p < 0.05 
Selected set size: 6 
    Universe size: 98 
                 vars         pval         adjp      odds       exp obs size
1            rooms_pp 1.630220e-06 7.825058e-05       Inf 0.7959184   6   13
2  emp_Y15-24_NaceO-Q 9.590085e-05 7.341692e-04       Inf 1.4081633   6   23
3    emp_Y15-24_ED0-2 1.278678e-04 7.341692e-04       Inf 1.4693878   6   24
4  emp_Y25-64_NaceM_N 1.278678e-04 7.341692e-04       Inf 1.4693878   6   24
5         disp_income 1.278678e-04 7.341692e-04       Inf 1.4693878   6   24
6          pop_Y65-74 1.682471e-04 7.341692e-04       Inf 1.5306122   6   25
7           pop_YGE75 1.682471e-04 7.341692e-04       Inf 1.5306122   6   25
8    emp_Y25-64_ED0-2 1.682471e-04 7.341692e-04       Inf 1.5306122   6   25
9              emp_TP 1.682471e-04 7.341692e-04       Inf 1.5306122   6   25
10 emp_Y25-64_NaceR-U 1.682471e-04 7.341692e-04       Inf 1.5306122   6   25
11           training 1.682471e-04 7.341692e-04       Inf 1.5306122   6   25
12 emp_Y15-24_NaceR-U 1.540099e-03 6.160398e-03 23.750000 1.2857143   5   21
13 emp_Y25-64_NaceO-Q 3.852859e-03 1.422594e-02 18.000000 1.5306122   5   25
14                GDP 4.718130e-03 1.617644e-02 16.904762 1.5918367   5   26
15           low_work 1.329502e-02 4.254407e-02 12.142857 0.6122449   3   10
16 emp_Y15-24_NaceM_N 1.817681e-02 5.453044e-02  8.823529 1.2857143   4   21
17         emp_Y25-64 3.543524e-02 1.000525e-01  6.761905 1.5306122   4   25
