Sets to variables test for under-representation
76 variables tested, 17 have p < 0.05 
Selected set size: 10 
    Universe size: 98 
                 vars       pval       adjp odds      exp obs size
1                 GDP 0.03828550 0.08474696    0 2.653061   0   26
2        expend_ED5-8 0.03828550 0.08474696    0 2.653061   0   26
3           pop_Y0-14 0.04436256 0.08474696    0 2.551020   0   25
4          pop_Y15-24 0.04436256 0.08474696    0 2.551020   0   25
5          pop_Y65-74 0.04436256 0.08474696    0 2.551020   0   25
6           pop_YGE75 0.04436256 0.08474696    0 2.551020   0   25
7    emp_Y25-64_ED0-2 0.04436256 0.08474696    0 2.551020   0   25
8    emp_Y25-64_ED3-4 0.04436256 0.08474696    0 2.551020   0   25
9    emp_Y25-64_ED5-8 0.04436256 0.08474696    0 2.551020   0   25
10             emp_PT 0.04436256 0.08474696    0 2.551020   0   25
11         emp_Y15-24 0.04436256 0.08474696    0 2.551020   0   25
12         emp_Y25-64 0.04436256 0.08474696    0 2.551020   0   25
13   emp_Y25-64_NaceF 0.04436256 0.08474696    0 2.551020   0   25
14 emp_Y25-64_NaceO-Q 0.04436256 0.08474696    0 2.551020   0   25
15 emp_Y25-64_NaceR-U 0.04436256 0.08474696    0 2.551020   0   25
16           training 0.04436256 0.08474696    0 2.551020   0   25
17       earn_OC3_G-N 0.04436256 0.08474696    0 2.551020   0   25
