Sets to variables test for over-representation
76 variables tested, 15 have p < 0.05 
Selected set size: 7 
    Universe size: 98 
           vars         pval         adjp     odds       exp obs size
1  earn_OC3_G-N 1.232752e-05 0.0003122972      Inf 1.5714286   7   22
2  earn_OC3_P-S 1.232752e-05 0.0003122972      Inf 1.5714286   7   22
3  earn_OC4_P-S 1.232752e-05 0.0003122972      Inf 1.5714286   7   22
4  earn_OC7_B-F 1.772081e-05 0.0003168898      Inf 1.6428571   7   23
5  earn_OC8_B-F 2.501761e-05 0.0003168898      Inf 1.7142857   7   24
6  earn_OC1_P-S 2.501761e-05 0.0003168898      Inf 1.7142857   7   24
7  earn_OC3_B-F 4.829233e-05 0.0004587771 48.60000 1.1428571   6   16
8  earn_OC1_G-N 4.829233e-05 0.0004587771 48.60000 1.1428571   6   16
9  earn_OC2_B-F 7.386681e-05 0.0005103525 43.63636 1.2142857   6   17
10 earn_OC4_B-F 7.386681e-05 0.0005103525 43.63636 1.2142857   6   17
11 earn_OC6_B-F 7.386681e-05 0.0005103525 43.63636 1.2142857   6   17
12 earn_OC2_G-N 1.096500e-04 0.0006410310 39.50000 1.2857143   6   18
13 earn_OC4_G-N 1.096500e-04 0.0006410310 39.50000 1.2857143   6   18
14 earn_OC1_B-F 3.104294e-04 0.0016851879 30.40000 1.5000000   6   21
15  disp_income 2.196368e-02 0.1112826426  9.00000 0.7142857   3   10
