Sets to variables test for over-representation
76 variables tested, 17 have p < 0.05 
Selected set size: 5 
    Universe size: 98 
                 vars         pval       adjp      odds       exp obs size
1    emp_Y15-24_NaceK 0.0009138744 0.05312121 37.333333 0.6632653   4   13
2        expend_ED5-8 0.0014471911 0.05312121       Inf 1.4285714   5   28
3  emp_Y15-24_NaceO-Q 0.0020984271 0.05312121       Inf 1.5306122   5   30
4    emp_Y15-24_NaceJ 0.0029298405 0.05312121 24.615385 0.8673469   4   17
5          pop_Y15-24 0.0034948164 0.05312121       Inf 1.6836735   5   33
6    emp_Y15-24_NaceA 0.0057930937 0.06968835 19.250000 1.0204082   4   20
7        earn_OC2_B-F 0.0064186637 0.06968835       Inf 1.8877551   5   37
8    emp_Y15-24_NaceF 0.0225520618 0.19071915 11.500000 1.4285714   4   28
9        earn_OC7_G-N 0.0335449421 0.19071915  9.777778 1.5816327   4   31
10       earn_OC8_G-N 0.0335449421 0.19071915  9.777778 1.5816327   4   31
11   emp_Y15-24_ED3-4 0.0379134626 0.19071915  9.285714 1.6326531   4   32
12 emp_Y15-24_NaceG-I 0.0379134626 0.19071915  9.285714 1.6326531   4   32
13       earn_OC7_P-S 0.0379134626 0.19071915  9.285714 1.6326531   4   32
14          pop_Y0-14 0.0426608620 0.19071915  8.827586 1.6836735   4   33
15   emp_Y25-64_ED5-8 0.0426608620 0.19071915  8.827586 1.6836735   4   33
16         emp_Y15-24 0.0426608620 0.19071915  8.827586 1.6836735   4   33
17 emp_Y25-64_NaceO-Q 0.0426608620 0.19071915  8.827586 1.6836735   4   33
