Sets to variables test for under-representation
48 variables tested, 17 have p < 0.05 
Selected set size: 13 
    Universe size: 98 
                 vars       pval      adjp odds      exp obs size
1           pop_Y0-14 0.04103126 0.1386725    0 2.653061   0   20
2    emp_Y25-64_ED0-2 0.04103126 0.1386725    0 2.653061   0   20
3              emp_TP 0.04103126 0.1386725    0 2.653061   0   20
4          emp_Y15-24 0.04103126 0.1386725    0 2.653061   0   20
5          emp_Y25-64 0.04103126 0.1386725    0 2.653061   0   20
6    emp_Y25-64_NaceF 0.04103126 0.1386725    0 2.653061   0   20
7  emp_Y25-64_NaceM_N 0.04103126 0.1386725    0 2.653061   0   20
8  emp_Y25-64_NaceO-Q 0.04103126 0.1386725    0 2.653061   0   20
9  emp_Y25-64_NaceR-U 0.04103126 0.1386725    0 2.653061   0   20
10                GDP 0.04103126 0.1386725    0 2.653061   0   20
11           training 0.04103126 0.1386725    0 2.653061   0   20
12          emp_YGE65 0.04911317 0.1386725    0 2.520408   0   19
13 emp_Y15-24_NaceG-I 0.04911317 0.1386725    0 2.520408   0   19
14   emp_Y25-64_NaceJ 0.04911317 0.1386725    0 2.520408   0   19
15   emp_Y25-64_NaceK 0.04911317 0.1386725    0 2.520408   0   19
16       unemp_Y15-24 0.04911317 0.1386725    0 2.520408   0   19
17        disp_income 0.04911317 0.1386725    0 2.520408   0   19
