Sets to variables test for under-representation
76 variables tested, 15 have p < 0.05 
Selected set size: 8 
    Universe size: 98 
                 vars       pval      adjp odds      exp obs size
1          pop_Y25-64 0.03207406 0.2249978    0 2.693878   0   33
2    emp_Y25-64_ED3-4 0.03207406 0.2249978    0 2.693878   0   33
3              emp_PT 0.03207406 0.2249978    0 2.693878   0   33
4          emp_Y15-24 0.03207406 0.2249978    0 2.693878   0   33
5          emp_Y25-64 0.03207406 0.2249978    0 2.693878   0   33
6    emp_Y25-64_NaceF 0.03207406 0.2249978    0 2.693878   0   33
7  emp_Y25-64_NaceG-I 0.03207406 0.2249978    0 2.693878   0   33
8           emp_YGE65 0.03649807 0.2249978    0 2.612245   0   32
9    emp_Y25-64_NaceK 0.03649807 0.2249978    0 2.612245   0   32
10       earn_OC3_B-F 0.03649807 0.2249978    0 2.612245   0   32
11       earn_OC2_P-S 0.03649807 0.2249978    0 2.612245   0   32
12       earn_OC4_P-S 0.03649807 0.2249978    0 2.612245   0   32
13 emp_Y15-24_NaceB-E 0.04144696 0.2249978    0 2.530612   0   31
14       earn_OC4_B-F 0.04144696 0.2249978    0 2.530612   0   31
15 emp_Y15-24_NaceO-Q 0.04697323 0.2379977    0 2.448980   0   30
