Sets to variables test for over-representation
76 variables tested, 24 have p < 0.05 
Selected set size: 3 
    Universe size: 98 
                 vars         pval       adjp     odds       exp obs size
1           pop_Total 0.0007889754 0.05096781      Inf 0.3061224   3   10
2        earn_OC3_B-F 0.0036818851 0.05096781      Inf 0.4897959   3   16
3        earn_OC1_G-N 0.0036818851 0.05096781      Inf 0.4897959   3   16
4        earn_OC2_B-F 0.0044708605 0.05096781      Inf 0.5204082   3   17
5        earn_OC4_B-F 0.0044708605 0.05096781      Inf 0.5204082   3   17
6        earn_OC6_B-F 0.0044708605 0.05096781      Inf 0.5204082   3   17
7        earn_OC2_G-N 0.0053650326 0.05096781      Inf 0.5510204   3   18
8        earn_OC4_G-N 0.0053650326 0.05096781      Inf 0.5510204   3   18
9        earn_OC1_B-F 0.0087444772 0.06412617      Inf 0.6428571   3   21
10       earn_OC3_G-N 0.0101251841 0.06412617      Inf 0.6734694   3   22
11       earn_OC3_P-S 0.0101251841 0.06412617      Inf 0.6734694   3   22
12       earn_OC4_P-S 0.0101251841 0.06412617      Inf 0.6734694   3   22
13       earn_OC7_B-F 0.0116439617 0.06742408      Inf 0.7040816   3   23
14       earn_OC8_B-F 0.0133073848 0.06742408      Inf 0.7346939   3   24
15       earn_OC1_P-S 0.0133073848 0.06742408      Inf 0.7346939   3   24
16   emp_Y15-24_NaceF 0.0216179255 0.08863967 25.14286 0.2755102   2    9
17 emp_Y15-24_NaceO-Q 0.0216179255 0.08863967 25.14286 0.2755102   2    9
18   emp_Y15-24_ED0-2 0.0268251631 0.08863967 21.75000 0.3061224   2   10
19         emp_Y15-24 0.0268251631 0.08863967 21.75000 0.3061224   2   10
20         emp_Y25-64 0.0268251631 0.08863967 21.75000 0.3061224   2   10
21 emp_Y15-24_NaceB-E 0.0268251631 0.08863967 21.75000 0.3061224   2   10
22 emp_Y25-64_NaceB-E 0.0268251631 0.08863967 21.75000 0.3061224   2   10
23        disp_income 0.0268251631 0.08863967 21.75000 0.3061224   2   10
24                GDP 0.0325452346 0.10305991 19.11111 0.3367347   2   11
