Sets to variables test for over-representation
76 variables tested, 22 have p < 0.05 
Selected set size: 4 
    Universe size: 98 
                 vars        pval       adjp      odds       exp obs size
1    emp_Y15-24_ED5-8 0.002025037 0.02661477       Inf 0.8979592   4   22
2  emp_Y25-64_NaceM_N 0.002941632 0.02661477       Inf 0.9795918   4   24
3         disp_income 0.002941632 0.02661477       Inf 0.9795918   4   24
4    emp_Y25-64_ED5-8 0.003501943 0.02661477       Inf 1.0204082   4   25
5              emp_PT 0.003501943 0.02661477       Inf 1.0204082   4   25
6          emp_Y15-24 0.003501943 0.02661477       Inf 1.0204082   4   25
7          emp_Y25-64 0.003501943 0.02661477       Inf 1.0204082   4   25
8  emp_Y25-64_NaceO-Q 0.003501943 0.02661477       Inf 1.0204082   4   25
9  emp_Y25-64_NaceR-U 0.003501943 0.02661477       Inf 1.0204082   4   25
10           training 0.003501943 0.02661477       Inf 1.0204082   4   25
11                GDP 0.004138660 0.02859438       Inf 1.0612245   4   26
12 emp_Y15-24_NaceR-U 0.030007364 0.17266607 12.666667 0.8571429   3   21
13 emp_Y15-24_NaceO-Q 0.039221766 0.17266607 11.100000 0.9387755   3   23
14   emp_Y15-24_ED0-2 0.044404642 0.17266607 10.428571 0.9795918   3   24
15   emp_Y15-24_ED3-4 0.044404642 0.17266607 10.428571 0.9795918   3   24
16 emp_Y15-24_NaceG-I 0.044404642 0.17266607 10.428571 0.9795918   3   24
17   emp_Y25-64_NaceJ 0.044404642 0.17266607 10.428571 0.9795918   3   24
18   emp_Y25-64_NaceK 0.044404642 0.17266607 10.428571 0.9795918   3   24
19   emp_Y25-64_ED3-4 0.049982283 0.17266607  9.818182 1.0204082   3   25
20             emp_FT 0.049982283 0.17266607  9.818182 1.0204082   3   25
21 emp_Y25-64_NaceB-E 0.049982283 0.17266607  9.818182 1.0204082   3   25
22   emp_Y25-64_NaceF 0.049982283 0.17266607  9.818182 1.0204082   3   25
