Sets to variables test for over-representation
76 variables tested, 16 have p < 0.05 
Selected set size: 3 
    Universe size: 98 
                 vars         pval        adjp     odds       exp obs size
1              emp_FT 0.0007889754 0.009993688      Inf 0.3061224   3   10
2          emp_Y15-24 0.0007889754 0.009993688      Inf 0.3061224   3   10
3          emp_Y25-64 0.0007889754 0.009993688      Inf 0.3061224   3   10
4    emp_Y25-64_NaceF 0.0007889754 0.009993688      Inf 0.3061224   3   10
5  emp_Y15-24_NaceG-I 0.0007889754 0.009993688      Inf 0.3061224   3   10
6  emp_Y25-64_NaceG-I 0.0007889754 0.009993688      Inf 0.3061224   3   10
7    emp_Y15-24_ED5-8 0.0216179255 0.135914159 25.14286 0.2755102   2    9
8    emp_Y25-64_NaceL 0.0216179255 0.135914159 25.14286 0.2755102   2    9
9  emp_Y15-24_NaceM_N 0.0216179255 0.135914159 25.14286 0.2755102   2    9
10 emp_Y15-24_NaceO-Q 0.0216179255 0.135914159 25.14286 0.2755102   2    9
11   emp_Y25-64_ED5-8 0.0268251631 0.135914159 21.75000 0.3061224   2   10
12 emp_Y15-24_NaceB-E 0.0268251631 0.135914159 21.75000 0.3061224   2   10
13 emp_Y25-64_NaceB-E 0.0268251631 0.135914159 21.75000 0.3061224   2   10
14   emp_Y25-64_NaceJ 0.0268251631 0.135914159 21.75000 0.3061224   2   10
15   emp_Y25-64_NaceK 0.0268251631 0.135914159 21.75000 0.3061224   2   10
16       expend_ED5-8 0.0387649905 0.184133705 17.00000 0.3673469   2   12
