Sets to variables test for under-representation
48 variables tested, 17 have p < 0.05 
Selected set size: 13 
    Universe size: 98 
                 vars       pval       adjp odds      exp obs size
1                 GDP 0.01319492 0.06232039    0 3.448980   0   26
2           pop_Y0-14 0.01605382 0.06232039    0 3.316327   0   25
3    emp_Y25-64_ED0-2 0.01605382 0.06232039    0 3.316327   0   25
4              emp_TP 0.01605382 0.06232039    0 3.316327   0   25
5          emp_Y25-64 0.01605382 0.06232039    0 3.316327   0   25
6  emp_Y25-64_NaceR-U 0.01605382 0.06232039    0 3.316327   0   25
7            training 0.01605382 0.06232039    0 3.316327   0   25
8          emp_Y15-24 0.01947512 0.06232039    0 3.183673   0   24
9           emp_YGE65 0.01947512 0.06232039    0 3.183673   0   24
10 emp_Y15-24_NaceG-I 0.01947512 0.06232039    0 3.183673   0   24
11   emp_Y25-64_NaceJ 0.01947512 0.06232039    0 3.183673   0   24
12   emp_Y25-64_NaceK 0.01947512 0.06232039    0 3.183673   0   24
13 emp_Y25-64_NaceM_N 0.01947512 0.06232039    0 3.183673   0   24
14       unemp_Y15-24 0.01947512 0.06232039    0 3.183673   0   24
15        disp_income 0.01947512 0.06232039    0 3.183673   0   24
16   emp_Y15-24_ED5-8 0.02841992 0.08525976    0 2.918367   0   22
17 emp_Y15-24_NaceR-U 0.03419271 0.09654414    0 2.785714   0   21
