Sets to variables test for over-representation
76 variables tested, 21 have p < 0.05 
Selected set size: 3 
    Universe size: 98 
                 vars       pval      adjp odds       exp obs size
1  emp_Y15-24_NaceR-U 0.01923127 0.1298228  Inf 0.8265306   3   27
2    emp_Y15-24_NaceF 0.02153903 0.1298228  Inf 0.8571429   3   28
3    emp_Y15-24_ED5-8 0.02669367 0.1298228  Inf 0.9183673   3   30
4  emp_Y15-24_NaceB-E 0.02955370 0.1298228  Inf 0.9489796   3   31
5    emp_Y15-24_ED0-2 0.03261098 0.1298228  Inf 0.9795918   3   32
6    emp_Y15-24_ED3-4 0.03261098 0.1298228  Inf 0.9795918   3   32
7           emp_YGE65 0.03261098 0.1298228  Inf 0.9795918   3   32
8  emp_Y15-24_NaceG-I 0.03261098 0.1298228  Inf 0.9795918   3   32
9    emp_Y25-64_NaceJ 0.03261098 0.1298228  Inf 0.9795918   3   32
10   emp_Y25-64_NaceK 0.03261098 0.1298228  Inf 0.9795918   3   32
11 emp_Y25-64_NaceM_N 0.03261098 0.1298228  Inf 0.9795918   3   32
12   emp_Y25-64_ED3-4 0.03587208 0.1298228  Inf 1.0102041   3   33
13   emp_Y25-64_ED5-8 0.03587208 0.1298228  Inf 1.0102041   3   33
14             emp_FT 0.03587208 0.1298228  Inf 1.0102041   3   33
15         emp_Y15-24 0.03587208 0.1298228  Inf 1.0102041   3   33
16         emp_Y25-64 0.03587208 0.1298228  Inf 1.0102041   3   33
17 emp_Y25-64_NaceB-E 0.03587208 0.1298228  Inf 1.0102041   3   33
18   emp_Y25-64_NaceF 0.03587208 0.1298228  Inf 1.0102041   3   33
19 emp_Y25-64_NaceG-I 0.03587208 0.1298228  Inf 1.0102041   3   33
20                GDP 0.03587208 0.1298228  Inf 1.0102041   3   33
21        disp_income 0.03587208 0.1298228  Inf 1.0102041   3   33
