Sets to variables test for over-representation
48 variables tested, 16 have p < 0.05 
Selected set size: 2 
    Universe size: 98 
                 vars         pval       adjp odds        exp obs size
1    emp_Y15-24_NaceL 0.0002103934 0.01009888  Inf 0.04081633   2    2
2    emp_Y15-24_NaceK 0.0058910162 0.11992426  Inf 0.16326531   2    8
3    emp_Y15-24_NaceJ 0.0115716390 0.11992426  Inf 0.22448980   2   11
4  emp_Y15-24_NaceM_N 0.0286135073 0.11992426  Inf 0.34693878   2   17
5    emp_Y15-24_ED5-8 0.0321901957 0.11992426  Inf 0.36734694   2   18
6    emp_Y25-64_NaceJ 0.0359772775 0.11992426  Inf 0.38775510   2   19
7    emp_Y25-64_NaceK 0.0359772775 0.11992426  Inf 0.38775510   2   19
8         disp_income 0.0359772775 0.11992426  Inf 0.38775510   2   19
9           pop_Total 0.0399747528 0.11992426  Inf 0.40816327   2   20
10          pop_Y0-14 0.0399747528 0.11992426  Inf 0.40816327   2   20
11   emp_Y25-64_ED5-8 0.0399747528 0.11992426  Inf 0.40816327   2   20
12             emp_TF 0.0399747528 0.11992426  Inf 0.40816327   2   20
13 emp_Y25-64_NaceM_N 0.0399747528 0.11992426  Inf 0.40816327   2   20
14 emp_Y25-64_NaceR-U 0.0399747528 0.11992426  Inf 0.40816327   2   20
15                GDP 0.0399747528 0.11992426  Inf 0.40816327   2   20
16           training 0.0399747528 0.11992426  Inf 0.40816327   2   20
