Sets to variables test for over-representation
76 variables tested, 19 have p < 0.05 
Selected set size: 8 
    Universe size: 98 
                 vars         pval        adjp     odds      exp obs size
1        earn_OC6_G-N 6.683953e-05 0.001461421      Inf 2.612245   8   32
2            training 8.822818e-05 0.001461421      Inf 2.693878   8   33
3        earn_OC9_B-F 1.495606e-04 0.001461421      Inf 2.857143   8   35
4        earn_OC5_G-N 1.495606e-04 0.001461421      Inf 2.857143   8   35
5        earn_OC7_P-S 1.495606e-04 0.001461421      Inf 2.857143   8   35
6        earn_OC8_P-S 1.495606e-04 0.001461421      Inf 2.857143   8   35
7        earn_OC7_B-F 1.922922e-04 0.001461421      Inf 2.938776   8   36
8        earn_OC3_G-N 1.922922e-04 0.001461421      Inf 2.938776   8   36
9        earn_OC7_G-N 1.922922e-04 0.001461421      Inf 2.938776   8   36
10       earn_OC9_G-N 1.922922e-04 0.001461421      Inf 2.938776   8   36
11       earn_OC8_B-F 3.909585e-04 0.002701168      Inf 3.183673   8   39
12       earn_OC5_P-S 4.886981e-04 0.003095088      Inf 3.265306   8   40
13   emp_Y25-64_NaceL 5.464373e-04 0.003194557 23.00000 2.285714   7   28
14       earn_OC5_B-F 6.071704e-04 0.003296068      Inf 3.346939   8   41
15       earn_OC8_G-N 9.214703e-04 0.004668783      Inf 3.510204   8   43
16       earn_OC2_B-F 1.169692e-03 0.005229211 19.25000 2.530612   7   31
17       earn_OC2_G-N 1.169692e-03 0.005229211 19.25000 2.530612   7   31
18          pop_Y0-14 1.852792e-03 0.007411167 17.23077 2.693878   7   33
19 emp_Y25-64_NaceO-Q 1.852792e-03 0.007411167 17.23077 2.693878   7   33
