Sets to variables test for over-representation
76 variables tested, 17 have p < 0.05 
Selected set size: 5 
    Universe size: 98 
                 vars         pval         adjp     odds       exp obs size
1  emp_Y25-64_NaceO-Q 3.710746e-06 0.0000402881      Inf 0.5102041   5   10
2            training 3.710746e-06 0.0000402881      Inf 0.5102041   5   10
3        earn_OC5_B-F 3.710746e-06 0.0000402881      Inf 0.5102041   5   10
4        earn_OC9_B-F 3.710746e-06 0.0000402881      Inf 0.5102041   5   10
5        earn_OC5_G-N 3.710746e-06 0.0000402881      Inf 0.5102041   5   10
6        earn_OC7_G-N 3.710746e-06 0.0000402881      Inf 0.5102041   5   10
7        earn_OC8_G-N 3.710746e-06 0.0000402881      Inf 0.5102041   5   10
8        earn_OC6_P-S 9.359327e-05 0.0008891361 89.00000 0.4081633   4    8
9          emp_Y25-64 2.758322e-04 0.0023292493 58.00000 0.5102041   4   10
10       earn_OC7_P-S 6.385134e-04 0.0040439185 42.50000 0.6122449   4   12
11       earn_OC8_P-S 6.385134e-04 0.0040439185 42.50000 0.6122449   4   12
12       expend_ED5-8 6.385134e-04 0.0040439185 42.50000 0.6122449   4   12
13       earn_OC9_P-S 9.138744e-04 0.0053426503 37.33333 0.6632653   4   13
14       earn_OC9_G-N 2.929841e-03 0.0159048484 24.61538 0.8673469   4   17
15   emp_Y25-64_NaceL 5.010745e-03 0.0253877730 21.75000 0.4591837   3    9
16       earn_OC7_B-F 1.027485e-02 0.0488055416 15.57895 1.1734694   4   23
17       earn_OC8_B-F 1.220465e-02 0.0545619432 14.60000 1.2244898   4   24
