Sets to variables test for over-representation
76 variables tested, 19 have p < 0.05 
Selected set size: 4 
    Universe size: 98 
                 vars        pval       adjp     odds       exp obs size
1         disp_income 0.001073007 0.01019356      Inf 0.7755102   4   19
2    emp_Y25-64_ED5-8 0.001341258 0.01019356      Inf 0.8163265   4   20
3              emp_PT 0.001341258 0.01019356      Inf 0.8163265   4   20
4          emp_Y15-24 0.001341258 0.01019356      Inf 0.8163265   4   20
5          emp_Y25-64 0.001341258 0.01019356      Inf 0.8163265   4   20
6  emp_Y25-64_NaceM_N 0.001341258 0.01019356      Inf 0.8163265   4   20
7  emp_Y25-64_NaceO-Q 0.001341258 0.01019356      Inf 0.8163265   4   20
8  emp_Y25-64_NaceR-U 0.001341258 0.01019356      Inf 0.8163265   4   20
9                 GDP 0.001341258 0.01019356      Inf 0.8163265   4   20
10           training 0.001341258 0.01019356      Inf 0.8163265   4   20
11   emp_Y15-24_ED5-8 0.018918799 0.10382916 15.80000 0.7346939   3   18
12 emp_Y15-24_NaceO-Q 0.018918799 0.10382916 15.80000 0.7346939   3   18
13   emp_Y15-24_ED0-2 0.022264885 0.10382916 14.62500 0.7755102   3   19
14 emp_Y15-24_NaceG-I 0.022264885 0.10382916 14.62500 0.7755102   3   19
15   emp_Y25-64_NaceJ 0.022264885 0.10382916 14.62500 0.7755102   3   19
16   emp_Y25-64_NaceK 0.022264885 0.10382916 14.62500 0.7755102   3   19
17   emp_Y25-64_ED3-4 0.025957290 0.10382916 13.58824 0.8163265   3   20
18 emp_Y25-64_NaceB-E 0.025957290 0.10382916 13.58824 0.8163265   3   20
19   emp_Y25-64_NaceF 0.025957290 0.10382916 13.58824 0.8163265   3   20
