Sets to variables test for over-representation
76 variables tested, 17 have p < 0.05 
Selected set size: 2 
    Universe size: 98 
                 vars        pval     adjp odds       exp obs size
1        earn_OC6_B-F 0.009467705 0.155594  Inf 0.2040816   2   10
2               GVAgr 0.011571639 0.155594  Inf 0.2244898   2   11
3        earn_OC6_G-N 0.032190196 0.155594  Inf 0.3673469   2   18
4        expend_ED5-8 0.035977278 0.155594  Inf 0.3877551   2   19
5           pop_Total 0.039974753 0.155594  Inf 0.4081633   2   20
6          pop_Y65-74 0.039974753 0.155594  Inf 0.4081633   2   20
7           pop_YGE75 0.039974753 0.155594  Inf 0.4081633   2   20
8    emp_Y25-64_ED3-4 0.039974753 0.155594  Inf 0.4081633   2   20
9    emp_Y25-64_ED5-8 0.039974753 0.155594  Inf 0.4081633   2   20
10 emp_Y25-64_NaceB-E 0.039974753 0.155594  Inf 0.4081633   2   20
11       earn_OC2_B-F 0.039974753 0.155594  Inf 0.4081633   2   20
12       earn_OC5_B-F 0.039974753 0.155594  Inf 0.4081633   2   20
13       earn_OC2_G-N 0.039974753 0.155594  Inf 0.4081633   2   20
14       earn_OC5_G-N 0.039974753 0.155594  Inf 0.4081633   2   20
15       earn_OC9_G-N 0.039974753 0.155594  Inf 0.4081633   2   20
16       earn_OC7_B-F 0.048600884 0.155594  Inf 0.4489796   2   22
17       earn_OC7_G-N 0.048600884 0.155594  Inf 0.4489796   2   22
