Sets to variables test for over-representation
76 variables tested, 24 have p < 0.05 
Selected set size: 7 
    Universe size: 98 
                 vars         pval         adjp      odds      exp obs size
1        earn_OC2_B-F 5.603418e-06 0.0001064649       Inf 1.428571   7   20
2        earn_OC3_B-F 5.603418e-06 0.0001064649       Inf 1.428571   7   20
3        earn_OC4_B-F 5.603418e-06 0.0001064649       Inf 1.428571   7   20
4        earn_OC1_G-N 5.603418e-06 0.0001064649       Inf 1.428571   7   20
5        earn_OC2_G-N 8.405127e-06 0.0001064649       Inf 1.500000   7   21
6        earn_OC4_G-N 8.405127e-06 0.0001064649       Inf 1.500000   7   21
7        earn_OC3_G-N 1.232752e-05 0.0001171114       Inf 1.571429   7   22
8        earn_OC3_P-S 1.232752e-05 0.0001171114       Inf 1.571429   7   22
9        earn_OC8_B-F 2.501761e-05 0.0001901339       Inf 1.714286   7   24
10       earn_OC1_P-S 2.501761e-05 0.0001901339       Inf 1.714286   7   24
11       earn_OC7_G-N 4.754810e-05 0.0003011379       Inf 1.857143   7   26
12       earn_OC2_P-S 4.754810e-05 0.0003011379       Inf 1.857143   7   26
13       earn_OC6_B-F 7.386681e-05 0.0004318367 43.636364 1.214286   6   17
14       earn_OC9_P-S 1.900749e-04 0.0010318353       Inf 2.214286   7   31
15       earn_OC1_B-F 3.104294e-04 0.0015728421 30.400000 1.500000   6   21
16       earn_OC6_P-S 7.449689e-04 0.0035386024 24.333333 1.714286   6   24
17 emp_Y15-24_NaceO-Q 2.066718e-03 0.0092394430 15.000000 1.285714   5   18
18   emp_Y15-24_ED0-2 2.748196e-03 0.0109927855 13.750000 1.357143   5   19
19        disp_income 2.748196e-03 0.0109927855 13.750000 1.357143   5   19
20   emp_Y25-64_ED3-4 3.589550e-03 0.0136402884 12.666667 1.428571   5   20
21 emp_Y15-24_NaceB-E 2.490383e-02 0.0901281505  6.755556 1.357143   4   19
22          pop_YGE75 3.023240e-02 0.0957359379  6.250000 1.428571   4   20
23             emp_PT 3.023240e-02 0.0957359379  6.250000 1.428571   4   20
24         emp_Y25-64 3.023240e-02 0.0957359379  6.250000 1.428571   4   20
