Sets to variables test for over-representation
76 variables tested, 23 have p < 0.05 
Selected set size: 5 
    Universe size: 98 
                 vars         pval        adjp       odds       exp obs size
1        earn_OC7_B-F 4.720894e-05 0.001927860 120.000000 0.3571429   4    7
2        earn_OC5_B-F 1.712244e-04 0.001927860        Inf 0.9693878   5   19
3        earn_OC9_B-F 1.712244e-04 0.001927860        Inf 0.9693878   5   19
4        earn_OC5_G-N 1.712244e-04 0.001927860        Inf 0.9693878   5   19
5          emp_Y25-64 2.282993e-04 0.001927860        Inf 1.0204082   5   20
6  emp_Y25-64_NaceO-Q 2.282993e-04 0.001927860        Inf 1.0204082   5   20
7            training 2.282993e-04 0.001927860        Inf 1.0204082   5   20
8        earn_OC8_G-N 2.282993e-04 0.001927860        Inf 1.0204082   5   20
9        earn_OC9_G-N 2.282993e-04 0.001927860        Inf 1.0204082   5   20
10       earn_OC7_P-S 4.954877e-04 0.003765707        Inf 1.1734694   5   23
11       earn_OC5_P-S 6.258792e-04 0.004324257        Inf 1.2244898   5   24
12       earn_OC7_G-N 9.686226e-04 0.006134610        Inf 1.3265306   5   26
13       earn_OC6_G-N 1.267632e-03 0.007410773  33.200000 0.7142857   4   14
14       earn_OC9_P-S 2.501971e-03 0.013582127        Inf 1.5816327   5   31
15 emp_Y15-24_NaceR-U 2.929841e-03 0.014844525  24.615385 0.8673469   4   17
16         pop_Y65-74 5.793094e-03 0.027517195  19.250000 1.0204082   4   20
17       earn_OC8_B-F 1.220465e-02 0.048818581  14.600000 1.2244898   4   24
18       earn_OC6_P-S 1.220465e-02 0.048818581  14.600000 1.2244898   4   24
19       earn_OC8_P-S 1.220465e-02 0.048818581  14.600000 1.2244898   4   24
20           rooms_pp 1.594858e-02 0.060604613  12.450000 0.6632653   3   13
21       expend_ED5-8 1.681881e-02 0.060868079  12.909091 1.3265306   4   26
22   emp_Y25-64_NaceL 3.537237e-02 0.116882604   8.464286 0.8673469   3   17
23 emp_Y15-24_NaceM_N 3.537237e-02 0.116882604   8.464286 0.8673469   3   17
