Sets to variables test for over-representation
76 variables tested, 16 have p < 0.05 
Selected set size: 3 
    Universe size: 98 
                 vars        pval       adjp odds       exp obs size
1  emp_Y15-24_NaceR-U 0.004470861 0.03560251  Inf 0.5204082   3   17
2    emp_Y15-24_ED5-8 0.005365033 0.03560251  Inf 0.5510204   3   18
3    emp_Y15-24_ED3-4 0.006370976 0.03560251  Inf 0.5816327   3   19
4  emp_Y15-24_NaceB-E 0.006370976 0.03560251  Inf 0.5816327   3   19
5  emp_Y15-24_NaceG-I 0.006370976 0.03560251  Inf 0.5816327   3   19
6    emp_Y25-64_NaceJ 0.006370976 0.03560251  Inf 0.5816327   3   19
7    emp_Y25-64_NaceK 0.006370976 0.03560251  Inf 0.5816327   3   19
8    emp_Y25-64_ED3-4 0.007495266 0.03560251  Inf 0.6122449   3   20
9    emp_Y25-64_ED5-8 0.007495266 0.03560251  Inf 0.6122449   3   20
10             emp_FT 0.007495266 0.03560251  Inf 0.6122449   3   20
11         emp_Y15-24 0.007495266 0.03560251  Inf 0.6122449   3   20
12         emp_Y25-64 0.007495266 0.03560251  Inf 0.6122449   3   20
13 emp_Y25-64_NaceB-E 0.007495266 0.03560251  Inf 0.6122449   3   20
14   emp_Y25-64_NaceF 0.007495266 0.03560251  Inf 0.6122449   3   20
15 emp_Y25-64_NaceG-I 0.007495266 0.03560251  Inf 0.6122449   3   20
16                GDP 0.007495266 0.03560251  Inf 0.6122449   3   20
