Sets to variables test for over-representation
76 variables tested, 17 have p < 0.05 
Selected set size: 10 
    Universe size: 98 
                 vars         pval         adjp      odds      exp obs size
1  emp_Y15-24_NaceG-I 1.400336e-07 5.321275e-06       Inf 2.448980  10   24
2        earn_OC8_P-S 1.400336e-07 5.321275e-06       Inf 2.448980  10   24
3  emp_Y25-64_NaceO-Q 2.333893e-07 5.912528e-06       Inf 2.551020  10   25
4        expend_ED5-8 3.792576e-07 7.205894e-06       Inf 2.653061  10   26
5  emp_Y15-24_NaceR-U 1.641151e-06 2.494549e-05 57.000000 2.142857   9   21
6    emp_Y15-24_ED3-4 7.048356e-06 7.652501e-05 43.800000 2.448980   9   24
7           emp_YGE65 7.048356e-06 7.652501e-05 43.800000 2.448980   9   24
8    emp_Y15-24_ED5-8 6.781531e-05 6.442455e-04 21.142857 2.244898   8   22
9              emp_PT 2.138275e-04 1.625089e-03 16.705882 2.551020   8   25
10         emp_Y15-24 2.138275e-04 1.625089e-03 16.705882 2.551020   8   25
11         pop_Y15-24 2.348516e-03 1.622611e-02  9.074074 2.551020   7   25
12          pop_Y0-14 1.611164e-02 8.746317e-02  5.447368 2.551020   6   25
13   emp_Y25-64_NaceF 1.611164e-02 8.746317e-02  5.447368 2.551020   6   25
14           training 1.611164e-02 8.746317e-02  5.447368 2.551020   6   25
15   emp_Y15-24_NaceF 3.460114e-02 1.546874e-01  4.500000 2.142857   5   21
16   emp_Y25-64_NaceL 3.460114e-02 1.546874e-01  4.500000 2.142857   5   21
17 emp_Y15-24_NaceM_N 3.460114e-02 1.546874e-01  4.500000 2.142857   5   21
