Sets to variables test for over-representation
76 variables tested, 20 have p < 0.05 
Selected set size: 5 
    Universe size: 98 
                 vars         pval         adjp     odds       exp obs size
1           pop_YGE75 3.710746e-06 9.400558e-05      Inf 0.5102041   5   10
2    emp_Y25-64_ED3-4 3.710746e-06 9.400558e-05      Inf 0.5102041   5   10
3    emp_Y25-64_NaceF 3.710746e-06 9.400558e-05      Inf 0.5102041   5   10
4        earn_OC3_B-F 6.431961e-05 8.656347e-04      Inf 0.8163265   5   16
5        earn_OC1_G-N 6.431961e-05 8.656347e-04      Inf 0.8163265   5   16
6        earn_OC2_B-F 9.111944e-05 8.656347e-04      Inf 0.8673469   5   17
7        earn_OC4_B-F 9.111944e-05 8.656347e-04      Inf 0.8673469   5   17
8        earn_OC6_B-F 9.111944e-05 8.656347e-04      Inf 0.8673469   5   17
9        earn_OC2_G-N 1.261654e-04 9.588569e-04      Inf 0.9183673   5   18
10       earn_OC4_G-N 1.261654e-04 9.588569e-04      Inf 0.9183673   5   18
11 emp_Y15-24_NaceO-Q 1.669836e-04 1.153705e-03 70.40000 0.4591837   4    9
12       earn_OC1_B-F 2.996428e-04 1.897738e-03      Inf 1.0714286   5   21
13       earn_OC3_G-N 3.877730e-04 1.964717e-03      Inf 1.1224490   5   22
14       earn_OC3_P-S 3.877730e-04 1.964717e-03      Inf 1.1224490   5   22
15       earn_OC4_P-S 3.877730e-04 1.964717e-03      Inf 1.1224490   5   22
16       earn_OC7_B-F 4.954877e-04 2.353567e-03      Inf 1.1734694   5   23
17       earn_OC8_B-F 6.258792e-04 2.642601e-03      Inf 1.2244898   5   24
18       earn_OC1_P-S 6.258792e-04 2.642601e-03      Inf 1.2244898   5   24
19         pop_Y65-74 7.039993e-03 2.675197e-02 18.42857 0.5102041   3   10
20 emp_Y15-24_NaceB-E 7.039993e-03 2.675197e-02 18.42857 0.5102041   3   10
