[1] 98 16
 [1] "AT1" "AT2" "AT3" "BE1" "BE2" "BE3" "BG3" "BG4" "CY0" "CZ0" "DE1" "DE2" "DE3" "DE4" "DE5" "DE6" "DE7" "DE8" "DE9" "DEA" "DEB"
[22] "DEC" "DED" "DEE" "DEF" "DEG" "DK0" "EE0" "EL3" "EL4" "EL5" "EL6" "ES1" "ES2" "ES3" "ES4" "ES5" "ES6" "ES7" "FI1" "FI2" "FR1"
[43] "FR2" "FR3" "FR4" "FR5" "FR6" "FR7" "FR8" "FRA" "HR0" "HU1" "HU2" "HU3" "IE0" "ITC" "ITF" "ITG" "ITH" "ITI" "LT0" "LU0" "LV0"
[64] "MT0" "NL1" "NL2" "NL3" "NL4" "PL1" "PL2" "PL3" "PL4" "PL5" "PL6" "PT1" "PT2" "PT3" "RO1" "RO2" "RO3" "RO4" "SE1" "SE2" "SE3"
[85] "SI0" "SK0" "UKC" "UKD" "UKE" "UKF" "UKG" "UKH" "UKI" "UKJ" "UKK" "UKL" "UKM" "UKN"
 [1] "pop_Total"          "pop_Y0-14"          "pop_Y15-24"         "pop_Y25-64"         "pop_Y65-74"         "pop_YGE75"         
 [7] "emp_Y25-64_ED0-2"   "emp_Y25-64_ED3-4"   "emp_Y25-64_ED5-8"   "emp_FT"             "emp_PT"             "emp_Y25-64"        
[13] "emp_Y25-64_NaceG-I" "emp_Y25-64_NaceO-Q" "GDP"                "training"          
   pop_Total          pop_Y0-14       pop_Y15-24      pop_Y25-64      pop_Y65-74       pop_YGE75      emp_Y25-64_ED0-2
 Min.   :   28916   Min.   :11.42   Min.   : 7.25   Min.   :49.06   Min.   : 6.143   Min.   : 4.978   Min.   : 1.845  
 1st Qu.: 2658112   1st Qu.:13.92   1st Qu.:10.64   1st Qu.:52.32   1st Qu.: 9.084   1st Qu.: 7.541   1st Qu.: 7.384  
 Median : 4218650   Median :15.19   Median :11.41   Median :54.78   Median :10.039   Median : 8.679   Median :10.910  
 Mean   : 5188820   Mean   :15.57   Mean   :11.27   Mean   :54.43   Mean   : 9.843   Mean   : 8.878   Mean   :12.243  
 3rd Qu.: 6721748   3rd Qu.:16.89   3rd Qu.:12.30   3rd Qu.:56.52   3rd Qu.:10.706   3rd Qu.:10.119   3rd Qu.:14.980  
 Max.   :17638098   Max.   :25.43   Max.   :14.08   Max.   :60.39   Max.   :12.683   Max.   :13.024   Max.   :43.406  
 emp_Y25-64_ED3-4 emp_Y25-64_ED5-8     emp_FT          emp_PT         emp_Y25-64    emp_Y25-64_NaceG-I emp_Y25-64_NaceO-Q
 Min.   :11.07    Min.   : 9.101   Min.   :28.41   Min.   : 1.355   Min.   :47.48   Min.   :10.58      Min.   : 8.204    
 1st Qu.:26.03    1st Qu.:18.821   1st Qu.:43.67   1st Qu.: 6.310   1st Qu.:67.64   1st Qu.:14.62      1st Qu.:15.594    
 Median :34.30    Median :25.113   Median :45.51   Median :10.629   Median :72.66   Median :16.26      Median :20.002    
 Mean   :33.93    Mean   :24.504   Mean   :45.44   Mean   :11.745   Mean   :70.92   Mean   :16.29      Mean   :19.252    
 3rd Qu.:41.80    3rd Qu.:29.752   3rd Qu.:48.61   3rd Qu.:16.529   3rd Qu.:76.35   3rd Qu.:17.53      3rd Qu.:23.288    
 Max.   :55.65    Max.   :44.681   Max.   :59.90   Max.   :33.705   Max.   :88.00   Max.   :23.82      Max.   :30.470    
      GDP           training     
 Min.   : 9900   Min.   : 0.800  
 1st Qu.:20900   1st Qu.: 6.325  
 Median :24800   Median : 9.300  
 Mean   :27030   Mean   :10.852  
 3rd Qu.:31900   3rd Qu.:15.950  
 Max.   :73000   Max.   :31.900  
[1] 14 16
 [1] "BG3" "BG4" "CZ0" "LV0" "PL1" "PL2" "PL3" "PL4" "PL5" "PL6" "RO1" "RO2" "RO3" "RO4"
 [1] "pop_Total"          "pop_Y0-14"          "pop_Y15-24"         "pop_Y25-64"         "pop_Y65-74"         "pop_YGE75"         
 [7] "emp_Y25-64_ED0-2"   "emp_Y25-64_ED3-4"   "emp_Y25-64_ED5-8"   "emp_FT"             "emp_PT"             "emp_Y25-64"        
[13] "emp_Y25-64_NaceG-I" "emp_Y25-64_NaceO-Q" "GDP"                "training"          
   pop_Total          pop_Y0-14       pop_Y15-24       pop_Y25-64      pop_Y65-74       pop_YGE75     emp_Y25-64_ED0-2
 Min.   : 1986096   Min.   :13.67   Min.   : 9.826   Min.   :54.17   Min.   : 7.973   Min.   :6.182   Min.   : 2.164  
 1st Qu.: 3825818   1st Qu.:14.28   1st Qu.:10.409   1st Qu.:56.51   1st Qu.: 8.604   1st Qu.:7.054   1st Qu.: 3.477  
 Median : 5550716   Median :14.91   Median :11.263   Median :57.05   Median : 8.959   Median :7.572   Median : 5.022  
 Mean   : 5543059   Mean   :14.96   Mean   :11.212   Mean   :56.86   Mean   : 9.362   Mean   :7.607   Mean   : 7.515  
 3rd Qu.: 6501575   3rd Qu.:15.42   3rd Qu.:11.751   3rd Qu.:57.74   3rd Qu.:10.027   3rd Qu.:8.169   3rd Qu.:11.271  
 Max.   :10538275   Max.   :16.91   Max.   :12.943   Max.   :58.94   Max.   :12.358   Max.   :9.242   Max.   :20.341  
 emp_Y25-64_ED3-4 emp_Y25-64_ED5-8     emp_FT          emp_PT        emp_Y25-64    emp_Y25-64_NaceG-I emp_Y25-64_NaceO-Q
 Min.   :36.79    Min.   :10.11    Min.   :44.69   Min.   :1.355   Min.   :59.21   Min.   :12.27      Min.   : 8.204    
 1st Qu.:38.27    1st Qu.:17.86    1st Qu.:47.52   1st Qu.:3.296   1st Qu.:63.96   1st Qu.:13.38      1st Qu.:10.851    
 Median :39.83    Median :19.04    Median :49.75   Median :4.031   Median :69.28   Median :14.56      Median :13.213    
 Mean   :41.12    Mean   :19.51    Mean   :50.86   Mean   :4.043   Mean   :68.14   Mean   :15.49      Mean   :12.905    
 3rd Qu.:42.25    3rd Qu.:21.77    3rd Qu.:54.78   3rd Qu.:4.709   3rd Qu.:71.52   3rd Qu.:17.55      3rd Qu.:15.256    
 Max.   :55.65    Max.   :31.47    Max.   :59.90   Max.   :9.049   Max.   :79.11   Max.   :20.18      Max.   :16.681    
      GDP           training    
 Min.   : 9900   Min.   :0.800  
 1st Qu.:13450   1st Qu.:1.975  
 Median :16650   Median :3.200  
 Mean   :16914   Mean   :3.464  
 3rd Qu.:19000   3rd Qu.:4.050  
 Max.   :25800   Max.   :9.600  
[1] 14 15
 [1] "BG3" "BG4" "CZ0" "LV0" "PL1" "PL2" "PL3" "PL4" "PL5" "PL6" "RO1" "RO2" "RO3" "RO4"
 [1] "pop_Total"          "pop_Y0-14"          "pop_Y15-24"         "pop_Y25-64"         "pop_Y65-74"         "pop_YGE75"         
 [7] "emp_Y25-64_ED0-2"   "emp_Y25-64_ED3-4"   "emp_Y25-64_ED5-8"   "emp_FT"             "emp_PT"             "emp_Y25-64_NaceG-I"
[13] "emp_Y25-64_NaceO-Q" "GDP"                "training"          
   pop_Total          pop_Y0-14       pop_Y15-24       pop_Y25-64      pop_Y65-74       pop_YGE75     emp_Y25-64_ED0-2
 Min.   : 1986096   Min.   :13.67   Min.   : 9.826   Min.   :54.17   Min.   : 7.973   Min.   :6.182   Min.   : 2.164  
 1st Qu.: 3825818   1st Qu.:14.28   1st Qu.:10.409   1st Qu.:56.51   1st Qu.: 8.604   1st Qu.:7.054   1st Qu.: 3.477  
 Median : 5550716   Median :14.91   Median :11.263   Median :57.05   Median : 8.959   Median :7.572   Median : 5.022  
 Mean   : 5543059   Mean   :14.96   Mean   :11.212   Mean   :56.86   Mean   : 9.362   Mean   :7.607   Mean   : 7.515  
 3rd Qu.: 6501575   3rd Qu.:15.42   3rd Qu.:11.751   3rd Qu.:57.74   3rd Qu.:10.027   3rd Qu.:8.169   3rd Qu.:11.271  
 Max.   :10538275   Max.   :16.91   Max.   :12.943   Max.   :58.94   Max.   :12.358   Max.   :9.242   Max.   :20.341  
 emp_Y25-64_ED3-4 emp_Y25-64_ED5-8     emp_FT          emp_PT      emp_Y25-64_NaceG-I emp_Y25-64_NaceO-Q      GDP       
 Min.   :36.79    Min.   :10.11    Min.   :44.69   Min.   :1.355   Min.   :12.27      Min.   : 8.204     Min.   : 9900  
 1st Qu.:38.27    1st Qu.:17.86    1st Qu.:47.52   1st Qu.:3.296   1st Qu.:13.38      1st Qu.:10.851     1st Qu.:13450  
 Median :39.83    Median :19.04    Median :49.75   Median :4.031   Median :14.56      Median :13.213     Median :16650  
 Mean   :41.12    Mean   :19.51    Mean   :50.86   Mean   :4.043   Mean   :15.49      Mean   :12.905     Mean   :16914  
 3rd Qu.:42.25    3rd Qu.:21.77    3rd Qu.:54.78   3rd Qu.:4.709   3rd Qu.:17.55      3rd Qu.:15.256     3rd Qu.:19000  
 Max.   :55.65    Max.   :31.47    Max.   :59.90   Max.   :9.049   Max.   :20.18      Max.   :16.681     Max.   :25800  
    training    
 Min.   :0.800  
 1st Qu.:1.975  
 Median :3.200  
 Mean   :3.464  
 3rd Qu.:4.050  
 Max.   :9.600  
