[1] 98 16
 [1] "AT1" "AT2" "AT3" "BE1" "BE2" "BE3" "BG3" "BG4" "CY0" "CZ0" "DE1" "DE2" "DE3" "DE4" "DE5" "DE6" "DE7" "DE8" "DE9" "DEA" "DEB"
[22] "DEC" "DED" "DEE" "DEF" "DEG" "DK0" "EE0" "EL3" "EL4" "EL5" "EL6" "ES1" "ES2" "ES3" "ES4" "ES5" "ES6" "ES7" "FI1" "FI2" "FR1"
[43] "FR2" "FR3" "FR4" "FR5" "FR6" "FR7" "FR8" "FRA" "HR0" "HU1" "HU2" "HU3" "IE0" "ITC" "ITF" "ITG" "ITH" "ITI" "LT0" "LU0" "LV0"
[64] "MT0" "NL1" "NL2" "NL3" "NL4" "PL1" "PL2" "PL3" "PL4" "PL5" "PL6" "PT1" "PT2" "PT3" "RO1" "RO2" "RO3" "RO4" "SE1" "SE2" "SE3"
[85] "SI0" "SK0" "UKC" "UKD" "UKE" "UKF" "UKG" "UKH" "UKI" "UKJ" "UKK" "UKL" "UKM" "UKN"
 [1] "pop_Total"          "pop_Y0-14"          "pop_Y15-24"         "pop_Y25-64"         "pop_Y65-74"         "pop_YGE75"         
 [7] "emp_Y25-64_ED0-2"   "emp_Y25-64_ED3-4"   "emp_Y25-64_ED5-8"   "emp_FT"             "emp_PT"             "emp_Y25-64"        
[13] "emp_Y25-64_NaceG-I" "emp_Y25-64_NaceO-Q" "GDP"                "training"          
   pop_Total          pop_Y0-14       pop_Y15-24      pop_Y25-64      pop_Y65-74       pop_YGE75      emp_Y25-64_ED0-2
 Min.   :   28916   Min.   :11.42   Min.   : 7.25   Min.   :49.06   Min.   : 6.143   Min.   : 4.978   Min.   : 1.845  
 1st Qu.: 2658112   1st Qu.:13.92   1st Qu.:10.64   1st Qu.:52.32   1st Qu.: 9.084   1st Qu.: 7.541   1st Qu.: 7.384  
 Median : 4218650   Median :15.19   Median :11.41   Median :54.78   Median :10.039   Median : 8.679   Median :10.910  
 Mean   : 5188820   Mean   :15.57   Mean   :11.27   Mean   :54.43   Mean   : 9.843   Mean   : 8.878   Mean   :12.243  
 3rd Qu.: 6721748   3rd Qu.:16.89   3rd Qu.:12.30   3rd Qu.:56.52   3rd Qu.:10.706   3rd Qu.:10.119   3rd Qu.:14.980  
 Max.   :17638098   Max.   :25.43   Max.   :14.08   Max.   :60.39   Max.   :12.683   Max.   :13.024   Max.   :43.406  
 emp_Y25-64_ED3-4 emp_Y25-64_ED5-8     emp_FT          emp_PT         emp_Y25-64    emp_Y25-64_NaceG-I emp_Y25-64_NaceO-Q
 Min.   :11.07    Min.   : 9.101   Min.   :28.41   Min.   : 1.355   Min.   :47.48   Min.   :10.58      Min.   : 8.204    
 1st Qu.:26.03    1st Qu.:18.821   1st Qu.:43.67   1st Qu.: 6.310   1st Qu.:67.64   1st Qu.:14.62      1st Qu.:15.594    
 Median :34.30    Median :25.113   Median :45.51   Median :10.629   Median :72.66   Median :16.26      Median :20.002    
 Mean   :33.93    Mean   :24.504   Mean   :45.44   Mean   :11.745   Mean   :70.92   Mean   :16.29      Mean   :19.252    
 3rd Qu.:41.80    3rd Qu.:29.752   3rd Qu.:48.61   3rd Qu.:16.529   3rd Qu.:76.35   3rd Qu.:17.53      3rd Qu.:23.288    
 Max.   :55.65    Max.   :44.681   Max.   :59.90   Max.   :33.705   Max.   :88.00   Max.   :23.82      Max.   :30.470    
      GDP           training     
 Min.   : 9900   Min.   : 0.800  
 1st Qu.:20900   1st Qu.: 6.325  
 Median :24800   Median : 9.300  
 Mean   :27030   Mean   :10.852  
 3rd Qu.:31900   3rd Qu.:15.950  
 Max.   :73000   Max.   :31.900  
[1] 26 16
 [1] "CY0" "CZ0" "ES1" "ES2" "ES3" "ES4" "ES5" "ES6" "ES7" "ITC" "ITF" "ITG" "ITH" "ITI" "UKC" "UKD" "UKE" "UKF" "UKG" "UKH" "UKI"
[22] "UKJ" "UKK" "UKL" "UKM" "UKN"
 [1] "pop_Total"          "pop_Y0-14"          "pop_Y15-24"         "pop_Y25-64"         "pop_Y65-74"         "pop_YGE75"         
 [7] "emp_Y25-64_ED0-2"   "emp_Y25-64_ED3-4"   "emp_Y25-64_ED5-8"   "emp_FT"             "emp_PT"             "emp_Y25-64"        
[13] "emp_Y25-64_NaceG-I" "emp_Y25-64_NaceO-Q" "GDP"                "training"          
   pop_Total          pop_Y0-14       pop_Y15-24       pop_Y25-64      pop_Y65-74       pop_YGE75      emp_Y25-64_ED0-2
 Min.   :  847008   Min.   :11.97   Min.   : 8.011   Min.   :50.17   Min.   : 6.143   Min.   : 5.330   Min.   : 2.933  
 1st Qu.: 4494382   1st Qu.:14.28   1st Qu.: 9.558   1st Qu.:51.39   1st Qu.: 9.403   1st Qu.: 8.111   1st Qu.:12.356  
 Median : 5888820   Median :16.17   Median :11.523   Median :54.63   Median :10.051   Median : 8.619   Median :14.859  
 Mean   : 7057909   Mean   :15.95   Mean   :11.254   Mean   :54.03   Mean   : 9.862   Mean   : 8.910   Mean   :15.887  
 3rd Qu.: 9752592   3rd Qu.:17.57   3rd Qu.:12.941   3rd Qu.:56.30   3rd Qu.:10.803   3rd Qu.: 9.943   3rd Qu.:20.794  
 Max.   :16138643   Max.   :19.52   Max.   :14.076   Max.   :60.39   Max.   :11.445   Max.   :12.393   Max.   :23.725  
 emp_Y25-64_ED3-4 emp_Y25-64_ED5-8     emp_FT          emp_PT         emp_Y25-64    emp_Y25-64_NaceG-I emp_Y25-64_NaceO-Q
 Min.   :12.09    Min.   : 9.101   Min.   :29.13   Min.   : 3.854   Min.   :47.48   Min.   :12.43      Min.   :12.05     
 1st Qu.:17.64    1st Qu.:19.041   1st Qu.:42.67   1st Qu.: 7.547   1st Qu.:66.42   1st Qu.:15.42      1st Qu.:14.15     
 Median :28.81    Median :27.913   Median :44.75   Median :10.380   Median :72.63   Median :16.21      Median :15.96     
 Mean   :26.47    Mean   :26.438   Mean   :43.80   Mean   :12.023   Mean   :69.29   Mean   :16.40      Mean   :19.08     
 3rd Qu.:32.71    3rd Qu.:32.207   3rd Qu.:46.36   3rd Qu.:16.564   3rd Qu.:76.12   3rd Qu.:17.25      3rd Qu.:24.07     
 Max.   :55.65    Max.   :44.681   Max.   :56.73   Max.   :19.839   Max.   :80.26   Max.   :23.49      Max.   :27.80     
      GDP           training     
 Min.   :17500   Min.   : 6.300  
 1st Qu.:21875   1st Qu.: 9.375  
 Median :24350   Median :11.650  
 Mean   :26035   Mean   :12.227  
 3rd Qu.:28825   3rd Qu.:15.650  
 Max.   :51200   Max.   :18.900  
[1] 26 16
 [1] "CY0" "CZ0" "ES1" "ES2" "ES3" "ES4" "ES5" "ES6" "ES7" "ITC" "ITF" "ITG" "ITH" "ITI" "UKC" "UKD" "UKE" "UKF" "UKG" "UKH" "UKI"
[22] "UKJ" "UKK" "UKL" "UKM" "UKN"
 [1] "pop_Total"          "pop_Y0-14"          "pop_Y15-24"         "pop_Y25-64"         "pop_Y65-74"         "pop_YGE75"         
 [7] "emp_Y25-64_ED0-2"   "emp_Y25-64_ED3-4"   "emp_Y25-64_ED5-8"   "emp_FT"             "emp_PT"             "emp_Y25-64"        
[13] "emp_Y25-64_NaceG-I" "emp_Y25-64_NaceO-Q" "GDP"                "training"          
   pop_Total          pop_Y0-14       pop_Y15-24       pop_Y25-64      pop_Y65-74       pop_YGE75      emp_Y25-64_ED0-2
 Min.   :  847008   Min.   :11.97   Min.   : 8.011   Min.   :50.17   Min.   : 6.143   Min.   : 5.330   Min.   : 2.933  
 1st Qu.: 4494382   1st Qu.:14.28   1st Qu.: 9.558   1st Qu.:51.39   1st Qu.: 9.403   1st Qu.: 8.111   1st Qu.:12.356  
 Median : 5888820   Median :16.17   Median :11.523   Median :54.63   Median :10.051   Median : 8.619   Median :14.859  
 Mean   : 7057909   Mean   :15.95   Mean   :11.254   Mean   :54.03   Mean   : 9.862   Mean   : 8.910   Mean   :15.887  
 3rd Qu.: 9752592   3rd Qu.:17.57   3rd Qu.:12.941   3rd Qu.:56.30   3rd Qu.:10.803   3rd Qu.: 9.943   3rd Qu.:20.794  
 Max.   :16138643   Max.   :19.52   Max.   :14.076   Max.   :60.39   Max.   :11.445   Max.   :12.393   Max.   :23.725  
 emp_Y25-64_ED3-4 emp_Y25-64_ED5-8     emp_FT          emp_PT         emp_Y25-64    emp_Y25-64_NaceG-I emp_Y25-64_NaceO-Q
 Min.   :12.09    Min.   : 9.101   Min.   :29.13   Min.   : 3.854   Min.   :47.48   Min.   :12.43      Min.   :12.05     
 1st Qu.:17.64    1st Qu.:19.041   1st Qu.:42.67   1st Qu.: 7.547   1st Qu.:66.42   1st Qu.:15.42      1st Qu.:14.15     
 Median :28.81    Median :27.913   Median :44.75   Median :10.380   Median :72.63   Median :16.21      Median :15.96     
 Mean   :26.47    Mean   :26.438   Mean   :43.80   Mean   :12.023   Mean   :69.29   Mean   :16.40      Mean   :19.08     
 3rd Qu.:32.71    3rd Qu.:32.207   3rd Qu.:46.36   3rd Qu.:16.564   3rd Qu.:76.12   3rd Qu.:17.25      3rd Qu.:24.07     
 Max.   :55.65    Max.   :44.681   Max.   :56.73   Max.   :19.839   Max.   :80.26   Max.   :23.49      Max.   :27.80     
      GDP           training     
 Min.   :17500   Min.   : 6.300  
 1st Qu.:21875   1st Qu.: 9.375  
 Median :24350   Median :11.650  
 Mean   :26035   Mean   :12.227  
 3rd Qu.:28825   3rd Qu.:15.650  
 Max.   :51200   Max.   :18.900  
