[1] 98 16
 [1] "AT1" "AT2" "AT3" "BE1" "BE2" "BE3" "BG3" "BG4" "CY0" "CZ0" "DE1" "DE2" "DE3" "DE4" "DE5" "DE6" "DE7" "DE8" "DE9" "DEA" "DEB"
[22] "DEC" "DED" "DEE" "DEF" "DEG" "DK0" "EE0" "EL3" "EL4" "EL5" "EL6" "ES1" "ES2" "ES3" "ES4" "ES5" "ES6" "ES7" "FI1" "FI2" "FR1"
[43] "FR2" "FR3" "FR4" "FR5" "FR6" "FR7" "FR8" "FRA" "HR0" "HU1" "HU2" "HU3" "IE0" "ITC" "ITF" "ITG" "ITH" "ITI" "LT0" "LU0" "LV0"
[64] "MT0" "NL1" "NL2" "NL3" "NL4" "PL1" "PL2" "PL3" "PL4" "PL5" "PL6" "PT1" "PT2" "PT3" "RO1" "RO2" "RO3" "RO4" "SE1" "SE2" "SE3"
[85] "SI0" "SK0" "UKC" "UKD" "UKE" "UKF" "UKG" "UKH" "UKI" "UKJ" "UKK" "UKL" "UKM" "UKN"
 [1] "pop_Total"          "pop_Y0-14"          "pop_Y15-24"         "pop_Y25-64"         "pop_Y65-74"         "pop_YGE75"         
 [7] "emp_Y25-64_ED0-2"   "emp_Y25-64_ED3-4"   "emp_Y25-64_ED5-8"   "emp_FT"             "emp_PT"             "emp_Y25-64"        
[13] "emp_Y25-64_NaceG-I" "emp_Y25-64_NaceO-Q" "GDP"                "training"          
   pop_Total          pop_Y0-14       pop_Y15-24      pop_Y25-64      pop_Y65-74       pop_YGE75      emp_Y25-64_ED0-2
 Min.   :   28916   Min.   :11.42   Min.   : 7.25   Min.   :49.06   Min.   : 6.143   Min.   : 4.978   Min.   : 1.845  
 1st Qu.: 2658112   1st Qu.:13.92   1st Qu.:10.64   1st Qu.:52.32   1st Qu.: 9.084   1st Qu.: 7.541   1st Qu.: 7.384  
 Median : 4218650   Median :15.19   Median :11.41   Median :54.78   Median :10.039   Median : 8.679   Median :10.910  
 Mean   : 5188820   Mean   :15.57   Mean   :11.27   Mean   :54.43   Mean   : 9.843   Mean   : 8.878   Mean   :12.243  
 3rd Qu.: 6721748   3rd Qu.:16.89   3rd Qu.:12.30   3rd Qu.:56.52   3rd Qu.:10.706   3rd Qu.:10.119   3rd Qu.:14.980  
 Max.   :17638098   Max.   :25.43   Max.   :14.08   Max.   :60.39   Max.   :12.683   Max.   :13.024   Max.   :43.406  
 emp_Y25-64_ED3-4 emp_Y25-64_ED5-8     emp_FT          emp_PT         emp_Y25-64    emp_Y25-64_NaceG-I emp_Y25-64_NaceO-Q
 Min.   :11.07    Min.   : 9.101   Min.   :28.41   Min.   : 1.355   Min.   :47.48   Min.   :10.58      Min.   : 8.204    
 1st Qu.:26.03    1st Qu.:18.821   1st Qu.:43.67   1st Qu.: 6.310   1st Qu.:67.64   1st Qu.:14.62      1st Qu.:15.594    
 Median :34.30    Median :25.113   Median :45.51   Median :10.629   Median :72.66   Median :16.26      Median :20.002    
 Mean   :33.93    Mean   :24.504   Mean   :45.44   Mean   :11.745   Mean   :70.92   Mean   :16.29      Mean   :19.252    
 3rd Qu.:41.80    3rd Qu.:29.752   3rd Qu.:48.61   3rd Qu.:16.529   3rd Qu.:76.35   3rd Qu.:17.53      3rd Qu.:23.288    
 Max.   :55.65    Max.   :44.681   Max.   :59.90   Max.   :33.705   Max.   :88.00   Max.   :23.82      Max.   :30.470    
      GDP           training     
 Min.   : 9900   Min.   : 0.800  
 1st Qu.:20900   1st Qu.: 6.325  
 Median :24800   Median : 9.300  
 Mean   :27030   Mean   :10.852  
 3rd Qu.:31900   3rd Qu.:15.950  
 Max.   :73000   Max.   :31.900  
[1] 85 16
 [1] "AT1" "AT2" "AT3" "BE1" "BE2" "BE3" "CY0" "CZ0" "DE1" "DE2" "DE3" "DE4" "DE5" "DE6" "DE7" "DE8" "DE9" "DEA" "DEB" "DEC" "DED"
[22] "DEE" "DEF" "DEG" "EE0" "EL3" "EL4" "EL5" "EL6" "ES1" "ES2" "ES3" "ES4" "ES5" "ES6" "ES7" "FI1" "FI2" "FR1" "FR2" "FR3" "FR4"
[43] "FR5" "FR6" "FR7" "FR8" "FRA" "HR0" "HU1" "HU2" "HU3" "ITC" "ITF" "ITG" "ITH" "ITI" "LU0" "LV0" "MT0" "PL1" "PL2" "PL3" "PL4"
[64] "PL5" "PL6" "PT1" "PT2" "PT3" "SE1" "SE2" "SE3" "SI0" "SK0" "UKC" "UKD" "UKE" "UKF" "UKG" "UKH" "UKI" "UKJ" "UKK" "UKL" "UKM"
[85] "UKN"
 [1] "pop_Total"          "pop_Y0-14"          "pop_Y15-24"         "pop_Y25-64"         "pop_Y65-74"         "pop_YGE75"         
 [7] "emp_Y25-64_ED0-2"   "emp_Y25-64_ED3-4"   "emp_Y25-64_ED5-8"   "emp_FT"             "emp_PT"             "emp_Y25-64"        
[13] "emp_Y25-64_NaceG-I" "emp_Y25-64_NaceO-Q" "GDP"                "training"          
   pop_Total          pop_Y0-14       pop_Y15-24      pop_Y25-64      pop_Y65-74       pop_YGE75      emp_Y25-64_ED0-2
 Min.   :   28916   Min.   :11.42   Min.   : 7.25   Min.   :49.06   Min.   : 6.143   Min.   : 4.978   Min.   : 1.845  
 1st Qu.: 2235548   1st Qu.:13.79   1st Qu.:10.63   1st Qu.:52.17   1st Qu.: 9.186   1st Qu.: 7.621   1st Qu.: 7.207  
 Median : 4225316   Median :15.16   Median :11.36   Median :54.88   Median :10.048   Median : 8.915   Median :10.662  
 Mean   : 5309657   Mean   :15.49   Mean   :11.22   Mean   :54.42   Mean   : 9.821   Mean   : 9.041   Mean   :12.267  
 3rd Qu.: 7156302   3rd Qu.:16.82   3rd Qu.:12.28   3rd Qu.:56.52   3rd Qu.:10.617   3rd Qu.:10.386   3rd Qu.:15.100  
 Max.   :17638098   Max.   :25.43   Max.   :14.08   Max.   :60.39   Max.   :12.683   Max.   :13.024   Max.   :43.406  
 emp_Y25-64_ED3-4 emp_Y25-64_ED5-8     emp_FT          emp_PT         emp_Y25-64    emp_Y25-64_NaceG-I emp_Y25-64_NaceO-Q
 Min.   :11.07    Min.   : 9.101   Min.   :29.13   Min.   : 2.886   Min.   :47.48   Min.   :10.58      Min.   :11.44     
 1st Qu.:24.86    1st Qu.:18.910   1st Qu.:43.86   1st Qu.: 7.111   1st Qu.:65.86   1st Qu.:14.64      1st Qu.:15.84     
 Median :33.57    Median :25.001   Median :45.40   Median :10.732   Median :72.80   Median :16.32      Median :20.15     
 Mean   :33.61    Mean   :24.648   Mean   :45.58   Mean   :11.310   Mean   :70.73   Mean   :16.37      Mean   :19.54     
 3rd Qu.:42.31    3rd Qu.:29.687   3rd Qu.:48.22   3rd Qu.:16.487   3rd Qu.:76.79   3rd Qu.:17.53      3rd Qu.:23.02     
 Max.   :55.65    Max.   :44.681   Max.   :59.90   Max.   :19.860   Max.   :88.00   Max.   :23.82      Max.   :30.47     
      GDP           training    
 Min.   :12200   Min.   : 1.90  
 1st Qu.:21100   1st Qu.: 6.50  
 Median :25000   Median : 9.30  
 Mean   :27486   Mean   :11.03  
 3rd Qu.:31200   3rd Qu.:15.20  
 Max.   :73000   Max.   :30.90  
[1] 85 16
 [1] "AT1" "AT2" "AT3" "BE1" "BE2" "BE3" "CY0" "CZ0" "DE1" "DE2" "DE3" "DE4" "DE5" "DE6" "DE7" "DE8" "DE9" "DEA" "DEB" "DEC" "DED"
[22] "DEE" "DEF" "DEG" "EE0" "EL3" "EL4" "EL5" "EL6" "ES1" "ES2" "ES3" "ES4" "ES5" "ES6" "ES7" "FI1" "FI2" "FR1" "FR2" "FR3" "FR4"
[43] "FR5" "FR6" "FR7" "FR8" "FRA" "HR0" "HU1" "HU2" "HU3" "ITC" "ITF" "ITG" "ITH" "ITI" "LU0" "LV0" "MT0" "PL1" "PL2" "PL3" "PL4"
[64] "PL5" "PL6" "PT1" "PT2" "PT3" "SE1" "SE2" "SE3" "SI0" "SK0" "UKC" "UKD" "UKE" "UKF" "UKG" "UKH" "UKI" "UKJ" "UKK" "UKL" "UKM"
[85] "UKN"
 [1] "pop_Total"          "pop_Y0-14"          "pop_Y15-24"         "pop_Y25-64"         "pop_Y65-74"         "pop_YGE75"         
 [7] "emp_Y25-64_ED0-2"   "emp_Y25-64_ED3-4"   "emp_Y25-64_ED5-8"   "emp_FT"             "emp_PT"             "emp_Y25-64"        
[13] "emp_Y25-64_NaceG-I" "emp_Y25-64_NaceO-Q" "GDP"                "training"          
   pop_Total          pop_Y0-14       pop_Y15-24      pop_Y25-64      pop_Y65-74       pop_YGE75      emp_Y25-64_ED0-2
 Min.   :   28916   Min.   :11.42   Min.   : 7.25   Min.   :49.06   Min.   : 6.143   Min.   : 4.978   Min.   : 1.845  
 1st Qu.: 2235548   1st Qu.:13.79   1st Qu.:10.63   1st Qu.:52.17   1st Qu.: 9.186   1st Qu.: 7.621   1st Qu.: 7.207  
 Median : 4225316   Median :15.16   Median :11.36   Median :54.88   Median :10.048   Median : 8.915   Median :10.662  
 Mean   : 5309657   Mean   :15.49   Mean   :11.22   Mean   :54.42   Mean   : 9.821   Mean   : 9.041   Mean   :12.267  
 3rd Qu.: 7156302   3rd Qu.:16.82   3rd Qu.:12.28   3rd Qu.:56.52   3rd Qu.:10.617   3rd Qu.:10.386   3rd Qu.:15.100  
 Max.   :17638098   Max.   :25.43   Max.   :14.08   Max.   :60.39   Max.   :12.683   Max.   :13.024   Max.   :43.406  
 emp_Y25-64_ED3-4 emp_Y25-64_ED5-8     emp_FT          emp_PT         emp_Y25-64    emp_Y25-64_NaceG-I emp_Y25-64_NaceO-Q
 Min.   :11.07    Min.   : 9.101   Min.   :29.13   Min.   : 2.886   Min.   :47.48   Min.   :10.58      Min.   :11.44     
 1st Qu.:24.86    1st Qu.:18.910   1st Qu.:43.86   1st Qu.: 7.111   1st Qu.:65.86   1st Qu.:14.64      1st Qu.:15.84     
 Median :33.57    Median :25.001   Median :45.40   Median :10.732   Median :72.80   Median :16.32      Median :20.15     
 Mean   :33.61    Mean   :24.648   Mean   :45.58   Mean   :11.310   Mean   :70.73   Mean   :16.37      Mean   :19.54     
 3rd Qu.:42.31    3rd Qu.:29.687   3rd Qu.:48.22   3rd Qu.:16.487   3rd Qu.:76.79   3rd Qu.:17.53      3rd Qu.:23.02     
 Max.   :55.65    Max.   :44.681   Max.   :59.90   Max.   :19.860   Max.   :88.00   Max.   :23.82      Max.   :30.47     
      GDP           training    
 Min.   :12200   Min.   : 1.90  
 1st Qu.:21100   1st Qu.: 6.50  
 Median :25000   Median : 9.30  
 Mean   :27486   Mean   :11.03  
 3rd Qu.:31200   3rd Qu.:15.20  
 Max.   :73000   Max.   :30.90  
