
Call:
lm(formula = form1, data = dat1)

Residuals:
     Min       1Q   Median       3Q      Max 
-0.72603 -0.19237 -0.03121  0.14677  2.70613 

Coefficients:
                     Estimate Std. Error t value Pr(>|t|)    
(Intercept)        -4.612e-01  7.049e-01  -0.654 0.514659    
pop_Total          -5.846e-08  1.280e-08  -4.568 1.60e-05 ***
pop_Y15_24          1.127e-01  3.403e-02   3.311 0.001348 ** 
emp_Y25_64_ED0_2   -2.767e-02  8.768e-03  -3.156 0.002193 ** 
emp_Y25_64_ED3_4   -4.331e-02  8.018e-03  -5.402 5.54e-07 ***
emp_FT             -9.683e-02  3.928e-02  -2.465 0.015633 *  
emp_PT             -6.685e-02  3.318e-02  -2.015 0.046967 *  
emp_Y25_64          1.290e-01  3.787e-02   3.406 0.000994 ***
emp_Y25_64_NaceO_Q -8.906e-02  1.948e-02  -4.571 1.58e-05 ***
training           -1.901e-02  1.059e-02  -1.795 0.076099 .  
---
Signif. codes:  0 ‘***’ 0.001 ‘**’ 0.01 ‘*’ 0.05 ‘.’ 0.1 ‘ ’ 1

Residual standard error: 0.4261 on 88 degrees of freedom
Multiple R-squared:  0.4539,	Adjusted R-squared:  0.3981 
F-statistic: 8.127 on 9 and 88 DF,  p-value: 1.102e-08

