Neural Network 

14 samples
 4 predictor

No pre-processing
Resampling: Bootstrapped (100 reps) 
Summary of sample sizes: 14, 14, 14, 14, 14, 14, ... 
Resampling results across tuning parameters:

  size  RMSE       Rsquared 
   1    0.2710062  0.6032456
   3    0.3464422  0.5168829
   6    0.3427142  0.5143978
   9    0.3430991  0.5135884
  12    0.3531551  0.5090697
  15    0.3560997  0.5153497
  18    0.3481703  0.5065541
  21    0.3403079  0.5136181
  24    0.3521399  0.5104385
  27    0.3669541  0.5146106
  30    0.3483282  0.5087525

Tuning parameter 'decay' was held constant at a value of 1e-04
RMSE was used to select the optimal model using  the smallest value.
The final values used for the model were size = 1 and decay = 1e-04. 
