
Call:
lm(formula = form1, data = dat1)

Residuals:
    Min      1Q  Median      3Q     Max 
-20.494  -5.363   0.148   5.318  32.346 

Coefficients:
                     Estimate Std. Error t value Pr(>|t|)    
(Intercept)         1.127e+01  2.226e+01   0.506 0.614121    
pop_Total          -1.093e-06  3.169e-07  -3.449 0.000916 ***
pop_Y0_14           1.382e+00  8.486e-01   1.629 0.107501    
pop_YGE75           3.139e+00  8.874e-01   3.537 0.000688 ***
emp_Y25_64_ED5_8    3.495e-01  2.117e-01   1.651 0.102762    
emp_FT             -2.374e+00  4.953e-01  -4.793 7.84e-06 ***
emp_Y25_64          1.415e+00  4.835e-01   2.927 0.004491 ** 
emp_Y25_64_NaceO_Q -1.856e+00  5.909e-01  -3.141 0.002387 ** 
GDP                 4.422e-04  1.462e-04   3.025 0.003382 ** 
---
Signif. codes:  0 ‘***’ 0.001 ‘**’ 0.01 ‘*’ 0.05 ‘.’ 0.1 ‘ ’ 1

Residual standard error: 9.71 on 77 degrees of freedom
Multiple R-squared:  0.6123,	Adjusted R-squared:  0.5721 
F-statistic:  15.2 on 8 and 77 DF,  p-value: 3.812e-13

