
Call:
lm(formula = form1, data = dat1)

Residuals:
    Min      1Q  Median      3Q     Max 
-7.1555 -3.1208 -0.4799  2.1697  8.4429 

Coefficients:
                   Estimate Std. Error t value Pr(>|t|)    
(Intercept)        889.5635   101.2341   8.787 9.94e-08 ***
pop_Y15_24         -15.1211     1.8447  -8.197 2.62e-07 ***
pop_Y25_64          -9.1155     1.1395  -7.999 3.65e-07 ***
pop_Y65_74         -12.5901     2.2201  -5.671 2.76e-05 ***
emp_Y25_64_ED0_2    -1.7561     0.3304  -5.314 5.71e-05 ***
emp_Y25_64_ED5_8    -0.6595     0.1682  -3.921 0.001101 ** 
emp_FT              -1.6078     0.3024  -5.317 5.68e-05 ***
emp_Y25_64_NaceG_I   2.3623     0.5345   4.419 0.000375 ***
---
Signif. codes:  0 ‘***’ 0.001 ‘**’ 0.01 ‘*’ 0.05 ‘.’ 0.1 ‘ ’ 1

Residual standard error: 5.009 on 17 degrees of freedom
Multiple R-squared:  0.8983,	Adjusted R-squared:  0.8564 
F-statistic: 21.45 on 7 and 17 DF,  p-value: 2.897e-07

