Neural Network 

86 samples
 6 predictor

No pre-processing
Resampling: Bootstrapped (100 reps) 
Summary of sample sizes: 86, 86, 86, 86, 86, 86, ... 
Resampling results across tuning parameters:

  size  RMSE       Rsquared 
   1    0.1295537  0.4162413
   3    0.1161798  0.5374492
   6    0.1277357  0.5047483
   9    0.1259716  0.5012152
  12    0.1346642  0.4586742
  15    0.1315270  0.4778993
  18    0.1323004  0.4717614
  21    0.1260467  0.4998718
  24    0.1338394  0.4714435
  27    0.1305574  0.4855099
  30    0.1297607  0.4879920

Tuning parameter 'decay' was held constant at a value of 1e-04
RMSE was used to select the optimal model using  the smallest value.
The final values used for the model were size = 3 and decay = 1e-04. 
