Neural Network 

80 samples
11 predictors

No pre-processing
Resampling: Bootstrapped (100 reps) 
Summary of sample sizes: 80, 80, 80, 80, 80, 80, ... 
Resampling results across tuning parameters:

  size  RMSE       Rsquared 
   1    0.1403264  0.2166998
   3    0.1408432  0.2932627
   6    0.1281068  0.3771768
   9    0.1295079  0.3725075
  12    0.1309895  0.3616409
  15    0.1291919  0.3720483
  18    0.1289613  0.3699881
  21    0.1293573  0.3751160
  24    0.1311520  0.3597163
  27    0.1274250  0.3804173
  30    0.1284883  0.3679037

Tuning parameter 'decay' was held constant at a value of 1e-04
RMSE was used to select the optimal model using  the smallest value.
The final values used for the model were size = 27 and decay = 1e-04. 
