Neural Network 

86 samples
 6 predictor

No pre-processing
Resampling: Bootstrapped (100 reps) 
Summary of sample sizes: 86, 86, 86, 86, 86, 86, ... 
Resampling results across tuning parameters:

  size  RMSE       Rsquared 
   1    0.1290945  0.3202719
   3    0.1476369  0.3438956
   6    0.1786913  0.3075114
   9    0.1894415  0.2769110
  12    0.1844948  0.2766842
  15    0.1983211  0.2867284
  18    0.2036312  0.2682472
  21    0.1960406  0.2848962
  24    0.1992225  0.2795490
  27    0.1914987  0.2885865
  30    0.1971963  0.2839971

Tuning parameter 'decay' was held constant at a value of 1e-04
RMSE was used to select the optimal model using  the smallest value.
The final values used for the model were size = 1 and decay = 1e-04. 
