Neural Network 

88 samples
 4 predictor

No pre-processing
Resampling: Bootstrapped (100 reps) 
Summary of sample sizes: 88, 88, 88, 88, 88, 88, ... 
Resampling results across tuning parameters:

  size  RMSE       Rsquared 
   1    0.1144211  0.4902357
   3    0.1655987  0.3156215
   6    0.1682752  0.2798175
   9    0.1614600  0.2749344
  12    0.1626614  0.2655252
  15    0.1727248  0.2585849
  18    0.1689487  0.2704014
  21    0.1722289  0.2666868
  24    0.1718817  0.2650737
  27    0.1608255  0.2686919
  30    0.1639834  0.2570955

Tuning parameter 'decay' was held constant at a value of 1e-04
RMSE was used to select the optimal model using  the smallest value.
The final values used for the model were size = 1 and decay = 1e-04. 
