Neural Network 

85 samples
 5 predictor

No pre-processing
Resampling: Bootstrapped (100 reps) 
Summary of sample sizes: 85, 85, 85, 85, 85, 85, ... 
Resampling results across tuning parameters:

  size  RMSE       Rsquared 
   1    0.1340168  0.4084661
   3    0.1825239  0.2786115
   6    0.2297879  0.2591935
   9    0.2159600  0.2657756
  12    0.2312324  0.2660911
  15    0.2422031  0.2404722
  18    0.2284025  0.2581661
  21    0.2290471  0.2464613
  24    0.2337452  0.2535169
  27    0.2285763  0.2396565
  30    0.2219543  0.2488994

Tuning parameter 'decay' was held constant at a value of 1e-04
RMSE was used to select the optimal model using  the smallest value.
The final values used for the model were size = 1 and decay = 1e-04. 
