
Call:
lm(formula = form1, data = dat1)

Residuals:
     Min       1Q   Median       3Q      Max 
-17.4282  -3.8724  -0.5952   3.8636  23.1634 

Coefficients:
                     Estimate Std. Error t value Pr(>|t|)    
(Intercept)         6.855e+01  2.347e+01   2.922  0.00454 ** 
pop_Total          -5.100e-07  2.033e-07  -2.509  0.01415 *  
pop_Y25_64         -1.090e+00  3.740e-01  -2.915  0.00463 ** 
emp_Y25_64_ED0_2   -1.019e+01  2.392e+00  -4.258 5.64e-05 ***
emp_Y25_64_ED3_4   -1.036e+01  2.377e+00  -4.359 3.90e-05 ***
emp_Y25_64_ED5_8   -1.026e+01  2.419e+00  -4.242 5.98e-05 ***
emp_Y25_64          1.050e+01  2.367e+00   4.435 2.94e-05 ***
emp_Y25_64_NaceG_I -9.971e-01  3.652e-01  -2.730  0.00780 ** 
GDP                 4.270e-04  9.459e-05   4.514 2.19e-05 ***
---
Signif. codes:  0 ‘***’ 0.001 ‘**’ 0.01 ‘*’ 0.05 ‘.’ 0.1 ‘ ’ 1

Residual standard error: 6.999 on 79 degrees of freedom
Multiple R-squared:  0.6613,	Adjusted R-squared:  0.627 
F-statistic: 19.28 on 8 and 79 DF,  p-value: 9.561e-16

