
Call:
lm(formula = form1, data = dat1)

Residuals:
    Min      1Q  Median      3Q     Max 
-12.571  -4.249  -0.199   2.572  27.245 

Coefficients:
                   Estimate Std. Error t value Pr(>|t|)    
(Intercept)       1.393e+01  1.007e+01   1.383 0.170656    
pop_Total        -5.430e-07  2.098e-07  -2.588 0.011579 *  
pop_Y65_74       -2.635e+00  1.192e+00  -2.211 0.030061 *  
pop_YGE75         2.221e+00  7.580e-01   2.930 0.004492 ** 
emp_Y25_64_ED0_2 -9.159e+00  2.606e+00  -3.514 0.000752 ***
emp_Y25_64_ED3_4 -8.883e+00  2.596e+00  -3.422 0.001009 ** 
emp_Y25_64_ED5_8 -9.005e+00  2.645e+00  -3.405 0.001065 ** 
emp_FT           -1.054e+00  2.760e-01  -3.821 0.000272 ***
emp_Y25_64        9.690e+00  2.515e+00   3.853 0.000244 ***
GDP               4.100e-04  1.107e-04   3.704 0.000403 ***
---
Signif. codes:  0 ‘***’ 0.001 ‘**’ 0.01 ‘*’ 0.05 ‘.’ 0.1 ‘ ’ 1

Residual standard error: 7.24 on 75 degrees of freedom
Multiple R-squared:  0.6622,	Adjusted R-squared:  0.6216 
F-statistic: 16.33 on 9 and 75 DF,  p-value: 1.786e-14

