
Call:
lm(formula = form1, data = dat1)

Residuals:
     Min       1Q   Median       3Q      Max 
-0.55170 -0.15400 -0.02442  0.10871  1.41548 

Coefficients:
                     Estimate Std. Error t value Pr(>|t|)    
(Intercept)         3.073e-01  4.601e-01   0.668  0.50596    
pop_Total          -4.192e-08  8.458e-09  -4.956 3.46e-06 ***
pop_Y15_24          6.543e-02  2.338e-02   2.798  0.00632 ** 
emp_Y25_64_ED0_2   -1.617e-01  8.391e-02  -1.927  0.05718 .  
emp_Y25_64_ED3_4   -1.703e-01  8.387e-02  -2.030  0.04537 *  
emp_Y25_64_ED5_8   -1.432e-01  8.519e-02  -1.681  0.09632 .  
emp_FT             -7.031e-02  2.735e-02  -2.571  0.01182 *  
emp_PT             -5.433e-02  2.358e-02  -2.304  0.02357 *  
emp_Y25_64          2.286e-01  9.457e-02   2.417  0.01770 *  
emp_Y25_64_NaceO_Q -6.872e-02  1.210e-02  -5.677 1.73e-07 ***
---
Signif. codes:  0 ‘***’ 0.001 ‘**’ 0.01 ‘*’ 0.05 ‘.’ 0.1 ‘ ’ 1

Residual standard error: 0.2865 on 88 degrees of freedom
Multiple R-squared:  0.4752,	Adjusted R-squared:  0.4215 
F-statistic: 8.852 on 9 and 88 DF,  p-value: 2.237e-09

