
Call:
lm(formula = form1, data = dat1)

Residuals:
    Min      1Q  Median      3Q     Max 
-16.327  -5.939   0.344   4.087  33.024 

Coefficients:
                   Estimate Std. Error t value Pr(>|t|)    
(Intercept)       3.030e+00  1.791e+01   0.169 0.866113    
pop_Total        -8.994e-07  2.347e-07  -3.832 0.000260 ***
pop_Y0_14         9.405e-01  5.910e-01   1.591 0.115653    
pop_Y65_74       -2.599e+00  1.294e+00  -2.008 0.048149 *  
pop_YGE75         4.015e+00  8.673e-01   4.630 1.48e-05 ***
emp_Y25_64_ED3_4  4.564e-01  1.114e-01   4.096 0.000104 ***
emp_FT           -1.359e+00  3.029e-01  -4.488 2.52e-05 ***
emp_Y25_64        4.329e-01  2.588e-01   1.673 0.098427 .  
GDP               6.701e-04  1.216e-04   5.512 4.66e-07 ***
---
Signif. codes:  0 ‘***’ 0.001 ‘**’ 0.01 ‘*’ 0.05 ‘.’ 0.1 ‘ ’ 1

Residual standard error: 8.088 on 76 degrees of freedom
Multiple R-squared:  0.7052,	Adjusted R-squared:  0.6741 
F-statistic: 22.72 on 8 and 76 DF,  p-value: < 2.2e-16

