Neural Network 

26 samples
 6 predictor

No pre-processing
Resampling: Bootstrapped (100 reps) 
Summary of sample sizes: 26, 26, 26, 26, 26, 26, ... 
Resampling results across tuning parameters:

  size  RMSE       Rsquared 
   1    0.4006398  0.5257715
   3    0.3919445  0.5015758
   6    0.3892291  0.5149504
   9    0.3944688  0.5069575
  12    0.3975376  0.5043057
  15    0.3910258  0.5110885
  18    0.4046456  0.5027792
  21    0.3996269  0.4994655
  24    0.3846748  0.5130054
  27    0.3766932  0.5149931
  30    0.4019323  0.4997535

Tuning parameter 'decay' was held constant at a value of 1e-04
RMSE was used to select the optimal model using  the smallest value.
The final values used for the model were size = 27 and decay = 1e-04. 
