
Call:
lm(formula = form1, data = dat1)

Residuals:
    Min      1Q  Median      3Q     Max 
-17.109  -3.793  -0.103   2.636  25.235 

Coefficients:
                     Estimate Std. Error t value Pr(>|t|)    
(Intercept)        -2.519e+01  1.549e+01  -1.626 0.108187    
pop_Total          -5.938e-07  1.915e-07  -3.102 0.002712 ** 
pop_Y0_14           1.561e+00  5.475e-01   2.851 0.005630 ** 
pop_YGE75           9.885e-01  5.218e-01   1.894 0.062060 .  
emp_Y25_64_ED0_2   -9.962e+00  2.197e+00  -4.534 2.15e-05 ***
emp_Y25_64_ED3_4   -9.991e+00  2.178e+00  -4.588 1.76e-05 ***
emp_Y25_64_ED5_8   -1.005e+01  2.216e+00  -4.538 2.12e-05 ***
emp_Y25_64          1.017e+01  2.145e+00   4.740 9.94e-06 ***
emp_Y25_64_NaceG_I -8.746e-01  3.578e-01  -2.444 0.016864 *  
GDP                 3.368e-04  8.646e-05   3.896 0.000211 ***
training            2.934e-01  1.749e-01   1.678 0.097604 .  
---
Signif. codes:  0 ‘***’ 0.001 ‘**’ 0.01 ‘*’ 0.05 ‘.’ 0.1 ‘ ’ 1

Residual standard error: 6.488 on 75 degrees of freedom
Multiple R-squared:  0.6992,	Adjusted R-squared:  0.6591 
F-statistic: 17.43 on 10 and 75 DF,  p-value: 7.279e-16

