Neural Network 

88 samples
 5 predictor

No pre-processing
Resampling: Bootstrapped (100 reps) 
Summary of sample sizes: 88, 88, 88, 88, 88, 88, ... 
Resampling results across tuning parameters:

  size  RMSE       Rsquared 
   1    0.1245902  0.4211903
   3    0.1112339  0.5542799
   6    0.1335284  0.4736757
   9    0.1328009  0.4887615
  12    0.1324849  0.4763451
  15    0.1334622  0.4804655
  18    0.1333703  0.4866701
  21    0.1337464  0.4845239
  24    0.1345407  0.4748046
  27    0.1408448  0.4633033
  30    0.1321909  0.4820677

Tuning parameter 'decay' was held constant at a value of 1e-04
RMSE was used to select the optimal model using  the smallest value.
The final values used for the model were size = 3 and decay = 1e-04. 
