Neural Network 

85 samples
 9 predictor

No pre-processing
Resampling: Bootstrapped (100 reps) 
Summary of sample sizes: 85, 85, 85, 85, 85, 85, ... 
Resampling results across tuning parameters:

  size  RMSE      Rsquared 
   1    10.02100  0.3756848
   3    10.69978  0.3704945
   6    11.74743  0.3349341
   9    12.36917  0.2988941
  12    11.96379  0.3231797
  15    11.66519  0.3267502
  18    11.60902  0.3234956
  21    12.59131  0.3224436
  24    12.30447  0.3068491
  27    12.60224  0.3105638
  30    12.61744  0.3051223

Tuning parameter 'decay' was held constant at a value of 1e-04
RMSE was used to select the optimal model using  the smallest value.
The final values used for the model were size = 1 and decay = 1e-04. 
