Neural Network 

88 samples
 6 predictor

No pre-processing
Resampling: Bootstrapped (100 reps) 
Summary of sample sizes: 88, 88, 88, 88, 88, 88, ... 
Resampling results across tuning parameters:

  size  RMSE       Rsquared 
   1     8.363892  0.2725113
   3     9.289442  0.2735558
   6     9.935464  0.2532092
   9    10.227306  0.2312028
  12    10.258161  0.2458387
  15     9.698768  0.2577373
  18     9.559656  0.2597010
  21    10.299734  0.2500974
  24    10.892248  0.2165174
  27    11.119330  0.1996641
  30    11.166487  0.1899910

Tuning parameter 'decay' was held constant at a value of 1e-04
RMSE was used to select the optimal model using  the smallest value.
The final values used for the model were size = 1 and decay = 1e-04. 
