Neural Network 

88 samples
 8 predictor

No pre-processing
Resampling: Bootstrapped (100 reps) 
Summary of sample sizes: 88, 88, 88, 88, 88, 88, ... 
Resampling results across tuning parameters:

  size  RMSE       Rsquared 
   1     9.494969  0.3872811
   3    10.681300  0.3850971
   6    11.581955  0.3169925
   9    12.485910  0.2640706
  12    12.262466  0.2947200
  15    10.914858  0.3464289
  18    11.532471  0.3189767
  21    12.872779  0.2947321
  24    13.790803  0.2526030
  27    13.316805  0.2554897
  30    13.246702  0.2547745

Tuning parameter 'decay' was held constant at a value of 1e-04
RMSE was used to select the optimal model using  the smallest value.
The final values used for the model were size = 1 and decay = 1e-04. 
