Neural Network 

85 samples
 8 predictor

No pre-processing
Resampling: Bootstrapped (100 reps) 
Summary of sample sizes: 85, 85, 85, 85, 85, 85, ... 
Resampling results across tuning parameters:

  size  RMSE       Rsquared 
   1     9.912906  0.5562595
   3    11.434269  0.5010787
   6    11.123308  0.4985049
   9    12.066982  0.4538880
  12    11.825898  0.4832224
  15    12.157677  0.4708385
  18    12.529598  0.4617859
  21    12.159298  0.4641279
  24    13.089228  0.4304022
  27    12.982069  0.4192731
  30    12.795422  0.4301192

Tuning parameter 'decay' was held constant at a value of 1e-04
RMSE was used to select the optimal model using  the smallest value.
The final values used for the model were size = 1 and decay = 1e-04. 
