Neural Network 

98 samples
 9 predictor

No pre-processing
Resampling: Bootstrapped (100 reps) 
Summary of sample sizes: 98, 98, 98, 98, 98, 98, ... 
Resampling results across tuning parameters:

  size  RMSE       Rsquared 
   1    0.7291260  0.2532667
   3    0.5875071  0.2953179
   6    0.6758264  0.2500438
   9    0.6426967  0.2435997
  12    0.6861457  0.2215601
  15    0.7139078  0.2439078
  18    0.6532184  0.2473307
  21    0.6772445  0.2461436
  24    0.6169124  0.2453733
  27    0.6275549  0.2324919
  30    0.6347003  0.2463918

Tuning parameter 'decay' was held constant at a value of 1e-04
RMSE was used to select the optimal model using  the smallest value.
The final values used for the model were size = 3 and decay = 1e-04. 
