Neural Network 

26 samples
 4 predictor

No pre-processing
Resampling: Bootstrapped (100 reps) 
Summary of sample sizes: 26, 26, 26, 26, 26, 26, ... 
Resampling results across tuning parameters:

  size  RMSE      Rsquared 
   1    1.593762  0.9310353
   3    1.284699  0.9580704
   6    1.586043  0.9305670
   9    1.327415  0.9529092
  12    1.427011  0.9447837
  15    1.606150  0.9377562
  18    1.686815  0.9282996
  21    1.950653  0.9062118
  24    1.845675  0.9180176
  27    1.848151  0.9192949
  30    2.084543  0.8982918

Tuning parameter 'decay' was held constant at a value of 1e-04
RMSE was used to select the optimal model using  the smallest value.
The final values used for the model were size = 3 and decay = 1e-04. 
