Neural Network 

86 samples
 8 predictor

No pre-processing
Resampling: Bootstrapped (100 reps) 
Summary of sample sizes: 86, 86, 86, 86, 86, 86, ... 
Resampling results across tuning parameters:

  size  RMSE      Rsquared 
   1    11.91121  0.4264163
   3    13.91247  0.3905733
   6    14.19311  0.3794037
   9    14.80615  0.3300106
  12    15.23052  0.3266910
  15    16.13169  0.3444115
  18    15.25994  0.3522196
  21    15.28344  0.3491911
  24    15.75940  0.3186357
  27    15.82365  0.3223017
  30    15.39825  0.3189604

Tuning parameter 'decay' was held constant at a value of 1e-04
RMSE was used to select the optimal model using  the smallest value.
The final values used for the model were size = 1 and decay = 1e-04. 
