Neural Network 

14 samples
 2 predictor

No pre-processing
Resampling: Bootstrapped (100 reps) 
Summary of sample sizes: 14, 14, 14, 14, 14, 14, ... 
Resampling results across tuning parameters:

  size  RMSE      Rsquared 
   1    19.96136  0.4517572
   3    22.24071  0.4281699
   6    25.32740  0.4203674
   9    27.91334  0.4350705
  12    27.44677  0.4139739
  15    27.43411  0.4115126
  18    28.07624  0.4044869
  21    24.24314  0.4377033
  24    26.27397  0.4059226
  27    24.30136  0.3977038
  30    24.44262  0.4355787

Tuning parameter 'decay' was held constant at a value of 1e-04
RMSE was used to select the optimal model using  the smallest value.
The final values used for the model were size = 1 and decay = 1e-04. 
