Neural Network 

25 samples
 7 predictor

No pre-processing
Resampling: Bootstrapped (100 reps) 
Summary of sample sizes: 25, 25, 25, 25, 25, 25, ... 
Resampling results across tuning parameters:

  size  RMSE      Rsquared 
   1    11.36555  0.4457615
   3    12.16852  0.4075475
   6    12.66213  0.3899062
   9    12.45135  0.4354014
  12    12.90258  0.4086755
  15    12.68562  0.4307726
  18    12.58089  0.4045291
  21    12.39929  0.3841222
  24    12.07772  0.4330545
  27    12.21630  0.3936733
  30    12.03190  0.4160608

Tuning parameter 'decay' was held constant at a value of 1e-04
RMSE was used to select the optimal model using  the smallest value.
The final values used for the model were size = 1 and decay = 1e-04. 
