Neural Network 

92 samples
 6 predictor

No pre-processing
Resampling: Bootstrapped (100 reps) 
Summary of sample sizes: 92, 92, 92, 92, 92, 92, ... 
Resampling results across tuning parameters:

  size  RMSE       Rsquared 
   1     8.232052  0.3946510
   3     9.228088  0.3883312
   6     9.593925  0.3649802
   9     9.417661  0.3715412
  12     9.332006  0.3736958
  15     9.638640  0.4010398
  18     9.765176  0.3678369
  21    10.400404  0.3361982
  24    11.499308  0.3115046
  27    10.873773  0.2872181
  30    11.577786  0.2716632

Tuning parameter 'decay' was held constant at a value of 1e-04
RMSE was used to select the optimal model using  the smallest value.
The final values used for the model were size = 1 and decay = 1e-04. 
