Neural Network 

86 samples
10 predictors

No pre-processing
Resampling: Bootstrapped (100 reps) 
Summary of sample sizes: 86, 86, 86, 86, 86, 86, ... 
Resampling results across tuning parameters:

  size  RMSE       Rsquared 
   1     8.699410  0.4691813
   3     9.874710  0.4215315
   6    11.134028  0.3661122
   9    10.769639  0.3516675
  12    10.193871  0.3728917
  15     9.955402  0.4174101
  18    10.365938  0.3862030
  21    10.215383  0.3841953
  24    11.224467  0.3537370
  27    10.681846  0.3778977
  30    10.267135  0.3712319

Tuning parameter 'decay' was held constant at a value of 1e-04
RMSE was used to select the optimal model using  the smallest value.
The final values used for the model were size = 1 and decay = 1e-04. 
