Neural Network 

98 samples
 9 predictor

No pre-processing
Resampling: Bootstrapped (100 reps) 
Summary of sample sizes: 98, 98, 98, 98, 98, 98, ... 
Resampling results across tuning parameters:

  size  RMSE       Rsquared 
   1    0.9938427  0.2563781
   3    1.0199902  0.2269897
   6    0.9838096  0.2017791
   9    0.9937593  0.2043973
  12    1.0571328  0.1764442
  15    0.9862822  0.1943496
  18    1.0748385  0.2017906
  21    1.0721256  0.1830153
  24    1.0351378  0.1780854
  27    1.0313334  0.1917533
  30    1.0266273  0.2019423

Tuning parameter 'decay' was held constant at a value of 1e-04
RMSE was used to select the optimal model using  the smallest value.
The final values used for the model were size = 6 and decay = 1e-04. 
