[1] 273  48
  [1] "AT11" "AT12" "AT13" "AT21" "AT22" "AT31" "AT32" "AT33" "AT34" "BE10" "BE21" "BE22" "BE23" "BE24" "BE25" "BE31" "BE32"
 [18] "BE33" "BE34" "BE35" "BG31" "BG32" "BG33" "BG34" "BG41" "BG42" "CY00" "CZ01" "CZ02" "CZ03" "CZ04" "CZ05" "CZ06" "CZ07"
 [35] "CZ08" "DE11" "DE12" "DE13" "DE14" "DE21" "DE22" "DE23" "DE24" "DE25" "DE26" "DE27" "DE30" "DE40" "DE50" "DE60" "DE71"
 [52] "DE72" "DE73" "DE80" "DE91" "DE92" "DE93" "DE94" "DEA1" "DEA2" "DEA3" "DEA4" "DEA5" "DEB1" "DEB2" "DEB3" "DEC0" "DED2"
 [69] "DED4" "DED5" "DEE0" "DEF0" "DEG0" "DK01" "DK02" "DK03" "DK04" "DK05" "EE00" "EL30" "EL41" "EL42" "EL43" "EL51" "EL52"
 [86] "EL53" "EL54" "EL61" "EL62" "EL63" "EL64" "EL65" "ES11" "ES12" "ES13" "ES21" "ES22" "ES23" "ES24" "ES30" "ES41" "ES42"
[103] "ES43" "ES51" "ES52" "ES53" "ES61" "ES62" "ES63" "ES64" "ES70" "FI19" "FI1B" "FI1C" "FI1D" "FR10" "FR21" "FR22" "FR23"
[120] "FR24" "FR25" "FR26" "FR30" "FR41" "FR42" "FR43" "FR51" "FR52" "FR53" "FR61" "FR62" "FR63" "FR71" "FR72" "FR81" "FR82"
[137] "FRA1" "FRA2" "FRA3" "FRA4" "HR03" "HR04" "HU10" "HU21" "HU22" "HU23" "HU31" "HU32" "HU33" "IE01" "IE02" "ITC1" "ITC2"
[154] "ITC3" "ITC4" "ITF1" "ITF2" "ITF3" "ITF4" "ITF5" "ITF6" "ITG1" "ITG2" "ITH1" "ITH2" "ITH3" "ITH4" "ITH5" "ITI1" "ITI2"
[171] "ITI3" "ITI4" "LT00" "LU00" "LV00" "MT00" "NL11" "NL12" "NL13" "NL21" "NL22" "NL23" "NL31" "NL32" "NL33" "NL34" "NL41"
[188] "NL42" "PL11" "PL12" "PL21" "PL22" "PL31" "PL32" "PL33" "PL34" "PL41" "PL42" "PL43" "PL51" "PL52" "PL61" "PL62" "PL63"
[205] "PT11" "PT15" "PT16" "PT17" "PT18" "PT20" "PT30" "RO11" "RO12" "RO21" "RO22" "RO31" "RO32" "RO41" "RO42" "SE11" "SE12"
[222] "SE21" "SE22" "SE23" "SE31" "SE32" "SE33" "SI03" "SI04" "SK01" "SK02" "SK03" "SK04" "UKC1" "UKC2" "UKD1" "UKD3" "UKD4"
[239] "UKD6" "UKD7" "UKE1" "UKE2" "UKE3" "UKE4" "UKF1" "UKF2" "UKF3" "UKG1" "UKG2" "UKG3" "UKH1" "UKH2" "UKH3" "UKI3" "UKI4"
[256] "UKI5" "UKI6" "UKI7" "UKJ1" "UKJ2" "UKJ3" "UKJ4" "UKK1" "UKK2" "UKK3" "UKK4" "UKL1" "UKL2" "UKM2" "UKM3" "UKM5" "UKM6"
[273] "UKN0"
 [1] "pop_Total"          "pop_Y0-14"          "pop_Y15-24"         "pop_Y25-64"         "pop_Y65-74"         "pop_YGE75"         
 [7] "ARPR"               "low_work"           "rooms_pp"           "mat_depriv"         "ARPR_socexcl"       "emp_Y15-24_ED0-2"  
[13] "emp_Y25-64_ED0-2"   "emp_Y15-24_ED3-4"   "emp_Y25-64_ED3-4"   "emp_Y15-24_ED5-8"   "emp_Y25-64_ED5-8"   "emp_TF"            
[19] "emp_TP"             "emp_Y15-24"         "emp_Y25-64"         "emp_YGE65"          "emp_Y15-24_NaceA"   "emp_Y25-64_NaceA"  
[25] "emp_Y15-24_NaceB-E" "emp_Y25-64_NaceB-E" "emp_Y15-24_NaceF"   "emp_Y25-64_NaceF"   "emp_Y15-24_NaceG-I" "emp_Y25-64_NaceG-I"
[31] "emp_Y15-24_NaceJ"   "emp_Y25-64_NaceJ"   "emp_Y15-24_NaceK"   "emp_Y25-64_NaceK"   "emp_Y15-24_NaceL"   "emp_Y25-64_NaceL"  
[37] "emp_Y15-24_NaceM_N" "emp_Y25-64_NaceM_N" "emp_Y15-24_NaceO-Q" "emp_Y25-64_NaceO-Q" "emp_Y15-24_NaceR-U" "emp_Y25-64_NaceR-U"
[43] "unemp_Y15-24"       "unemp_YGE25"        "GDP"                "GVAgr"              "disp_income"        "training"          
   pop_Total          pop_Y0-14       pop_Y15-24       pop_Y25-64      pop_Y65-74       pop_YGE75           ARPR      
 Min.   :   83870   Min.   :11.01   Min.   : 7.323   Min.   :45.31   Min.   : 2.973   Min.   : 1.623   Min.   : 4.80  
 1st Qu.:  954536   1st Qu.:13.98   1st Qu.:10.757   1st Qu.:51.97   1st Qu.: 8.909   1st Qu.: 7.435   1st Qu.:11.68  
 Median : 1470707   Median :15.39   Median :11.543   Median :54.48   Median :10.023   Median : 8.792   Median :16.25  
 Mean   : 1855755   Mean   :15.63   Mean   :11.464   Mean   :54.22   Mean   : 9.799   Mean   : 8.883   Mean   :18.43  
 3rd Qu.: 2264817   3rd Qu.:16.97   3rd Qu.:12.419   3rd Qu.:56.09   3rd Qu.:10.747   3rd Qu.:10.329   3rd Qu.:24.30  
 Max.   :12027565   Max.   :34.20   Max.   :15.891   Max.   :62.18   Max.   :13.615   Max.   :14.741   Max.   :44.30  
                                                                                                       NA's   :189    
    low_work        rooms_pp       mat_depriv      ARPR_socexcl   emp_Y15-24_ED0-2 emp_Y25-64_ED0-2 emp_Y15-24_ED3-4
 Min.   : 1.90   Min.   :0.900   Min.   : 0.000   Min.   : 9.70   Min.   : 3.766   Min.   : 1.943   Min.   :23.58   
 1st Qu.: 6.75   1st Qu.:1.300   1st Qu.: 3.775   1st Qu.:17.65   1st Qu.:14.234   1st Qu.:10.579   1st Qu.:54.22   
 Median : 9.80   Median :1.500   Median : 7.300   Median :21.85   Median :22.102   Median :15.422   Median :60.98   
 Mean   :11.53   Mean   :1.562   Mean   :10.736   Mean   :26.48   Mean   :24.541   Mean   :18.345   Mean   :60.80   
 3rd Qu.:15.45   3rd Qu.:1.900   3rd Qu.:13.125   3rd Qu.:37.17   3rd Qu.:35.655   3rd Qu.:23.303   3rd Qu.:69.35   
 Max.   :28.10   Max.   :2.200   Max.   :39.000   Max.   :54.40   Max.   :58.458   Max.   :65.862   Max.   :89.83   
 NA's   :189     NA's   :188     NA's   :189      NA's   :189     NA's   :35                        NA's   :4       
 emp_Y25-64_ED3-4 emp_Y15-24_ED5-8 emp_Y25-64_ED5-8     emp_TF          emp_TP          emp_Y15-24       emp_Y25-64    
 Min.   :16.79    Min.   : 2.496   Min.   :13.62    Min.   :26.74   Min.   : 0.9339   Min.   : 6.592   Min.   : 45.17  
 1st Qu.:38.99    1st Qu.: 9.426   1st Qu.:26.30    1st Qu.:42.55   1st Qu.: 6.1439   1st Qu.:19.448   1st Qu.: 66.17  
 Median :47.56    Median :17.206   Median :33.11    Median :45.75   Median :10.6250   Median :29.369   Median : 72.87  
 Mean   :47.99    Mean   :18.149   Mean   :33.32    Mean   :45.21   Mean   :12.0641   Mean   :32.444   Mean   : 71.06  
 3rd Qu.:59.02    3rd Qu.:25.299   3rd Qu.:39.75    3rd Qu.:48.22   3rd Qu.:17.1937   3rd Qu.:45.376   3rd Qu.: 77.72  
 Max.   :76.70    Max.   :61.794   Max.   :74.49    Max.   :61.06   Max.   :34.7311   Max.   :77.156   Max.   :102.82  
                  NA's   :74                                                                                           
   emp_YGE65      emp_Y15-24_NaceA emp_Y25-64_NaceA  emp_Y15-24_NaceB-E emp_Y25-64_NaceB-E emp_Y15-24_NaceF emp_Y25-64_NaceF
 Min.   : 1.006   Min.   : 1.463   Min.   : 0.2158   Min.   : 3.176     Min.   : 2.856     Min.   : 1.642   Min.   : 3.325  
 1st Qu.: 2.795   1st Qu.: 3.243   1st Qu.: 1.6288   1st Qu.:10.202     1st Qu.:11.943     1st Qu.: 5.876   1st Qu.: 6.047  
 Median : 5.124   Median : 5.876   Median : 3.2667   Median :16.209     Median :16.381     Median : 7.674   Median : 6.851  
 Mean   : 5.709   Mean   :11.132   Mean   : 5.5183   Mean   :17.961     Mean   :17.361     Mean   : 7.992   Mean   : 6.952  
 3rd Qu.: 7.228   3rd Qu.:11.620   3rd Qu.: 6.7304   3rd Qu.:24.221     3rd Qu.:22.050     3rd Qu.: 9.580   3rd Qu.: 7.827  
 Max.   :21.222   Max.   :68.679   Max.   :43.1655   Max.   :52.235     Max.   :40.296     Max.   :20.000   Max.   :11.415  
 NA's   :20       NA's   :201      NA's   :24        NA's   :50         NA's   :1          NA's   :103      NA's   :2       
 emp_Y15-24_NaceG-I emp_Y25-64_NaceG-I emp_Y15-24_NaceJ emp_Y25-64_NaceJ emp_Y15-24_NaceK emp_Y25-64_NaceK emp_Y15-24_NaceL
 Min.   :13.85      Min.   :13.70      Min.   :1.260    Min.   :0.6954   Min.   :0.8529   Min.   : 0.717   Min.   :1.225   
 1st Qu.:29.36      1st Qu.:20.14      1st Qu.:2.335    1st Qu.:1.6665   1st Qu.:2.0886   1st Qu.: 1.915   1st Qu.:1.346   
 Median :35.67      Median :22.04      Median :3.332    Median :2.2338   Median :3.0972   Median : 2.605   Median :1.476   
 Mean   :36.30      Mean   :22.74      Mean   :3.608    Mean   :2.7716   Mean   :3.2389   Mean   : 2.912   Mean   :1.574   
 3rd Qu.:42.60      3rd Qu.:24.25      3rd Qu.:4.377    3rd Qu.:3.3587   3rd Qu.:4.0202   3rd Qu.: 3.486   3rd Qu.:1.695   
 Max.   :64.81      Max.   :44.71      Max.   :8.566    Max.   :9.7394   Max.   :8.0299   Max.   :13.221   Max.   :2.198   
 NA's   :11                            NA's   :219      NA's   :31       NA's   :237      NA's   :17       NA's   :267     
 emp_Y25-64_NaceL emp_Y15-24_NaceM_N emp_Y25-64_NaceM_N emp_Y15-24_NaceO-Q emp_Y25-64_NaceO-Q emp_Y15-24_NaceR-U
 Min.   :0.1666   Min.   : 2.514     Min.   : 2.296     Min.   : 4.074     Min.   :10.17      Min.   : 1.909    
 1st Qu.:0.6254   1st Qu.: 6.702     1st Qu.: 6.992     1st Qu.:13.018     1st Qu.:22.73      1st Qu.: 5.941    
 Median :0.9017   Median : 8.269     Median : 8.798     Median :18.123     Median :27.22      Median : 7.518    
 Mean   :0.9670   Mean   : 8.563     Mean   : 8.978     Mean   :17.598     Mean   :27.43      Mean   : 7.804    
 3rd Qu.:1.2437   3rd Qu.: 9.951     3rd Qu.:10.712     3rd Qu.:22.492     3rd Qu.:31.72      3rd Qu.: 9.285    
 Max.   :2.3906   Max.   :17.302     Max.   :22.203     Max.   :34.800     Max.   :52.44      Max.   :17.442    
 NA's   :110      NA's   :107        NA's   :1          NA's   :59                            NA's   :129       
 emp_Y25-64_NaceR-U  unemp_Y15-24     unemp_YGE25          GDP             GVAgr         disp_income       training    
 Min.   : 1.465     Min.   : 1.874   Min.   : 1.561   Min.   :  8200   Min.   :-8.900   Min.   : 5800   Min.   : 0.70  
 1st Qu.: 3.767     1st Qu.: 6.143   1st Qu.: 3.265   1st Qu.: 19800   1st Qu.: 0.700   1st Qu.:11700   1st Qu.: 6.40  
 Median : 4.616     Median : 8.684   Median : 4.516   Median : 24600   Median : 1.400   Median :15500   Median : 9.40  
 Mean   : 4.905     Mean   : 9.121   Mean   : 5.877   Mean   : 26489   Mean   : 1.496   Mean   :15098   Mean   :11.06  
 3rd Qu.: 5.552     3rd Qu.:11.493   3rd Qu.: 6.743   3rd Qu.: 30800   3rd Qu.: 2.050   3rd Qu.:17700   3rd Qu.:15.72  
 Max.   :11.772     Max.   :22.505   Max.   :22.114   Max.   :148000   Max.   : 8.700   Max.   :37900   Max.   :36.00  
                    NA's   :15                                         NA's   :166      NA's   :3       NA's   :1      
[1] 273  31
  [1] "AT11" "AT12" "AT13" "AT21" "AT22" "AT31" "AT32" "AT33" "AT34" "BE10" "BE21" "BE22" "BE23" "BE24" "BE25" "BE31" "BE32"
 [18] "BE33" "BE34" "BE35" "BG31" "BG32" "BG33" "BG34" "BG41" "BG42" "CY00" "CZ01" "CZ02" "CZ03" "CZ04" "CZ05" "CZ06" "CZ07"
 [35] "CZ08" "DE11" "DE12" "DE13" "DE14" "DE21" "DE22" "DE23" "DE24" "DE25" "DE26" "DE27" "DE30" "DE40" "DE50" "DE60" "DE71"
 [52] "DE72" "DE73" "DE80" "DE91" "DE92" "DE93" "DE94" "DEA1" "DEA2" "DEA3" "DEA4" "DEA5" "DEB1" "DEB2" "DEB3" "DEC0" "DED2"
 [69] "DED4" "DED5" "DEE0" "DEF0" "DEG0" "DK01" "DK02" "DK03" "DK04" "DK05" "EE00" "EL30" "EL41" "EL42" "EL43" "EL51" "EL52"
 [86] "EL53" "EL54" "EL61" "EL62" "EL63" "EL64" "EL65" "ES11" "ES12" "ES13" "ES21" "ES22" "ES23" "ES24" "ES30" "ES41" "ES42"
[103] "ES43" "ES51" "ES52" "ES53" "ES61" "ES62" "ES63" "ES64" "ES70" "FI19" "FI1B" "FI1C" "FI1D" "FR10" "FR21" "FR22" "FR23"
[120] "FR24" "FR25" "FR26" "FR30" "FR41" "FR42" "FR43" "FR51" "FR52" "FR53" "FR61" "FR62" "FR63" "FR71" "FR72" "FR81" "FR82"
[137] "FRA1" "FRA2" "FRA3" "FRA4" "HR03" "HR04" "HU10" "HU21" "HU22" "HU23" "HU31" "HU32" "HU33" "IE01" "IE02" "ITC1" "ITC2"
[154] "ITC3" "ITC4" "ITF1" "ITF2" "ITF3" "ITF4" "ITF5" "ITF6" "ITG1" "ITG2" "ITH1" "ITH2" "ITH3" "ITH4" "ITH5" "ITI1" "ITI2"
[171] "ITI3" "ITI4" "LT00" "LU00" "LV00" "MT00" "NL11" "NL12" "NL13" "NL21" "NL22" "NL23" "NL31" "NL32" "NL33" "NL34" "NL41"
[188] "NL42" "PL11" "PL12" "PL21" "PL22" "PL31" "PL32" "PL33" "PL34" "PL41" "PL42" "PL43" "PL51" "PL52" "PL61" "PL62" "PL63"
[205] "PT11" "PT15" "PT16" "PT17" "PT18" "PT20" "PT30" "RO11" "RO12" "RO21" "RO22" "RO31" "RO32" "RO41" "RO42" "SE11" "SE12"
[222] "SE21" "SE22" "SE23" "SE31" "SE32" "SE33" "SI03" "SI04" "SK01" "SK02" "SK03" "SK04" "UKC1" "UKC2" "UKD1" "UKD3" "UKD4"
[239] "UKD6" "UKD7" "UKE1" "UKE2" "UKE3" "UKE4" "UKF1" "UKF2" "UKF3" "UKG1" "UKG2" "UKG3" "UKH1" "UKH2" "UKH3" "UKI3" "UKI4"
[256] "UKI5" "UKI6" "UKI7" "UKJ1" "UKJ2" "UKJ3" "UKJ4" "UKK1" "UKK2" "UKK3" "UKK4" "UKL1" "UKL2" "UKM2" "UKM3" "UKM5" "UKM6"
[273] "UKN0"
 [1] "pop_Total"          "pop_Y0-14"          "pop_Y15-24"         "pop_Y25-64"         "pop_Y65-74"         "pop_YGE75"         
 [7] "emp_Y15-24_ED0-2"   "emp_Y25-64_ED0-2"   "emp_Y15-24_ED3-4"   "emp_Y25-64_ED3-4"   "emp_Y25-64_ED5-8"   "emp_TF"            
[13] "emp_TP"             "emp_Y15-24"         "emp_Y25-64"         "emp_YGE65"          "emp_Y25-64_NaceA"   "emp_Y25-64_NaceB-E"
[19] "emp_Y25-64_NaceF"   "emp_Y15-24_NaceG-I" "emp_Y25-64_NaceG-I" "emp_Y25-64_NaceJ"   "emp_Y25-64_NaceK"   "emp_Y25-64_NaceM_N"
[25] "emp_Y25-64_NaceO-Q" "emp_Y25-64_NaceR-U" "unemp_Y15-24"       "unemp_YGE25"        "GDP"                "disp_income"       
[31] "training"          
   pop_Total          pop_Y0-14       pop_Y15-24       pop_Y25-64      pop_Y65-74       pop_YGE75      emp_Y15-24_ED0-2
 Min.   :   83870   Min.   :11.01   Min.   : 7.323   Min.   :45.31   Min.   : 2.973   Min.   : 1.623   Min.   : 3.766  
 1st Qu.:  954536   1st Qu.:13.98   1st Qu.:10.757   1st Qu.:51.97   1st Qu.: 8.909   1st Qu.: 7.435   1st Qu.:14.234  
 Median : 1470707   Median :15.39   Median :11.543   Median :54.48   Median :10.023   Median : 8.792   Median :22.102  
 Mean   : 1855755   Mean   :15.63   Mean   :11.464   Mean   :54.22   Mean   : 9.799   Mean   : 8.883   Mean   :24.541  
 3rd Qu.: 2264817   3rd Qu.:16.97   3rd Qu.:12.419   3rd Qu.:56.09   3rd Qu.:10.747   3rd Qu.:10.329   3rd Qu.:35.655  
 Max.   :12027565   Max.   :34.20   Max.   :15.891   Max.   :62.18   Max.   :13.615   Max.   :14.741   Max.   :58.458  
                                                                                                       NA's   :35      
 emp_Y25-64_ED0-2 emp_Y15-24_ED3-4 emp_Y25-64_ED3-4 emp_Y25-64_ED5-8     emp_TF          emp_TP          emp_Y15-24    
 Min.   : 1.943   Min.   :23.58    Min.   :16.79    Min.   :13.62    Min.   :26.74   Min.   : 0.9339   Min.   : 6.592  
 1st Qu.:10.579   1st Qu.:54.22    1st Qu.:38.99    1st Qu.:26.30    1st Qu.:42.55   1st Qu.: 6.1439   1st Qu.:19.448  
 Median :15.422   Median :60.98    Median :47.56    Median :33.11    Median :45.75   Median :10.6250   Median :29.369  
 Mean   :18.345   Mean   :60.80    Mean   :47.99    Mean   :33.32    Mean   :45.21   Mean   :12.0641   Mean   :32.444  
 3rd Qu.:23.303   3rd Qu.:69.35    3rd Qu.:59.02    3rd Qu.:39.75    3rd Qu.:48.22   3rd Qu.:17.1937   3rd Qu.:45.376  
 Max.   :65.862   Max.   :89.83    Max.   :76.70    Max.   :74.49    Max.   :61.06   Max.   :34.7311   Max.   :77.156  
                  NA's   :4                                                                                            
   emp_Y25-64       emp_YGE65      emp_Y25-64_NaceA  emp_Y25-64_NaceB-E emp_Y25-64_NaceF emp_Y15-24_NaceG-I emp_Y25-64_NaceG-I
 Min.   : 45.17   Min.   : 1.006   Min.   : 0.2158   Min.   : 2.856     Min.   : 3.325   Min.   :13.85      Min.   :13.70     
 1st Qu.: 66.17   1st Qu.: 2.795   1st Qu.: 1.6288   1st Qu.:11.943     1st Qu.: 6.047   1st Qu.:29.36      1st Qu.:20.14     
 Median : 72.87   Median : 5.124   Median : 3.2667   Median :16.381     Median : 6.851   Median :35.67      Median :22.04     
 Mean   : 71.06   Mean   : 5.709   Mean   : 5.5183   Mean   :17.361     Mean   : 6.952   Mean   :36.30      Mean   :22.74     
 3rd Qu.: 77.72   3rd Qu.: 7.228   3rd Qu.: 6.7304   3rd Qu.:22.050     3rd Qu.: 7.827   3rd Qu.:42.60      3rd Qu.:24.25     
 Max.   :102.82   Max.   :21.222   Max.   :43.1655   Max.   :40.296     Max.   :11.415   Max.   :64.81      Max.   :44.71     
                  NA's   :20       NA's   :24        NA's   :1          NA's   :2        NA's   :11                           
 emp_Y25-64_NaceJ emp_Y25-64_NaceK emp_Y25-64_NaceM_N emp_Y25-64_NaceO-Q emp_Y25-64_NaceR-U  unemp_Y15-24     unemp_YGE25    
 Min.   :0.6954   Min.   : 0.717   Min.   : 2.296     Min.   :10.17      Min.   : 1.465     Min.   : 1.874   Min.   : 1.561  
 1st Qu.:1.6665   1st Qu.: 1.915   1st Qu.: 6.992     1st Qu.:22.73      1st Qu.: 3.767     1st Qu.: 6.143   1st Qu.: 3.265  
 Median :2.2338   Median : 2.605   Median : 8.798     Median :27.22      Median : 4.616     Median : 8.684   Median : 4.516  
 Mean   :2.7716   Mean   : 2.912   Mean   : 8.978     Mean   :27.43      Mean   : 4.905     Mean   : 9.121   Mean   : 5.877  
 3rd Qu.:3.3587   3rd Qu.: 3.486   3rd Qu.:10.712     3rd Qu.:31.72      3rd Qu.: 5.552     3rd Qu.:11.493   3rd Qu.: 6.743  
 Max.   :9.7394   Max.   :13.221   Max.   :22.203     Max.   :52.44      Max.   :11.772     Max.   :22.505   Max.   :22.114  
 NA's   :31       NA's   :17       NA's   :1                                                NA's   :15                       
      GDP          disp_income       training    
 Min.   :  8200   Min.   : 5800   Min.   : 0.70  
 1st Qu.: 19800   1st Qu.:11700   1st Qu.: 6.40  
 Median : 24600   Median :15500   Median : 9.40  
 Mean   : 26489   Mean   :15098   Mean   :11.06  
 3rd Qu.: 30800   3rd Qu.:17700   3rd Qu.:15.72  
 Max.   :148000   Max.   :37900   Max.   :36.00  
                  NA's   :3       NA's   :1      
