[1] 97 48
 [1] "AT1" "AT2" "AT3" "BE1" "BE2" "BE3" "BG3" "BG4" "CY0" "CZ0" "DE1" "DE2" "DE3" "DE4" "DE5" "DE6" "DE7" "DE8" "DE9" "DEA" "DEB"
[22] "DEC" "DED" "DEE" "DEF" "DEG" "DK0" "EE0" "EL3" "EL4" "EL5" "EL6" "ES1" "ES2" "ES3" "ES4" "ES5" "ES6" "ES7" "FI1" "FR1" "FR2"
[43] "FR3" "FR4" "FR5" "FR6" "FR7" "FR8" "FRA" "HR0" "HU1" "HU2" "HU3" "IE0" "ITC" "ITF" "ITG" "ITH" "ITI" "LT0" "LU0" "LV0" "MT0"
[64] "NL1" "NL2" "NL3" "NL4" "PL1" "PL2" "PL3" "PL4" "PL5" "PL6" "PT1" "PT2" "PT3" "RO1" "RO2" "RO3" "RO4" "SE1" "SE2" "SE3" "SI0"
[85] "SK0" "UKC" "UKD" "UKE" "UKF" "UKG" "UKH" "UKI" "UKJ" "UKK" "UKL" "UKM" "UKN"
 [1] "pop_Total"          "pop_Y0-14"          "pop_Y15-24"         "pop_Y25-64"         "pop_Y65-74"         "pop_YGE75"         
 [7] "ARPR"               "low_work"           "rooms_pp"           "mat_depriv"         "ARPR_socexcl"       "emp_Y15-24_ED0-2"  
[13] "emp_Y25-64_ED0-2"   "emp_Y15-24_ED3-4"   "emp_Y25-64_ED3-4"   "emp_Y15-24_ED5-8"   "emp_Y25-64_ED5-8"   "emp_TF"            
[19] "emp_TP"             "emp_Y15-24"         "emp_Y25-64"         "emp_YGE65"          "emp_Y15-24_NaceA"   "emp_Y25-64_NaceA"  
[25] "emp_Y15-24_NaceB-E" "emp_Y25-64_NaceB-E" "emp_Y15-24_NaceF"   "emp_Y25-64_NaceF"   "emp_Y15-24_NaceG-I" "emp_Y25-64_NaceG-I"
[31] "emp_Y15-24_NaceJ"   "emp_Y25-64_NaceJ"   "emp_Y15-24_NaceK"   "emp_Y25-64_NaceK"   "emp_Y15-24_NaceL"   "emp_Y25-64_NaceL"  
[37] "emp_Y15-24_NaceM_N" "emp_Y25-64_NaceM_N" "emp_Y15-24_NaceO-Q" "emp_Y25-64_NaceO-Q" "emp_Y15-24_NaceR-U" "emp_Y25-64_NaceR-U"
[43] "unemp_Y15-24"       "unemp_YGE25"        "GDP"                "GVAgr"              "disp_income"        "training"          
   pop_Total          pop_Y0-14       pop_Y15-24       pop_Y25-64      pop_Y65-74       pop_YGE75           ARPR      
 Min.   :  247440   Min.   :11.27   Min.   : 7.565   Min.   :49.23   Min.   : 6.096   Min.   : 5.306   Min.   : 9.80  
 1st Qu.: 2803828   1st Qu.:13.90   1st Qu.:10.740   1st Qu.:52.71   1st Qu.: 8.843   1st Qu.: 7.496   1st Qu.:12.85  
 Median : 4320346   Median :15.02   Median :11.604   Median :54.92   Median : 9.837   Median : 8.618   Median :16.50  
 Mean   : 5260738   Mean   :15.47   Mean   :11.436   Mean   :54.65   Mean   : 9.707   Mean   : 8.732   Mean   :19.10  
 3rd Qu.: 6834249   3rd Qu.:16.98   3rd Qu.:12.512   3rd Qu.:56.78   3rd Qu.:10.599   3rd Qu.: 9.822   3rd Qu.:24.60  
 Max.   :17571856   Max.   :22.00   Max.   :14.254   Max.   :60.39   Max.   :12.639   Max.   :12.455   Max.   :36.60  
 NA's   :1          NA's   :1       NA's   :1        NA's   :1       NA's   :1        NA's   :1        NA's   :58     
    low_work        rooms_pp       mat_depriv     ARPR_socexcl   emp_Y15-24_ED0-2 emp_Y25-64_ED0-2 emp_Y15-24_ED3-4
 Min.   : 5.20   Min.   :0.900   Min.   : 0.40   Min.   :13.90   Min.   : 3.88    Min.   : 2.354   Min.   :30.49   
 1st Qu.: 7.15   1st Qu.:1.100   1st Qu.: 4.95   1st Qu.:19.10   1st Qu.:13.60    1st Qu.: 9.840   1st Qu.:54.99   
 Median :10.00   Median :1.400   Median : 9.80   Median :27.50   Median :22.40    Median :14.304   Median :60.74   
 Mean   :11.78   Mean   :1.468   Mean   :13.19   Mean   :28.59   Mean   :23.83    Mean   :17.948   Mean   :59.98   
 3rd Qu.:13.75   3rd Qu.:1.900   3rd Qu.:22.35   3rd Qu.:36.80   3rd Qu.:33.96    3rd Qu.:20.850   3rd Qu.:65.56   
 Max.   :28.10   Max.   :2.100   Max.   :36.60   Max.   :51.10   Max.   :51.54    Max.   :65.862   Max.   :86.70   
 NA's   :58      NA's   :53      NA's   :58      NA's   :58      NA's   :2                         NA's   :2       
 emp_Y25-64_ED3-4 emp_Y15-24_ED5-8 emp_Y25-64_ED5-8     emp_TF          emp_TP         emp_Y15-24      emp_Y25-64   
 Min.   :16.79    Min.   : 2.450   Min.   :14.54    Min.   :28.45   Min.   : 1.341   Min.   :10.42   Min.   :47.42  
 1st Qu.:39.58    1st Qu.: 8.747   1st Qu.:27.62    1st Qu.:43.70   1st Qu.: 6.167   1st Qu.:20.78   1st Qu.:67.69  
 Median :47.00    Median :15.612   Median :34.11    Median :45.53   Median :10.705   Median :28.77   Median :72.93  
 Mean   :47.39    Mean   :16.781   Mean   :34.33    Mean   :45.42   Mean   :11.769   Mean   :31.76   Mean   :70.91  
 3rd Qu.:58.28    3rd Qu.:23.193   3rd Qu.:40.26    3rd Qu.:48.59   3rd Qu.:16.679   3rd Qu.:43.52   3rd Qu.:76.53  
 Max.   :72.48    Max.   :40.741   Max.   :58.57    Max.   :59.84   Max.   :33.843   Max.   :61.07   Max.   :84.01  
                  NA's   :9                         NA's   :1       NA's   :1        NA's   :1       NA's   :1      
   emp_YGE65      emp_Y15-24_NaceA  emp_Y25-64_NaceA  emp_Y15-24_NaceB-E emp_Y25-64_NaceB-E emp_Y15-24_NaceF emp_Y25-64_NaceF
 Min.   : 1.177   Min.   : 0.8649   Min.   : 0.1228   Min.   : 2.428     Min.   : 4.795     Min.   : 1.642   Min.   : 3.746  
 1st Qu.: 2.658   1st Qu.: 2.3165   1st Qu.: 1.5064   1st Qu.: 9.445     1st Qu.:11.978     1st Qu.: 5.554   1st Qu.: 6.018  
 Median : 4.974   Median : 3.7430   Median : 2.8875   Median :14.617     Median :15.667     Median : 7.310   Median : 6.766  
 Mean   : 5.455   Mean   : 7.7845   Mean   : 5.2141   Mean   :15.804     Mean   :16.517     Mean   : 7.155   Mean   : 6.899  
 3rd Qu.: 7.041   3rd Qu.: 8.0633   3rd Qu.: 6.5099   3rd Qu.:20.944     3rd Qu.:20.641     3rd Qu.: 8.384   3rd Qu.: 7.753  
 Max.   :14.879   Max.   :57.7765   Max.   :36.1341   Max.   :38.818     Max.   :30.408     Max.   :13.780   Max.   :10.931  
 NA's   :2        NA's   :38        NA's   :5         NA's   :6                             NA's   :13                       
 emp_Y15-24_NaceG-I emp_Y25-64_NaceG-I emp_Y15-24_NaceJ emp_Y25-64_NaceJ emp_Y15-24_NaceK emp_Y25-64_NaceK  emp_Y15-24_NaceL
 Min.   :15.27      Min.   :15.00      Min.   :0.8407   Min.   :0.714    Min.   :0.7639   Min.   : 0.8522   Min.   :0.2972  
 1st Qu.:30.75      1st Qu.:20.30      1st Qu.:1.9874   1st Qu.:1.800    1st Qu.:1.2980   1st Qu.: 2.0391   1st Qu.:0.6620  
 Median :35.77      Median :22.40      Median :2.7036   Median :2.549    Median :2.1777   Median : 2.7868   Median :1.0931  
 Mean   :36.23      Mean   :23.13      Mean   :2.8778   Mean   :2.830    Mean   :2.2976   Mean   : 2.9854   Mean   :1.0479  
 3rd Qu.:40.81      3rd Qu.:25.05      3rd Qu.:3.3293   3rd Qu.:3.458    3rd Qu.:2.9273   3rd Qu.: 3.3618   3rd Qu.:1.2630  
 Max.   :64.81      Max.   :43.16      Max.   :5.6569   Max.   :7.517    Max.   :5.9981   Max.   :13.2206   Max.   :1.7484  
 NA's   :2                             NA's   :46       NA's   :2        NA's   :58       NA's   :2         NA's   :89      
 emp_Y25-64_NaceL emp_Y15-24_NaceM_N emp_Y25-64_NaceM_N emp_Y15-24_NaceO-Q emp_Y25-64_NaceO-Q emp_Y15-24_NaceR-U
 Min.   :0.1667   Min.   : 3.326     Min.   : 2.764     Min.   : 5.484     Min.   :11.78      Min.   : 3.060    
 1st Qu.:0.4827   1st Qu.: 6.335     1st Qu.: 7.558     1st Qu.:12.159     1st Qu.:22.60      1st Qu.: 4.791    
 Median :0.7348   Median : 7.726     Median : 9.317     Median :17.483     Median :26.99      Median : 6.538    
 Mean   :0.8674   Mean   : 8.056     Mean   : 9.355     Mean   :16.934     Mean   :26.97      Mean   : 6.916    
 3rd Qu.:1.1746   3rd Qu.: 9.743     3rd Qu.:10.886     3rd Qu.:22.347     3rd Qu.:31.12      3rd Qu.: 8.668    
 Max.   :2.3906   Max.   :15.525     Max.   :17.414     Max.   :33.058     Max.   :42.12      Max.   :13.196    
 NA's   :14       NA's   :14         NA's   :1          NA's   :8                             NA's   :16        
 emp_Y25-64_NaceR-U  unemp_Y15-24     unemp_YGE25          GDP            GVAgr         disp_income       training    
 Min.   : 1.559     Min.   : 2.388   Min.   : 1.964   Min.   : 9900   Min.   :-4.500   Min.   : 6400   Min.   : 0.80  
 1st Qu.: 3.901     1st Qu.: 6.040   1st Qu.: 3.535   1st Qu.:20900   1st Qu.: 0.800   1st Qu.:11850   1st Qu.: 6.30  
 Median : 4.727     Median : 8.330   Median : 4.670   Median :24600   Median : 1.300   Median :15100   Median : 9.30  
 Mean   : 5.159     Mean   : 8.969   Mean   : 6.099   Mean   :26918   Mean   : 1.362   Mean   :14888   Mean   :10.67  
 3rd Qu.: 5.899     3rd Qu.:10.743   3rd Qu.: 6.954   3rd Qu.:31300   3rd Qu.: 1.900   3rd Qu.:17675   3rd Qu.:15.80  
 Max.   :11.772     Max.   :21.297   Max.   :21.365   Max.   :73000   Max.   : 5.500   Max.   :22500   Max.   :31.90  
                    NA's   :3        NA's   :1                        NA's   :44       NA's   :3                      
[1] 97 37
 [1] "AT1" "AT2" "AT3" "BE1" "BE2" "BE3" "BG3" "BG4" "CY0" "CZ0" "DE1" "DE2" "DE3" "DE4" "DE5" "DE6" "DE7" "DE8" "DE9" "DEA" "DEB"
[22] "DEC" "DED" "DEE" "DEF" "DEG" "DK0" "EE0" "EL3" "EL4" "EL5" "EL6" "ES1" "ES2" "ES3" "ES4" "ES5" "ES6" "ES7" "FI1" "FR1" "FR2"
[43] "FR3" "FR4" "FR5" "FR6" "FR7" "FR8" "FRA" "HR0" "HU1" "HU2" "HU3" "IE0" "ITC" "ITF" "ITG" "ITH" "ITI" "LT0" "LU0" "LV0" "MT0"
[64] "NL1" "NL2" "NL3" "NL4" "PL1" "PL2" "PL3" "PL4" "PL5" "PL6" "PT1" "PT2" "PT3" "RO1" "RO2" "RO3" "RO4" "SE1" "SE2" "SE3" "SI0"
[85] "SK0" "UKC" "UKD" "UKE" "UKF" "UKG" "UKH" "UKI" "UKJ" "UKK" "UKL" "UKM" "UKN"
 [1] "pop_Total"          "pop_Y0-14"          "pop_Y15-24"         "pop_Y25-64"         "pop_Y65-74"         "pop_YGE75"         
 [7] "emp_Y15-24_ED0-2"   "emp_Y25-64_ED0-2"   "emp_Y15-24_ED3-4"   "emp_Y25-64_ED3-4"   "emp_Y15-24_ED5-8"   "emp_Y25-64_ED5-8"  
[13] "emp_TF"             "emp_TP"             "emp_Y15-24"         "emp_Y25-64"         "emp_YGE65"          "emp_Y25-64_NaceA"  
[19] "emp_Y15-24_NaceB-E" "emp_Y25-64_NaceB-E" "emp_Y15-24_NaceF"   "emp_Y25-64_NaceF"   "emp_Y15-24_NaceG-I" "emp_Y25-64_NaceG-I"
[25] "emp_Y25-64_NaceJ"   "emp_Y25-64_NaceK"   "emp_Y25-64_NaceL"   "emp_Y15-24_NaceM_N" "emp_Y25-64_NaceM_N" "emp_Y15-24_NaceO-Q"
[31] "emp_Y25-64_NaceO-Q" "emp_Y25-64_NaceR-U" "unemp_Y15-24"       "unemp_YGE25"        "GDP"                "disp_income"       
[37] "training"          
   pop_Total          pop_Y0-14       pop_Y15-24       pop_Y25-64      pop_Y65-74       pop_YGE75      emp_Y15-24_ED0-2
 Min.   :  247440   Min.   :11.27   Min.   : 7.565   Min.   :49.23   Min.   : 6.096   Min.   : 5.306   Min.   : 3.88   
 1st Qu.: 2803828   1st Qu.:13.90   1st Qu.:10.740   1st Qu.:52.71   1st Qu.: 8.843   1st Qu.: 7.496   1st Qu.:13.60   
 Median : 4320346   Median :15.02   Median :11.604   Median :54.92   Median : 9.837   Median : 8.618   Median :22.40   
 Mean   : 5260738   Mean   :15.47   Mean   :11.436   Mean   :54.65   Mean   : 9.707   Mean   : 8.732   Mean   :23.83   
 3rd Qu.: 6834249   3rd Qu.:16.98   3rd Qu.:12.512   3rd Qu.:56.78   3rd Qu.:10.599   3rd Qu.: 9.822   3rd Qu.:33.96   
 Max.   :17571856   Max.   :22.00   Max.   :14.254   Max.   :60.39   Max.   :12.639   Max.   :12.455   Max.   :51.54   
 NA's   :1          NA's   :1       NA's   :1        NA's   :1       NA's   :1        NA's   :1        NA's   :2       
 emp_Y25-64_ED0-2 emp_Y15-24_ED3-4 emp_Y25-64_ED3-4 emp_Y15-24_ED5-8 emp_Y25-64_ED5-8     emp_TF          emp_TP      
 Min.   : 2.354   Min.   :30.49    Min.   :16.79    Min.   : 2.450   Min.   :14.54    Min.   :28.45   Min.   : 1.341  
 1st Qu.: 9.840   1st Qu.:54.99    1st Qu.:39.58    1st Qu.: 8.747   1st Qu.:27.62    1st Qu.:43.70   1st Qu.: 6.167  
 Median :14.304   Median :60.74    Median :47.00    Median :15.612   Median :34.11    Median :45.53   Median :10.705  
 Mean   :17.948   Mean   :59.98    Mean   :47.39    Mean   :16.781   Mean   :34.33    Mean   :45.42   Mean   :11.769  
 3rd Qu.:20.850   3rd Qu.:65.56    3rd Qu.:58.28    3rd Qu.:23.193   3rd Qu.:40.26    3rd Qu.:48.59   3rd Qu.:16.679  
 Max.   :65.862   Max.   :86.70    Max.   :72.48    Max.   :40.741   Max.   :58.57    Max.   :59.84   Max.   :33.843  
                  NA's   :2                         NA's   :9                         NA's   :1       NA's   :1       
   emp_Y15-24      emp_Y25-64      emp_YGE65      emp_Y25-64_NaceA  emp_Y15-24_NaceB-E emp_Y25-64_NaceB-E emp_Y15-24_NaceF
 Min.   :10.42   Min.   :47.42   Min.   : 1.177   Min.   : 0.1228   Min.   : 2.428     Min.   : 4.795     Min.   : 1.642  
 1st Qu.:20.78   1st Qu.:67.69   1st Qu.: 2.658   1st Qu.: 1.5064   1st Qu.: 9.445     1st Qu.:11.978     1st Qu.: 5.554  
 Median :28.77   Median :72.93   Median : 4.974   Median : 2.8875   Median :14.617     Median :15.667     Median : 7.310  
 Mean   :31.76   Mean   :70.91   Mean   : 5.455   Mean   : 5.2141   Mean   :15.804     Mean   :16.517     Mean   : 7.155  
 3rd Qu.:43.52   3rd Qu.:76.53   3rd Qu.: 7.041   3rd Qu.: 6.5099   3rd Qu.:20.944     3rd Qu.:20.641     3rd Qu.: 8.384  
 Max.   :61.07   Max.   :84.01   Max.   :14.879   Max.   :36.1341   Max.   :38.818     Max.   :30.408     Max.   :13.780  
 NA's   :1       NA's   :1       NA's   :2        NA's   :5         NA's   :6                             NA's   :13      
 emp_Y25-64_NaceF emp_Y15-24_NaceG-I emp_Y25-64_NaceG-I emp_Y25-64_NaceJ emp_Y25-64_NaceK  emp_Y25-64_NaceL emp_Y15-24_NaceM_N
 Min.   : 3.746   Min.   :15.27      Min.   :15.00      Min.   :0.714    Min.   : 0.8522   Min.   :0.1667   Min.   : 3.326    
 1st Qu.: 6.018   1st Qu.:30.75      1st Qu.:20.30      1st Qu.:1.800    1st Qu.: 2.0391   1st Qu.:0.4827   1st Qu.: 6.335    
 Median : 6.766   Median :35.77      Median :22.40      Median :2.549    Median : 2.7868   Median :0.7348   Median : 7.726    
 Mean   : 6.899   Mean   :36.23      Mean   :23.13      Mean   :2.830    Mean   : 2.9854   Mean   :0.8674   Mean   : 8.056    
 3rd Qu.: 7.753   3rd Qu.:40.81      3rd Qu.:25.05      3rd Qu.:3.458    3rd Qu.: 3.3618   3rd Qu.:1.1746   3rd Qu.: 9.743    
 Max.   :10.931   Max.   :64.81      Max.   :43.16      Max.   :7.517    Max.   :13.2206   Max.   :2.3906   Max.   :15.525    
                  NA's   :2                             NA's   :2        NA's   :2         NA's   :14       NA's   :14        
 emp_Y25-64_NaceM_N emp_Y15-24_NaceO-Q emp_Y25-64_NaceO-Q emp_Y25-64_NaceR-U  unemp_Y15-24     unemp_YGE25          GDP       
 Min.   : 2.764     Min.   : 5.484     Min.   :11.78      Min.   : 1.559     Min.   : 2.388   Min.   : 1.964   Min.   : 9900  
 1st Qu.: 7.558     1st Qu.:12.159     1st Qu.:22.60      1st Qu.: 3.901     1st Qu.: 6.040   1st Qu.: 3.535   1st Qu.:20900  
 Median : 9.317     Median :17.483     Median :26.99      Median : 4.727     Median : 8.330   Median : 4.670   Median :24600  
 Mean   : 9.355     Mean   :16.934     Mean   :26.97      Mean   : 5.159     Mean   : 8.969   Mean   : 6.099   Mean   :26918  
 3rd Qu.:10.886     3rd Qu.:22.347     3rd Qu.:31.12      3rd Qu.: 5.899     3rd Qu.:10.743   3rd Qu.: 6.954   3rd Qu.:31300  
 Max.   :17.414     Max.   :33.058     Max.   :42.12      Max.   :11.772     Max.   :21.297   Max.   :21.365   Max.   :73000  
 NA's   :1          NA's   :8                                                NA's   :3        NA's   :1                       
  disp_income       training    
 Min.   : 6400   Min.   : 0.80  
 1st Qu.:11850   1st Qu.: 6.30  
 Median :15100   Median : 9.30  
 Mean   :14888   Mean   :10.67  
 3rd Qu.:17675   3rd Qu.:15.80  
 Max.   :22500   Max.   :31.90  
 NA's   :3                      
