
Call:
lm(formula = form1, data = dat1)

Residuals:
     Min       1Q   Median       3Q      Max 
-1.52089 -0.26447 -0.03746  0.29066  3.07173 

Coefficients:
                  Estimate Std. Error t value Pr(>|t|)    
(Intercept)      -1.257194   0.517999  -2.427   0.0159 *  
pop_Y0_14         0.126420   0.015316   8.254 7.02e-15 ***
pop_YGE75         0.126591   0.021437   5.905 1.06e-08 ***
emp_Y25_64_ED0_2 -0.701281   0.082708  -8.479 1.55e-15 ***
emp_Y25_64_ED3_4 -0.703442   0.082290  -8.548 9.65e-16 ***
emp_Y25_64_ED5_8 -0.692162   0.083511  -8.288 5.58e-15 ***
emp_FT            0.038343   0.006825   5.618 4.84e-08 ***
emp_Y25_64        0.660271   0.080824   8.169 1.23e-14 ***
---
Signif. codes:  0 ‘***’ 0.001 ‘**’ 0.01 ‘*’ 0.05 ‘.’ 0.1 ‘ ’ 1

Residual standard error: 0.5198 on 268 degrees of freedom
Multiple R-squared:  0.4706,	Adjusted R-squared:  0.4568 
F-statistic: 34.03 on 7 and 268 DF,  p-value: < 2.2e-16

