
Call:
lm(formula = form1, data = dat1)

Residuals:
    Min      1Q  Median      3Q     Max 
-15.707  -3.344  -1.003   1.829  58.033 

Coefficients:
                     Estimate Std. Error t value Pr(>|t|)    
(Intercept)         6.010e+01  1.903e+01   3.158 0.001817 ** 
pop_Y0_14           3.624e-01  2.055e-01   1.764 0.079182 .  
pop_Y25_64         -1.001e+00  2.718e-01  -3.685 0.000290 ***
emp_Y25_64_ED0_2   -5.207e+00  1.317e+00  -3.954 0.000104 ***
emp_Y25_64_ED3_4   -5.191e+00  1.313e+00  -3.953 0.000105 ***
emp_Y25_64_ED5_8   -5.048e+00  1.338e+00  -3.772 0.000210 ***
emp_Y25_64          4.977e+00  1.316e+00   3.781 0.000202 ***
emp_Y25_64_NaceO_Q  4.168e-01  1.637e-01   2.547 0.011569 *  
GDP                 2.183e-04  4.676e-05   4.667 5.36e-06 ***
---
Signif. codes:  0 ‘***’ 0.001 ‘**’ 0.01 ‘*’ 0.05 ‘.’ 0.1 ‘ ’ 1

Residual standard error: 6.783 on 215 degrees of freedom
Multiple R-squared:  0.5208,	Adjusted R-squared:  0.503 
F-statistic: 29.21 on 8 and 215 DF,  p-value: < 2.2e-16

