
Call:
lm(formula = form1, data = dat1)

Residuals:
    Min      1Q  Median      3Q     Max 
-13.559  -2.648  -0.170   2.072  45.888 

Coefficients:
                   Estimate Std. Error t value Pr(>|t|)    
(Intercept)      -6.625e+01  2.547e+01  -2.601 0.009901 ** 
pop_Y0_14         1.624e+00  3.485e-01   4.660 5.33e-06 ***
pop_Y25_64        7.608e-01  3.054e-01   2.491 0.013426 *  
pop_YGE75         2.018e+00  4.049e-01   4.984 1.22e-06 ***
emp_Y25_64_ED0_2 -4.240e+00  1.203e+00  -3.525 0.000510 ***
emp_Y25_64_ED3_4 -3.978e+00  1.194e+00  -3.331 0.001008 ** 
emp_Y25_64_ED5_8 -4.109e+00  1.216e+00  -3.379 0.000853 ***
emp_PT            1.408e+00  1.072e-01  13.130  < 2e-16 ***
emp_Y25_64        3.781e+00  1.208e+00   3.131 0.001968 ** 
GDP               1.866e-04  4.125e-05   4.524 9.68e-06 ***
---
Signif. codes:  0 ‘***’ 0.001 ‘**’ 0.01 ‘*’ 0.05 ‘.’ 0.1 ‘ ’ 1

Residual standard error: 5.568 on 232 degrees of freedom
Multiple R-squared:  0.7273,	Adjusted R-squared:  0.7168 
F-statistic: 68.77 on 9 and 232 DF,  p-value: < 2.2e-16

