
Call:
lm(formula = form1, data = dat1)

Residuals:
    Min      1Q  Median      3Q     Max 
-0.6861 -0.1652 -0.0284  0.1232  3.3628 

Coefficients:
                     Estimate Std. Error t value Pr(>|t|)    
(Intercept)        -2.148e+00  8.232e-01  -2.609 0.009584 ** 
pop_Total          -6.390e-08  1.432e-08  -4.463 1.20e-05 ***
pop_Y15_24          7.264e-02  1.774e-02   4.096 5.60e-05 ***
pop_Y25_64          4.389e-02  1.180e-02   3.720 0.000243 ***
emp_Y25_64_ED0_2   -1.610e-02  4.500e-03  -3.576 0.000414 ***
emp_Y25_64_ED3_4   -2.944e-02  3.698e-03  -7.960 5.05e-14 ***
emp_FT             -4.961e-02  1.745e-02  -2.843 0.004816 ** 
emp_PT             -2.998e-02  1.487e-02  -2.017 0.044749 *  
emp_Y25_64          6.436e-02  1.630e-02   3.949 0.000101 ***
emp_Y25_64_NaceO_Q -4.178e-02  7.980e-03  -5.236 3.35e-07 ***
GDP                -7.386e-06  2.387e-06  -3.095 0.002182 ** 
---
Signif. codes:  0 ‘***’ 0.001 ‘**’ 0.01 ‘*’ 0.05 ‘.’ 0.1 ‘ ’ 1

Residual standard error: 0.3469 on 265 degrees of freedom
Multiple R-squared:  0.3039,	Adjusted R-squared:  0.2776 
F-statistic: 11.57 on 10 and 265 DF,  p-value: < 2.2e-16

