Neural Network 

242 samples
 10 predictor

No pre-processing
Resampling: Bootstrapped (100 reps) 
Summary of sample sizes: 242, 242, 242, 242, 242, 242, ... 
Resampling results across tuning parameters:

  size  RMSE       Rsquared 
   1    0.0928657  0.6345388
   3    0.1460384  0.5286114
   6    0.1543762  0.4951205
   9    0.1673769  0.4695928
  12    0.1555477  0.4835962
  15    0.1662119  0.4589901
  18    0.1700896  0.4536767
  21    0.1599223  0.4848918
  24    0.1684512  0.4491884
  27    0.1846750  0.4532698
  30    0.1608470  0.4768921

Tuning parameter 'decay' was held constant at a value of 1e-04
RMSE was used to select the optimal model using  the smallest value.
The final values used for the model were size = 1 and decay = 1e-04. 
