Neural Network 

243 samples
  7 predictor

No pre-processing
Resampling: Bootstrapped (100 reps) 
Summary of sample sizes: 243, 243, 243, 243, 243, 243, ... 
Resampling results across tuning parameters:

  size  RMSE        Rsquared 
   1    0.09666187  0.5857769
   3    0.16408779  0.4705905
   6    0.16512945  0.4448813
   9    0.16706710  0.4142798
  12    0.17644959  0.4118660
  15    0.17966089  0.4023985
  18    0.18749286  0.4021164
  21    0.17507169  0.4196114
  24    0.18731755  0.4074176
  27    0.19148575  0.3927738
  30    0.16835503  0.4157536

Tuning parameter 'decay' was held constant at a value of 1e-04
RMSE was used to select the optimal model using  the smallest value.
The final values used for the model were size = 1 and decay = 1e-04. 
