Neural Network 

243 samples
 15 predictor

No pre-processing
Resampling: Bootstrapped (100 reps) 
Summary of sample sizes: 243, 243, 243, 243, 243, 243, ... 
Resampling results across tuning parameters:

  size  RMSE       Rsquared 
   1    0.1223388  0.5701071
   3    0.1578925  0.5404370
   6    0.1490207  0.5830910
   9    0.1438658  0.5895998
  12    0.1398138  0.6057150
  15    0.1460133  0.5967946
  18    0.1527337  0.5865037
  21    0.1338455  0.6287602
  24    0.1466787  0.5976373
  27    0.1427689  0.6110658
  30    0.1440893  0.5968693

Tuning parameter 'decay' was held constant at a value of 1e-04
RMSE was used to select the optimal model using  the smallest value.
The final values used for the model were size = 1 and decay = 1e-04. 
