
Call:
lm(formula = form1, data = dat1)

Residuals:
     Min       1Q   Median       3Q      Max 
-0.54874 -0.13303 -0.00774  0.10780  1.83683 

Coefficients:
                     Estimate Std. Error t value Pr(>|t|)    
(Intercept)         1.464e+00  3.486e-01   4.199 3.67e-05 ***
pop_Total          -4.227e-08  1.050e-08  -4.027 7.41e-05 ***
pop_Y0_14          -1.913e-02  8.632e-03  -2.216  0.02752 *  
pop_Y15_24          2.354e-02  1.547e-02   1.522  0.12928    
pop_Y65_74         -4.864e-02  1.832e-02  -2.655  0.00842 ** 
emp_Y25_64_ED0_2   -1.088e-01  4.549e-02  -2.391  0.01750 *  
emp_Y25_64_ED3_4   -1.162e-01  4.531e-02  -2.565  0.01087 *  
emp_Y25_64_ED5_8   -9.525e-02  4.612e-02  -2.065  0.03988 *  
emp_FT             -3.514e-02  1.324e-02  -2.655  0.00842 ** 
emp_PT             -2.569e-02  1.161e-02  -2.212  0.02780 *  
emp_Y25_64          1.394e-01  5.093e-02   2.736  0.00664 ** 
emp_Y25_64_NaceO_Q -2.809e-02  5.697e-03  -4.931 1.45e-06 ***
GDP                -4.577e-06  1.779e-06  -2.572  0.01065 *  
---
Signif. codes:  0 ‘***’ 0.001 ‘**’ 0.01 ‘*’ 0.05 ‘.’ 0.1 ‘ ’ 1

Residual standard error: 0.2522 on 263 degrees of freedom
Multiple R-squared:  0.311,	Adjusted R-squared:  0.2796 
F-statistic: 9.892 on 12 and 263 DF,  p-value: 6.194e-16

