Neural Network 

242 samples
 14 predictor

No pre-processing
Resampling: Bootstrapped (100 reps) 
Summary of sample sizes: 242, 242, 242, 242, 242, 242, ... 
Resampling results across tuning parameters:

  size  RMSE       Rsquared 
   1    0.1318082  0.5331680
   3    0.1299145  0.6135528
   6    0.1440151  0.6116940
   9    0.1605359  0.5711127
  12    0.1685831  0.5536768
  15    0.1699782  0.5731709
  18    0.1659409  0.5707317
  21    0.1789092  0.5443262
  24    0.1795966  0.5529671
  27    0.1639380  0.5692509
  30    0.1686434  0.5725938

Tuning parameter 'decay' was held constant at a value of 1e-04
RMSE was used to select the optimal model using  the smallest value.
The final values used for the model were size = 3 and decay = 1e-04. 
