Neural Network 

249 samples
  9 predictor

No pre-processing
Resampling: Bootstrapped (100 reps) 
Summary of sample sizes: 249, 249, 249, 249, 249, 249, ... 
Resampling results across tuning parameters:

  size  RMSE        Rsquared 
   1    0.09180296  0.6340878
   3    0.16152776  0.4866556
   6    0.17357336  0.4557711
   9    0.16413290  0.4865223
  12    0.17554627  0.4709206
  15    0.17753326  0.4759881
  18    0.18208615  0.4633607
  21    0.17703423  0.4722665
  24    0.17563123  0.4825489
  27    0.18669393  0.4890770
  30    0.17759173  0.4770843

Tuning parameter 'decay' was held constant at a value of 1e-04
RMSE was used to select the optimal model using  the smallest value.
The final values used for the model were size = 1 and decay = 1e-04. 
