
Call:
lm(formula = form1, data = dat1)

Residuals:
   Min     1Q Median     3Q    Max 
-9.946 -2.364 -0.624  1.859 32.230 

Coefficients:
                     Estimate Std. Error t value Pr(>|t|)    
(Intercept)         5.973e+01  1.247e+01   4.790 2.92e-06 ***
pop_Y15_24         -1.403e+00  3.195e-01  -4.390 1.70e-05 ***
pop_Y25_64         -3.884e-01  1.739e-01  -2.234   0.0264 *  
pop_Y65_74         -1.255e+00  2.992e-01  -4.195 3.85e-05 ***
emp_Y25_64_ED3_4   -2.343e-01  3.938e-02  -5.950 9.49e-09 ***
emp_FT             -8.191e-01  1.067e-01  -7.674 4.22e-13 ***
emp_Y25_64          5.713e-01  1.079e-01   5.297 2.67e-07 ***
emp_Y25_64_NaceG_I  2.338e-01  1.347e-01   1.735   0.0840 .  
emp_Y25_64_NaceO_Q  2.535e-01  1.231e-01   2.058   0.0406 *  
GDP                 8.961e-05  3.460e-05   2.590   0.0102 *  
---
Signif. codes:  0 ‘***’ 0.001 ‘**’ 0.01 ‘*’ 0.05 ‘.’ 0.1 ‘ ’ 1

Residual standard error: 4.784 on 239 degrees of freedom
Multiple R-squared:  0.6061,	Adjusted R-squared:  0.5913 
F-statistic: 40.86 on 9 and 239 DF,  p-value: < 2.2e-16

