
Call:
lm(formula = form1, data = dat1)

Residuals:
    Min      1Q  Median      3Q     Max 
-12.514  -3.040  -0.104   2.281  38.174 

Coefficients:
                     Estimate Std. Error t value Pr(>|t|)    
(Intercept)         9.580e+01  1.297e+01   7.385 2.64e-12 ***
pop_Y15_24         -1.704e+00  3.464e-01  -4.919 1.64e-06 ***
pop_Y25_64         -8.594e-01  1.842e-01  -4.665 5.19e-06 ***
pop_Y65_74         -1.326e+00  3.326e-01  -3.985 9.00e-05 ***
emp_FT             -1.213e+00  1.205e-01 -10.065  < 2e-16 ***
emp_Y25_64          6.767e-01  1.001e-01   6.760 1.08e-10 ***
emp_Y25_64_NaceO_Q  2.354e-01  1.282e-01   1.836   0.0676 .  
GDP                 2.142e-04  3.558e-05   6.019 6.68e-09 ***
---
Signif. codes:  0 ‘***’ 0.001 ‘**’ 0.01 ‘*’ 0.05 ‘.’ 0.1 ‘ ’ 1

Residual standard error: 5.311 on 235 degrees of freedom
Multiple R-squared:  0.6559,	Adjusted R-squared:  0.6456 
F-statistic: 63.98 on 7 and 235 DF,  p-value: < 2.2e-16

