
Call:
lm(formula = form1, data = dat1)

Residuals:
    Min      1Q  Median      3Q     Max 
-17.224  -3.087  -0.747   2.230  43.305 

Coefficients:
                     Estimate Std. Error t value Pr(>|t|)    
(Intercept)        -1.829e+01  6.419e+00  -2.849 0.004769 ** 
pop_Y0_14           9.578e-01  1.990e-01   4.812 2.65e-06 ***
pop_Y65_74          9.611e-01  3.486e-01   2.757 0.006280 ** 
emp_Y25_64_ED0_2   -7.218e+00  1.194e+00  -6.047 5.64e-09 ***
emp_Y25_64_ED3_4   -7.322e+00  1.192e+00  -6.144 3.33e-09 ***
emp_Y25_64_ED5_8   -7.231e+00  1.214e+00  -5.958 9.09e-09 ***
emp_PT              6.592e-01  1.119e-01   5.891 1.30e-08 ***
emp_Y25_64          7.116e+00  1.202e+00   5.918 1.12e-08 ***
emp_Y25_64_NaceO_Q  4.567e-01  1.321e-01   3.457 0.000647 ***
GDP                 1.729e-04  4.256e-05   4.062 6.59e-05 ***
---
Signif. codes:  0 ‘***’ 0.001 ‘**’ 0.01 ‘*’ 0.05 ‘.’ 0.1 ‘ ’ 1

Residual standard error: 5.858 on 239 degrees of freedom
Multiple R-squared:  0.7022,	Adjusted R-squared:  0.691 
F-statistic: 62.61 on 9 and 239 DF,  p-value: < 2.2e-16

