Neural Network 

45 samples
 7 predictor

No pre-processing
Resampling: Bootstrapped (100 reps) 
Summary of sample sizes: 45, 45, 45, 45, 45, 45, ... 
Resampling results across tuning parameters:

  size  RMSE       Rsquared 
   1    0.1868962  0.3496900
   3    0.3150735  0.2043721
   6    0.2893540  0.1809219
   9    0.2688798  0.2150177
  12    0.2802276  0.1946370
  15    0.2746586  0.1968144
  18    0.2683881  0.2148482
  21    0.2735771  0.1981282
  24    0.2732069  0.1890815
  27    0.2680374  0.2003649
  30    0.2701246  0.2173401

Tuning parameter 'decay' was held constant at a value of 1e-04
RMSE was used to select the optimal model using  the smallest value.
The final values used for the model were size = 1 and decay = 1e-04. 
