Neural Network 

243 samples
  9 predictor

No pre-processing
Resampling: Bootstrapped (100 reps) 
Summary of sample sizes: 243, 243, 243, 243, 243, 243, ... 
Resampling results across tuning parameters:

  size  RMSE       Rsquared 
   1    0.1120524  0.5567849
   3    0.1849840  0.4414054
   6    0.2035288  0.4282691
   9    0.2153035  0.4245417
  12    0.2091741  0.4349533
  15    0.2112549  0.4480544
  18    0.2117851  0.4353905
  21    0.2032389  0.4304268
  24    0.2067561  0.4295613
  27    0.2175556  0.4293248
  30    0.2045386  0.4489750

Tuning parameter 'decay' was held constant at a value of 1e-04
RMSE was used to select the optimal model using  the smallest value.
The final values used for the model were size = 1 and decay = 1e-04. 
