a 14-18-1 network with 289 weights
options were - linear output units  decay=1e-04
  b->h1  i1->h1  i2->h1  i3->h1  i4->h1  i5->h1  i6->h1  i7->h1  i8->h1  i9->h1 i10->h1 i11->h1 i12->h1 i13->h1 i14->h1 
   0.07   -0.05    0.03    0.07    0.01   -0.01   -0.02    0.08    0.00   -0.06    0.03    0.03    0.00   -0.06   -0.05 
  b->h2  i1->h2  i2->h2  i3->h2  i4->h2  i5->h2  i6->h2  i7->h2  i8->h2  i9->h2 i10->h2 i11->h2 i12->h2 i13->h2 i14->h2 
   0.35   -0.19    0.13    0.26    0.08   -0.05   -0.07    0.38   -0.08   -0.29    0.10    0.07    0.06   -0.34   -0.27 
  b->h3  i1->h3  i2->h3  i3->h3  i4->h3  i5->h3  i6->h3  i7->h3  i8->h3  i9->h3 i10->h3 i11->h3 i12->h3 i13->h3 i14->h3 
   0.11   -0.14    0.09    0.20   -0.04   -0.05   -0.09    0.16    0.05   -0.16    0.09    0.09    0.00   -0.20   -0.15 
  b->h4  i1->h4  i2->h4  i3->h4  i4->h4  i5->h4  i6->h4  i7->h4  i8->h4  i9->h4 i10->h4 i11->h4 i12->h4 i13->h4 i14->h4 
   0.40   -0.07    0.03    0.14    0.18   -0.02    0.08    0.52   -0.32   -0.29   -0.16    0.06    0.09   -0.29   -0.23 
  b->h5  i1->h5  i2->h5  i3->h5  i4->h5  i5->h5  i6->h5  i7->h5  i8->h5  i9->h5 i10->h5 i11->h5 i12->h5 i13->h5 i14->h5 
  -1.62   -2.31   -0.46   -1.07   -2.64    1.83    0.72    6.87    1.66    0.12    1.56    4.89   -2.31    3.36   -2.43 
  b->h6  i1->h6  i2->h6  i3->h6  i4->h6  i5->h6  i6->h6  i7->h6  i8->h6  i9->h6 i10->h6 i11->h6 i12->h6 i13->h6 i14->h6 
   0.08   -0.17    0.09    0.23   -0.06   -0.08   -0.11    0.25   -0.07   -0.23    0.02    0.09   -0.02   -0.26   -0.23 
  b->h7  i1->h7  i2->h7  i3->h7  i4->h7  i5->h7  i6->h7  i7->h7  i8->h7  i9->h7 i10->h7 i11->h7 i12->h7 i13->h7 i14->h7 
   0.11    0.97   -4.49   -0.50    4.00   -0.11    1.21    3.87   -0.55   -3.75   -4.31    1.50   -1.35   -0.48   -0.22 
  b->h8  i1->h8  i2->h8  i3->h8  i4->h8  i5->h8  i6->h8  i7->h8  i8->h8  i9->h8 i10->h8 i11->h8 i12->h8 i13->h8 i14->h8 
   0.06   -0.29    0.18    0.42   -0.18   -0.12   -0.23    0.16    0.26   -0.28    0.26    0.20   -0.02   -0.42   -0.27 
  b->h9  i1->h9  i2->h9  i3->h9  i4->h9  i5->h9  i6->h9  i7->h9  i8->h9  i9->h9 i10->h9 i11->h9 i12->h9 i13->h9 i14->h9 
  -0.47   -0.41    2.88    2.16   -0.90   -1.81   -2.79    0.50   -0.18   -0.54    0.00    1.35   -1.28   -0.19    0.16 
  b->h10  i1->h10  i2->h10  i3->h10  i4->h10  i5->h10  i6->h10  i7->h10  i8->h10  i9->h10 i10->h10 i11->h10 i12->h10 i13->h10 
    0.45     1.45     1.73    -0.38     3.60    -3.03    -1.47     3.00    -5.06     1.63    -1.50     0.04    -3.33     2.47 
i14->h10 
    2.21 
  b->h11  i1->h11  i2->h11  i3->h11  i4->h11  i5->h11  i6->h11  i7->h11  i8->h11  i9->h11 i10->h11 i11->h11 i12->h11 i13->h11 
    0.13    -0.20     0.13     0.29    -0.07    -0.08    -0.14     0.19     0.09    -0.22     0.15     0.13     0.00    -0.30 
i14->h11 
   -0.21 
  b->h12  i1->h12  i2->h12  i3->h12  i4->h12  i5->h12  i6->h12  i7->h12  i8->h12  i9->h12 i10->h12 i11->h12 i12->h12 i13->h12 
   -1.78     3.91     0.40    -0.55     1.15    -1.84    -0.94    -2.53    -0.10     1.07     0.23    -1.73     3.01    -3.20 
i14->h12 
    2.26 
  b->h13  i1->h13  i2->h13  i3->h13  i4->h13  i5->h13  i6->h13  i7->h13  i8->h13  i9->h13 i10->h13 i11->h13 i12->h13 i13->h13 
    2.71     0.32    -0.58     0.38     2.50    -0.36     0.78    -4.77     2.46    -8.16    -4.15    -1.95     1.86    -3.72 
i14->h13 
   -0.33 
  b->h14  i1->h14  i2->h14  i3->h14  i4->h14  i5->h14  i6->h14  i7->h14  i8->h14  i9->h14 i10->h14 i11->h14 i12->h14 i13->h14 
    0.06    -0.16     0.10     0.23    -0.09    -0.06    -0.12     0.11     0.12    -0.15     0.13     0.12    -0.01    -0.21 
i14->h14 
   -0.14 
  b->h15  i1->h15  i2->h15  i3->h15  i4->h15  i5->h15  i6->h15  i7->h15  i8->h15  i9->h15 i10->h15 i11->h15 i12->h15 i13->h15 
    0.10    -0.29     0.18     0.40    -0.15    -0.12    -0.21     0.25     0.14    -0.32     0.20     0.18     0.00    -0.44 
i14->h15 
   -0.31 
  b->h16  i1->h16  i2->h16  i3->h16  i4->h16  i5->h16  i6->h16  i7->h16  i8->h16  i9->h16 i10->h16 i11->h16 i12->h16 i13->h16 
    1.19    -1.89     1.28    -0.34    -2.44     0.88     1.81     1.47    -3.79    -0.22    -0.62    -0.03    -0.48    -1.81 
i14->h16 
   -2.24 
  b->h17  i1->h17  i2->h17  i3->h17  i4->h17  i5->h17  i6->h17  i7->h17  i8->h17  i9->h17 i10->h17 i11->h17 i12->h17 i13->h17 
    0.06    -0.15     0.07     0.20    -0.04    -0.08    -0.09     0.29    -0.16    -0.25    -0.06     0.06    -0.03    -0.23 
i14->h17 
   -0.24 
  b->h18  i1->h18  i2->h18  i3->h18  i4->h18  i5->h18  i6->h18  i7->h18  i8->h18  i9->h18 i10->h18 i11->h18 i12->h18 i13->h18 
    0.45    -0.30     0.21     0.37     0.07    -0.08    -0.12     0.60    -0.10    -0.47     0.19     0.10     0.12    -0.59 
i14->h18 
   -0.43 
  b->o  h1->o  h2->o  h3->o  h4->o  h5->o  h6->o  h7->o  h8->o  h9->o h10->o h11->o h12->o h13->o h14->o h15->o h16->o h17->o 
 -1.80  -0.22  -0.93  -0.73  -0.58   6.14  -0.93  -6.36  -1.51  -4.67   5.66  -1.03   5.22   6.09  -0.81  -1.47   4.80  -0.92 
h18->o 
 -1.48 
