Neural Network 

276 samples
 14 predictor

No pre-processing
Resampling: Bootstrapped (100 reps) 
Summary of sample sizes: 276, 276, 276, 276, 276, 276, ... 
Resampling results across tuning parameters:

  size  RMSE       Rsquared 
   1    0.1401049  0.1450218
   3    0.1591734  0.1567855
   6    0.1803389  0.1350783
   9    0.1675399  0.1352314
  12    0.1866302  0.1331840
  15    0.1626524  0.1500510
  18    0.1593765  0.1566013
  21    0.1742028  0.1303087
  24    0.1727938  0.1474237
  27    0.1668042  0.1515293
  30    0.1769705  0.1309801

Tuning parameter 'decay' was held constant at a value of 1e-04
RMSE was used to select the optimal model using  the smallest value.
The final values used for the model were size = 1 and decay = 1e-04. 
