
Call:
lm(formula = form1, data = dat1)

Residuals:
    Min      1Q  Median      3Q     Max 
-15.767  -2.824  -0.999   1.612  43.290 

Coefficients:
                     Estimate Std. Error t value Pr(>|t|)    
(Intercept)        -2.386e+01  6.672e+00  -3.577 0.000423 ***
pop_Y0_14           1.129e+00  2.068e-01   5.462 1.21e-07 ***
pop_Y65_74          9.830e-01  3.743e-01   2.626 0.009213 ** 
emp_Y25_64_ED0_2   -6.678e+00  1.226e+00  -5.446 1.30e-07 ***
emp_Y25_64_ED3_4   -6.678e+00  1.224e+00  -5.456 1.24e-07 ***
emp_Y25_64_ED5_8   -6.551e+00  1.247e+00  -5.255 3.34e-07 ***
emp_PT              4.279e-01  1.168e-01   3.663 0.000309 ***
emp_Y25_64          6.501e+00  1.235e+00   5.263 3.22e-07 ***
emp_Y25_64_NaceO_Q  5.920e-01  1.369e-01   4.324 2.27e-05 ***
GDP                 1.441e-04  4.393e-05   3.280 0.001199 ** 
---
Signif. codes:  0 ‘***’ 0.001 ‘**’ 0.01 ‘*’ 0.05 ‘.’ 0.1 ‘ ’ 1

Residual standard error: 6.015 on 233 degrees of freedom
Multiple R-squared:  0.6734,	Adjusted R-squared:  0.6608 
F-statistic: 53.38 on 9 and 233 DF,  p-value: < 2.2e-16

