
Call:
lm(formula = form1, data = dat1)

Residuals:
    Min      1Q  Median      3Q     Max 
-18.059  -5.267  -0.525   3.888  40.457 

Coefficients:
                     Estimate Std. Error t value Pr(>|t|)    
(Intercept)        -1.344e+02  3.947e+01  -3.405 0.000778 ***
pop_Total          -9.815e-07  3.591e-07  -2.733 0.006749 ** 
pop_Y0_14           2.371e+00  4.987e-01   4.755 3.48e-06 ***
pop_Y25_64          1.945e+00  4.979e-01   3.906 0.000123 ***
pop_YGE75           3.697e+00  5.772e-01   6.405 8.24e-10 ***
emp_FT             -2.320e+00  2.145e-01 -10.816  < 2e-16 ***
emp_Y25_64          1.164e+00  1.858e-01   6.268 1.76e-09 ***
emp_Y25_64_NaceG_I  9.247e-01  2.314e-01   3.996 8.64e-05 ***
emp_Y25_64_NaceO_Q -4.270e-01  2.233e-01  -1.912 0.057101 .  
GDP                 2.945e-04  5.833e-05   5.050 8.92e-07 ***
---
Signif. codes:  0 ‘***’ 0.001 ‘**’ 0.01 ‘*’ 0.05 ‘.’ 0.1 ‘ ’ 1

Residual standard error: 8.544 on 233 degrees of freedom
Multiple R-squared:  0.6303,	Adjusted R-squared:  0.616 
F-statistic: 44.13 on 9 and 233 DF,  p-value: < 2.2e-16

