
Call:
lm(formula = form1, data = dat1)

Residuals:
    Min      1Q  Median      3Q     Max 
-29.863  -9.253  -0.238   7.524  46.408 

Coefficients:
                     Estimate Std. Error t value Pr(>|t|)    
(Intercept)        -3.597e+01  3.266e+01  -1.101 0.277811    
pop_Y65_74          1.217e+01  2.178e+00   5.587 2.28e-06 ***
emp_TF              1.807e+00  5.864e-01   3.082 0.003873 ** 
emp_Y15_24         -2.335e+00  6.187e-01  -3.774 0.000564 ***
emp_Y25_64_NaceB_E -2.166e+00  4.642e-01  -4.665 3.95e-05 ***
emp_Y25_64_NaceM_N -7.416e+00  2.080e+00  -3.565 0.001025 ** 
GDP                -1.823e-03  8.196e-04  -2.224 0.032310 *  
disp_income         7.364e-03  2.543e-03   2.896 0.006317 ** 
---
Signif. codes:  0 ‘***’ 0.001 ‘**’ 0.01 ‘*’ 0.05 ‘.’ 0.1 ‘ ’ 1

Residual standard error: 15.43 on 37 degrees of freedom
Multiple R-squared:  0.6244,	Adjusted R-squared:  0.5533 
F-statistic: 8.785 on 7 and 37 DF,  p-value: 2.51e-06

