
Call:
lm(formula = form1, data = dat1)

Residuals:
    Min      1Q  Median      3Q     Max 
-4.1667 -0.6658  0.0971  0.4793  5.8784 

Coefficients:
                   Estimate Std. Error t value Pr(>|t|)    
(Intercept)      -2.773e+01  4.850e+00  -5.716 1.86e-07 ***
pop_Y15_24        1.743e+00  2.076e-01   8.400 1.45e-12 ***
pop_Y65_74        1.178e+00  1.971e-01   5.978 6.18e-08 ***
emp_Y25_64_ED0_2 -2.844e+00  5.600e-01  -5.078 2.48e-06 ***
emp_Y25_64_ED3_4 -2.808e+00  5.652e-01  -4.968 3.84e-06 ***
emp_Y25_64_ED5_8 -2.626e+00  5.686e-01  -4.618 1.48e-05 ***
emp_FT            9.119e-01  1.704e-01   5.351 8.32e-07 ***
emp_PT            7.055e-01  1.492e-01   4.728 9.75e-06 ***
emp_Y25_64        2.165e+00  5.826e-01   3.716 0.000377 ***
GDP              -2.803e-05  1.368e-05  -2.050 0.043706 *  
---
Signif. codes:  0 ‘***’ 0.001 ‘**’ 0.01 ‘*’ 0.05 ‘.’ 0.1 ‘ ’ 1

Residual standard error: 1.423 on 79 degrees of freedom
Multiple R-squared:  0.9555,	Adjusted R-squared:  0.9504 
F-statistic: 188.3 on 9 and 79 DF,  p-value: < 2.2e-16

