
Call:
lm(formula = form1, data = dat1)

Residuals:
    Min      1Q  Median      3Q     Max 
-13.744  -2.469  -0.876   2.107  34.439 

Coefficients:
                     Estimate Std. Error t value Pr(>|t|)    
(Intercept)         3.427e+01  1.263e+01   2.713 0.007160 ** 
pop_Y0_14           2.861e-01  1.528e-01   1.872 0.062449 .  
pop_Y25_64         -6.590e-01  1.902e-01  -3.465 0.000632 ***
emp_Y25_64_ED0_2   -3.716e+00  1.047e+00  -3.550 0.000465 ***
emp_Y25_64_ED3_4   -3.694e+00  1.045e+00  -3.535 0.000492 ***
emp_Y25_64_ED5_8   -3.654e+00  1.064e+00  -3.434 0.000705 ***
emp_PT              2.960e-01  1.041e-01   2.842 0.004873 ** 
emp_Y25_64          3.597e+00  1.053e+00   3.415 0.000751 ***
emp_Y25_64_NaceO_Q  4.447e-01  1.221e-01   3.642 0.000333 ***
GDP                 1.500e-04  3.825e-05   3.923 0.000115 ***
---
Signif. codes:  0 ‘***’ 0.001 ‘**’ 0.01 ‘*’ 0.05 ‘.’ 0.1 ‘ ’ 1

Residual standard error: 5.153 on 233 degrees of freedom
Multiple R-squared:  0.613,	Adjusted R-squared:  0.598 
F-statistic: 41.01 on 9 and 233 DF,  p-value: < 2.2e-16

