Neural Network 

89 samples
12 predictors

No pre-processing
Resampling: Bootstrapped (100 reps) 
Summary of sample sizes: 89, 89, 89, 89, 89, 89, ... 
Resampling results across tuning parameters:

  size  RMSE       Rsquared 
   1    0.1513088  0.8530932
   3    0.1882935  0.7897361
   6    0.2036536  0.7861402
   9    0.1960258  0.7900033
  12    0.1947327  0.7907031
  15    0.1961109  0.7900868
  18    0.1936284  0.7945525
  21    0.2026861  0.7758230
  24    0.1967127  0.7873522
  27    0.1996348  0.7851430
  30    0.1941322  0.7918651

Tuning parameter 'decay' was held constant at a value of 1e-04
RMSE was used to select the optimal model using  the smallest value.
The final values used for the model were size = 1 and decay = 1e-04. 
