Neural Network 

83 samples
14 predictors

No pre-processing
Resampling: Bootstrapped (100 reps) 
Summary of sample sizes: 83, 83, 83, 83, 83, 83, ... 
Resampling results across tuning parameters:

  size  RMSE       Rsquared 
   1    0.1743747  0.6986985
   3    0.1689939  0.7340829
   6    0.1444491  0.7937243
   9    0.1481013  0.7872634
  12    0.1455067  0.7906814
  15    0.1451729  0.7935800
  18    0.1443029  0.7947130
  21    0.1476544  0.7852153
  24    0.1450036  0.7945624
  27    0.1515332  0.7792333
  30    0.1449429  0.7930534

Tuning parameter 'decay' was held constant at a value of 1e-04
RMSE was used to select the optimal model using  the smallest value.
The final values used for the model were size = 18 and decay = 1e-04. 
