
Call:
lm(formula = form1, data = dat1)

Residuals:
    Min      1Q  Median      3Q     Max 
-12.716  -2.631  -0.239   1.949  38.531 

Coefficients:
                     Estimate Std. Error t value Pr(>|t|)    
(Intercept)        -1.021e+01  6.046e+00  -1.689 0.092541 .  
pop_Y0_14           8.391e-01  1.819e-01   4.613 6.40e-06 ***
pop_YGE75           9.824e-01  2.549e-01   3.854 0.000148 ***
emp_Y25_64_ED0_2   -3.261e+00  1.027e+00  -3.177 0.001680 ** 
emp_Y25_64_ED3_4   -3.271e+00  1.020e+00  -3.208 0.001516 ** 
emp_Y25_64_ED5_8   -3.193e+00  1.038e+00  -3.075 0.002341 ** 
emp_FT             -8.109e-01  1.233e-01  -6.575 2.89e-10 ***
emp_Y25_64          3.608e+00  1.001e+00   3.605 0.000378 ***
emp_Y25_64_NaceG_I  2.672e-01  1.323e-01   2.019 0.044545 *  
emp_Y25_64_NaceO_Q  3.201e-01  1.159e-01   2.761 0.006204 ** 
GDP                 2.205e-04  3.557e-05   6.198 2.40e-09 ***
---
Signif. codes:  0 ‘***’ 0.001 ‘**’ 0.01 ‘*’ 0.05 ‘.’ 0.1 ‘ ’ 1

Residual standard error: 5.164 on 246 degrees of freedom
Multiple R-squared:  0.6835,	Adjusted R-squared:  0.6706 
F-statistic: 53.13 on 10 and 246 DF,  p-value: < 2.2e-16

