
Call:
lm(formula = form1, data = dat1)

Residuals:
    Min      1Q  Median      3Q     Max 
-14.606  -2.814  -0.795   1.908  32.836 

Coefficients:
                     Estimate Std. Error t value Pr(>|t|)    
(Intercept)        -2.167e+01  6.232e+00  -3.477 0.000605 ***
pop_Y0_14           9.991e-01  1.898e-01   5.265 3.19e-07 ***
pop_YGE75           8.021e-01  2.511e-01   3.195 0.001594 ** 
emp_Y25_64_ED0_2   -3.347e+00  1.144e+00  -2.927 0.003758 ** 
emp_Y25_64_ED3_4   -3.303e+00  1.138e+00  -2.903 0.004056 ** 
emp_Y25_64_ED5_8   -3.241e+00  1.158e+00  -2.799 0.005563 ** 
emp_PT              2.800e-01  1.135e-01   2.468 0.014312 *  
emp_Y25_64          3.199e+00  1.149e+00   2.785 0.005787 ** 
emp_Y25_64_NaceO_Q  6.015e-01  1.232e-01   4.883 1.95e-06 ***
GDP                 1.231e-04  4.007e-05   3.071 0.002390 ** 
---
Signif. codes:  0 ‘***’ 0.001 ‘**’ 0.01 ‘*’ 0.05 ‘.’ 0.1 ‘ ’ 1

Residual standard error: 5.54 on 232 degrees of freedom
Multiple R-squared:  0.5861,	Adjusted R-squared:   0.57 
F-statistic:  36.5 on 9 and 232 DF,  p-value: < 2.2e-16

