Neural Network 

224 samples
  6 predictor

No pre-processing
Resampling: Bootstrapped (100 reps) 
Summary of sample sizes: 224, 224, 224, 224, 224, 224, ... 
Resampling results across tuning parameters:

  size  RMSE       Rsquared 
   1    0.1352202  0.4373395
   3    0.1804981  0.3564427
   6    0.1915001  0.3488427
   9    0.2031005  0.3124809
  12    0.2083560  0.3139448
  15    0.2120800  0.3149514
  18    0.2112548  0.3118218
  21    0.2027005  0.3244186
  24    0.2260362  0.3048478
  27    0.2219953  0.3010393
  30    0.2022979  0.3128151

Tuning parameter 'decay' was held constant at a value of 1e-04
RMSE was used to select the optimal model using  the smallest value.
The final values used for the model were size = 1 and decay = 1e-04. 
