
Call:
lm(formula = form1, data = dat1)

Residuals:
    Min      1Q  Median      3Q     Max 
-18.340  -3.280  -0.769   2.576  42.755 

Coefficients:
                     Estimate Std. Error t value Pr(>|t|)    
(Intercept)         5.173e+00  7.696e+00   0.672 0.502120    
pop_Total          -4.442e-07  2.477e-07  -1.793 0.074235 .  
pop_Y0_14           6.834e-01  2.194e-01   3.115 0.002070 ** 
pop_Y65_74         -1.328e+00  4.423e-01  -3.003 0.002961 ** 
pop_YGE75           2.313e+00  3.309e-01   6.990 2.88e-11 ***
emp_Y25_64_ED3_4    1.215e-01  4.884e-02   2.487 0.013569 *  
emp_FT             -8.997e-01  1.243e-01  -7.237 6.59e-12 ***
emp_Y25_64          2.266e-01  9.330e-02   2.429 0.015899 *  
emp_Y25_64_NaceG_I  5.749e-01  1.593e-01   3.609 0.000376 ***
GDP                 2.667e-04  4.158e-05   6.415 7.77e-10 ***
---
Signif. codes:  0 ‘***’ 0.001 ‘**’ 0.01 ‘*’ 0.05 ‘.’ 0.1 ‘ ’ 1

Residual standard error: 6.106 on 233 degrees of freedom
Multiple R-squared:  0.5244,	Adjusted R-squared:  0.5061 
F-statistic: 28.55 on 9 and 233 DF,  p-value: < 2.2e-16

