Neural Network 

249 samples
  9 predictor

No pre-processing
Resampling: Bootstrapped (100 reps) 
Summary of sample sizes: 249, 249, 249, 249, 249, 249, ... 
Resampling results across tuning parameters:

  size  RMSE      Rsquared 
   1    5.463978  0.4983547
   3    6.018502  0.4873805
   6    7.645226  0.4331978
   9    7.619880  0.3833040
  12    7.843902  0.3699929
  15    7.746578  0.3682450
  18    7.606883  0.3873052
  21    7.132372  0.4076743
  24    6.961671  0.4200154
  27    6.438362  0.4623273
  30    6.929724  0.4493595

Tuning parameter 'decay' was held constant at a value of 1e-04
RMSE was used to select the optimal model using  the smallest value.
The final values used for the model were size = 1 and decay = 1e-04. 
