Neural Network 

243 samples
  9 predictor

No pre-processing
Resampling: Bootstrapped (100 reps) 
Summary of sample sizes: 243, 243, 243, 243, 243, 243, ... 
Resampling results across tuning parameters:

  size  RMSE      Rsquared 
   1    6.793105  0.5995172
   3    7.620266  0.5601662
   6    8.497266  0.5209645
   9    8.565323  0.5202588
  12    8.725973  0.5130690
  15    8.771839  0.5000612
  18    8.352261  0.5365845
  21    8.504296  0.5379945
  24    7.904724  0.5482819
  27    7.760386  0.5519453
  30    7.340471  0.5839528

Tuning parameter 'decay' was held constant at a value of 1e-04
RMSE was used to select the optimal model using  the smallest value.
The final values used for the model were size = 1 and decay = 1e-04. 
