Neural Network 

243 samples
  9 predictor

No pre-processing
Resampling: Bootstrapped (100 reps) 
Summary of sample sizes: 243, 243, 243, 243, 243, 243, ... 
Resampling results across tuning parameters:

  size  RMSE      Rsquared 
   1    6.103513  0.5051098
   3    6.436595  0.5035227
   6    7.373312  0.4876235
   9    7.555958  0.4471292
  12    7.824662  0.4360562
  15    7.860448  0.4242108
  18    7.708057  0.4409312
  21    7.655145  0.4398141
  24    7.060664  0.4685683
  27    6.644960  0.4974272
  30    6.564640  0.5103159

Tuning parameter 'decay' was held constant at a value of 1e-04
RMSE was used to select the optimal model using  the smallest value.
The final values used for the model were size = 1 and decay = 1e-04. 
