Neural Network 

276 samples
 12 predictor

No pre-processing
Resampling: Bootstrapped (100 reps) 
Summary of sample sizes: 276, 276, 276, 276, 276, 276, ... 
Resampling results across tuning parameters:

  size  RMSE       Rsquared 
   1    0.4460783  0.1293885
   3    0.3679944  0.1880170
   6    0.3656710  0.2132915
   9    0.3750842  0.2143540
  12    0.4035713  0.2095270
  15    0.3823587  0.2091343
  18    0.3924603  0.1975566
  21    0.3588286  0.2183976
  24    0.4161267  0.2083834
  27    0.4042512  0.2100803
  30    0.4270937  0.2006326

Tuning parameter 'decay' was held constant at a value of 1e-04
RMSE was used to select the optimal model using  the smallest value.
The final values used for the model were size = 21 and decay = 1e-04. 
