Neural Network 

243 samples
  9 predictor

No pre-processing
Resampling: Bootstrapped (100 reps) 
Summary of sample sizes: 243, 243, 243, 243, 243, 243, ... 
Resampling results across tuning parameters:

  size  RMSE      Rsquared 
   1    10.00933  0.4858761
   3    10.04885  0.5336601
   6    10.47725  0.5337861
   9    10.44917  0.5178175
  12    10.58607  0.5208606
  15    10.97327  0.5195052
  18    11.21033  0.5026425
  21    10.84005  0.5219048
  24    11.13893  0.5082388
  27    10.68164  0.5287358
  30    10.10395  0.5387076

Tuning parameter 'decay' was held constant at a value of 1e-04
RMSE was used to select the optimal model using  the smallest value.
The final values used for the model were size = 1 and decay = 1e-04. 
