Neural Network 

47 samples
 4 predictor

No pre-processing
Resampling: Bootstrapped (100 reps) 
Summary of sample sizes: 47, 47, 47, 47, 47, 47, ... 
Resampling results across tuning parameters:

  size  RMSE      Rsquared  
   1    22.83812  0.21196433
   3    29.88019  0.16551741
   6    32.02578  0.15866164
   9    33.82572  0.15126826
  12    42.35156  0.11867808
  15    39.70959  0.13034072
  18    41.91255  0.09407378
  21    41.32678  0.09401012
  24    39.44122  0.11721905
  27    38.98016  0.13674559
  30    32.34171  0.15483300

Tuning parameter 'decay' was held constant at a value of 1e-04
RMSE was used to select the optimal model using  the smallest value.
The final values used for the model were size = 1 and decay = 1e-04. 
