Neural Network 

83 samples
 6 predictor

No pre-processing
Resampling: Bootstrapped (100 reps) 
Summary of sample sizes: 83, 83, 83, 83, 83, 83, ... 
Resampling results across tuning parameters:

  size  RMSE      Rsquared 
   1    7.390962  0.7155769
   3    7.651947  0.7212984
   6    7.644298  0.7218764
   9    8.303172  0.7017607
  12    8.396789  0.6882108
  15    7.624967  0.7304544
  18    8.926992  0.6900172
  21    8.561999  0.7030512
  24    8.448023  0.6967661
  27    8.806725  0.6812246
  30    8.686286  0.6750964

Tuning parameter 'decay' was held constant at a value of 1e-04
RMSE was used to select the optimal model using  the smallest value.
The final values used for the model were size = 1 and decay = 1e-04. 
