Neural Network 

249 samples
  9 predictor

No pre-processing
Resampling: Bootstrapped (100 reps) 
Summary of sample sizes: 249, 249, 249, 249, 249, 249, ... 
Resampling results across tuning parameters:

  size  RMSE      Rsquared 
   1    6.745210  0.6296256
   3    6.925999  0.5978770
   6    8.937202  0.5532063
   9    9.049129  0.5123757
  12    9.039644  0.5216591
  15    9.008952  0.5117115
  18    8.938386  0.4990706
  21    8.488317  0.5383407
  24    8.450051  0.5432647
  27    7.857566  0.5766645
  30    7.234667  0.5945648

Tuning parameter 'decay' was held constant at a value of 1e-04
RMSE was used to select the optimal model using  the smallest value.
The final values used for the model were size = 1 and decay = 1e-04. 
