Neural Network 

257 samples
 10 predictor

No pre-processing
Resampling: Bootstrapped (100 reps) 
Summary of sample sizes: 257, 257, 257, 257, 257, 257, ... 
Resampling results across tuning parameters:

  size  RMSE      Rsquared 
   1    6.072925  0.5800123
   3    6.199385  0.5818553
   6    7.507240  0.4986277
   9    8.331439  0.4600324
  12    8.548543  0.4671583
  15    7.574008  0.4945537
  18    7.612902  0.5036655
  21    7.502039  0.5131668
  24    7.574440  0.5157587
  27    7.060779  0.5349254
  30    6.372207  0.5681587

Tuning parameter 'decay' was held constant at a value of 1e-04
RMSE was used to select the optimal model using  the smallest value.
The final values used for the model were size = 1 and decay = 1e-04. 
