Step1: Highly correlated between themselves
  Remove emp_Y25-64_ED0-2 (r_ARPR = 0.96)
  Remove unemp_Y15-24 (r_ARPR = 0.93)
  Remove training (r_mat_depriv = -0.96)
  Remove emp_TF (r_ARPR_socexcl = -0.93)
  Remove emp_Y25-64 (r_ARPR_socexcl = -0.93)
  Remove GDP (r_emp_TP = 0.96)
  Remove pop_Y15-24 (r_emp_YGE65 = 0.96)
  Remove emp_Y25-64_NaceB-E (r_emp_Y15-24_NaceB-E = 1)
  Remove unemp_Y15-24 (r_emp_Y25-64_NaceF = -0.96)
  Remove unemp_YGE25 (r_emp_Y15-24_NaceG-I = 0.96)
  Remove pop_Y65-74 (r_emp_Y25-64_NaceG-I = -0.93)
  Remove emp_Y25-64_NaceL (r_emp_Y25-64_NaceJ = 0.93)
  Remove pop_Y0-14 (r_emp_Y25-64_NaceK = -0.93)
  Remove emp_Y25-64_NaceO-Q (r_emp_Y15-24_NaceO-Q = 0.93)
Step2: Low correlated with response variable
<None removed>
Step3: Variables with low variation
<Skip step>
Step4: Variables with low VIF
<Skip step>
