[1] 28 42
 [1] "AT" "BE" "BG" "CY" "CZ" "DE" "DK" "EE" "EL" "ES" "FI" "FR" "HR" "HU" "IE" "IT" "LT" "LU" "LV" "MT" "NL" "PL" "PT" "RO" "SE"
[26] "SI" "SK" "UK"
 [1] "pop_Total"          "pop_Y0-14"          "pop_Y15-24"         "pop_Y25-64"         "pop_Y65-74"         "pop_YGE75"         
 [7] "ARPR"               "low_work"           "rooms_pp"           "mat_depriv"         "ARPR_socexcl"       "emp_Y15-24_ED0-2"  
[13] "emp_Y25-64_ED0-2"   "emp_Y15-24_ED3-4"   "emp_Y25-64_ED3-4"   "emp_Y15-24_ED5-8"   "emp_Y25-64_ED5-8"   "emp_TF"            
[19] "emp_TP"             "emp_Y15-24"         "emp_Y25-64"         "emp_YGE65"          "emp_Y25-64_NaceA"   "emp_Y15-24_NaceB-E"
[25] "emp_Y25-64_NaceB-E" "emp_Y15-24_NaceF"   "emp_Y25-64_NaceF"   "emp_Y15-24_NaceG-I" "emp_Y25-64_NaceG-I" "emp_Y25-64_NaceJ"  
[31] "emp_Y25-64_NaceK"   "emp_Y25-64_NaceL"   "emp_Y15-24_NaceM_N" "emp_Y25-64_NaceM_N" "emp_Y15-24_NaceO-Q" "emp_Y25-64_NaceO-Q"
[37] "emp_Y15-24_NaceR-U" "emp_Y25-64_NaceR-U" "unemp_Y15-24"       "unemp_YGE25"        "GDP"                "training"          
   pop_Total          pop_Y0-14       pop_Y15-24       pop_Y25-64      pop_Y65-74       pop_YGE75           ARPR      
 Min.   :  425384   Min.   :13.18   Min.   : 9.708   Min.   :50.92   Min.   : 7.303   Min.   : 5.306   Min.   : 9.70  
 1st Qu.: 3920975   1st Qu.:14.60   1st Qu.:10.756   1st Qu.:53.64   1st Qu.: 8.916   1st Qu.: 7.333   1st Qu.:14.32  
 Median : 9075876   Median :15.12   Median :11.883   Median :54.92   Median : 9.867   Median : 8.333   Median :16.40  
 Mean   :18106210   Mean   :15.71   Mean   :11.678   Mean   :54.89   Mean   : 9.590   Mean   : 8.139   Mean   :16.84  
 3rd Qu.:17608794   3rd Qu.:16.86   3rd Qu.:12.423   3rd Qu.:56.36   3rd Qu.:10.578   3rd Qu.: 8.958   3rd Qu.:19.43  
 Max.   :80767463   Max.   :22.00   Max.   :14.254   Max.   :58.55   Max.   :11.147   Max.   :10.732   Max.   :25.10  
    low_work         rooms_pp      mat_depriv     ARPR_socexcl   emp_Y15-24_ED0-2 emp_Y25-64_ED0-2 emp_Y15-24_ED3-4
 Min.   : 6.100   Min.   :1.00   Min.   : 0.70   Min.   :14.80   Min.   : 3.88    Min.   : 3.820   Min.   :33.18   
 1st Qu.: 8.425   1st Qu.:1.20   1st Qu.: 4.95   1st Qu.:18.88   1st Qu.:11.02    1st Qu.: 9.632   1st Qu.:53.85   
 Median : 9.800   Median :1.65   Median : 7.90   Median :24.40   Median :19.02    Median :13.193   Median :62.06   
 Mean   :10.743   Mean   :1.60   Mean   :10.45   Mean   :24.88   Mean   :21.51    Mean   :16.403   Mean   :62.21   
 3rd Qu.:12.125   3rd Qu.:1.90   3rd Qu.:13.68   3rd Qu.:28.52   3rd Qu.:29.75    3rd Qu.:17.929   3rd Qu.:70.58   
 Max.   :20.800   Max.   :2.20   Max.   :33.10   Max.   :40.30   Max.   :48.38    Max.   :50.736   Max.   :86.70   
 emp_Y25-64_ED3-4 emp_Y15-24_ED5-8 emp_Y25-64_ED5-8     emp_TF          emp_TP         emp_Y15-24      emp_Y25-64   
 Min.   :23.07    Min.   : 4.736   Min.   :19.83    Min.   :32.06   Min.   : 1.403   Min.   :12.81   Min.   :56.02  
 1st Qu.:38.54    1st Qu.: 8.745   1st Qu.:27.59    1st Qu.:44.96   1st Qu.: 4.249   1st Qu.:22.00   1st Qu.:68.46  
 Median :46.45    Median :13.742   Median :34.63    Median :47.39   Median : 7.759   Median :26.68   Median :70.29  
 Mean   :47.84    Mean   :16.018   Mean   :35.41    Mean   :47.40   Mean   : 9.553   Mean   :29.93   Mean   :70.82  
 3rd Qu.:57.76    3rd Qu.:21.845   3rd Qu.:42.98    3rd Qu.:50.76   3rd Qu.:13.266   3rd Qu.:40.63   3rd Qu.:75.02  
 Max.   :72.48    Max.   :40.741   Max.   :50.59    Max.   :56.99   Max.   :32.609   Max.   :58.41   Max.   :83.10  
   emp_YGE65      emp_Y25-64_NaceA emp_Y15-24_NaceB-E emp_Y25-64_NaceB-E emp_Y15-24_NaceF emp_Y25-64_NaceF emp_Y15-24_NaceG-I
 Min.   : 1.583   Min.   : 1.065   Min.   : 5.548     Min.   : 6.242     Min.   : 2.629   Min.   :4.331    Min.   :20.78     
 1st Qu.: 3.468   1st Qu.: 2.200   1st Qu.: 9.148     1st Qu.:13.621     1st Qu.: 5.448   1st Qu.:6.224    1st Qu.:32.49     
 Median : 5.377   Median : 3.862   Median :15.756     Median :16.363     Median : 7.308   Median :6.737    Median :36.56     
 Mean   : 5.716   Mean   : 5.261   Mean   :16.605     Mean   :17.428     Mean   : 6.808   Mean   :6.906    Mean   :36.75     
 3rd Qu.: 7.136   3rd Qu.: 6.878   3rd Qu.:21.292     3rd Qu.:21.765     3rd Qu.: 8.036   3rd Qu.:7.524    3rd Qu.:41.38     
 Max.   :11.837   Max.   :24.335   Max.   :38.818     Max.   :29.394     Max.   :12.043   Max.   :9.735    Max.   :49.18     
 emp_Y25-64_NaceG-I emp_Y25-64_NaceJ emp_Y25-64_NaceK emp_Y25-64_NaceL emp_Y15-24_NaceM_N emp_Y25-64_NaceM_N emp_Y15-24_NaceO-Q
 Min.   :15.00      Min.   :1.769    Min.   : 1.392   Min.   :0.1170   Min.   : 3.326     Min.   : 4.619     Min.   : 3.109    
 1st Qu.:20.84      1st Qu.:2.517    1st Qu.: 2.206   1st Qu.:0.4802   1st Qu.: 5.992     1st Qu.: 7.051     1st Qu.: 9.584    
 Median :23.23      Median :2.957    Median : 2.732   Median :0.6575   Median : 7.474     Median : 8.715     Median :13.761    
 Mean   :23.32      Mean   :3.103    Mean   : 3.289   Mean   :0.8081   Mean   : 7.473     Mean   : 8.744     Mean   :14.377    
 3rd Qu.:26.98      3rd Qu.:3.525    3rd Qu.: 3.516   3rd Qu.:1.0340   3rd Qu.: 9.178     3rd Qu.:10.376     3rd Qu.:18.067    
 Max.   :30.26      Max.   :4.468    Max.   :13.221   Max.   :2.3176   Max.   :12.593     Max.   :13.039     Max.   :33.058    
 emp_Y25-64_NaceO-Q emp_Y15-24_NaceR-U emp_Y25-64_NaceR-U  unemp_Y15-24     unemp_YGE25          GDP           training     
 Min.   :13.58      Min.   : 3.463     Min.   : 2.684     Min.   : 3.763   Min.   : 2.837   Min.   :12800   Min.   : 1.500  
 1st Qu.:22.14      1st Qu.: 4.639     1st Qu.: 3.858     1st Qu.: 6.248   1st Qu.: 3.838   1st Qu.:20425   1st Qu.: 4.825  
 Median :24.34      Median : 5.920     Median : 4.576     Median : 7.572   Median : 4.875   Median :23400   Median : 8.050  
 Mean   :25.62      Mean   : 6.504     Mean   : 5.059     Mean   : 8.747   Mean   : 6.190   Mean   :26839   Mean   :10.593  
 3rd Qu.:30.06      3rd Qu.: 8.332     3rd Qu.: 5.400     3rd Qu.:10.654   3rd Qu.: 7.014   3rd Qu.:32800   3rd Qu.:14.350  
 Max.   :36.50      Max.   :10.772     Max.   :11.400     Max.   :18.845   Max.   :15.823   Max.   :73000   Max.   :31.900  
[1]  7 42
[1] "AT" "CZ" "EL" "ES" "FI" "IT" "SE"
 [1] "pop_Total"          "pop_Y0-14"          "pop_Y15-24"         "pop_Y25-64"         "pop_Y65-74"         "pop_YGE75"         
 [7] "ARPR"               "low_work"           "rooms_pp"           "mat_depriv"         "ARPR_socexcl"       "emp_Y15-24_ED0-2"  
[13] "emp_Y25-64_ED0-2"   "emp_Y15-24_ED3-4"   "emp_Y25-64_ED3-4"   "emp_Y15-24_ED5-8"   "emp_Y25-64_ED5-8"   "emp_TF"            
[19] "emp_TP"             "emp_Y15-24"         "emp_Y25-64"         "emp_YGE65"          "emp_Y25-64_NaceA"   "emp_Y15-24_NaceB-E"
[25] "emp_Y25-64_NaceB-E" "emp_Y15-24_NaceF"   "emp_Y25-64_NaceF"   "emp_Y15-24_NaceG-I" "emp_Y25-64_NaceG-I" "emp_Y25-64_NaceJ"  
[31] "emp_Y25-64_NaceK"   "emp_Y25-64_NaceL"   "emp_Y15-24_NaceM_N" "emp_Y25-64_NaceM_N" "emp_Y15-24_NaceO-Q" "emp_Y25-64_NaceO-Q"
[37] "emp_Y15-24_NaceR-U" "emp_Y25-64_NaceR-U" "unemp_Y15-24"       "unemp_YGE25"        "GDP"                "training"          
   pop_Total          pop_Y0-14       pop_Y15-24       pop_Y25-64      pop_Y65-74       pop_YGE75           ARPR      
 Min.   : 5451270   Min.   :13.90   Min.   : 9.708   Min.   :50.92   Min.   : 8.895   Min.   : 6.806   Min.   : 9.70  
 1st Qu.: 9075876   1st Qu.:14.49   1st Qu.:10.119   1st Qu.:53.33   1st Qu.:10.060   1st Qu.: 8.323   1st Qu.:13.45  
 Median :10512419   Median :15.01   Median :10.701   Median :54.86   Median :10.559   Median : 8.519   Median :15.10  
 Mean   :21762445   Mean   :15.22   Mean   :11.022   Mean   :54.54   Mean   :10.290   Mean   : 8.925   Mean   :16.49  
 3rd Qu.:28719503   3rd Qu.:15.81   3rd Qu.:11.952   3rd Qu.:56.20   3rd Qu.:10.772   3rd Qu.: 9.886   3rd Qu.:20.75  
 Max.   :60782668   Max.   :17.07   Max.   :12.603   Max.   :56.95   Max.   :10.909   Max.   :10.732   Max.   :22.20  
    low_work        rooms_pp      mat_depriv      ARPR_socexcl   emp_Y15-24_ED0-2 emp_Y25-64_ED0-2 emp_Y15-24_ED3-4
 Min.   : 6.20   Min.   :1.20   Min.   : 0.700   Min.   :14.80   Min.   : 8.578   Min.   : 3.82    Min.   :33.18   
 1st Qu.: 8.35   1st Qu.:1.40   1st Qu.: 3.400   1st Qu.:17.10   1st Qu.:20.603   1st Qu.:10.53    1st Qu.:57.69   
 Median : 9.80   Median :1.60   Median : 6.700   Median :19.20   Median :24.615   Median :12.52    Median :65.97   
 Mean   :11.27   Mean   :1.60   Mean   : 7.771   Mean   :23.10   Mean   :24.217   Mean   :18.58    Mean   :62.25   
 3rd Qu.:14.55   3rd Qu.:1.85   3rd Qu.: 9.350   3rd Qu.:28.75   3rd Qu.:27.382   3rd Qu.:29.24    3rd Qu.:69.25   
 Max.   :17.10   Max.   :1.90   Max.   :21.500   Max.   :36.00   Max.   :40.355   Max.   :34.19    Max.   :82.71   
 emp_Y25-64_ED3-4 emp_Y15-24_ED5-8 emp_Y25-64_ED5-8     emp_TF          emp_TP         emp_Y15-24      emp_Y25-64   
 Min.   :23.07    Min.   : 4.736   Min.   :20.92    Min.   :39.14   Min.   : 3.849   Min.   :12.81   Min.   :56.02  
 1st Qu.:41.47    1st Qu.: 7.153   1st Qu.:28.85    1st Qu.:40.60   1st Qu.: 5.978   1st Qu.:16.07   1st Qu.:62.38  
 Median :45.87    Median :12.214   Median :34.37    Median :44.98   Median : 8.930   Median :26.63   Median :74.65  
 Mean   :46.57    Mean   :13.496   Mean   :34.84    Mean   :45.94   Mean   : 9.816   Mean   :29.18   Mean   :69.98  
 3rd Qu.:50.80    3rd Qu.:18.384   3rd Qu.:42.13    3rd Qu.:49.80   3rd Qu.:13.298   3rd Qu.:41.25   3rd Qu.:75.66  
 Max.   :72.48    Max.   :26.449   Max.   :46.61    Max.   :56.67   Max.   :17.384   Max.   :50.20   Max.   :83.10  
   emp_YGE65     emp_Y25-64_NaceA emp_Y15-24_NaceB-E emp_Y25-64_NaceB-E emp_Y15-24_NaceF emp_Y25-64_NaceF emp_Y15-24_NaceG-I
 Min.   :1.583   Min.   : 1.647   Min.   : 7.761     Min.   :10.91      Min.   : 3.847   Min.   :4.331    Min.   :28.27     
 1st Qu.:3.070   1st Qu.: 3.108   1st Qu.: 8.849     1st Qu.:13.29      1st Qu.: 5.331   1st Qu.:6.188    1st Qu.:33.27     
 Median :4.974   Median : 3.936   Median :11.459     Median :15.47      Median : 7.477   Median :6.652    Median :36.21     
 Mean   :4.695   Mean   : 4.774   Mean   :16.456     Mean   :17.11      Mean   : 7.121   Mean   :6.700    Mean   :38.14     
 3rd Qu.:5.419   3rd Qu.: 4.273   3rd Qu.:19.726     3rd Qu.:18.71      3rd Qu.: 7.909   3rd Qu.:7.529    3rd Qu.:43.38     
 Max.   :9.331   Max.   :13.075   Max.   :38.818     Max.   :29.39      Max.   :12.043   Max.   :8.484    Max.   :49.18     
 emp_Y25-64_NaceG-I emp_Y25-64_NaceJ emp_Y25-64_NaceK emp_Y25-64_NaceL emp_Y15-24_NaceM_N emp_Y25-64_NaceM_N emp_Y15-24_NaceO-Q
 Min.   :18.50      Min.   :2.214    Min.   :2.186    Min.   :0.1170   Min.   : 4.406     Min.   : 7.068     Min.   : 6.681    
 1st Qu.:20.36      1st Qu.:2.759    1st Qu.:2.352    1st Qu.:0.5575   1st Qu.: 6.509     1st Qu.: 8.534     1st Qu.:11.351    
 Median :24.05      Median :3.000    Median :2.699    Median :0.8650   Median : 7.509     Median :10.205     Median :13.358    
 Mean   :23.83      Mean   :3.243    Mean   :2.675    Mean   :0.7757   Mean   : 7.884     Mean   : 9.830     Mean   :13.571    
 3rd Qu.:26.64      3rd Qu.:3.750    3rd Qu.:2.810    3rd Qu.:0.9313   3rd Qu.: 9.483     3rd Qu.:10.713     3rd Qu.:14.922    
 Max.   :30.26      Max.   :4.468    Max.   :3.514    Max.   :1.4703   Max.   :11.285     Max.   :13.039     Max.   :22.416    
 emp_Y25-64_NaceO-Q emp_Y15-24_NaceR-U emp_Y25-64_NaceR-U  unemp_Y15-24     unemp_YGE25          GDP           training    
 Min.   :20.63      Min.   : 4.573     Min.   :3.807      Min.   : 5.014   Min.   : 3.344   Min.   :19900   Min.   : 3.20  
 1st Qu.:22.09      1st Qu.: 5.698     1st Qu.:4.547      1st Qu.: 8.047   1st Qu.: 4.055   1st Qu.:24100   1st Qu.: 8.85  
 Median :23.57      Median : 8.382     Median :4.724      Median :11.579   Median : 4.783   Median :26400   Median :10.10  
 Mean   :25.38      Mean   : 7.972     Mean   :5.550      Mean   :11.179   Mean   : 7.712   Mean   :27714   Mean   :14.23  
 3rd Qu.:27.42      3rd Qu.:10.339     3rd Qu.:6.608      3rd Qu.:13.360   3rd Qu.:10.963   3rd Qu.:32000   3rd Qu.:19.70  
 Max.   :34.41      Max.   :10.772     Max.   :8.007      Max.   :18.845   Max.   :15.823   Max.   :35500   Max.   :29.20  
[1]  7 29
[1] "AT" "CZ" "EL" "ES" "FI" "IT" "SE"
 [1] "pop_Total"          "pop_Y25-64"         "pop_YGE75"          "ARPR"               "low_work"           "rooms_pp"          
 [7] "mat_depriv"         "ARPR_socexcl"       "emp_Y15-24_ED0-2"   "emp_Y15-24_ED3-4"   "emp_Y25-64_ED3-4"   "emp_Y15-24_ED5-8"  
[13] "emp_Y25-64_ED5-8"   "emp_TP"             "emp_Y15-24"         "emp_YGE65"          "emp_Y25-64_NaceA"   "emp_Y15-24_NaceB-E"
[19] "emp_Y15-24_NaceF"   "emp_Y25-64_NaceF"   "emp_Y15-24_NaceG-I" "emp_Y25-64_NaceG-I" "emp_Y25-64_NaceJ"   "emp_Y25-64_NaceK"  
[25] "emp_Y15-24_NaceM_N" "emp_Y25-64_NaceM_N" "emp_Y15-24_NaceO-Q" "emp_Y15-24_NaceR-U" "emp_Y25-64_NaceR-U"
   pop_Total          pop_Y25-64      pop_YGE75           ARPR          low_work        rooms_pp      mat_depriv    
 Min.   : 5451270   Min.   :50.92   Min.   : 6.806   Min.   : 9.70   Min.   : 6.20   Min.   :1.20   Min.   : 0.700  
 1st Qu.: 9075876   1st Qu.:53.33   1st Qu.: 8.323   1st Qu.:13.45   1st Qu.: 8.35   1st Qu.:1.40   1st Qu.: 3.400  
 Median :10512419   Median :54.86   Median : 8.519   Median :15.10   Median : 9.80   Median :1.60   Median : 6.700  
 Mean   :21762445   Mean   :54.54   Mean   : 8.925   Mean   :16.49   Mean   :11.27   Mean   :1.60   Mean   : 7.771  
 3rd Qu.:28719503   3rd Qu.:56.20   3rd Qu.: 9.886   3rd Qu.:20.75   3rd Qu.:14.55   3rd Qu.:1.85   3rd Qu.: 9.350  
 Max.   :60782668   Max.   :56.95   Max.   :10.732   Max.   :22.20   Max.   :17.10   Max.   :1.90   Max.   :21.500  
  ARPR_socexcl   emp_Y15-24_ED0-2 emp_Y15-24_ED3-4 emp_Y25-64_ED3-4 emp_Y15-24_ED5-8 emp_Y25-64_ED5-8     emp_TP      
 Min.   :14.80   Min.   : 8.578   Min.   :33.18    Min.   :23.07    Min.   : 4.736   Min.   :20.92    Min.   : 3.849  
 1st Qu.:17.10   1st Qu.:20.603   1st Qu.:57.69    1st Qu.:41.47    1st Qu.: 7.153   1st Qu.:28.85    1st Qu.: 5.978  
 Median :19.20   Median :24.615   Median :65.97    Median :45.87    Median :12.214   Median :34.37    Median : 8.930  
 Mean   :23.10   Mean   :24.217   Mean   :62.25    Mean   :46.57    Mean   :13.496   Mean   :34.84    Mean   : 9.816  
 3rd Qu.:28.75   3rd Qu.:27.382   3rd Qu.:69.25    3rd Qu.:50.80    3rd Qu.:18.384   3rd Qu.:42.13    3rd Qu.:13.298  
 Max.   :36.00   Max.   :40.355   Max.   :82.71    Max.   :72.48    Max.   :26.449   Max.   :46.61    Max.   :17.384  
   emp_Y15-24      emp_YGE65     emp_Y25-64_NaceA emp_Y15-24_NaceB-E emp_Y15-24_NaceF emp_Y25-64_NaceF emp_Y15-24_NaceG-I
 Min.   :12.81   Min.   :1.583   Min.   : 1.647   Min.   : 7.761     Min.   : 3.847   Min.   :4.331    Min.   :28.27     
 1st Qu.:16.07   1st Qu.:3.070   1st Qu.: 3.108   1st Qu.: 8.849     1st Qu.: 5.331   1st Qu.:6.188    1st Qu.:33.27     
 Median :26.63   Median :4.974   Median : 3.936   Median :11.459     Median : 7.477   Median :6.652    Median :36.21     
 Mean   :29.18   Mean   :4.695   Mean   : 4.774   Mean   :16.456     Mean   : 7.121   Mean   :6.700    Mean   :38.14     
 3rd Qu.:41.25   3rd Qu.:5.419   3rd Qu.: 4.273   3rd Qu.:19.726     3rd Qu.: 7.909   3rd Qu.:7.529    3rd Qu.:43.38     
 Max.   :50.20   Max.   :9.331   Max.   :13.075   Max.   :38.818     Max.   :12.043   Max.   :8.484    Max.   :49.18     
 emp_Y25-64_NaceG-I emp_Y25-64_NaceJ emp_Y25-64_NaceK emp_Y15-24_NaceM_N emp_Y25-64_NaceM_N emp_Y15-24_NaceO-Q emp_Y15-24_NaceR-U
 Min.   :18.50      Min.   :2.214    Min.   :2.186    Min.   : 4.406     Min.   : 7.068     Min.   : 6.681     Min.   : 4.573    
 1st Qu.:20.36      1st Qu.:2.759    1st Qu.:2.352    1st Qu.: 6.509     1st Qu.: 8.534     1st Qu.:11.351     1st Qu.: 5.698    
 Median :24.05      Median :3.000    Median :2.699    Median : 7.509     Median :10.205     Median :13.358     Median : 8.382    
 Mean   :23.83      Mean   :3.243    Mean   :2.675    Mean   : 7.884     Mean   : 9.830     Mean   :13.571     Mean   : 7.972    
 3rd Qu.:26.64      3rd Qu.:3.750    3rd Qu.:2.810    3rd Qu.: 9.483     3rd Qu.:10.713     3rd Qu.:14.922     3rd Qu.:10.339    
 Max.   :30.26      Max.   :4.468    Max.   :3.514    Max.   :11.285     Max.   :13.039     Max.   :22.416     Max.   :10.772    
 emp_Y25-64_NaceR-U
 Min.   :3.807     
 1st Qu.:4.547     
 Median :4.724     
 Mean   :5.550     
 3rd Qu.:6.608     
 Max.   :8.007     
