[1] 28 42
 [1] "AT" "BE" "BG" "CY" "CZ" "DE" "DK" "EE" "EL" "ES" "FI" "FR" "HR" "HU" "IE" "IT" "LT" "LU" "LV" "MT" "NL" "PL" "PT" "RO" "SE"
[26] "SI" "SK" "UK"
 [1] "pop_Total"          "pop_Y0-14"          "pop_Y15-24"         "pop_Y25-64"         "pop_Y65-74"         "pop_YGE75"         
 [7] "ARPR"               "low_work"           "rooms_pp"           "mat_depriv"         "ARPR_socexcl"       "emp_Y15-24_ED0-2"  
[13] "emp_Y25-64_ED0-2"   "emp_Y15-24_ED3-4"   "emp_Y25-64_ED3-4"   "emp_Y15-24_ED5-8"   "emp_Y25-64_ED5-8"   "emp_FT"            
[19] "emp_PT"             "emp_Y15-24"         "emp_Y25-64"         "emp_YGE65"          "emp_Y25-64_NaceA"   "emp_Y15-24_NaceB-E"
[25] "emp_Y25-64_NaceB-E" "emp_Y15-24_NaceF"   "emp_Y25-64_NaceF"   "emp_Y15-24_NaceG-I" "emp_Y25-64_NaceG-I" "emp_Y25-64_NaceJ"  
[31] "emp_Y25-64_NaceK"   "emp_Y25-64_NaceL"   "emp_Y15-24_NaceM_N" "emp_Y25-64_NaceM_N" "emp_Y15-24_NaceO-Q" "emp_Y25-64_NaceO-Q"
[37] "emp_Y15-24_NaceR-U" "emp_Y25-64_NaceR-U" "unemp_Y15-24"       "unemp_YGE25"        "GDP"                "training"          
   pop_Total          pop_Y0-14       pop_Y15-24       pop_Y25-64      pop_Y65-74       pop_YGE75           ARPR      
 Min.   :  429344   Min.   :13.16   Min.   : 9.629   Min.   :50.82   Min.   : 7.466   Min.   : 5.441   Min.   : 9.70  
 1st Qu.: 3899302   1st Qu.:14.56   1st Qu.:10.657   1st Qu.:53.57   1st Qu.: 9.227   1st Qu.: 7.495   1st Qu.:14.32  
 Median : 9161808   Median :15.18   Median :11.654   Median :54.79   Median : 9.944   Median : 8.497   Median :16.40  
 Mean   :18160869   Mean   :15.72   Mean   :11.454   Mean   :54.72   Mean   : 9.796   Mean   : 8.314   Mean   :16.84  
 3rd Qu.:17643206   3rd Qu.:16.67   3rd Qu.:12.182   3rd Qu.:56.22   3rd Qu.:10.474   3rd Qu.: 9.160   3rd Qu.:19.43  
 Max.   :81197537   Max.   :22.14   Max.   :14.076   Max.   :58.57   Max.   :11.544   Max.   :11.013   Max.   :25.10  
    low_work         rooms_pp      mat_depriv     ARPR_socexcl   emp_Y15-24_ED0-2  emp_Y25-64_ED0-2 emp_Y15-24_ED3-4
 Min.   : 6.100   Min.   :1.00   Min.   : 0.70   Min.   :14.80   Min.   : 0.7164   Min.   : 2.909   Min.   : 5.554  
 1st Qu.: 8.425   1st Qu.:1.20   1st Qu.: 4.95   1st Qu.:18.88   1st Qu.: 2.5567   1st Qu.: 6.866   1st Qu.:12.951  
 Median : 9.800   Median :1.65   Median : 7.90   Median :24.40   Median : 4.8958   Median : 9.887   Median :18.410  
 Mean   :10.743   Mean   :1.60   Mean   :10.45   Mean   :24.88   Mean   : 7.1117   Mean   :11.348   Mean   :18.508  
 3rd Qu.:12.125   3rd Qu.:1.90   3rd Qu.:13.68   3rd Qu.:28.52   3rd Qu.: 8.2451   3rd Qu.:12.844   3rd Qu.:24.050  
 Max.   :20.800   Max.   :2.20   Max.   :33.10   Max.   :40.30   Max.   :25.5088   Max.   :35.839   Max.   :28.429  
 emp_Y25-64_ED3-4 emp_Y15-24_ED5-8  emp_Y25-64_ED5-8     emp_FT          emp_PT         emp_Y15-24      emp_Y25-64   
 Min.   :14.42    Min.   : 0.8745   Min.   :13.14    Min.   :31.91   Min.   : 1.414   Min.   :13.08   Min.   :56.52  
 1st Qu.:26.45    1st Qu.: 2.2962   1st Qu.:18.75    1st Qu.:44.88   1st Qu.: 4.301   1st Qu.:22.46   1st Qu.:68.67  
 Median :35.61    Median : 3.6590   Median :25.26    Median :47.40   Median : 7.836   Median :27.12   Median :70.61  
 Mean   :34.05    Mean   : 4.7019   Mean   :25.26    Mean   :47.45   Mean   : 9.535   Mean   :30.42   Mean   :70.91  
 3rd Qu.:40.25    3rd Qu.: 7.0046   3rd Qu.:31.68    3rd Qu.:51.04   3rd Qu.:13.225   3rd Qu.:41.04   3rd Qu.:75.37  
 Max.   :55.65    Max.   :10.9609   Max.   :36.23    Max.   :57.33   Max.   :32.453   Max.   :58.08   Max.   :82.38  
   emp_YGE65      emp_Y25-64_NaceA  emp_Y15-24_NaceB-E emp_Y25-64_NaceB-E emp_Y15-24_NaceF emp_Y25-64_NaceF emp_Y15-24_NaceG-I
 Min.   : 1.555   Min.   : 0.8021   Min.   : 1.015     Min.   : 4.471     Min.   :0.5392   Min.   :2.448    Min.   : 4.755    
 1st Qu.: 3.382   1st Qu.: 1.6943   1st Qu.: 3.212     1st Qu.: 9.575     1st Qu.:1.2966   1st Qu.:4.199    1st Qu.: 7.529    
 Median : 5.284   Median : 2.7573   Median : 4.283     Median :12.125     Median :1.7965   Median :4.900    Median : 8.882    
 Mean   : 5.583   Mean   : 3.6239   Mean   : 4.775     Mean   :12.355     Mean   :2.0790   Mean   :4.920    Mean   :11.240    
 3rd Qu.: 6.937   3rd Qu.: 4.7516   3rd Qu.: 6.396     3rd Qu.:15.747     3rd Qu.:2.8432   3rd Qu.:5.472    3rd Qu.:14.203    
 Max.   :11.638   Max.   :16.8243   Max.   :10.698     Max.   :22.570     Max.   :6.1156   Max.   :7.481    Max.   :26.169    
 emp_Y25-64_NaceG-I emp_Y25-64_NaceJ emp_Y25-64_NaceK emp_Y25-64_NaceL  emp_Y15-24_NaceM_N emp_Y25-64_NaceM_N emp_Y15-24_NaceO-Q
 Min.   :10.74      Min.   :1.223    Min.   :0.9622   Min.   :0.06612   Min.   :0.6141     Min.   : 3.193     Min.   : 0.7149   
 1st Qu.:14.79      1st Qu.:1.699    1st Qu.:1.5619   1st Qu.:0.34054   1st Qu.:1.3122     1st Qu.: 5.078     1st Qu.: 2.2101   
 Median :16.35      Median :2.146    Median :1.7967   Median :0.45397   Median :2.0382     Median : 5.969     Median : 3.7306   
 Mean   :16.42      Mean   :2.221    Mean   :2.3313   Mean   :0.58752   Mean   :2.3741     Mean   : 6.242     Mean   : 4.5784   
 3rd Qu.:17.87      3rd Qu.:2.542    3rd Qu.:2.5787   3rd Qu.:0.73749   3rd Qu.:3.4606     3rd Qu.: 7.142     3rd Qu.: 6.5680   
 Max.   :20.51      Max.   :3.672    Max.   :9.4697   Max.   :1.67736   Max.   :5.7970     Max.   :10.742     Max.   :10.5939   
 emp_Y25-64_NaceO-Q emp_Y15-24_NaceR-U emp_Y25-64_NaceR-U  unemp_Y15-24     unemp_YGE25          GDP           training     
 Min.   : 9.392     Min.   :0.7908     Min.   :1.856      Min.   : 3.785   Min.   : 2.799   Min.   :12800   Min.   : 1.500  
 1st Qu.:15.252     1st Qu.:1.2398     1st Qu.:2.673      1st Qu.: 6.501   1st Qu.: 3.816   1st Qu.:20425   1st Qu.: 4.825  
 Median :17.229     Median :1.7120     Median :3.352      Median : 7.813   Median : 4.863   Median :23400   Median : 8.050  
 Mean   :18.292     Mean   :1.9486     Mean   :3.576      Mean   : 8.896   Mean   : 6.191   Mean   :26839   Mean   :10.593  
 3rd Qu.:21.974     3rd Qu.:2.3292     3rd Qu.:3.926      3rd Qu.:10.737   3rd Qu.: 7.062   3rd Qu.:32800   3rd Qu.:14.350  
 Max.   :28.345     Max.   :4.3474     Max.   :8.166      Max.   :19.025   Max.   :15.929   Max.   :73000   Max.   :31.900  
[1] 23 42
 [1] "AT" "BE" "CY" "CZ" "DE" "EE" "EL" "ES" "FI" "FR" "HR" "HU" "IT" "LT" "LU" "LV" "MT" "PL" "PT" "SE" "SI" "SK" "UK"
 [1] "pop_Total"          "pop_Y0-14"          "pop_Y15-24"         "pop_Y25-64"         "pop_Y65-74"         "pop_YGE75"         
 [7] "ARPR"               "low_work"           "rooms_pp"           "mat_depriv"         "ARPR_socexcl"       "emp_Y15-24_ED0-2"  
[13] "emp_Y25-64_ED0-2"   "emp_Y15-24_ED3-4"   "emp_Y25-64_ED3-4"   "emp_Y15-24_ED5-8"   "emp_Y25-64_ED5-8"   "emp_FT"            
[19] "emp_PT"             "emp_Y15-24"         "emp_Y25-64"         "emp_YGE65"          "emp_Y25-64_NaceA"   "emp_Y15-24_NaceB-E"
[25] "emp_Y25-64_NaceB-E" "emp_Y15-24_NaceF"   "emp_Y25-64_NaceF"   "emp_Y15-24_NaceG-I" "emp_Y25-64_NaceG-I" "emp_Y25-64_NaceJ"  
[31] "emp_Y25-64_NaceK"   "emp_Y25-64_NaceL"   "emp_Y15-24_NaceM_N" "emp_Y25-64_NaceM_N" "emp_Y15-24_NaceO-Q" "emp_Y25-64_NaceO-Q"
[37] "emp_Y15-24_NaceR-U" "emp_Y25-64_NaceR-U" "unemp_Y15-24"       "unemp_YGE25"        "GDP"                "training"          
   pop_Total          pop_Y0-14       pop_Y15-24       pop_Y25-64      pop_Y65-74       pop_YGE75           ARPR      
 Min.   :  429344   Min.   :13.16   Min.   : 9.629   Min.   :50.82   Min.   : 7.466   Min.   : 5.637   Min.   : 9.70  
 1st Qu.: 2492068   1st Qu.:14.55   1st Qu.:10.656   1st Qu.:54.05   1st Qu.: 9.267   1st Qu.: 7.517   1st Qu.:14.45  
 Median : 9747355   Median :15.04   Median :11.668   Median :54.88   Median : 9.924   Median : 8.697   Median :16.40  
 Mean   :19749656   Mean   :15.43   Mean   :11.447   Mean   :54.83   Mean   : 9.774   Mean   : 8.519   Mean   :16.72  
 3rd Qu.:24621444   3rd Qu.:16.41   3rd Qu.:12.057   3rd Qu.:56.31   3rd Qu.:10.358   3rd Qu.: 9.234   3rd Qu.:19.40  
 Max.   :81197537   Max.   :18.59   Max.   :14.076   Max.   :58.57   Max.   :11.248   Max.   :11.013   Max.   :22.20  
    low_work        rooms_pp       mat_depriv      ARPR_socexcl  emp_Y15-24_ED0-2  emp_Y25-64_ED0-2 emp_Y15-24_ED3-4
 Min.   : 6.10   Min.   :1.100   Min.   : 0.700   Min.   :14.8   Min.   : 0.7164   Min.   : 2.909   Min.   : 5.554  
 1st Qu.: 8.15   1st Qu.:1.300   1st Qu.: 5.450   1st Qu.:19.1   1st Qu.: 2.5432   1st Qu.: 6.009   1st Qu.:11.727  
 Median : 9.70   Median :1.600   Median : 7.400   Median :24.1   Median : 4.7104   Median : 8.485   Median :18.412  
 Mean   :10.39   Mean   :1.604   Mean   : 9.513   Mean   :24.1   Mean   : 5.9429   Mean   :11.279   Mean   :18.288  
 3rd Qu.:12.15   3rd Qu.:1.900   3rd Qu.:12.600   3rd Qu.:27.9   3rd Qu.: 7.3305   3rd Qu.:12.392   3rd Qu.:23.926  
 Max.   :17.10   Max.   :2.200   Max.   :24.000   Max.   :36.0   Max.   :16.2485   Max.   :35.839   Max.   :28.429  
 emp_Y25-64_ED3-4 emp_Y15-24_ED5-8  emp_Y25-64_ED5-8     emp_FT          emp_PT         emp_Y15-24      emp_Y25-64   
 Min.   :14.42    Min.   : 0.8745   Min.   :13.14    Min.   :39.48   Min.   : 2.886   Min.   :13.08   Min.   :56.52  
 1st Qu.:26.31    1st Qu.: 2.2738   1st Qu.:18.56    1st Qu.:45.04   1st Qu.: 4.256   1st Qu.:22.40   1st Qu.:67.56  
 Median :37.79    Median : 3.6726   Median :25.24    Median :47.44   Median : 7.815   Median :26.69   Median :70.64  
 Mean   :34.12    Mean   : 4.7595   Mean   :25.19    Mean   :47.96   Mean   : 8.603   Mean   :29.04   Mean   :70.69  
 3rd Qu.:40.42    3rd Qu.: 7.1320   3rd Qu.:31.92    3rd Qu.:50.92   3rd Qu.:10.585   3rd Qu.:37.23   3rd Qu.:75.06  
 Max.   :55.65    Max.   :10.9609   Max.   :36.23    Max.   :57.33   Max.   :17.807   Max.   :50.78   Max.   :82.38  
   emp_YGE65      emp_Y25-64_NaceA emp_Y15-24_NaceB-E emp_Y25-64_NaceB-E emp_Y15-24_NaceF emp_Y25-64_NaceF emp_Y15-24_NaceG-I
 Min.   : 1.555   Min.   :0.8021   Min.   : 1.015     Min.   : 4.471     Min.   :0.5392   Min.   :2.448    Min.   : 4.755    
 1st Qu.: 2.752   1st Qu.:1.6692   1st Qu.: 3.281     1st Qu.: 9.729     1st Qu.:1.2558   1st Qu.:4.256    1st Qu.: 7.520    
 Median : 4.829   Median :2.6030   Median : 4.757     Median :12.655     Median :1.8560   Median :4.911    Median : 8.729    
 Mean   : 5.148   Mean   :3.1943   Mean   : 5.015     Mean   :12.432     Mean   :2.1520   Mean   :4.981    Mean   :10.249    
 3rd Qu.: 6.347   3rd Qu.:4.4800   3rd Qu.: 6.483     3rd Qu.:15.767     3rd Qu.:2.8448   3rd Qu.:5.745    3rd Qu.:12.808    
 Max.   :11.638   Max.   :7.5441   Max.   :10.698     Max.   :22.570     Max.   :6.1156   Max.   :7.481    Max.   :18.383    
 emp_Y25-64_NaceG-I emp_Y25-64_NaceJ emp_Y25-64_NaceK emp_Y25-64_NaceL  emp_Y15-24_NaceM_N emp_Y25-64_NaceM_N emp_Y15-24_NaceO-Q
 Min.   :10.74      Min.   :1.251    Min.   :1.069    Min.   :0.06612   Min.   :0.6141     Min.   : 3.788     Min.   : 1.044    
 1st Qu.:15.07      1st Qu.:1.707    1st Qu.:1.591    1st Qu.:0.34926   1st Qu.:1.2869     1st Qu.: 5.177     1st Qu.: 2.228    
 Median :16.43      Median :2.081    Median :1.793    Median :0.46386   Median :2.0119     Median : 5.559     Median : 3.853    
 Mean   :16.54      Mean   :2.195    Mean   :2.351    Mean   :0.61764   Mean   :2.3023     Mean   : 6.263     Mean   : 4.583    
 3rd Qu.:17.92      3rd Qu.:2.403    3rd Qu.:2.520    3rd Qu.:0.78644   3rd Qu.:3.1891     3rd Qu.: 7.223     3rd Qu.: 6.163    
 Max.   :20.51      Max.   :3.672    Max.   :9.470    Max.   :1.67736   Max.   :4.8633     Max.   :10.742     Max.   :10.594    
 emp_Y25-64_NaceO-Q emp_Y15-24_NaceR-U emp_Y25-64_NaceR-U  unemp_Y15-24     unemp_YGE25          GDP           training    
 Min.   :13.32      Min.   :0.7908     Min.   :1.913      Min.   : 3.785   Min.   : 2.799   Min.   :16100   Min.   : 2.80  
 1st Qu.:15.72      1st Qu.:1.2588     1st Qu.:2.798      1st Qu.: 6.046   1st Qu.: 3.986   1st Qu.:20750   1st Qu.: 5.35  
 Median :17.02      Median :1.7049     Median :3.427      Median : 7.961   Median : 4.866   Median :23200   Median : 8.10  
 Mean   :18.18      Mean   :1.9183     Mean   :3.740      Mean   : 9.134   Mean   : 6.416   Mean   :26809   Mean   :10.26  
 3rd Qu.:21.28      3rd Qu.:2.2025     3rd Qu.:4.057      3rd Qu.:11.762   3rd Qu.: 7.671   3rd Qu.:30100   3rd Qu.:13.20  
 Max.   :28.34      Max.   :4.3474     Max.   :8.166      Max.   :19.025   Max.   :15.929   Max.   :73000   Max.   :29.20  
[1] 23 30
 [1] "AT" "BE" "CY" "CZ" "DE" "EE" "EL" "ES" "FI" "FR" "HR" "HU" "IT" "LT" "LU" "LV" "MT" "PL" "PT" "SE" "SI" "SK" "UK"
 [1] "pop_Y0-14"          "pop_Y15-24"         "pop_Y65-74"         "low_work"           "rooms_pp"           "mat_depriv"        
 [7] "ARPR_socexcl"       "emp_Y15-24_ED0-2"   "emp_Y25-64_ED3-4"   "emp_Y15-24_ED5-8"   "emp_Y25-64_ED5-8"   "emp_PT"            
[13] "emp_Y25-64"         "emp_YGE65"          "emp_Y25-64_NaceA"   "emp_Y15-24_NaceB-E" "emp_Y25-64_NaceB-E" "emp_Y25-64_NaceG-I"
[19] "emp_Y25-64_NaceJ"   "emp_Y25-64_NaceK"   "emp_Y25-64_NaceL"   "emp_Y15-24_NaceM_N" "emp_Y15-24_NaceO-Q" "emp_Y25-64_NaceO-Q"
[25] "emp_Y15-24_NaceR-U" "emp_Y25-64_NaceR-U" "unemp_Y15-24"       "unemp_YGE25"        "GDP"                "training"          
   pop_Y0-14       pop_Y15-24       pop_Y65-74        low_work        rooms_pp       mat_depriv      ARPR_socexcl 
 Min.   :13.16   Min.   : 9.629   Min.   : 7.466   Min.   : 6.10   Min.   :1.100   Min.   : 0.700   Min.   :14.8  
 1st Qu.:14.55   1st Qu.:10.656   1st Qu.: 9.267   1st Qu.: 8.15   1st Qu.:1.300   1st Qu.: 5.450   1st Qu.:19.1  
 Median :15.04   Median :11.668   Median : 9.924   Median : 9.70   Median :1.600   Median : 7.400   Median :24.1  
 Mean   :15.43   Mean   :11.447   Mean   : 9.774   Mean   :10.39   Mean   :1.604   Mean   : 9.513   Mean   :24.1  
 3rd Qu.:16.41   3rd Qu.:12.057   3rd Qu.:10.358   3rd Qu.:12.15   3rd Qu.:1.900   3rd Qu.:12.600   3rd Qu.:27.9  
 Max.   :18.59   Max.   :14.076   Max.   :11.248   Max.   :17.10   Max.   :2.200   Max.   :24.000   Max.   :36.0  
 emp_Y15-24_ED0-2  emp_Y25-64_ED3-4 emp_Y15-24_ED5-8  emp_Y25-64_ED5-8     emp_PT         emp_Y25-64      emp_YGE65     
 Min.   : 0.7164   Min.   :14.42    Min.   : 0.8745   Min.   :13.14    Min.   : 2.886   Min.   :56.52   Min.   : 1.555  
 1st Qu.: 2.5432   1st Qu.:26.31    1st Qu.: 2.2738   1st Qu.:18.56    1st Qu.: 4.256   1st Qu.:67.56   1st Qu.: 2.752  
 Median : 4.7104   Median :37.79    Median : 3.6726   Median :25.24    Median : 7.815   Median :70.64   Median : 4.829  
 Mean   : 5.9429   Mean   :34.12    Mean   : 4.7595   Mean   :25.19    Mean   : 8.603   Mean   :70.69   Mean   : 5.148  
 3rd Qu.: 7.3305   3rd Qu.:40.42    3rd Qu.: 7.1320   3rd Qu.:31.92    3rd Qu.:10.585   3rd Qu.:75.06   3rd Qu.: 6.347  
 Max.   :16.2485   Max.   :55.65    Max.   :10.9609   Max.   :36.23    Max.   :17.807   Max.   :82.38   Max.   :11.638  
 emp_Y25-64_NaceA emp_Y15-24_NaceB-E emp_Y25-64_NaceB-E emp_Y25-64_NaceG-I emp_Y25-64_NaceJ emp_Y25-64_NaceK emp_Y25-64_NaceL 
 Min.   :0.8021   Min.   : 1.015     Min.   : 4.471     Min.   :10.74      Min.   :1.251    Min.   :1.069    Min.   :0.06612  
 1st Qu.:1.6692   1st Qu.: 3.281     1st Qu.: 9.729     1st Qu.:15.07      1st Qu.:1.707    1st Qu.:1.591    1st Qu.:0.34926  
 Median :2.6030   Median : 4.757     Median :12.655     Median :16.43      Median :2.081    Median :1.793    Median :0.46386  
 Mean   :3.1943   Mean   : 5.015     Mean   :12.432     Mean   :16.54      Mean   :2.195    Mean   :2.351    Mean   :0.61764  
 3rd Qu.:4.4800   3rd Qu.: 6.483     3rd Qu.:15.767     3rd Qu.:17.92      3rd Qu.:2.403    3rd Qu.:2.520    3rd Qu.:0.78644  
 Max.   :7.5441   Max.   :10.698     Max.   :22.570     Max.   :20.51      Max.   :3.672    Max.   :9.470    Max.   :1.67736  
 emp_Y15-24_NaceM_N emp_Y15-24_NaceO-Q emp_Y25-64_NaceO-Q emp_Y15-24_NaceR-U emp_Y25-64_NaceR-U  unemp_Y15-24     unemp_YGE25    
 Min.   :0.6141     Min.   : 1.044     Min.   :13.32      Min.   :0.7908     Min.   :1.913      Min.   : 3.785   Min.   : 2.799  
 1st Qu.:1.2869     1st Qu.: 2.228     1st Qu.:15.72      1st Qu.:1.2588     1st Qu.:2.798      1st Qu.: 6.046   1st Qu.: 3.986  
 Median :2.0119     Median : 3.853     Median :17.02      Median :1.7049     Median :3.427      Median : 7.961   Median : 4.866  
 Mean   :2.3023     Mean   : 4.583     Mean   :18.18      Mean   :1.9183     Mean   :3.740      Mean   : 9.134   Mean   : 6.416  
 3rd Qu.:3.1891     3rd Qu.: 6.163     3rd Qu.:21.28      3rd Qu.:2.2025     3rd Qu.:4.057      3rd Qu.:11.762   3rd Qu.: 7.671  
 Max.   :4.8633     Max.   :10.594     Max.   :28.34      Max.   :4.3474     Max.   :8.166      Max.   :19.025   Max.   :15.929  
      GDP           training    
 Min.   :16100   Min.   : 2.80  
 1st Qu.:20750   1st Qu.: 5.35  
 Median :23200   Median : 8.10  
 Mean   :26809   Mean   :10.26  
 3rd Qu.:30100   3rd Qu.:13.20  
 Max.   :73000   Max.   :29.20  
