[1] 28 42
 [1] "AT" "BE" "BG" "CY" "CZ" "DE" "DK" "EE" "EL" "ES" "FI" "FR" "HR" "HU" "IE" "IT" "LT" "LU" "LV" "MT" "NL" "PL" "PT" "RO" "SE"
[26] "SI" "SK" "UK"
 [1] "pop_Total"          "pop_Y0-14"          "pop_Y15-24"         "pop_Y25-64"         "pop_Y65-74"         "pop_YGE75"         
 [7] "ARPR"               "low_work"           "rooms_pp"           "mat_depriv"         "ARPR_socexcl"       "emp_Y15-24_ED0-2"  
[13] "emp_Y25-64_ED0-2"   "emp_Y15-24_ED3-4"   "emp_Y25-64_ED3-4"   "emp_Y15-24_ED5-8"   "emp_Y25-64_ED5-8"   "emp_TF"            
[19] "emp_TP"             "emp_Y15-24"         "emp_Y25-64"         "emp_YGE65"          "emp_Y25-64_NaceA"   "emp_Y15-24_NaceB-E"
[25] "emp_Y25-64_NaceB-E" "emp_Y15-24_NaceF"   "emp_Y25-64_NaceF"   "emp_Y15-24_NaceG-I" "emp_Y25-64_NaceG-I" "emp_Y25-64_NaceJ"  
[31] "emp_Y25-64_NaceK"   "emp_Y25-64_NaceL"   "emp_Y15-24_NaceM_N" "emp_Y25-64_NaceM_N" "emp_Y15-24_NaceO-Q" "emp_Y25-64_NaceO-Q"
[37] "emp_Y15-24_NaceR-U" "emp_Y25-64_NaceR-U" "unemp_Y15-24"       "unemp_YGE25"        "GDP"                "training"          
   pop_Total          pop_Y0-14       pop_Y15-24       pop_Y25-64      pop_Y65-74       pop_YGE75           ARPR      
 Min.   :  425384   Min.   :13.18   Min.   : 9.708   Min.   :50.92   Min.   : 7.303   Min.   : 5.306   Min.   : 9.70  
 1st Qu.: 3920975   1st Qu.:14.60   1st Qu.:10.756   1st Qu.:53.64   1st Qu.: 8.916   1st Qu.: 7.333   1st Qu.:14.32  
 Median : 9075876   Median :15.12   Median :11.883   Median :54.92   Median : 9.867   Median : 8.333   Median :16.40  
 Mean   :18106210   Mean   :15.71   Mean   :11.678   Mean   :54.89   Mean   : 9.590   Mean   : 8.139   Mean   :16.84  
 3rd Qu.:17608794   3rd Qu.:16.86   3rd Qu.:12.423   3rd Qu.:56.36   3rd Qu.:10.578   3rd Qu.: 8.958   3rd Qu.:19.43  
 Max.   :80767463   Max.   :22.00   Max.   :14.254   Max.   :58.55   Max.   :11.147   Max.   :10.732   Max.   :25.10  
    low_work         rooms_pp      mat_depriv     ARPR_socexcl   emp_Y15-24_ED0-2 emp_Y25-64_ED0-2 emp_Y15-24_ED3-4
 Min.   : 6.100   Min.   :1.00   Min.   : 0.70   Min.   :14.80   Min.   : 3.88    Min.   : 3.820   Min.   :33.18   
 1st Qu.: 8.425   1st Qu.:1.20   1st Qu.: 4.95   1st Qu.:18.88   1st Qu.:11.02    1st Qu.: 9.632   1st Qu.:53.85   
 Median : 9.800   Median :1.65   Median : 7.90   Median :24.40   Median :19.02    Median :13.193   Median :62.06   
 Mean   :10.743   Mean   :1.60   Mean   :10.45   Mean   :24.88   Mean   :21.51    Mean   :16.403   Mean   :62.21   
 3rd Qu.:12.125   3rd Qu.:1.90   3rd Qu.:13.68   3rd Qu.:28.52   3rd Qu.:29.75    3rd Qu.:17.929   3rd Qu.:70.58   
 Max.   :20.800   Max.   :2.20   Max.   :33.10   Max.   :40.30   Max.   :48.38    Max.   :50.736   Max.   :86.70   
 emp_Y25-64_ED3-4 emp_Y15-24_ED5-8 emp_Y25-64_ED5-8     emp_TF          emp_TP         emp_Y15-24      emp_Y25-64   
 Min.   :23.07    Min.   : 4.736   Min.   :19.83    Min.   :32.06   Min.   : 1.403   Min.   :12.81   Min.   :56.02  
 1st Qu.:38.54    1st Qu.: 8.745   1st Qu.:27.59    1st Qu.:44.96   1st Qu.: 4.249   1st Qu.:22.00   1st Qu.:68.46  
 Median :46.45    Median :13.742   Median :34.63    Median :47.39   Median : 7.759   Median :26.68   Median :70.29  
 Mean   :47.84    Mean   :16.018   Mean   :35.41    Mean   :47.40   Mean   : 9.553   Mean   :29.93   Mean   :70.82  
 3rd Qu.:57.76    3rd Qu.:21.845   3rd Qu.:42.98    3rd Qu.:50.76   3rd Qu.:13.266   3rd Qu.:40.63   3rd Qu.:75.02  
 Max.   :72.48    Max.   :40.741   Max.   :50.59    Max.   :56.99   Max.   :32.609   Max.   :58.41   Max.   :83.10  
   emp_YGE65      emp_Y25-64_NaceA emp_Y15-24_NaceB-E emp_Y25-64_NaceB-E emp_Y15-24_NaceF emp_Y25-64_NaceF emp_Y15-24_NaceG-I
 Min.   : 1.583   Min.   : 1.065   Min.   : 5.548     Min.   : 6.242     Min.   : 2.629   Min.   :4.331    Min.   :20.78     
 1st Qu.: 3.468   1st Qu.: 2.200   1st Qu.: 9.148     1st Qu.:13.621     1st Qu.: 5.448   1st Qu.:6.224    1st Qu.:32.49     
 Median : 5.377   Median : 3.862   Median :15.756     Median :16.363     Median : 7.308   Median :6.737    Median :36.56     
 Mean   : 5.716   Mean   : 5.261   Mean   :16.605     Mean   :17.428     Mean   : 6.808   Mean   :6.906    Mean   :36.75     
 3rd Qu.: 7.136   3rd Qu.: 6.878   3rd Qu.:21.292     3rd Qu.:21.765     3rd Qu.: 8.036   3rd Qu.:7.524    3rd Qu.:41.38     
 Max.   :11.837   Max.   :24.335   Max.   :38.818     Max.   :29.394     Max.   :12.043   Max.   :9.735    Max.   :49.18     
 emp_Y25-64_NaceG-I emp_Y25-64_NaceJ emp_Y25-64_NaceK emp_Y25-64_NaceL emp_Y15-24_NaceM_N emp_Y25-64_NaceM_N emp_Y15-24_NaceO-Q
 Min.   :15.00      Min.   :1.769    Min.   : 1.392   Min.   :0.1170   Min.   : 3.326     Min.   : 4.619     Min.   : 3.109    
 1st Qu.:20.84      1st Qu.:2.517    1st Qu.: 2.206   1st Qu.:0.4802   1st Qu.: 5.992     1st Qu.: 7.051     1st Qu.: 9.584    
 Median :23.23      Median :2.957    Median : 2.732   Median :0.6575   Median : 7.474     Median : 8.715     Median :13.761    
 Mean   :23.32      Mean   :3.103    Mean   : 3.289   Mean   :0.8081   Mean   : 7.473     Mean   : 8.744     Mean   :14.377    
 3rd Qu.:26.98      3rd Qu.:3.525    3rd Qu.: 3.516   3rd Qu.:1.0340   3rd Qu.: 9.178     3rd Qu.:10.376     3rd Qu.:18.067    
 Max.   :30.26      Max.   :4.468    Max.   :13.221   Max.   :2.3176   Max.   :12.593     Max.   :13.039     Max.   :33.058    
 emp_Y25-64_NaceO-Q emp_Y15-24_NaceR-U emp_Y25-64_NaceR-U  unemp_Y15-24     unemp_YGE25          GDP           training     
 Min.   :13.58      Min.   : 3.463     Min.   : 2.684     Min.   : 3.763   Min.   : 2.837   Min.   :12800   Min.   : 1.500  
 1st Qu.:22.14      1st Qu.: 4.639     1st Qu.: 3.858     1st Qu.: 6.248   1st Qu.: 3.838   1st Qu.:20425   1st Qu.: 4.825  
 Median :24.34      Median : 5.920     Median : 4.576     Median : 7.572   Median : 4.875   Median :23400   Median : 8.050  
 Mean   :25.62      Mean   : 6.504     Mean   : 5.059     Mean   : 8.747   Mean   : 6.190   Mean   :26839   Mean   :10.593  
 3rd Qu.:30.06      3rd Qu.: 8.332     3rd Qu.: 5.400     3rd Qu.:10.654   3rd Qu.: 7.014   3rd Qu.:32800   3rd Qu.:14.350  
 Max.   :36.50      Max.   :10.772     Max.   :11.400     Max.   :18.845   Max.   :15.823   Max.   :73000   Max.   :31.900  
[1] 22 42
 [1] "AT" "BE" "CY" "CZ" "DE" "EE" "EL" "ES" "FI" "FR" "HR" "HU" "IT" "LT" "LU" "LV" "PL" "PT" "SE" "SI" "SK" "UK"
 [1] "pop_Total"          "pop_Y0-14"          "pop_Y15-24"         "pop_Y25-64"         "pop_Y65-74"         "pop_YGE75"         
 [7] "ARPR"               "low_work"           "rooms_pp"           "mat_depriv"         "ARPR_socexcl"       "emp_Y15-24_ED0-2"  
[13] "emp_Y25-64_ED0-2"   "emp_Y15-24_ED3-4"   "emp_Y25-64_ED3-4"   "emp_Y15-24_ED5-8"   "emp_Y25-64_ED5-8"   "emp_TF"            
[19] "emp_TP"             "emp_Y15-24"         "emp_Y25-64"         "emp_YGE65"          "emp_Y25-64_NaceA"   "emp_Y15-24_NaceB-E"
[25] "emp_Y25-64_NaceB-E" "emp_Y15-24_NaceF"   "emp_Y25-64_NaceF"   "emp_Y15-24_NaceG-I" "emp_Y25-64_NaceG-I" "emp_Y25-64_NaceJ"  
[31] "emp_Y25-64_NaceK"   "emp_Y25-64_NaceL"   "emp_Y15-24_NaceM_N" "emp_Y25-64_NaceM_N" "emp_Y15-24_NaceO-Q" "emp_Y25-64_NaceO-Q"
[37] "emp_Y15-24_NaceR-U" "emp_Y25-64_NaceR-U" "unemp_Y15-24"       "unemp_YGE25"        "GDP"                "training"          
   pop_Total          pop_Y0-14       pop_Y15-24       pop_Y25-64      pop_Y65-74       pop_YGE75           ARPR      
 Min.   :  549680   Min.   :13.18   Min.   : 9.708   Min.   :50.92   Min.   : 7.414   Min.   : 5.532   Min.   : 9.70  
 1st Qu.: 3269306   1st Qu.:14.61   1st Qu.:10.719   1st Qu.:53.88   1st Qu.: 8.929   1st Qu.: 7.635   1st Qu.:14.43  
 Median : 9761114   Median :15.02   Median :11.883   Median :55.03   Median : 9.654   Median : 8.583   Median :16.55  
 Mean   :20558794   Mean   :15.45   Mean   :11.623   Mean   :55.00   Mean   : 9.534   Mean   : 8.387   Mean   :16.75  
 3rd Qu.:31308602   3rd Qu.:16.38   3rd Qu.:12.285   3rd Qu.:56.74   3rd Qu.:10.151   3rd Qu.: 9.081   3rd Qu.:19.40  
 Max.   :80767463   Max.   :18.54   Max.   :14.254   Max.   :58.55   Max.   :10.909   Max.   :10.732   Max.   :22.20  
    low_work         rooms_pp       mat_depriv      ARPR_socexcl   emp_Y15-24_ED0-2 emp_Y25-64_ED0-2 emp_Y15-24_ED3-4
 Min.   : 6.100   Min.   :1.100   Min.   : 0.700   Min.   :14.80   Min.   : 3.88    Min.   : 3.820   Min.   :33.18   
 1st Qu.: 7.875   1st Qu.:1.250   1st Qu.: 5.225   1st Qu.:19.05   1st Qu.:11.61    1st Qu.: 7.925   1st Qu.:54.91   
 Median : 9.650   Median :1.600   Median : 7.250   Median :24.40   Median :17.89    Median :11.199   Median :64.21   
 Mean   :10.418   Mean   :1.582   Mean   : 9.482   Mean   :24.12   Mean   :19.56    Mean   :15.112   Mean   :63.73   
 3rd Qu.:12.175   3rd Qu.:1.875   3rd Qu.:13.100   3rd Qu.:28.10   3rd Qu.:26.06    3rd Qu.:17.391   3rd Qu.:72.16   
 Max.   :17.100   Max.   :2.200   Max.   :24.000   Max.   :36.00   Max.   :40.36    Max.   :50.736   Max.   :86.70   
 emp_Y25-64_ED3-4 emp_Y15-24_ED5-8 emp_Y25-64_ED5-8     emp_TF          emp_TP         emp_Y15-24      emp_Y25-64   
 Min.   :23.07    Min.   : 4.736   Min.   :20.92    Min.   :39.14   Min.   : 2.886   Min.   :12.81   Min.   :56.02  
 1st Qu.:38.87    1st Qu.: 8.890   1st Qu.:28.25    1st Qu.:45.02   1st Qu.: 4.188   1st Qu.:21.84   1st Qu.:68.65  
 Median :49.47    Median :15.267   Median :34.63    Median :48.09   Median : 7.564   Median :25.10   Median :70.60  
 Mean   :48.90    Mean   :16.561   Mean   :35.84    Mean   :48.01   Mean   : 8.595   Mean   :27.74   Mean   :70.84  
 3rd Qu.:59.55    3rd Qu.:23.278   3rd Qu.:43.47    3rd Qu.:51.04   3rd Qu.:10.886   3rd Qu.:32.14   3rd Qu.:74.75  
 Max.   :72.48    Max.   :40.741   Max.   :50.59    Max.   :56.99   Max.   :17.806   Max.   :50.20   Max.   :83.10  
   emp_YGE65      emp_Y25-64_NaceA emp_Y15-24_NaceB-E emp_Y25-64_NaceB-E emp_Y15-24_NaceF emp_Y25-64_NaceF emp_Y15-24_NaceG-I
 Min.   : 1.583   Min.   : 1.065   Min.   : 5.785     Min.   : 6.242     Min.   : 3.611   Min.   :4.331    Min.   :26.45     
 1st Qu.: 2.663   1st Qu.: 2.769   1st Qu.:10.259     1st Qu.:13.857     1st Qu.: 6.215   1st Qu.:6.501    1st Qu.:32.46     
 Median : 5.005   Median : 3.862   Median :17.668     Median :17.115     Median : 7.491   Median :6.761    Median :34.92     
 Mean   : 5.277   Mean   : 4.812   Mean   :17.659     Mean   :17.676     Mean   : 7.284   Mean   :7.015    Mean   :35.78     
 3rd Qu.: 6.637   3rd Qu.: 6.720   3rd Qu.:22.520     3rd Qu.:21.405     3rd Qu.: 8.322   3rd Qu.:7.621    3rd Qu.:38.36     
 Max.   :11.837   Max.   :13.075   Max.   :38.818     Max.   :29.394     Max.   :12.043   Max.   :9.735    Max.   :49.18     
 emp_Y25-64_NaceG-I emp_Y25-64_NaceJ emp_Y25-64_NaceK emp_Y25-64_NaceL emp_Y15-24_NaceM_N emp_Y25-64_NaceM_N emp_Y15-24_NaceO-Q
 Min.   :15.00      Min.   :1.820    Min.   : 1.422   Min.   :0.1170   Min.   : 3.326     Min.   : 5.834     Min.   : 6.681    
 1st Qu.:21.01      1st Qu.:2.562    1st Qu.: 2.255   1st Qu.:0.4907   1st Qu.: 5.926     1st Qu.: 7.110     1st Qu.:10.120    
 Median :23.23      Median :2.907    Median : 2.595   Median :0.6660   Median : 7.524     Median : 8.534     Median :13.889    
 Mean   :23.40      Mean   :3.058    Mean   : 3.276   Mean   :0.8603   Mean   : 7.625     Mean   : 8.822     Mean   :15.074    
 3rd Qu.:26.33      3rd Qu.:3.444    3rd Qu.: 3.360   3rd Qu.:1.1023   3rd Qu.: 9.313     3rd Qu.:10.383     3rd Qu.:17.994    
 Max.   :30.26      Max.   :4.468    Max.   :13.221   Max.   :2.3176   Max.   :12.593     Max.   :13.039     Max.   :33.058    
 emp_Y25-64_NaceO-Q emp_Y15-24_NaceR-U emp_Y25-64_NaceR-U  unemp_Y15-24     unemp_YGE25          GDP           training     
 Min.   :20.63      Min.   : 3.773     Min.   : 2.892     Min.   : 3.763   Min.   : 3.116   Min.   :16100   Min.   : 2.800  
 1st Qu.:22.23      1st Qu.: 4.866     1st Qu.: 3.951     1st Qu.: 5.950   1st Qu.: 4.249   1st Qu.:20675   1st Qu.: 5.225  
 Median :23.86      Median : 5.930     Median : 4.626     Median : 8.026   Median : 5.414   Median :22900   Median : 8.850  
 Mean   :25.50      Mean   : 6.738     Mean   : 5.307     Mean   : 9.112   Mean   : 6.575   Mean   :26955   Mean   :10.386  
 3rd Qu.:29.07      3rd Qu.: 8.372     3rd Qu.: 5.521     3rd Qu.:11.766   3rd Qu.: 7.948   3rd Qu.:30200   3rd Qu.:13.750  
 Max.   :34.41      Max.   :10.772     Max.   :11.400     Max.   :18.845   Max.   :15.823   Max.   :73000   Max.   :29.200  
[1] 22 30
 [1] "AT" "BE" "CY" "CZ" "DE" "EE" "EL" "ES" "FI" "FR" "HR" "HU" "IT" "LT" "LU" "LV" "PL" "PT" "SE" "SI" "SK" "UK"
 [1] "pop_Y0-14"          "pop_Y65-74"         "low_work"           "rooms_pp"           "mat_depriv"         "ARPR_socexcl"      
 [7] "emp_Y15-24_ED0-2"   "emp_Y15-24_ED3-4"   "emp_Y25-64_ED3-4"   "emp_Y25-64_ED5-8"   "emp_TP"             "emp_Y15-24"        
[13] "emp_Y25-64"         "emp_Y25-64_NaceA"   "emp_Y15-24_NaceB-E" "emp_Y15-24_NaceF"   "emp_Y15-24_NaceG-I" "emp_Y25-64_NaceG-I"
[19] "emp_Y25-64_NaceJ"   "emp_Y25-64_NaceK"   "emp_Y15-24_NaceM_N" "emp_Y25-64_NaceM_N" "emp_Y15-24_NaceO-Q" "emp_Y25-64_NaceO-Q"
[25] "emp_Y15-24_NaceR-U" "emp_Y25-64_NaceR-U" "unemp_Y15-24"       "unemp_YGE25"        "GDP"                "training"          
   pop_Y0-14       pop_Y65-74        low_work         rooms_pp       mat_depriv      ARPR_socexcl   emp_Y15-24_ED0-2
 Min.   :13.18   Min.   : 7.414   Min.   : 6.100   Min.   :1.100   Min.   : 0.700   Min.   :14.80   Min.   : 3.88   
 1st Qu.:14.61   1st Qu.: 8.929   1st Qu.: 7.875   1st Qu.:1.250   1st Qu.: 5.225   1st Qu.:19.05   1st Qu.:11.61   
 Median :15.02   Median : 9.654   Median : 9.650   Median :1.600   Median : 7.250   Median :24.40   Median :17.89   
 Mean   :15.45   Mean   : 9.534   Mean   :10.418   Mean   :1.582   Mean   : 9.482   Mean   :24.12   Mean   :19.56   
 3rd Qu.:16.38   3rd Qu.:10.151   3rd Qu.:12.175   3rd Qu.:1.875   3rd Qu.:13.100   3rd Qu.:28.10   3rd Qu.:26.06   
 Max.   :18.54   Max.   :10.909   Max.   :17.100   Max.   :2.200   Max.   :24.000   Max.   :36.00   Max.   :40.36   
 emp_Y15-24_ED3-4 emp_Y25-64_ED3-4 emp_Y25-64_ED5-8     emp_TP         emp_Y15-24      emp_Y25-64    emp_Y25-64_NaceA
 Min.   :33.18    Min.   :23.07    Min.   :20.92    Min.   : 2.886   Min.   :12.81   Min.   :56.02   Min.   : 1.065  
 1st Qu.:54.91    1st Qu.:38.87    1st Qu.:28.25    1st Qu.: 4.188   1st Qu.:21.84   1st Qu.:68.65   1st Qu.: 2.769  
 Median :64.21    Median :49.47    Median :34.63    Median : 7.564   Median :25.10   Median :70.60   Median : 3.862  
 Mean   :63.73    Mean   :48.90    Mean   :35.84    Mean   : 8.595   Mean   :27.74   Mean   :70.84   Mean   : 4.812  
 3rd Qu.:72.16    3rd Qu.:59.55    3rd Qu.:43.47    3rd Qu.:10.886   3rd Qu.:32.14   3rd Qu.:74.75   3rd Qu.: 6.720  
 Max.   :86.70    Max.   :72.48    Max.   :50.59    Max.   :17.806   Max.   :50.20   Max.   :83.10   Max.   :13.075  
 emp_Y15-24_NaceB-E emp_Y15-24_NaceF emp_Y15-24_NaceG-I emp_Y25-64_NaceG-I emp_Y25-64_NaceJ emp_Y25-64_NaceK emp_Y15-24_NaceM_N
 Min.   : 5.785     Min.   : 3.611   Min.   :26.45      Min.   :15.00      Min.   :1.820    Min.   : 1.422   Min.   : 3.326    
 1st Qu.:10.259     1st Qu.: 6.215   1st Qu.:32.46      1st Qu.:21.01      1st Qu.:2.562    1st Qu.: 2.255   1st Qu.: 5.926    
 Median :17.668     Median : 7.491   Median :34.92      Median :23.23      Median :2.907    Median : 2.595   Median : 7.524    
 Mean   :17.659     Mean   : 7.284   Mean   :35.78      Mean   :23.40      Mean   :3.058    Mean   : 3.276   Mean   : 7.625    
 3rd Qu.:22.520     3rd Qu.: 8.322   3rd Qu.:38.36      3rd Qu.:26.33      3rd Qu.:3.444    3rd Qu.: 3.360   3rd Qu.: 9.313    
 Max.   :38.818     Max.   :12.043   Max.   :49.18      Max.   :30.26      Max.   :4.468    Max.   :13.221   Max.   :12.593    
 emp_Y25-64_NaceM_N emp_Y15-24_NaceO-Q emp_Y25-64_NaceO-Q emp_Y15-24_NaceR-U emp_Y25-64_NaceR-U  unemp_Y15-24     unemp_YGE25    
 Min.   : 5.834     Min.   : 6.681     Min.   :20.63      Min.   : 3.773     Min.   : 2.892     Min.   : 3.763   Min.   : 3.116  
 1st Qu.: 7.110     1st Qu.:10.120     1st Qu.:22.23      1st Qu.: 4.866     1st Qu.: 3.951     1st Qu.: 5.950   1st Qu.: 4.249  
 Median : 8.534     Median :13.889     Median :23.86      Median : 5.930     Median : 4.626     Median : 8.026   Median : 5.414  
 Mean   : 8.822     Mean   :15.074     Mean   :25.50      Mean   : 6.738     Mean   : 5.307     Mean   : 9.112   Mean   : 6.575  
 3rd Qu.:10.383     3rd Qu.:17.994     3rd Qu.:29.07      3rd Qu.: 8.372     3rd Qu.: 5.521     3rd Qu.:11.766   3rd Qu.: 7.948  
 Max.   :13.039     Max.   :33.058     Max.   :34.41      Max.   :10.772     Max.   :11.400     Max.   :18.845   Max.   :15.823  
      GDP           training     
 Min.   :16100   Min.   : 2.800  
 1st Qu.:20675   1st Qu.: 5.225  
 Median :22900   Median : 8.850  
 Mean   :26955   Mean   :10.386  
 3rd Qu.:30200   3rd Qu.:13.750  
 Max.   :73000   Max.   :29.200  
