[1] 28 42
 [1] "AT" "BE" "BG" "CY" "CZ" "DE" "DK" "EE" "EL" "ES" "FI" "FR" "HR" "HU" "IE" "IT" "LT" "LU" "LV" "MT" "NL" "PL" "PT" "RO" "SE"
[26] "SI" "SK" "UK"
 [1] "pop_Total"          "pop_Y0-14"          "pop_Y15-24"         "pop_Y25-64"         "pop_Y65-74"         "pop_YGE75"         
 [7] "ARPR"               "low_work"           "rooms_pp"           "mat_depriv"         "ARPR_socexcl"       "emp_Y15-24_ED0-2"  
[13] "emp_Y25-64_ED0-2"   "emp_Y15-24_ED3-4"   "emp_Y25-64_ED3-4"   "emp_Y15-24_ED5-8"   "emp_Y25-64_ED5-8"   "emp_TF"            
[19] "emp_TP"             "emp_Y15-24"         "emp_Y25-64"         "emp_YGE65"          "emp_Y25-64_NaceA"   "emp_Y15-24_NaceB-E"
[25] "emp_Y25-64_NaceB-E" "emp_Y15-24_NaceF"   "emp_Y25-64_NaceF"   "emp_Y15-24_NaceG-I" "emp_Y25-64_NaceG-I" "emp_Y25-64_NaceJ"  
[31] "emp_Y25-64_NaceK"   "emp_Y25-64_NaceL"   "emp_Y15-24_NaceM_N" "emp_Y25-64_NaceM_N" "emp_Y15-24_NaceO-Q" "emp_Y25-64_NaceO-Q"
[37] "emp_Y15-24_NaceR-U" "emp_Y25-64_NaceR-U" "unemp_Y15-24"       "unemp_YGE25"        "GDP"                "training"          
   pop_Total          pop_Y0-14       pop_Y15-24       pop_Y25-64      pop_Y65-74       pop_YGE75           ARPR      
 Min.   :  425384   Min.   :13.18   Min.   : 9.708   Min.   :50.92   Min.   : 7.303   Min.   : 5.306   Min.   : 9.70  
 1st Qu.: 3920975   1st Qu.:14.60   1st Qu.:10.756   1st Qu.:53.64   1st Qu.: 8.916   1st Qu.: 7.333   1st Qu.:14.32  
 Median : 9075876   Median :15.12   Median :11.883   Median :54.92   Median : 9.867   Median : 8.333   Median :16.40  
 Mean   :18106210   Mean   :15.71   Mean   :11.678   Mean   :54.89   Mean   : 9.590   Mean   : 8.139   Mean   :16.84  
 3rd Qu.:17608794   3rd Qu.:16.86   3rd Qu.:12.423   3rd Qu.:56.36   3rd Qu.:10.578   3rd Qu.: 8.958   3rd Qu.:19.43  
 Max.   :80767463   Max.   :22.00   Max.   :14.254   Max.   :58.55   Max.   :11.147   Max.   :10.732   Max.   :25.10  
    low_work         rooms_pp      mat_depriv     ARPR_socexcl   emp_Y15-24_ED0-2 emp_Y25-64_ED0-2 emp_Y15-24_ED3-4
 Min.   : 6.100   Min.   :1.00   Min.   : 0.70   Min.   :14.80   Min.   : 3.88    Min.   : 3.820   Min.   :33.18   
 1st Qu.: 8.425   1st Qu.:1.20   1st Qu.: 4.95   1st Qu.:18.88   1st Qu.:11.02    1st Qu.: 9.632   1st Qu.:53.85   
 Median : 9.800   Median :1.65   Median : 7.90   Median :24.40   Median :19.02    Median :13.193   Median :62.06   
 Mean   :10.743   Mean   :1.60   Mean   :10.45   Mean   :24.88   Mean   :21.51    Mean   :16.403   Mean   :62.21   
 3rd Qu.:12.125   3rd Qu.:1.90   3rd Qu.:13.68   3rd Qu.:28.52   3rd Qu.:29.75    3rd Qu.:17.929   3rd Qu.:70.58   
 Max.   :20.800   Max.   :2.20   Max.   :33.10   Max.   :40.30   Max.   :48.38    Max.   :50.736   Max.   :86.70   
 emp_Y25-64_ED3-4 emp_Y15-24_ED5-8 emp_Y25-64_ED5-8     emp_TF          emp_TP         emp_Y15-24      emp_Y25-64   
 Min.   :23.07    Min.   : 4.736   Min.   :19.83    Min.   :32.06   Min.   : 1.403   Min.   :12.81   Min.   :56.02  
 1st Qu.:38.54    1st Qu.: 8.745   1st Qu.:27.59    1st Qu.:44.96   1st Qu.: 4.249   1st Qu.:22.00   1st Qu.:68.46  
 Median :46.45    Median :13.742   Median :34.63    Median :47.39   Median : 7.759   Median :26.68   Median :70.29  
 Mean   :47.84    Mean   :16.018   Mean   :35.41    Mean   :47.40   Mean   : 9.553   Mean   :29.93   Mean   :70.82  
 3rd Qu.:57.76    3rd Qu.:21.845   3rd Qu.:42.98    3rd Qu.:50.76   3rd Qu.:13.266   3rd Qu.:40.63   3rd Qu.:75.02  
 Max.   :72.48    Max.   :40.741   Max.   :50.59    Max.   :56.99   Max.   :32.609   Max.   :58.41   Max.   :83.10  
   emp_YGE65      emp_Y25-64_NaceA emp_Y15-24_NaceB-E emp_Y25-64_NaceB-E emp_Y15-24_NaceF emp_Y25-64_NaceF emp_Y15-24_NaceG-I
 Min.   : 1.583   Min.   : 1.065   Min.   : 5.548     Min.   : 6.242     Min.   : 2.629   Min.   :4.331    Min.   :20.78     
 1st Qu.: 3.468   1st Qu.: 2.200   1st Qu.: 9.148     1st Qu.:13.621     1st Qu.: 5.448   1st Qu.:6.224    1st Qu.:32.49     
 Median : 5.377   Median : 3.862   Median :15.756     Median :16.363     Median : 7.308   Median :6.737    Median :36.56     
 Mean   : 5.716   Mean   : 5.261   Mean   :16.605     Mean   :17.428     Mean   : 6.808   Mean   :6.906    Mean   :36.75     
 3rd Qu.: 7.136   3rd Qu.: 6.878   3rd Qu.:21.292     3rd Qu.:21.765     3rd Qu.: 8.036   3rd Qu.:7.524    3rd Qu.:41.38     
 Max.   :11.837   Max.   :24.335   Max.   :38.818     Max.   :29.394     Max.   :12.043   Max.   :9.735    Max.   :49.18     
 emp_Y25-64_NaceG-I emp_Y25-64_NaceJ emp_Y25-64_NaceK emp_Y25-64_NaceL emp_Y15-24_NaceM_N emp_Y25-64_NaceM_N emp_Y15-24_NaceO-Q
 Min.   :15.00      Min.   :1.769    Min.   : 1.392   Min.   :0.1170   Min.   : 3.326     Min.   : 4.619     Min.   : 3.109    
 1st Qu.:20.84      1st Qu.:2.517    1st Qu.: 2.206   1st Qu.:0.4802   1st Qu.: 5.992     1st Qu.: 7.051     1st Qu.: 9.584    
 Median :23.23      Median :2.957    Median : 2.732   Median :0.6575   Median : 7.474     Median : 8.715     Median :13.761    
 Mean   :23.32      Mean   :3.103    Mean   : 3.289   Mean   :0.8081   Mean   : 7.473     Mean   : 8.744     Mean   :14.377    
 3rd Qu.:26.98      3rd Qu.:3.525    3rd Qu.: 3.516   3rd Qu.:1.0340   3rd Qu.: 9.178     3rd Qu.:10.376     3rd Qu.:18.067    
 Max.   :30.26      Max.   :4.468    Max.   :13.221   Max.   :2.3176   Max.   :12.593     Max.   :13.039     Max.   :33.058    
 emp_Y25-64_NaceO-Q emp_Y15-24_NaceR-U emp_Y25-64_NaceR-U  unemp_Y15-24     unemp_YGE25          GDP           training     
 Min.   :13.58      Min.   : 3.463     Min.   : 2.684     Min.   : 3.763   Min.   : 2.837   Min.   :12800   Min.   : 1.500  
 1st Qu.:22.14      1st Qu.: 4.639     1st Qu.: 3.858     1st Qu.: 6.248   1st Qu.: 3.838   1st Qu.:20425   1st Qu.: 4.825  
 Median :24.34      Median : 5.920     Median : 4.576     Median : 7.572   Median : 4.875   Median :23400   Median : 8.050  
 Mean   :25.62      Mean   : 6.504     Mean   : 5.059     Mean   : 8.747   Mean   : 6.190   Mean   :26839   Mean   :10.593  
 3rd Qu.:30.06      3rd Qu.: 8.332     3rd Qu.: 5.400     3rd Qu.:10.654   3rd Qu.: 7.014   3rd Qu.:32800   3rd Qu.:14.350  
 Max.   :36.50      Max.   :10.772     Max.   :11.400     Max.   :18.845   Max.   :15.823   Max.   :73000   Max.   :31.900  
[1] 22 42
 [1] "AT" "BE" "CY" "CZ" "DE" "EE" "EL" "ES" "FI" "FR" "HR" "HU" "IT" "LU" "LV" "MT" "PL" "PT" "SE" "SI" "SK" "UK"
 [1] "pop_Total"          "pop_Y0-14"          "pop_Y15-24"         "pop_Y25-64"         "pop_Y65-74"         "pop_YGE75"         
 [7] "ARPR"               "low_work"           "rooms_pp"           "mat_depriv"         "ARPR_socexcl"       "emp_Y15-24_ED0-2"  
[13] "emp_Y25-64_ED0-2"   "emp_Y15-24_ED3-4"   "emp_Y25-64_ED3-4"   "emp_Y15-24_ED5-8"   "emp_Y25-64_ED5-8"   "emp_TF"            
[19] "emp_TP"             "emp_Y15-24"         "emp_Y25-64"         "emp_YGE65"          "emp_Y25-64_NaceA"   "emp_Y15-24_NaceB-E"
[25] "emp_Y25-64_NaceB-E" "emp_Y15-24_NaceF"   "emp_Y25-64_NaceF"   "emp_Y15-24_NaceG-I" "emp_Y25-64_NaceG-I" "emp_Y25-64_NaceJ"  
[31] "emp_Y25-64_NaceK"   "emp_Y25-64_NaceL"   "emp_Y15-24_NaceM_N" "emp_Y25-64_NaceM_N" "emp_Y15-24_NaceO-Q" "emp_Y25-64_NaceO-Q"
[37] "emp_Y15-24_NaceR-U" "emp_Y25-64_NaceR-U" "unemp_Y15-24"       "unemp_YGE25"        "GDP"                "training"          
   pop_Total          pop_Y0-14       pop_Y15-24       pop_Y25-64      pop_Y65-74       pop_YGE75           ARPR      
 Min.   :  425384   Min.   :13.18   Min.   : 9.708   Min.   :50.92   Min.   : 7.414   Min.   : 5.532   Min.   : 9.70  
 1st Qu.: 2607516   1st Qu.:14.60   1st Qu.:10.719   1st Qu.:54.51   1st Qu.: 8.929   1st Qu.: 7.281   1st Qu.:14.43  
 Median : 9761114   Median :15.02   Median :11.883   Median :55.03   Median : 9.874   Median : 8.511   Median :16.15  
 Mean   :20444336   Mean   :15.44   Mean   :11.609   Mean   :55.05   Mean   : 9.592   Mean   : 8.303   Mean   :16.61  
 3rd Qu.:31308602   3rd Qu.:16.38   3rd Qu.:12.285   3rd Qu.:56.74   3rd Qu.:10.458   3rd Qu.: 9.051   3rd Qu.:19.40  
 Max.   :80767463   Max.   :18.54   Max.   :14.254   Max.   :58.55   Max.   :10.909   Max.   :10.732   Max.   :22.20  
    low_work         rooms_pp       mat_depriv      ARPR_socexcl   emp_Y15-24_ED0-2 emp_Y25-64_ED0-2 emp_Y15-24_ED3-4
 Min.   : 6.100   Min.   :1.100   Min.   : 0.700   Min.   :14.80   Min.   : 3.88    Min.   : 3.820   Min.   :33.18   
 1st Qu.: 7.875   1st Qu.:1.250   1st Qu.: 5.225   1st Qu.:19.05   1st Qu.:13.44    1st Qu.: 9.602   1st Qu.:54.23   
 Median : 9.750   Median :1.650   Median : 7.250   Median :23.95   Median :19.02    Median :11.965   Median :63.40   
 Mean   :10.468   Mean   :1.614   Mean   : 9.327   Mean   :23.96   Mean   :20.44    Mean   :17.023   Mean   :63.23   
 3rd Qu.:12.175   3rd Qu.:1.900   3rd Qu.:11.350   3rd Qu.:28.10   3rd Qu.:27.12    3rd Qu.:17.709   3rd Qu.:72.16   
 Max.   :17.100   Max.   :2.200   Max.   :24.000   Max.   :36.00   Max.   :40.36    Max.   :50.736   Max.   :86.70   
 emp_Y25-64_ED3-4 emp_Y15-24_ED5-8 emp_Y25-64_ED5-8     emp_TF          emp_TP         emp_Y15-24      emp_Y25-64   
 Min.   :23.07    Min.   : 4.736   Min.   :20.92    Min.   :39.14   Min.   : 2.886   Min.   :12.81   Min.   :56.02  
 1st Qu.:38.11    1st Qu.: 8.890   1st Qu.:27.49    1st Qu.:45.02   1st Qu.: 4.188   1st Qu.:21.84   1st Qu.:66.67  
 Median :46.45    Median :15.267   Median :34.19    Median :46.95   Median : 7.759   Median :25.10   Median :70.29  
 Mean   :47.80    Mean   :16.190   Mean   :35.03    Mean   :47.65   Mean   : 8.762   Mean   :28.56   Mean   :70.42  
 3rd Qu.:59.55    3rd Qu.:20.608   3rd Qu.:42.43    3rd Qu.:50.31   3rd Qu.:10.886   3rd Qu.:38.17   3rd Qu.:74.70  
 Max.   :72.48    Max.   :40.741   Max.   :50.59    Max.   :56.99   Max.   :17.806   Max.   :50.20   Max.   :83.10  
   emp_YGE65      emp_Y25-64_NaceA emp_Y15-24_NaceB-E emp_Y25-64_NaceB-E emp_Y15-24_NaceF emp_Y25-64_NaceF emp_Y15-24_NaceG-I
 Min.   : 1.583   Min.   : 1.065   Min.   : 5.785     Min.   : 6.242     Min.   : 3.611   Min.   :4.331    Min.   :26.45     
 1st Qu.: 2.663   1st Qu.: 1.924   1st Qu.:10.259     1st Qu.:13.857     1st Qu.: 5.704   1st Qu.:6.501    1st Qu.:32.46     
 Median : 4.986   Median : 3.738   Median :15.756     Median :16.363     Median : 7.458   Median :6.737    Median :34.92     
 Mean   : 5.244   Mean   : 4.460   Mean   :17.453     Mean   :17.569     Mean   : 7.125   Mean   :6.967    Mean   :35.77     
 3rd Qu.: 6.637   3rd Qu.: 5.357   3rd Qu.:22.520     3rd Qu.:21.405     3rd Qu.: 8.322   3rd Qu.:7.463    3rd Qu.:38.29     
 Max.   :11.837   Max.   :13.075   Max.   :38.818     Max.   :29.394     Max.   :12.043   Max.   :9.735    Max.   :49.18     
 emp_Y25-64_NaceG-I emp_Y25-64_NaceJ emp_Y25-64_NaceK emp_Y25-64_NaceL emp_Y15-24_NaceM_N emp_Y25-64_NaceM_N emp_Y15-24_NaceO-Q
 Min.   :15.00      Min.   :2.207    Min.   : 1.450   Min.   :0.1170   Min.   : 3.326     Min.   : 5.834     Min.   : 6.681    
 1st Qu.:21.01      1st Qu.:2.643    1st Qu.: 2.390   1st Qu.:0.4907   1st Qu.: 5.926     1st Qu.: 7.270     1st Qu.:11.898    
 Median :23.23      Median :2.957    Median : 2.732   Median :0.6575   Median : 7.524     Median : 8.733     Median :14.166    
 Mean   :23.40      Mean   :3.133    Mean   : 3.416   Mean   :0.8362   Mean   : 7.545     Mean   : 8.887     Mean   :15.608    
 3rd Qu.:26.33      3rd Qu.:3.494    3rd Qu.: 3.482   3rd Qu.:1.0045   3rd Qu.: 9.030     3rd Qu.:10.383     3rd Qu.:18.759    
 Max.   :30.26      Max.   :4.468    Max.   :13.221   Max.   :2.3176   Max.   :12.593     Max.   :13.039     Max.   :33.058    
 emp_Y25-64_NaceO-Q emp_Y15-24_NaceR-U emp_Y25-64_NaceR-U  unemp_Y15-24     unemp_YGE25          GDP           training     
 Min.   :20.63      Min.   : 3.773     Min.   : 2.892     Min.   : 3.763   Min.   : 2.837   Min.   :16100   Min.   : 2.800  
 1st Qu.:22.23      1st Qu.: 4.866     1st Qu.: 3.951     1st Qu.: 5.823   1st Qu.: 3.878   1st Qu.:20950   1st Qu.: 5.975  
 Median :24.34      Median : 6.034     Median : 4.693     Median : 8.026   Median : 4.875   Median :23400   Median : 8.850  
 Mean   :25.70      Mean   : 6.747     Mean   : 5.361     Mean   : 9.089   Mean   : 6.379   Mean   :27091   Mean   :10.491  
 3rd Qu.:29.32      3rd Qu.: 8.372     3rd Qu.: 5.521     3rd Qu.:11.766   3rd Qu.: 7.906   3rd Qu.:30200   3rd Qu.:13.750  
 Max.   :34.41      Max.   :10.772     Max.   :11.400     Max.   :18.845   Max.   :15.823   Max.   :73000   Max.   :29.200  
[1] 22 30
 [1] "AT" "BE" "CY" "CZ" "DE" "EE" "EL" "ES" "FI" "FR" "HR" "HU" "IT" "LU" "LV" "MT" "PL" "PT" "SE" "SI" "SK" "UK"
 [1] "pop_Y0-14"          "pop_Y65-74"         "low_work"           "rooms_pp"           "mat_depriv"         "ARPR_socexcl"      
 [7] "emp_Y15-24_ED0-2"   "emp_Y25-64_ED0-2"   "emp_Y15-24_ED3-4"   "emp_Y25-64_ED3-4"   "emp_Y15-24_ED5-8"   "emp_Y25-64_ED5-8"  
[13] "emp_TF"             "emp_TP"             "emp_Y25-64"         "emp_Y25-64_NaceA"   "emp_Y15-24_NaceB-E" "emp_Y15-24_NaceF"  
[19] "emp_Y25-64_NaceF"   "emp_Y25-64_NaceG-I" "emp_Y25-64_NaceJ"   "emp_Y25-64_NaceK"   "emp_Y15-24_NaceM_N" "emp_Y25-64_NaceM_N"
[25] "emp_Y15-24_NaceO-Q" "emp_Y25-64_NaceO-Q" "emp_Y15-24_NaceR-U" "emp_Y25-64_NaceR-U" "GDP"                "training"          
   pop_Y0-14       pop_Y65-74        low_work         rooms_pp       mat_depriv      ARPR_socexcl   emp_Y15-24_ED0-2
 Min.   :13.18   Min.   : 7.414   Min.   : 6.100   Min.   :1.100   Min.   : 0.700   Min.   :14.80   Min.   : 3.88   
 1st Qu.:14.60   1st Qu.: 8.929   1st Qu.: 7.875   1st Qu.:1.250   1st Qu.: 5.225   1st Qu.:19.05   1st Qu.:13.44   
 Median :15.02   Median : 9.874   Median : 9.750   Median :1.650   Median : 7.250   Median :23.95   Median :19.02   
 Mean   :15.44   Mean   : 9.592   Mean   :10.468   Mean   :1.614   Mean   : 9.327   Mean   :23.96   Mean   :20.44   
 3rd Qu.:16.38   3rd Qu.:10.458   3rd Qu.:12.175   3rd Qu.:1.900   3rd Qu.:11.350   3rd Qu.:28.10   3rd Qu.:27.12   
 Max.   :18.54   Max.   :10.909   Max.   :17.100   Max.   :2.200   Max.   :24.000   Max.   :36.00   Max.   :40.36   
 emp_Y25-64_ED0-2 emp_Y15-24_ED3-4 emp_Y25-64_ED3-4 emp_Y15-24_ED5-8 emp_Y25-64_ED5-8     emp_TF          emp_TP      
 Min.   : 3.820   Min.   :33.18    Min.   :23.07    Min.   : 4.736   Min.   :20.92    Min.   :39.14   Min.   : 2.886  
 1st Qu.: 9.602   1st Qu.:54.23    1st Qu.:38.11    1st Qu.: 8.890   1st Qu.:27.49    1st Qu.:45.02   1st Qu.: 4.188  
 Median :11.965   Median :63.40    Median :46.45    Median :15.267   Median :34.19    Median :46.95   Median : 7.759  
 Mean   :17.023   Mean   :63.23    Mean   :47.80    Mean   :16.190   Mean   :35.03    Mean   :47.65   Mean   : 8.762  
 3rd Qu.:17.709   3rd Qu.:72.16    3rd Qu.:59.55    3rd Qu.:20.608   3rd Qu.:42.43    3rd Qu.:50.31   3rd Qu.:10.886  
 Max.   :50.736   Max.   :86.70    Max.   :72.48    Max.   :40.741   Max.   :50.59    Max.   :56.99   Max.   :17.806  
   emp_Y25-64    emp_Y25-64_NaceA emp_Y15-24_NaceB-E emp_Y15-24_NaceF emp_Y25-64_NaceF emp_Y25-64_NaceG-I emp_Y25-64_NaceJ
 Min.   :56.02   Min.   : 1.065   Min.   : 5.785     Min.   : 3.611   Min.   :4.331    Min.   :15.00      Min.   :2.207   
 1st Qu.:66.67   1st Qu.: 1.924   1st Qu.:10.259     1st Qu.: 5.704   1st Qu.:6.501    1st Qu.:21.01      1st Qu.:2.643   
 Median :70.29   Median : 3.738   Median :15.756     Median : 7.458   Median :6.737    Median :23.23      Median :2.957   
 Mean   :70.42   Mean   : 4.460   Mean   :17.453     Mean   : 7.125   Mean   :6.967    Mean   :23.40      Mean   :3.133   
 3rd Qu.:74.70   3rd Qu.: 5.357   3rd Qu.:22.520     3rd Qu.: 8.322   3rd Qu.:7.463    3rd Qu.:26.33      3rd Qu.:3.494   
 Max.   :83.10   Max.   :13.075   Max.   :38.818     Max.   :12.043   Max.   :9.735    Max.   :30.26      Max.   :4.468   
 emp_Y25-64_NaceK emp_Y15-24_NaceM_N emp_Y25-64_NaceM_N emp_Y15-24_NaceO-Q emp_Y25-64_NaceO-Q emp_Y15-24_NaceR-U
 Min.   : 1.450   Min.   : 3.326     Min.   : 5.834     Min.   : 6.681     Min.   :20.63      Min.   : 3.773    
 1st Qu.: 2.390   1st Qu.: 5.926     1st Qu.: 7.270     1st Qu.:11.898     1st Qu.:22.23      1st Qu.: 4.866    
 Median : 2.732   Median : 7.524     Median : 8.733     Median :14.166     Median :24.34      Median : 6.034    
 Mean   : 3.416   Mean   : 7.545     Mean   : 8.887     Mean   :15.608     Mean   :25.70      Mean   : 6.747    
 3rd Qu.: 3.482   3rd Qu.: 9.030     3rd Qu.:10.383     3rd Qu.:18.759     3rd Qu.:29.32      3rd Qu.: 8.372    
 Max.   :13.221   Max.   :12.593     Max.   :13.039     Max.   :33.058     Max.   :34.41      Max.   :10.772    
 emp_Y25-64_NaceR-U      GDP           training     
 Min.   : 2.892     Min.   :16100   Min.   : 2.800  
 1st Qu.: 3.951     1st Qu.:20950   1st Qu.: 5.975  
 Median : 4.693     Median :23400   Median : 8.850  
 Mean   : 5.361     Mean   :27091   Mean   :10.491  
 3rd Qu.: 5.521     3rd Qu.:30200   3rd Qu.:13.750  
 Max.   :11.400     Max.   :73000   Max.   :29.200  
