[1] 28 42
 [1] "AT" "BE" "BG" "CY" "CZ" "DE" "DK" "EE" "EL" "ES" "FI" "FR" "HR" "HU" "IE" "IT" "LT" "LU" "LV" "MT" "NL" "PL" "PT" "RO" "SE"
[26] "SI" "SK" "UK"
 [1] "pop_Total"          "pop_Y0-14"          "pop_Y15-24"         "pop_Y25-64"         "pop_Y65-74"         "pop_YGE75"         
 [7] "ARPR"               "low_work"           "rooms_pp"           "mat_depriv"         "ARPR_socexcl"       "emp_Y15-24_ED0-2"  
[13] "emp_Y25-64_ED0-2"   "emp_Y15-24_ED3-4"   "emp_Y25-64_ED3-4"   "emp_Y15-24_ED5-8"   "emp_Y25-64_ED5-8"   "emp_TF"            
[19] "emp_TP"             "emp_Y15-24"         "emp_Y25-64"         "emp_YGE65"          "emp_Y25-64_NaceA"   "emp_Y15-24_NaceB-E"
[25] "emp_Y25-64_NaceB-E" "emp_Y15-24_NaceF"   "emp_Y25-64_NaceF"   "emp_Y15-24_NaceG-I" "emp_Y25-64_NaceG-I" "emp_Y25-64_NaceJ"  
[31] "emp_Y25-64_NaceK"   "emp_Y25-64_NaceL"   "emp_Y15-24_NaceM_N" "emp_Y25-64_NaceM_N" "emp_Y15-24_NaceO-Q" "emp_Y25-64_NaceO-Q"
[37] "emp_Y15-24_NaceR-U" "emp_Y25-64_NaceR-U" "unemp_Y15-24"       "unemp_YGE25"        "GDP"                "training"          
   pop_Total          pop_Y0-14       pop_Y15-24       pop_Y25-64      pop_Y65-74       pop_YGE75           ARPR      
 Min.   :  425384   Min.   :13.18   Min.   : 9.708   Min.   :50.92   Min.   : 7.303   Min.   : 5.306   Min.   : 9.70  
 1st Qu.: 3920975   1st Qu.:14.60   1st Qu.:10.756   1st Qu.:53.64   1st Qu.: 8.916   1st Qu.: 7.333   1st Qu.:14.32  
 Median : 9075876   Median :15.12   Median :11.883   Median :54.92   Median : 9.867   Median : 8.333   Median :16.40  
 Mean   :18106210   Mean   :15.71   Mean   :11.678   Mean   :54.89   Mean   : 9.590   Mean   : 8.139   Mean   :16.84  
 3rd Qu.:17608794   3rd Qu.:16.86   3rd Qu.:12.423   3rd Qu.:56.36   3rd Qu.:10.578   3rd Qu.: 8.958   3rd Qu.:19.43  
 Max.   :80767463   Max.   :22.00   Max.   :14.254   Max.   :58.55   Max.   :11.147   Max.   :10.732   Max.   :25.10  
    low_work         rooms_pp      mat_depriv     ARPR_socexcl   emp_Y15-24_ED0-2 emp_Y25-64_ED0-2 emp_Y15-24_ED3-4
 Min.   : 6.100   Min.   :1.00   Min.   : 0.70   Min.   :14.80   Min.   : 3.88    Min.   : 3.820   Min.   :33.18   
 1st Qu.: 8.425   1st Qu.:1.20   1st Qu.: 4.95   1st Qu.:18.88   1st Qu.:11.02    1st Qu.: 9.632   1st Qu.:53.85   
 Median : 9.800   Median :1.65   Median : 7.90   Median :24.40   Median :19.02    Median :13.193   Median :62.06   
 Mean   :10.743   Mean   :1.60   Mean   :10.45   Mean   :24.88   Mean   :21.51    Mean   :16.403   Mean   :62.21   
 3rd Qu.:12.125   3rd Qu.:1.90   3rd Qu.:13.68   3rd Qu.:28.52   3rd Qu.:29.75    3rd Qu.:17.929   3rd Qu.:70.58   
 Max.   :20.800   Max.   :2.20   Max.   :33.10   Max.   :40.30   Max.   :48.38    Max.   :50.736   Max.   :86.70   
 emp_Y25-64_ED3-4 emp_Y15-24_ED5-8 emp_Y25-64_ED5-8     emp_TF          emp_TP         emp_Y15-24      emp_Y25-64   
 Min.   :23.07    Min.   : 4.736   Min.   :19.83    Min.   :32.06   Min.   : 1.403   Min.   :12.81   Min.   :56.02  
 1st Qu.:38.54    1st Qu.: 8.745   1st Qu.:27.59    1st Qu.:44.96   1st Qu.: 4.249   1st Qu.:22.00   1st Qu.:68.46  
 Median :46.45    Median :13.742   Median :34.63    Median :47.39   Median : 7.759   Median :26.68   Median :70.29  
 Mean   :47.84    Mean   :16.018   Mean   :35.41    Mean   :47.40   Mean   : 9.553   Mean   :29.93   Mean   :70.82  
 3rd Qu.:57.76    3rd Qu.:21.845   3rd Qu.:42.98    3rd Qu.:50.76   3rd Qu.:13.266   3rd Qu.:40.63   3rd Qu.:75.02  
 Max.   :72.48    Max.   :40.741   Max.   :50.59    Max.   :56.99   Max.   :32.609   Max.   :58.41   Max.   :83.10  
   emp_YGE65      emp_Y25-64_NaceA emp_Y15-24_NaceB-E emp_Y25-64_NaceB-E emp_Y15-24_NaceF emp_Y25-64_NaceF emp_Y15-24_NaceG-I
 Min.   : 1.583   Min.   : 1.065   Min.   : 5.548     Min.   : 6.242     Min.   : 2.629   Min.   :4.331    Min.   :20.78     
 1st Qu.: 3.468   1st Qu.: 2.200   1st Qu.: 9.148     1st Qu.:13.621     1st Qu.: 5.448   1st Qu.:6.224    1st Qu.:32.49     
 Median : 5.377   Median : 3.862   Median :15.756     Median :16.363     Median : 7.308   Median :6.737    Median :36.56     
 Mean   : 5.716   Mean   : 5.261   Mean   :16.605     Mean   :17.428     Mean   : 6.808   Mean   :6.906    Mean   :36.75     
 3rd Qu.: 7.136   3rd Qu.: 6.878   3rd Qu.:21.292     3rd Qu.:21.765     3rd Qu.: 8.036   3rd Qu.:7.524    3rd Qu.:41.38     
 Max.   :11.837   Max.   :24.335   Max.   :38.818     Max.   :29.394     Max.   :12.043   Max.   :9.735    Max.   :49.18     
 emp_Y25-64_NaceG-I emp_Y25-64_NaceJ emp_Y25-64_NaceK emp_Y25-64_NaceL emp_Y15-24_NaceM_N emp_Y25-64_NaceM_N emp_Y15-24_NaceO-Q
 Min.   :15.00      Min.   :1.769    Min.   : 1.392   Min.   :0.1170   Min.   : 3.326     Min.   : 4.619     Min.   : 3.109    
 1st Qu.:20.84      1st Qu.:2.517    1st Qu.: 2.206   1st Qu.:0.4802   1st Qu.: 5.992     1st Qu.: 7.051     1st Qu.: 9.584    
 Median :23.23      Median :2.957    Median : 2.732   Median :0.6575   Median : 7.474     Median : 8.715     Median :13.761    
 Mean   :23.32      Mean   :3.103    Mean   : 3.289   Mean   :0.8081   Mean   : 7.473     Mean   : 8.744     Mean   :14.377    
 3rd Qu.:26.98      3rd Qu.:3.525    3rd Qu.: 3.516   3rd Qu.:1.0340   3rd Qu.: 9.178     3rd Qu.:10.376     3rd Qu.:18.067    
 Max.   :30.26      Max.   :4.468    Max.   :13.221   Max.   :2.3176   Max.   :12.593     Max.   :13.039     Max.   :33.058    
 emp_Y25-64_NaceO-Q emp_Y15-24_NaceR-U emp_Y25-64_NaceR-U  unemp_Y15-24     unemp_YGE25          GDP           training     
 Min.   :13.58      Min.   : 3.463     Min.   : 2.684     Min.   : 3.763   Min.   : 2.837   Min.   :12800   Min.   : 1.500  
 1st Qu.:22.14      1st Qu.: 4.639     1st Qu.: 3.858     1st Qu.: 6.248   1st Qu.: 3.838   1st Qu.:20425   1st Qu.: 4.825  
 Median :24.34      Median : 5.920     Median : 4.576     Median : 7.572   Median : 4.875   Median :23400   Median : 8.050  
 Mean   :25.62      Mean   : 6.504     Mean   : 5.059     Mean   : 8.747   Mean   : 6.190   Mean   :26839   Mean   :10.593  
 3rd Qu.:30.06      3rd Qu.: 8.332     3rd Qu.: 5.400     3rd Qu.:10.654   3rd Qu.: 7.014   3rd Qu.:32800   3rd Qu.:14.350  
 Max.   :36.50      Max.   :10.772     Max.   :11.400     Max.   :18.845   Max.   :15.823   Max.   :73000   Max.   :31.900  
[1] 23 42
 [1] "AT" "BE" "CY" "CZ" "DE" "EE" "EL" "ES" "FI" "FR" "HR" "HU" "IT" "LT" "LU" "LV" "MT" "PL" "PT" "SE" "SI" "SK" "UK"
 [1] "pop_Total"          "pop_Y0-14"          "pop_Y15-24"         "pop_Y25-64"         "pop_Y65-74"         "pop_YGE75"         
 [7] "ARPR"               "low_work"           "rooms_pp"           "mat_depriv"         "ARPR_socexcl"       "emp_Y15-24_ED0-2"  
[13] "emp_Y25-64_ED0-2"   "emp_Y15-24_ED3-4"   "emp_Y25-64_ED3-4"   "emp_Y15-24_ED5-8"   "emp_Y25-64_ED5-8"   "emp_TF"            
[19] "emp_TP"             "emp_Y15-24"         "emp_Y25-64"         "emp_YGE65"          "emp_Y25-64_NaceA"   "emp_Y15-24_NaceB-E"
[25] "emp_Y25-64_NaceB-E" "emp_Y15-24_NaceF"   "emp_Y25-64_NaceF"   "emp_Y15-24_NaceG-I" "emp_Y25-64_NaceG-I" "emp_Y25-64_NaceJ"  
[31] "emp_Y25-64_NaceK"   "emp_Y25-64_NaceL"   "emp_Y15-24_NaceM_N" "emp_Y25-64_NaceM_N" "emp_Y15-24_NaceO-Q" "emp_Y25-64_NaceO-Q"
[37] "emp_Y15-24_NaceR-U" "emp_Y25-64_NaceR-U" "unemp_Y15-24"       "unemp_YGE25"        "GDP"                "training"          
   pop_Total          pop_Y0-14       pop_Y15-24       pop_Y25-64      pop_Y65-74       pop_YGE75           ARPR      
 Min.   :  425384   Min.   :13.18   Min.   : 9.708   Min.   :50.92   Min.   : 7.414   Min.   : 5.532   Min.   : 9.70  
 1st Qu.: 2502278   1st Qu.:14.60   1st Qu.:10.738   1st Qu.:54.08   1st Qu.: 8.935   1st Qu.: 7.357   1st Qu.:14.45  
 Median : 9644864   Median :15.01   Median :11.894   Median :54.93   Median : 9.783   Median : 8.519   Median :16.40  
 Mean   :19683428   Mean   :15.41   Mean   :11.680   Mean   :54.99   Mean   : 9.583   Mean   : 8.336   Mean   :16.72  
 3rd Qu.:24599348   3rd Qu.:16.34   3rd Qu.:12.478   3rd Qu.:56.54   3rd Qu.:10.357   3rd Qu.: 9.071   3rd Qu.:19.40  
 Max.   :80767463   Max.   :18.54   Max.   :14.254   Max.   :58.55   Max.   :10.909   Max.   :10.732   Max.   :22.20  
    low_work        rooms_pp       mat_depriv      ARPR_socexcl  emp_Y15-24_ED0-2 emp_Y25-64_ED0-2 emp_Y15-24_ED3-4
 Min.   : 6.10   Min.   :1.100   Min.   : 0.700   Min.   :14.8   Min.   : 3.88    Min.   : 3.820   Min.   :33.18   
 1st Qu.: 8.15   1st Qu.:1.300   1st Qu.: 5.450   1st Qu.:19.1   1st Qu.:12.10    1st Qu.: 8.479   1st Qu.:54.24   
 Median : 9.70   Median :1.600   Median : 7.400   Median :24.1   Median :18.39    Median :11.412   Median :64.17   
 Mean   :10.39   Mean   :1.604   Mean   : 9.513   Mean   :24.1   Mean   :19.90    Mean   :16.451   Mean   :63.32   
 3rd Qu.:12.15   3rd Qu.:1.900   3rd Qu.:12.600   3rd Qu.:27.9   3rd Qu.:26.93    3rd Qu.:17.607   3rd Qu.:71.37   
 Max.   :17.10   Max.   :2.200   Max.   :24.000   Max.   :36.0   Max.   :40.36    Max.   :50.736   Max.   :86.70   
 emp_Y25-64_ED3-4 emp_Y15-24_ED5-8 emp_Y25-64_ED5-8     emp_TF          emp_TP         emp_Y15-24      emp_Y25-64   
 Min.   :23.07    Min.   : 4.736   Min.   :20.92    Min.   :39.14   Min.   : 2.886   Min.   :12.81   Min.   :56.02  
 1st Qu.:38.32    1st Qu.: 9.068   1st Qu.:27.54    1st Qu.:45.07   1st Qu.: 4.219   1st Qu.:21.92   1st Qu.:67.32  
 Median :47.02    Median :15.625   Median :34.37    Median :47.11   Median : 7.669   Median :26.63   Median :70.38  
 Mean   :48.00    Mean   :16.644   Mean   :35.41    Mean   :47.89   Mean   : 8.614   Mean   :28.51   Mean   :70.61  
 3rd Qu.:58.90    3rd Qu.:22.561   3rd Qu.:43.22    3rd Qu.:50.87   3rd Qu.:10.761   3rd Qu.:36.33   3rd Qu.:74.74  
 Max.   :72.48    Max.   :40.741   Max.   :50.59    Max.   :56.99   Max.   :17.806   Max.   :50.20   Max.   :83.10  
   emp_YGE65      emp_Y25-64_NaceA emp_Y15-24_NaceB-E emp_Y25-64_NaceB-E emp_Y15-24_NaceF emp_Y25-64_NaceF emp_Y15-24_NaceG-I
 Min.   : 1.583   Min.   : 1.065   Min.   : 5.785     Min.   : 6.242     Min.   : 3.611   Min.   :4.331    Min.   :26.45     
 1st Qu.: 2.793   1st Qu.: 2.202   1st Qu.:10.659     1st Qu.:13.886     1st Qu.: 5.872   1st Qu.:6.514    1st Qu.:32.47     
 Median : 4.998   Median : 3.789   Median :16.250     Median :17.022     Median : 7.477   Median :6.751    Median :35.11     
 Mean   : 5.265   Mean   : 4.660   Mean   :17.555     Mean   :17.553     Mean   : 7.142   Mean   :6.997    Mean   :35.88     
 3rd Qu.: 6.553   3rd Qu.: 6.349   3rd Qu.:22.119     3rd Qu.:21.365     3rd Qu.: 8.311   3rd Qu.:7.572    3rd Qu.:38.35     
 Max.   :11.837   Max.   :13.075   Max.   :38.818     Max.   :29.394     Max.   :12.043   Max.   :9.735    Max.   :49.18     
 emp_Y25-64_NaceG-I emp_Y25-64_NaceJ emp_Y25-64_NaceK emp_Y25-64_NaceL emp_Y15-24_NaceM_N emp_Y25-64_NaceM_N emp_Y15-24_NaceO-Q
 Min.   :15.00      Min.   :1.820    Min.   : 1.422   Min.   :0.1170   Min.   : 3.326     Min.   : 5.834     Min.   : 6.681    
 1st Qu.:21.14      1st Qu.:2.580    1st Qu.: 2.297   1st Qu.:0.5005   1st Qu.: 5.959     1st Qu.: 7.151     1st Qu.:10.610    
 Median :23.59      Median :2.940    Median : 2.699   Median :0.6609   Median : 7.538     Median : 8.437     Median :14.030    
 Mean   :23.57      Mean   :3.076    Mean   : 3.330   Mean   :0.8513   Mean   : 7.625     Mean   : 8.805     Mean   :15.239    
 3rd Qu.:27.08      3rd Qu.:3.485    3rd Qu.: 3.450   3rd Qu.:1.0762   3rd Qu.: 9.246     3rd Qu.:10.380     3rd Qu.:18.642    
 Max.   :30.26      Max.   :4.468    Max.   :13.221   Max.   :2.3176   Max.   :12.593     Max.   :13.039     Max.   :33.058    
 emp_Y25-64_NaceO-Q emp_Y15-24_NaceR-U emp_Y25-64_NaceR-U  unemp_Y15-24     unemp_YGE25          GDP           training    
 Min.   :20.63      Min.   : 3.773     Min.   : 2.892     Min.   : 3.763   Min.   : 2.837   Min.   :16100   Min.   : 2.80  
 1st Qu.:22.31      1st Qu.: 4.911     1st Qu.: 4.027     1st Qu.: 5.881   1st Qu.: 3.991   1st Qu.:20750   1st Qu.: 5.35  
 Median :24.15      Median : 6.024     Median : 4.662     Median : 7.476   Median : 4.883   Median :23200   Median : 8.10  
 Mean   :25.59      Mean   : 6.707     Mean   : 5.310     Mean   : 8.976   Mean   : 6.413   Mean   :26809   Mean   :10.26  
 3rd Qu.:28.73      3rd Qu.: 8.363     3rd Qu.: 5.519     3rd Qu.:11.704   3rd Qu.: 7.679   3rd Qu.:30100   3rd Qu.:13.20  
 Max.   :34.41      Max.   :10.772     Max.   :11.400     Max.   :18.845   Max.   :15.823   Max.   :73000   Max.   :29.20  
[1] 23 30
 [1] "AT" "BE" "CY" "CZ" "DE" "EE" "EL" "ES" "FI" "FR" "HR" "HU" "IT" "LT" "LU" "LV" "MT" "PL" "PT" "SE" "SI" "SK" "UK"
 [1] "pop_Y0-14"          "pop_Y65-74"         "low_work"           "rooms_pp"           "mat_depriv"         "ARPR_socexcl"      
 [7] "emp_Y15-24_ED0-2"   "emp_Y15-24_ED3-4"   "emp_Y25-64_ED3-4"   "emp_Y25-64_ED5-8"   "emp_TP"             "emp_Y25-64"        
[13] "emp_YGE65"          "emp_Y25-64_NaceA"   "emp_Y15-24_NaceB-E" "emp_Y15-24_NaceF"   "emp_Y15-24_NaceG-I" "emp_Y25-64_NaceG-I"
[19] "emp_Y25-64_NaceJ"   "emp_Y25-64_NaceK"   "emp_Y25-64_NaceL"   "emp_Y25-64_NaceM_N" "emp_Y15-24_NaceO-Q" "emp_Y25-64_NaceO-Q"
[25] "emp_Y15-24_NaceR-U" "emp_Y25-64_NaceR-U" "unemp_Y15-24"       "unemp_YGE25"        "GDP"                "training"          
   pop_Y0-14       pop_Y65-74        low_work        rooms_pp       mat_depriv      ARPR_socexcl  emp_Y15-24_ED0-2
 Min.   :13.18   Min.   : 7.414   Min.   : 6.10   Min.   :1.100   Min.   : 0.700   Min.   :14.8   Min.   : 3.88   
 1st Qu.:14.60   1st Qu.: 8.935   1st Qu.: 8.15   1st Qu.:1.300   1st Qu.: 5.450   1st Qu.:19.1   1st Qu.:12.10   
 Median :15.01   Median : 9.783   Median : 9.70   Median :1.600   Median : 7.400   Median :24.1   Median :18.39   
 Mean   :15.41   Mean   : 9.583   Mean   :10.39   Mean   :1.604   Mean   : 9.513   Mean   :24.1   Mean   :19.90   
 3rd Qu.:16.34   3rd Qu.:10.357   3rd Qu.:12.15   3rd Qu.:1.900   3rd Qu.:12.600   3rd Qu.:27.9   3rd Qu.:26.93   
 Max.   :18.54   Max.   :10.909   Max.   :17.10   Max.   :2.200   Max.   :24.000   Max.   :36.0   Max.   :40.36   
 emp_Y15-24_ED3-4 emp_Y25-64_ED3-4 emp_Y25-64_ED5-8     emp_TP         emp_Y25-64      emp_YGE65      emp_Y25-64_NaceA
 Min.   :33.18    Min.   :23.07    Min.   :20.92    Min.   : 2.886   Min.   :56.02   Min.   : 1.583   Min.   : 1.065  
 1st Qu.:54.24    1st Qu.:38.32    1st Qu.:27.54    1st Qu.: 4.219   1st Qu.:67.32   1st Qu.: 2.793   1st Qu.: 2.202  
 Median :64.17    Median :47.02    Median :34.37    Median : 7.669   Median :70.38   Median : 4.998   Median : 3.789  
 Mean   :63.32    Mean   :48.00    Mean   :35.41    Mean   : 8.614   Mean   :70.61   Mean   : 5.265   Mean   : 4.660  
 3rd Qu.:71.37    3rd Qu.:58.90    3rd Qu.:43.22    3rd Qu.:10.761   3rd Qu.:74.74   3rd Qu.: 6.553   3rd Qu.: 6.349  
 Max.   :86.70    Max.   :72.48    Max.   :50.59    Max.   :17.806   Max.   :83.10   Max.   :11.837   Max.   :13.075  
 emp_Y15-24_NaceB-E emp_Y15-24_NaceF emp_Y15-24_NaceG-I emp_Y25-64_NaceG-I emp_Y25-64_NaceJ emp_Y25-64_NaceK emp_Y25-64_NaceL
 Min.   : 5.785     Min.   : 3.611   Min.   :26.45      Min.   :15.00      Min.   :1.820    Min.   : 1.422   Min.   :0.1170  
 1st Qu.:10.659     1st Qu.: 5.872   1st Qu.:32.47      1st Qu.:21.14      1st Qu.:2.580    1st Qu.: 2.297   1st Qu.:0.5005  
 Median :16.250     Median : 7.477   Median :35.11      Median :23.59      Median :2.940    Median : 2.699   Median :0.6609  
 Mean   :17.555     Mean   : 7.142   Mean   :35.88      Mean   :23.57      Mean   :3.076    Mean   : 3.330   Mean   :0.8513  
 3rd Qu.:22.119     3rd Qu.: 8.311   3rd Qu.:38.35      3rd Qu.:27.08      3rd Qu.:3.485    3rd Qu.: 3.450   3rd Qu.:1.0762  
 Max.   :38.818     Max.   :12.043   Max.   :49.18      Max.   :30.26      Max.   :4.468    Max.   :13.221   Max.   :2.3176  
 emp_Y25-64_NaceM_N emp_Y15-24_NaceO-Q emp_Y25-64_NaceO-Q emp_Y15-24_NaceR-U emp_Y25-64_NaceR-U  unemp_Y15-24     unemp_YGE25    
 Min.   : 5.834     Min.   : 6.681     Min.   :20.63      Min.   : 3.773     Min.   : 2.892     Min.   : 3.763   Min.   : 2.837  
 1st Qu.: 7.151     1st Qu.:10.610     1st Qu.:22.31      1st Qu.: 4.911     1st Qu.: 4.027     1st Qu.: 5.881   1st Qu.: 3.991  
 Median : 8.437     Median :14.030     Median :24.15      Median : 6.024     Median : 4.662     Median : 7.476   Median : 4.883  
 Mean   : 8.805     Mean   :15.239     Mean   :25.59      Mean   : 6.707     Mean   : 5.310     Mean   : 8.976   Mean   : 6.413  
 3rd Qu.:10.380     3rd Qu.:18.642     3rd Qu.:28.73      3rd Qu.: 8.363     3rd Qu.: 5.519     3rd Qu.:11.704   3rd Qu.: 7.679  
 Max.   :13.039     Max.   :33.058     Max.   :34.41      Max.   :10.772     Max.   :11.400     Max.   :18.845   Max.   :15.823  
      GDP           training    
 Min.   :16100   Min.   : 2.80  
 1st Qu.:20750   1st Qu.: 5.35  
 Median :23200   Median : 8.10  
 Mean   :26809   Mean   :10.26  
 3rd Qu.:30100   3rd Qu.:13.20  
 Max.   :73000   Max.   :29.20  
