Neural Network 

22 samples
 3 predictor

No pre-processing
Resampling: Bootstrapped (100 reps) 
Summary of sample sizes: 22, 22, 22, 22, 22, 22, ... 
Resampling results across tuning parameters:

  size  RMSE       Rsquared 
   1     9.884267  0.5867368
   3    13.426570  0.4351612
   6    17.052728  0.3563808
   9    16.242824  0.3769889
  12    15.142991  0.3755224
  15    14.136942  0.3992800
  18    16.791708  0.4277442
  21    17.421546  0.3343333
  24    18.226385  0.2560052
  27    20.785105  0.3194437
  30    20.467227  0.2745881

Tuning parameter 'decay' was held constant at a value of 1e-04
RMSE was used to select the optimal model using  the smallest value.
The final values used for the model were size = 1 and decay = 1e-04. 
