Neural Network 

5 samples
0 predictor

No pre-processing
Resampling: Bootstrapped (100 reps) 
Summary of sample sizes: 5, 5, 5, 5, 5, 5, ... 
Resampling results across tuning parameters:

  size  RMSE      Rsquared 
   1    7.794862  0.9246840
   3    7.832197  0.9202918
   6    7.807206  0.9216469
   9    7.810036  0.9214390
  12    7.813655  0.9230797
  15    7.821816  0.9231331
  18    7.812442  0.9182508
  21    7.825578  0.9226259
  24    7.816569  0.9249245
  27    7.826339  0.9276325
  30    7.808266  0.9272997

Tuning parameter 'decay' was held constant at a value of 1e-04
RMSE was used to select the optimal model using  the smallest value.
The final values used for the model were size = 1 and decay = 1e-04. 
