
Call:
lm(formula = form1, data = dat1)

Residuals:
    Min      1Q  Median      3Q     Max 
-6.8862 -2.0212 -0.2031  2.1952  6.0076 

Coefficients:
                     Estimate Std. Error t value Pr(>|t|)    
(Intercept)        -1.353e+01  3.787e+01  -0.357 0.726249    
pop_Y0_14           8.025e+00  1.287e+00   6.235 2.18e-05 ***
emp_Y25_64_ED5_8   -5.949e-01  1.979e-01  -3.007 0.009425 ** 
emp_YGE65           1.592e+00  3.309e-01   4.811 0.000277 ***
emp_Y15_24_NaceB_E -1.259e+00  3.169e-01  -3.975 0.001383 ** 
emp_Y15_24_NaceG_I -1.871e+00  3.310e-01  -5.654 5.95e-05 ***
emp_Y25_64_NaceG_I  1.650e+00  5.732e-01   2.879 0.012134 *  
emp_Y25_64_NaceO_Q -2.218e+00  4.315e-01  -5.141 0.000150 ***
GDP                 9.819e-04  1.598e-04   6.143 2.55e-05 ***
---
Signif. codes:  0 ‘***’ 0.001 ‘**’ 0.01 ‘*’ 0.05 ‘.’ 0.1 ‘ ’ 1

Residual standard error: 4.019 on 14 degrees of freedom
Multiple R-squared:  0.953,	Adjusted R-squared:  0.9262 
F-statistic:  35.5 on 8 and 14 DF,  p-value: 5.345e-08

