[1] 28 76
 [1] "AT" "BE" "BG" "CY" "CZ" "DE" "DK" "EE" "EL" "ES" "FI" "FR" "HR" "HU" "IE" "IT" "LT" "LU" "LV" "MT" "NL" "PL" "PT" "RO" "SE"
[26] "SI" "SK" "UK"
 [1] "pop_Total"          "pop_Y0-14"          "pop_Y15-24"         "pop_Y25-64"         "pop_Y65-74"         "pop_YGE75"         
 [7] "ARPR"               "low_work"           "rooms_pp"           "mat_depriv"         "ARPR_socexcl"       "emp_Y15-24_ED0-2"  
[13] "emp_Y25-64_ED0-2"   "emp_Y15-24_ED3-4"   "emp_Y25-64_ED3-4"   "emp_Y15-24_ED5-8"   "emp_Y25-64_ED5-8"   "emp_FT"            
[19] "emp_PT"             "emp_Y15-24"         "emp_Y25-64"         "emp_YGE65"          "emp_Y15-24_NaceA"   "emp_Y25-64_NaceA"  
[25] "emp_Y15-24_NaceB-E" "emp_Y25-64_NaceB-E" "emp_Y15-24_NaceF"   "emp_Y25-64_NaceF"   "emp_Y15-24_NaceG-I" "emp_Y25-64_NaceG-I"
[31] "emp_Y15-24_NaceJ"   "emp_Y25-64_NaceJ"   "emp_Y15-24_NaceK"   "emp_Y25-64_NaceK"   "emp_Y15-24_NaceL"   "emp_Y25-64_NaceL"  
[37] "emp_Y15-24_NaceM_N" "emp_Y25-64_NaceM_N" "emp_Y15-24_NaceO-Q" "emp_Y25-64_NaceO-Q" "emp_Y15-24_NaceR-U" "emp_Y25-64_NaceR-U"
[43] "unemp_Y15-24"       "unemp_YGE25"        "GDP"                "GVAgr"              "disp_income"        "training"          
[49] "earn_OC1_B-F"       "earn_OC2_B-F"       "earn_OC3_B-F"       "earn_OC4_B-F"       "earn_OC5_B-F"       "earn_OC6_B-F"      
[55] "earn_OC7_B-F"       "earn_OC8_B-F"       "earn_OC9_B-F"       "earn_OC1_G-N"       "earn_OC2_G-N"       "earn_OC3_G-N"      
[61] "earn_OC4_G-N"       "earn_OC5_G-N"       "earn_OC6_G-N"       "earn_OC7_G-N"       "earn_OC8_G-N"       "earn_OC9_G-N"      
[67] "earn_OC1_P-S"       "earn_OC2_P-S"       "earn_OC3_P-S"       "earn_OC4_P-S"       "earn_OC5_P-S"       "earn_OC6_P-S"      
[73] "earn_OC7_P-S"       "earn_OC8_P-S"       "earn_OC9_P-S"       "expend_ED5-8"      
   pop_Total          pop_Y0-14       pop_Y15-24       pop_Y25-64      pop_Y65-74       pop_YGE75           ARPR      
 Min.   :  429344   Min.   :13.16   Min.   : 9.629   Min.   :50.82   Min.   : 7.466   Min.   : 5.441   Min.   : 9.70  
 1st Qu.: 3899302   1st Qu.:14.56   1st Qu.:10.657   1st Qu.:53.57   1st Qu.: 9.227   1st Qu.: 7.495   1st Qu.:14.32  
 Median : 9161808   Median :15.18   Median :11.654   Median :54.79   Median : 9.944   Median : 8.497   Median :16.40  
 Mean   :18160869   Mean   :15.72   Mean   :11.454   Mean   :54.72   Mean   : 9.796   Mean   : 8.314   Mean   :16.84  
 3rd Qu.:17643206   3rd Qu.:16.67   3rd Qu.:12.182   3rd Qu.:56.22   3rd Qu.:10.474   3rd Qu.: 9.160   3rd Qu.:19.43  
 Max.   :81197537   Max.   :22.14   Max.   :14.076   Max.   :58.57   Max.   :11.544   Max.   :11.013   Max.   :25.10  
                                                                                                                      
    low_work         rooms_pp      mat_depriv     ARPR_socexcl   emp_Y15-24_ED0-2  emp_Y25-64_ED0-2 emp_Y15-24_ED3-4
 Min.   : 6.100   Min.   :1.00   Min.   : 0.70   Min.   :14.80   Min.   : 0.7164   Min.   : 2.909   Min.   : 5.554  
 1st Qu.: 8.425   1st Qu.:1.20   1st Qu.: 4.95   1st Qu.:18.88   1st Qu.: 2.5567   1st Qu.: 6.866   1st Qu.:12.951  
 Median : 9.800   Median :1.65   Median : 7.90   Median :24.40   Median : 4.8958   Median : 9.887   Median :18.410  
 Mean   :10.743   Mean   :1.60   Mean   :10.45   Mean   :24.88   Mean   : 7.1117   Mean   :11.348   Mean   :18.508  
 3rd Qu.:12.125   3rd Qu.:1.90   3rd Qu.:13.68   3rd Qu.:28.52   3rd Qu.: 8.2451   3rd Qu.:12.844   3rd Qu.:24.050  
 Max.   :20.800   Max.   :2.20   Max.   :33.10   Max.   :40.30   Max.   :25.5088   Max.   :35.839   Max.   :28.429  
                                                                                                                    
 emp_Y25-64_ED3-4 emp_Y15-24_ED5-8  emp_Y25-64_ED5-8     emp_FT          emp_PT         emp_Y15-24      emp_Y25-64   
 Min.   :14.42    Min.   : 0.8745   Min.   :13.14    Min.   :31.91   Min.   : 1.414   Min.   :13.08   Min.   :56.52  
 1st Qu.:26.45    1st Qu.: 2.2962   1st Qu.:18.75    1st Qu.:44.88   1st Qu.: 4.301   1st Qu.:22.46   1st Qu.:68.67  
 Median :35.61    Median : 3.6590   Median :25.26    Median :47.40   Median : 7.836   Median :27.12   Median :70.61  
 Mean   :34.05    Mean   : 4.7019   Mean   :25.26    Mean   :47.45   Mean   : 9.535   Mean   :30.42   Mean   :70.91  
 3rd Qu.:40.25    3rd Qu.: 7.0046   3rd Qu.:31.68    3rd Qu.:51.04   3rd Qu.:13.225   3rd Qu.:41.04   3rd Qu.:75.37  
 Max.   :55.65    Max.   :10.9609   Max.   :36.23    Max.   :57.33   Max.   :32.453   Max.   :58.08   Max.   :82.38  
                                                                                                                     
   emp_YGE65      emp_Y15-24_NaceA emp_Y25-64_NaceA  emp_Y15-24_NaceB-E emp_Y25-64_NaceB-E emp_Y15-24_NaceF emp_Y25-64_NaceF
 Min.   : 1.555   Min.   :0.2341   Min.   : 0.8021   Min.   : 1.015     Min.   : 4.471     Min.   :0.5392   Min.   :2.448   
 1st Qu.: 3.382   1st Qu.:0.7356   1st Qu.: 1.6943   1st Qu.: 3.212     1st Qu.: 9.575     1st Qu.:1.2966   1st Qu.:4.199   
 Median : 5.284   Median :1.2875   Median : 2.7573   Median : 4.283     Median :12.125     Median :1.7965   Median :4.900   
 Mean   : 5.583   Mean   :1.6392   Mean   : 3.6239   Mean   : 4.775     Mean   :12.355     Mean   :2.0790   Mean   :4.920   
 3rd Qu.: 6.937   3rd Qu.:1.6635   3rd Qu.: 4.7516   3rd Qu.: 6.396     3rd Qu.:15.747     3rd Qu.:2.8432   3rd Qu.:5.472   
 Max.   :11.638   Max.   :9.5610   Max.   :16.8243   Max.   :10.698     Max.   :22.570     Max.   :6.1156   Max.   :7.481   
                  NA's   :2                                                                                                 
 emp_Y15-24_NaceG-I emp_Y25-64_NaceG-I emp_Y15-24_NaceJ emp_Y25-64_NaceJ emp_Y15-24_NaceK emp_Y25-64_NaceK emp_Y15-24_NaceL 
 Min.   : 4.755     Min.   :10.74      Min.   :0.1438   Min.   :1.223    Min.   :0.1345   Min.   :0.9622   Min.   :0.06707  
 1st Qu.: 7.529     1st Qu.:14.79      1st Qu.:0.4551   1st Qu.:1.699    1st Qu.:0.3641   1st Qu.:1.5619   1st Qu.:0.11386  
 Median : 8.882     Median :16.35      Median :0.7480   Median :2.146    Median :0.5427   Median :1.7967   Median :0.16687  
 Mean   :11.240     Mean   :16.42      Mean   :0.8530   Mean   :2.221    Mean   :0.6753   Mean   :2.3313   Mean   :0.22678  
 3rd Qu.:14.203     3rd Qu.:17.87      3rd Qu.:1.1366   3rd Qu.:2.542    3rd Qu.:0.7718   3rd Qu.:2.5787   3rd Qu.:0.36239  
 Max.   :26.169     Max.   :20.51      Max.   :2.5985   Max.   :3.672    Max.   :1.8560   Max.   :9.4697   Max.   :0.47549  
                                       NA's   :3                         NA's   :11                        NA's   :20       
 emp_Y25-64_NaceL  emp_Y15-24_NaceM_N emp_Y25-64_NaceM_N emp_Y15-24_NaceO-Q emp_Y25-64_NaceO-Q emp_Y15-24_NaceR-U
 Min.   :0.06612   Min.   :0.6141     Min.   : 3.193     Min.   : 0.7149    Min.   : 9.392     Min.   :0.7908    
 1st Qu.:0.34054   1st Qu.:1.3122     1st Qu.: 5.078     1st Qu.: 2.2101    1st Qu.:15.252     1st Qu.:1.2398    
 Median :0.45397   Median :2.0382     Median : 5.969     Median : 3.7306    Median :17.229     Median :1.7120    
 Mean   :0.58752   Mean   :2.3741     Mean   : 6.242     Mean   : 4.5784    Mean   :18.292     Mean   :1.9486    
 3rd Qu.:0.73749   3rd Qu.:3.4606     3rd Qu.: 7.142     3rd Qu.: 6.5680    3rd Qu.:21.974     3rd Qu.:2.3292    
 Max.   :1.67736   Max.   :5.7970     Max.   :10.742     Max.   :10.5939    Max.   :28.345     Max.   :4.3474    
                                                                                                                 
 emp_Y25-64_NaceR-U  unemp_Y15-24     unemp_YGE25          GDP            GVAgr         disp_income       training     
 Min.   :1.856      Min.   : 3.785   Min.   : 2.799   Min.   :12800   Min.   :-2.700   Min.   : 6900   Min.   : 1.500  
 1st Qu.:2.673      1st Qu.: 6.501   1st Qu.: 3.816   1st Qu.:20425   1st Qu.: 0.600   1st Qu.:10875   1st Qu.: 4.825  
 Median :3.352      Median : 7.813   Median : 4.863   Median :23400   Median : 1.800   Median :13200   Median : 8.050  
 Mean   :3.576      Mean   : 8.896   Mean   : 6.191   Mean   :26839   Mean   : 1.716   Mean   :13323   Mean   :10.593  
 3rd Qu.:3.926      3rd Qu.:10.737   3rd Qu.: 7.062   3rd Qu.:32800   3rd Qu.: 2.800   3rd Qu.:16175   3rd Qu.:14.350  
 Max.   :8.166      Max.   :19.025   Max.   :15.929   Max.   :73000   Max.   : 5.500   Max.   :20700   Max.   :31.900  
                                                                      NA's   :3        NA's   :2                       
  earn_OC1_B-F    earn_OC2_B-F    earn_OC3_B-F     earn_OC4_B-F    earn_OC5_B-F     earn_OC6_B-F     earn_OC7_B-F   
 Min.   : 9.12   Min.   : 6.86   Min.   : 5.470   Min.   : 3.98   Min.   : 2.630   Min.   : 2.310   Min.   : 3.190  
 1st Qu.:15.32   1st Qu.:11.27   1st Qu.: 8.605   1st Qu.: 7.03   1st Qu.: 5.050   1st Qu.: 4.830   1st Qu.: 5.228  
 Median :22.58   Median :17.25   Median :12.880   Median :10.40   Median : 8.880   Median : 5.280   Median : 9.600  
 Mean   :21.99   Mean   :16.68   Mean   :12.729   Mean   :10.54   Mean   : 8.359   Mean   : 7.342   Mean   : 8.837  
 3rd Qu.:28.13   3rd Qu.:21.66   3rd Qu.:17.130   3rd Qu.:14.15   3rd Qu.:11.300   3rd Qu.: 9.920   3rd Qu.:11.390  
 Max.   :36.96   Max.   :28.37   Max.   :20.910   Max.   :18.29   Max.   :13.870   Max.   :19.450   Max.   :17.460  
 NA's   :2       NA's   :2       NA's   :2        NA's   :2       NA's   :3        NA's   :15       NA's   :2       
  earn_OC8_B-F     earn_OC9_B-F     earn_OC1_G-N    earn_OC2_G-N    earn_OC3_G-N     earn_OC4_G-N    earn_OC5_G-N   
 Min.   : 3.260   Min.   : 2.730   Min.   :10.27   Min.   : 7.94   Min.   : 5.410   Min.   : 4.24   Min.   : 3.150  
 1st Qu.: 5.450   1st Qu.: 4.935   1st Qu.:14.59   1st Qu.:12.21   1st Qu.: 9.225   1st Qu.: 7.30   1st Qu.: 5.285  
 Median : 8.900   Median : 7.900   Median :22.20   Median :16.39   Median :13.570   Median : 9.98   Median : 8.410  
 Mean   : 9.066   Mean   : 8.015   Mean   :21.66   Mean   :16.88   Mean   :13.049   Mean   :10.50   Mean   : 8.233  
 3rd Qu.:11.800   3rd Qu.:10.473   3rd Qu.:25.53   3rd Qu.:21.36   3rd Qu.:16.355   3rd Qu.:13.57   3rd Qu.:11.240  
 Max.   :17.660   Max.   :15.620   Max.   :35.40   Max.   :25.44   Max.   :20.710   Max.   :17.60   Max.   :14.270  
 NA's   :2        NA's   :2        NA's   :2       NA's   :2       NA's   :2        NA's   :2       NA's   :2       
  earn_OC6_G-N     earn_OC7_G-N     earn_OC8_G-N     earn_OC9_G-N     earn_OC1_P-S    earn_OC2_P-S     earn_OC3_P-S   
 Min.   : 2.940   Min.   : 3.120   Min.   : 3.620   Min.   : 2.650   Min.   : 7.55   Min.   : 5.220   Min.   : 4.200  
 1st Qu.: 5.050   1st Qu.: 5.213   1st Qu.: 5.817   1st Qu.: 4.420   1st Qu.:11.37   1st Qu.: 8.865   1st Qu.: 6.885  
 Median : 9.110   Median : 8.275   Median : 8.645   Median : 7.340   Median :21.01   Median :16.880   Median :13.235  
 Mean   : 8.375   Mean   : 8.445   Mean   : 8.952   Mean   : 7.298   Mean   :19.65   Mean   :16.120   Mean   :11.832  
 3rd Qu.:10.870   3rd Qu.:10.985   3rd Qu.:11.768   3rd Qu.: 9.710   3rd Qu.:25.69   3rd Qu.:20.055   3rd Qu.:14.625  
 Max.   :15.730   Max.   :14.700   Max.   :16.630   Max.   :14.480   Max.   :32.25   Max.   :31.770   Max.   :23.390  
 NA's   :11       NA's   :2        NA's   :2        NA's   :2        NA's   :2       NA's   :2        NA's   :2       
  earn_OC4_P-S    earn_OC5_P-S     earn_OC6_P-S     earn_OC7_P-S     earn_OC8_P-S     earn_OC9_P-S     expend_ED5-8  
 Min.   : 3.46   Min.   : 2.910   Min.   : 2.760   Min.   : 2.890   Min.   : 2.760   Min.   : 2.420   Min.   :0.660  
 1st Qu.: 6.17   1st Qu.: 4.728   1st Qu.: 4.668   1st Qu.: 4.905   1st Qu.: 4.430   1st Qu.: 3.998   1st Qu.:0.930  
 Median :10.29   Median : 9.120   Median : 7.405   Median : 8.270   Median : 7.240   Median : 7.735   Median :1.260  
 Mean   :10.31   Mean   : 8.778   Mean   : 8.084   Mean   : 8.454   Mean   : 7.494   Mean   : 7.563   Mean   :1.276  
 3rd Qu.:13.04   3rd Qu.:11.693   3rd Qu.:10.920   3rd Qu.:11.065   3rd Qu.: 9.865   3rd Qu.:10.377   3rd Qu.:1.570  
 Max.   :19.45   Max.   :15.370   Max.   :14.960   Max.   :17.410   Max.   :15.190   Max.   :14.130   Max.   :2.110  
 NA's   :2       NA's   :2        NA's   :12       NA's   :5        NA's   :5        NA's   :2        NA's   :5      
[1] 28 68
 [1] "AT" "BE" "BG" "CY" "CZ" "DE" "DK" "EE" "EL" "ES" "FI" "FR" "HR" "HU" "IE" "IT" "LT" "LU" "LV" "MT" "NL" "PL" "PT" "RO" "SE"
[26] "SI" "SK" "UK"
 [1] "pop_Total"          "pop_Y0-14"          "pop_Y15-24"         "pop_Y25-64"         "pop_Y65-74"         "pop_YGE75"         
 [7] "ARPR"               "low_work"           "rooms_pp"           "mat_depriv"         "ARPR_socexcl"       "emp_Y15-24_ED0-2"  
[13] "emp_Y25-64_ED0-2"   "emp_Y15-24_ED3-4"   "emp_Y25-64_ED3-4"   "emp_Y15-24_ED5-8"   "emp_Y25-64_ED5-8"   "emp_FT"            
[19] "emp_PT"             "emp_Y15-24"         "emp_Y25-64"         "emp_YGE65"          "emp_Y15-24_NaceA"   "emp_Y25-64_NaceA"  
[25] "emp_Y15-24_NaceB-E" "emp_Y25-64_NaceB-E" "emp_Y15-24_NaceF"   "emp_Y25-64_NaceF"   "emp_Y15-24_NaceG-I" "emp_Y25-64_NaceG-I"
[31] "emp_Y15-24_NaceJ"   "emp_Y25-64_NaceJ"   "emp_Y25-64_NaceK"   "emp_Y25-64_NaceL"   "emp_Y15-24_NaceM_N" "emp_Y25-64_NaceM_N"
[37] "emp_Y15-24_NaceO-Q" "emp_Y25-64_NaceO-Q" "emp_Y15-24_NaceR-U" "emp_Y25-64_NaceR-U" "unemp_Y15-24"       "unemp_YGE25"       
[43] "GDP"                "GVAgr"              "disp_income"        "training"           "earn_OC1_B-F"       "earn_OC2_B-F"      
[49] "earn_OC3_B-F"       "earn_OC4_B-F"       "earn_OC5_B-F"       "earn_OC7_B-F"       "earn_OC8_B-F"       "earn_OC9_B-F"      
[55] "earn_OC1_G-N"       "earn_OC2_G-N"       "earn_OC3_G-N"       "earn_OC4_G-N"       "earn_OC5_G-N"       "earn_OC7_G-N"      
[61] "earn_OC8_G-N"       "earn_OC9_G-N"       "earn_OC1_P-S"       "earn_OC2_P-S"       "earn_OC3_P-S"       "earn_OC4_P-S"      
[67] "earn_OC5_P-S"       "earn_OC9_P-S"      
   pop_Total          pop_Y0-14       pop_Y15-24       pop_Y25-64      pop_Y65-74       pop_YGE75           ARPR      
 Min.   :  429344   Min.   :13.16   Min.   : 9.629   Min.   :50.82   Min.   : 7.466   Min.   : 5.441   Min.   : 9.70  
 1st Qu.: 3899302   1st Qu.:14.56   1st Qu.:10.657   1st Qu.:53.57   1st Qu.: 9.227   1st Qu.: 7.495   1st Qu.:14.32  
 Median : 9161808   Median :15.18   Median :11.654   Median :54.79   Median : 9.944   Median : 8.497   Median :16.40  
 Mean   :18160869   Mean   :15.72   Mean   :11.454   Mean   :54.72   Mean   : 9.796   Mean   : 8.314   Mean   :16.84  
 3rd Qu.:17643206   3rd Qu.:16.67   3rd Qu.:12.182   3rd Qu.:56.22   3rd Qu.:10.474   3rd Qu.: 9.160   3rd Qu.:19.43  
 Max.   :81197537   Max.   :22.14   Max.   :14.076   Max.   :58.57   Max.   :11.544   Max.   :11.013   Max.   :25.10  
                                                                                                                      
    low_work         rooms_pp      mat_depriv     ARPR_socexcl   emp_Y15-24_ED0-2  emp_Y25-64_ED0-2 emp_Y15-24_ED3-4
 Min.   : 6.100   Min.   :1.00   Min.   : 0.70   Min.   :14.80   Min.   : 0.7164   Min.   : 2.909   Min.   : 5.554  
 1st Qu.: 8.425   1st Qu.:1.20   1st Qu.: 4.95   1st Qu.:18.88   1st Qu.: 2.5567   1st Qu.: 6.866   1st Qu.:12.951  
 Median : 9.800   Median :1.65   Median : 7.90   Median :24.40   Median : 4.8958   Median : 9.887   Median :18.410  
 Mean   :10.743   Mean   :1.60   Mean   :10.45   Mean   :24.88   Mean   : 7.1117   Mean   :11.348   Mean   :18.508  
 3rd Qu.:12.125   3rd Qu.:1.90   3rd Qu.:13.68   3rd Qu.:28.52   3rd Qu.: 8.2451   3rd Qu.:12.844   3rd Qu.:24.050  
 Max.   :20.800   Max.   :2.20   Max.   :33.10   Max.   :40.30   Max.   :25.5088   Max.   :35.839   Max.   :28.429  
                                                                                                                    
 emp_Y25-64_ED3-4 emp_Y15-24_ED5-8  emp_Y25-64_ED5-8     emp_FT          emp_PT         emp_Y15-24      emp_Y25-64   
 Min.   :14.42    Min.   : 0.8745   Min.   :13.14    Min.   :31.91   Min.   : 1.414   Min.   :13.08   Min.   :56.52  
 1st Qu.:26.45    1st Qu.: 2.2962   1st Qu.:18.75    1st Qu.:44.88   1st Qu.: 4.301   1st Qu.:22.46   1st Qu.:68.67  
 Median :35.61    Median : 3.6590   Median :25.26    Median :47.40   Median : 7.836   Median :27.12   Median :70.61  
 Mean   :34.05    Mean   : 4.7019   Mean   :25.26    Mean   :47.45   Mean   : 9.535   Mean   :30.42   Mean   :70.91  
 3rd Qu.:40.25    3rd Qu.: 7.0046   3rd Qu.:31.68    3rd Qu.:51.04   3rd Qu.:13.225   3rd Qu.:41.04   3rd Qu.:75.37  
 Max.   :55.65    Max.   :10.9609   Max.   :36.23    Max.   :57.33   Max.   :32.453   Max.   :58.08   Max.   :82.38  
                                                                                                                     
   emp_YGE65      emp_Y15-24_NaceA emp_Y25-64_NaceA  emp_Y15-24_NaceB-E emp_Y25-64_NaceB-E emp_Y15-24_NaceF emp_Y25-64_NaceF
 Min.   : 1.555   Min.   :0.2341   Min.   : 0.8021   Min.   : 1.015     Min.   : 4.471     Min.   :0.5392   Min.   :2.448   
 1st Qu.: 3.382   1st Qu.:0.7356   1st Qu.: 1.6943   1st Qu.: 3.212     1st Qu.: 9.575     1st Qu.:1.2966   1st Qu.:4.199   
 Median : 5.284   Median :1.2875   Median : 2.7573   Median : 4.283     Median :12.125     Median :1.7965   Median :4.900   
 Mean   : 5.583   Mean   :1.6392   Mean   : 3.6239   Mean   : 4.775     Mean   :12.355     Mean   :2.0790   Mean   :4.920   
 3rd Qu.: 6.937   3rd Qu.:1.6635   3rd Qu.: 4.7516   3rd Qu.: 6.396     3rd Qu.:15.747     3rd Qu.:2.8432   3rd Qu.:5.472   
 Max.   :11.638   Max.   :9.5610   Max.   :16.8243   Max.   :10.698     Max.   :22.570     Max.   :6.1156   Max.   :7.481   
                  NA's   :2                                                                                                 
 emp_Y15-24_NaceG-I emp_Y25-64_NaceG-I emp_Y15-24_NaceJ emp_Y25-64_NaceJ emp_Y25-64_NaceK emp_Y25-64_NaceL  emp_Y15-24_NaceM_N
 Min.   : 4.755     Min.   :10.74      Min.   :0.1438   Min.   :1.223    Min.   :0.9622   Min.   :0.06612   Min.   :0.6141    
 1st Qu.: 7.529     1st Qu.:14.79      1st Qu.:0.4551   1st Qu.:1.699    1st Qu.:1.5619   1st Qu.:0.34054   1st Qu.:1.3122    
 Median : 8.882     Median :16.35      Median :0.7480   Median :2.146    Median :1.7967   Median :0.45397   Median :2.0382    
 Mean   :11.240     Mean   :16.42      Mean   :0.8530   Mean   :2.221    Mean   :2.3313   Mean   :0.58752   Mean   :2.3741    
 3rd Qu.:14.203     3rd Qu.:17.87      3rd Qu.:1.1366   3rd Qu.:2.542    3rd Qu.:2.5787   3rd Qu.:0.73749   3rd Qu.:3.4606    
 Max.   :26.169     Max.   :20.51      Max.   :2.5985   Max.   :3.672    Max.   :9.4697   Max.   :1.67736   Max.   :5.7970    
                                       NA's   :3                                                                              
 emp_Y25-64_NaceM_N emp_Y15-24_NaceO-Q emp_Y25-64_NaceO-Q emp_Y15-24_NaceR-U emp_Y25-64_NaceR-U  unemp_Y15-24     unemp_YGE25    
 Min.   : 3.193     Min.   : 0.7149    Min.   : 9.392     Min.   :0.7908     Min.   :1.856      Min.   : 3.785   Min.   : 2.799  
 1st Qu.: 5.078     1st Qu.: 2.2101    1st Qu.:15.252     1st Qu.:1.2398     1st Qu.:2.673      1st Qu.: 6.501   1st Qu.: 3.816  
 Median : 5.969     Median : 3.7306    Median :17.229     Median :1.7120     Median :3.352      Median : 7.813   Median : 4.863  
 Mean   : 6.242     Mean   : 4.5784    Mean   :18.292     Mean   :1.9486     Mean   :3.576      Mean   : 8.896   Mean   : 6.191  
 3rd Qu.: 7.142     3rd Qu.: 6.5680    3rd Qu.:21.974     3rd Qu.:2.3292     3rd Qu.:3.926      3rd Qu.:10.737   3rd Qu.: 7.062  
 Max.   :10.742     Max.   :10.5939    Max.   :28.345     Max.   :4.3474     Max.   :8.166      Max.   :19.025   Max.   :15.929  
                                                                                                                                 
      GDP            GVAgr         disp_income       training       earn_OC1_B-F    earn_OC2_B-F    earn_OC3_B-F   
 Min.   :12800   Min.   :-2.700   Min.   : 6900   Min.   : 1.500   Min.   : 9.12   Min.   : 6.86   Min.   : 5.470  
 1st Qu.:20425   1st Qu.: 0.600   1st Qu.:10875   1st Qu.: 4.825   1st Qu.:15.32   1st Qu.:11.27   1st Qu.: 8.605  
 Median :23400   Median : 1.800   Median :13200   Median : 8.050   Median :22.58   Median :17.25   Median :12.880  
 Mean   :26839   Mean   : 1.716   Mean   :13323   Mean   :10.593   Mean   :21.99   Mean   :16.68   Mean   :12.729  
 3rd Qu.:32800   3rd Qu.: 2.800   3rd Qu.:16175   3rd Qu.:14.350   3rd Qu.:28.13   3rd Qu.:21.66   3rd Qu.:17.130  
 Max.   :73000   Max.   : 5.500   Max.   :20700   Max.   :31.900   Max.   :36.96   Max.   :28.37   Max.   :20.910  
                 NA's   :3        NA's   :2                        NA's   :2       NA's   :2       NA's   :2       
  earn_OC4_B-F    earn_OC5_B-F     earn_OC7_B-F     earn_OC8_B-F     earn_OC9_B-F     earn_OC1_G-N    earn_OC2_G-N  
 Min.   : 3.98   Min.   : 2.630   Min.   : 3.190   Min.   : 3.260   Min.   : 2.730   Min.   :10.27   Min.   : 7.94  
 1st Qu.: 7.03   1st Qu.: 5.050   1st Qu.: 5.228   1st Qu.: 5.450   1st Qu.: 4.935   1st Qu.:14.59   1st Qu.:12.21  
 Median :10.40   Median : 8.880   Median : 9.600   Median : 8.900   Median : 7.900   Median :22.20   Median :16.39  
 Mean   :10.54   Mean   : 8.359   Mean   : 8.837   Mean   : 9.066   Mean   : 8.015   Mean   :21.66   Mean   :16.88  
 3rd Qu.:14.15   3rd Qu.:11.300   3rd Qu.:11.390   3rd Qu.:11.800   3rd Qu.:10.473   3rd Qu.:25.53   3rd Qu.:21.36  
 Max.   :18.29   Max.   :13.870   Max.   :17.460   Max.   :17.660   Max.   :15.620   Max.   :35.40   Max.   :25.44  
 NA's   :2       NA's   :3        NA's   :2        NA's   :2        NA's   :2        NA's   :2       NA's   :2      
  earn_OC3_G-N     earn_OC4_G-N    earn_OC5_G-N     earn_OC7_G-N     earn_OC8_G-N     earn_OC9_G-N     earn_OC1_P-S  
 Min.   : 5.410   Min.   : 4.24   Min.   : 3.150   Min.   : 3.120   Min.   : 3.620   Min.   : 2.650   Min.   : 7.55  
 1st Qu.: 9.225   1st Qu.: 7.30   1st Qu.: 5.285   1st Qu.: 5.213   1st Qu.: 5.817   1st Qu.: 4.420   1st Qu.:11.37  
 Median :13.570   Median : 9.98   Median : 8.410   Median : 8.275   Median : 8.645   Median : 7.340   Median :21.01  
 Mean   :13.049   Mean   :10.50   Mean   : 8.233   Mean   : 8.445   Mean   : 8.952   Mean   : 7.298   Mean   :19.65  
 3rd Qu.:16.355   3rd Qu.:13.57   3rd Qu.:11.240   3rd Qu.:10.985   3rd Qu.:11.768   3rd Qu.: 9.710   3rd Qu.:25.69  
 Max.   :20.710   Max.   :17.60   Max.   :14.270   Max.   :14.700   Max.   :16.630   Max.   :14.480   Max.   :32.25  
 NA's   :2        NA's   :2       NA's   :2        NA's   :2        NA's   :2        NA's   :2        NA's   :2      
  earn_OC2_P-S     earn_OC3_P-S     earn_OC4_P-S    earn_OC5_P-S     earn_OC9_P-S   
 Min.   : 5.220   Min.   : 4.200   Min.   : 3.46   Min.   : 2.910   Min.   : 2.420  
 1st Qu.: 8.865   1st Qu.: 6.885   1st Qu.: 6.17   1st Qu.: 4.728   1st Qu.: 3.998  
 Median :16.880   Median :13.235   Median :10.29   Median : 9.120   Median : 7.735  
 Mean   :16.120   Mean   :11.832   Mean   :10.31   Mean   : 8.778   Mean   : 7.563  
 3rd Qu.:20.055   3rd Qu.:14.625   3rd Qu.:13.04   3rd Qu.:11.693   3rd Qu.:10.377  
 Max.   :31.770   Max.   :23.390   Max.   :19.45   Max.   :15.370   Max.   :14.130  
 NA's   :2        NA's   :2        NA's   :2       NA's   :2        NA's   :2       
